        {
            "action": "access",
            "call_trace": "C:\\windows\\SYSTEM32\\ntdll.dll+a18c4|C:\\windows\\System32\\wow64.dll+14591|C:\\windows\\System32\\wow64.dll+13d83|C:\\windows\\System32\\wow64.dll+6523|C:\\windows\\System32\\wow64cpu.dll+1923|C:\\windows\\System32\\wow64.dll+1aefc|C:\\windows\\System32\\wow64.dll+bea0|C:\\windows\\SYSTEM32\\ntdll.dll+792b8|C:\\windows\\SYSTEM32\\ntdll.dll+78e3b|C:\\windows\\SYSTEM32\\ntdll.dll+78dee|C:\\windows\\SYSTEM32\\ntdll.dll+702fc(wow64)|C:\\windows\\System32\\KERNELBASE.dll+d3a96(wow64)|C:\\windows\\System32\\KERNELBASE.dll+189dbb(wow64)|C:\\windows\\System32\\KERNELBASE.dll+189a6c(wow64)|C:\\Program Files\\Windows Event Reporting\\Core\\EventReporting.ApplicationFilter.Monitor.Win32.dll+31c2(wow64)|UNKNOWN(0000000071971000)|UNKNOWN(000000000C6064BB)|UNKNOWN(000000000C6065D3)|UNKNOWN(000000000C60672B)|UNKNOWN(000000000C601965)|UNKNOWN(000000000C601A87)|UNKNOWN(000000000C6071CC)|UNKNOWN(000000000C600506)|UNKNOWN(000000000C6078A8)",
            "event_id": "629ca777fb06dad0d92ddbaf71fcb186e02e9b19adc70c86a89c7390b1db8903",
            "event_type": "process",
            "event_utc": "2020-09-24T18:23:17.143Z",
            "exe": "cmd.exe",
            "fqdn": "cmp-535872.contoso.org",
            "granted_access": "0x1fffff",
            "host": "cmp-535872",
            "hostname": "cmp-535872",
            "id": "629ca777fb06dad0d92ddbaf71fcb186e02e9b19adc70c86a89c7390b1db8903",
            "image_path": "C:\\windows\\SysWOW64\\cmd.exe",
            "log_name": "Microsoft-Windows-Sysmon/Operational",
            "nodetype": "event",
            "object": "process",
            "pid": 7056,
            "process_guid": "{DD483508-E415-5F6C-0000-0010F6182201}",
            "record_number": "4096815",
            "src_exe": "powershell.exe",
            "src_image_path": "c:\\windows\\syswow64\\windowspowershell\\v1.0\\powershell.exe",
            "src_pid": "3544",
            "src_process_guid": "{DD483508-E26C-5F6C-0000-0010E0300501}",
            "subtype": "access",
            "time": "2020-09-24T18:23:17.157Z",
            "timestamp": 1600971797157,
            "uuid": "{DD483508-E415-5F6C-0000-0010F6182201}"
        },
        {
            "action": "create",
            "command_line": "whoami  /all /fo list",
            "event_id": "ddb7d79b00be7f2c9e59d622ca23b93332703663cf0412c5ecc5f572bd07e6f5",
            "event_type": "process",
            "event_utc": "2020-09-24T18:23:17.504Z",
            "exe": "whoami.exe",
            "fqdn": "cmp-535872.contoso.org",
            "hash": {
                "MD5": "14E935C8E7A7CE3D78C59A274BCCE985",
                "SHA256": "26D64193736E8A6220567832E98B1E456CF856BC9533EA42F52B5BCCE2651546"
            },
            "host": "cmp-535872",
            "hostname": "cmp-535872",
            "id": "ddb7d79b00be7f2c9e59d622ca23b93332703663cf0412c5ecc5f572bd07e6f5",
            "image_path": "C:\\Windows\\SysWOW64\\whoami.exe",
            "integrity_level": "High",
            "log_name": "Microsoft-Windows-Sysmon/Operational",
            "logon_guid": "{E0425724-A193-46EB-8062-B64C378337CC}",
            "logon_id": "0xf28ca3",
            "nodetype": "event",
            "object": "process",
            "original_file_name": "whoami.exe",
            "parent_command_line": "C:\\windows\\system32\\cmd.exe /C whoami /all /fo list",
            "parent_exe": "cmd.exe",
            "parent_image_path": "C:\\Windows\\SysWOW64\\cmd.exe",
            "parent_process_guid": "{DD483508-E415-5F6C-0000-0010F6182201}",
            "pid": 5848,
            "ppid": 7056,
            "process_guid": "{DD483508-E415-5F6C-0000-001032282201}",
            "record_number": "4096816",
            "subtype": "create",
            "terminal_session_id": "1",
            "time": "2020-09-24T18:23:17.509Z",
            "timestamp": 1600971797509,
            "user": "CONTOSO\\MCASEY",
            "uuid": "{DD483508-E415-5F6C-0000-001032282201}"
        },
        {
            "action": "terminate",
            "event_id": "a2d45e61598201c627088683b6775cf0b9369bd896e2136f4921135bec617373",
            "event_type": "process",
            "event_utc": "2020-09-24T18:23:20.675Z",
            "exe": "cmd.exe",
            "fqdn": "cmp-535872.contoso.org",
            "host": "cmp-535872",
            "hostname": "cmp-535872",
            "id": "a2d45e61598201c627088683b6775cf0b9369bd896e2136f4921135bec617373",
            "image_path": "C:\\Windows\\SysWOW64\\cmd.exe",
            "log_name": "Microsoft-Windows-Sysmon/Operational",
            "nodetype": "event",
            "object": "process",
            "pid": 7056,
            "process_guid": "{DD483508-E415-5F6C-0000-0010F6182201}",
            "record_number": "4096820",
            "subtype": "terminate",
            "time": "2020-09-24T18:23:20.676Z",
            "timestamp": 1600971800676,
            "uuid": "{DD483508-E415-5F6C-0000-0010F6182201}"
        },
        {
            "action": "create",
            "command_line": "C:\\windows\\system32\\cmd.exe /C ipconfig /all",
            "event_id": "7783fcc5bbb8bbb8b0d9c254d12753257e7b0730ed3d03de00e94776f1c19f98",
            "event_type": "process",
            "event_utc": "2020-09-24T18:24:25.572Z",
            "exe": "cmd.exe",
            "fqdn": "cmp-535872.contoso.org",
            "hash": {
                "MD5": "8FAFBE3C23E2BE4D6A3C063118B9A4F2",
                "SHA256": "4C3EA4C44AAB74350355C419826B8C9E6172C3BD8F0BB5817ECF7BE50B629051"
            },
            "host": "cmp-535872",
            "hostname": "cmp-535872",
            "id": "7783fcc5bbb8bbb8b0d9c254d12753257e7b0730ed3d03de00e94776f1c19f98",
            "image_path": "C:\\Windows\\SysWOW64\\cmd.exe",
            "integrity_level": "High",
            "log_name": "Microsoft-Windows-Sysmon/Operational",
            "logon_guid": "{E0425724-A193-46EB-8062-B64C378337CC}",
            "logon_id": "0xf28ca3",
            "nodetype": "event",
            "object": "process",
            "original_file_name": "Cmd.Exe",
            "parent_command_line": "\"c:\\windows\\syswow64\\windowspowershell\\v1.0\\powershell.exe\" -Version 5.1 -s -NoLogo -NoProfile",
            "parent_exe": "powershell.exe",
            "parent_image_path": "C:\\Windows\\SysWOW64\\WindowsPowerShell\\v1.0\\powershell.exe",
            "parent_process_guid": "{DD483508-E26C-5F6C-0000-0010E0300501}",
            "pid": 232,
            "ppid": 3544,
            "process_guid": "{DD483508-E459-5F6C-0000-001075502601}",
            "record_number": "4097082",
            "subtype": "create",
            "terminal_session_id": "1",
            "time": "2020-09-24T18:24:25.580Z",
            "timestamp": 1600971865580,
            "user": "CONTOSO\\MCASEY",
            "uuid": "{DD483508-E459-5F6C-0000-001075502601}"
        },
        {
            "action": "access",
            "call_trace": "C:\\windows\\SYSTEM32\\ntdll.dll+a18c4|C:\\windows\\System32\\wow64.dll+14591|C:\\windows\\System32\\wow64.dll+13d83|C:\\windows\\System32\\wow64.dll+6523|C:\\windows\\System32\\wow64cpu.dll+1923|C:\\windows\\System32\\wow64.dll+1aefc|C:\\windows\\System32\\wow64.dll+bea0|C:\\windows\\SYSTEM32\\ntdll.dll+792b8|C:\\windows\\SYSTEM32\\ntdll.dll+78e3b|C:\\windows\\SYSTEM32\\ntdll.dll+78dee|C:\\windows\\SYSTEM32\\ntdll.dll+702fc(wow64)|C:\\windows\\System32\\KERNELBASE.dll+d3a96(wow64)|C:\\windows\\System32\\KERNELBASE.dll+189dbb(wow64)|C:\\windows\\System32\\KERNELBASE.dll+189a6c(wow64)|C:\\Program Files\\Windows Event Reporting\\Core\\EventReporting.ApplicationFilter.Monitor.Win32.dll+31c2(wow64)|UNKNOWN(0000000071971000)|UNKNOWN(000000000C6064BB)|UNKNOWN(000000000C6065D3)|UNKNOWN(000000000C60672B)|UNKNOWN(000000000C601965)|UNKNOWN(000000000C601A87)|UNKNOWN(000000000C6071CC)|UNKNOWN(000000000C600506)|UNKNOWN(000000000C6078A8)",
            "event_id": "0c792b386ef5e00a7e576470625c97fe685dcb95a7f0ed4cf61bcc9034345314",
            "event_type": "process",
            "event_utc": "2020-09-24T18:24:25.565Z",
            "exe": "cmd.exe",
            "fqdn": "cmp-535872.contoso.org",
            "granted_access": "0x1fffff",
            "host": "cmp-535872",
            "hostname": "cmp-535872",
            "id": "0c792b386ef5e00a7e576470625c97fe685dcb95a7f0ed4cf61bcc9034345314",
            "image_path": "C:\\windows\\SysWOW64\\cmd.exe",
            "log_name": "Microsoft-Windows-Sysmon/Operational",
            "nodetype": "event",
            "object": "process",
            "pid": 232,
            "process_guid": "{DD483508-E459-5F6C-0000-001075502601}",
            "record_number": "4097083",
            "src_exe": "powershell.exe",
            "src_image_path": "c:\\windows\\syswow64\\windowspowershell\\v1.0\\powershell.exe",
            "src_pid": "3544",
            "src_process_guid": "{DD483508-E26C-5F6C-0000-0010E0300501}",
            "subtype": "access",
            "time": "2020-09-24T18:24:25.581Z",
            "timestamp": 1600971865581,
            "uuid": "{DD483508-E459-5F6C-0000-001075502601}"
        },
        {
            "action": "create",
            "command_line": "ipconfig  /all",
            "event_id": "6daf417cf477f1893d088d50e791059dded13d9be35ec470109dbe5bb3290333",
            "event_type": "process",
            "event_utc": "2020-09-24T18:24:25.722Z",
            "exe": "ipconfig.exe",
            "fqdn": "cmp-535872.contoso.org",
            "hash": {
                "MD5": "9F288581EF58E2CAE1FE608DFAF8BFB2",
                "SHA256": "38DA6EDD1CCCA56DA0D603708BD0A4229019CBC35F9B9C2A8B50C6ADA39EFFCE"
            },
            "host": "cmp-535872",
            "hostname": "cmp-535872",
            "id": "6daf417cf477f1893d088d50e791059dded13d9be35ec470109dbe5bb3290333",
            "image_path": "C:\\Windows\\SysWOW64\\ipconfig.exe",
            "integrity_level": "High",
            "log_name": "Microsoft-Windows-Sysmon/Operational",
            "logon_guid": "{E0425724-A193-46EB-8062-B64C378337CC}",
            "logon_id": "0xf28ca3",
            "nodetype": "event",
            "object": "process",
            "original_file_name": "ipconfig.exe",
            "parent_command_line": "C:\\windows\\system32\\cmd.exe /C ipconfig /all",
            "parent_exe": "cmd.exe",
            "parent_image_path": "C:\\Windows\\SysWOW64\\cmd.exe",
            "parent_process_guid": "{DD483508-E459-5F6C-0000-001075502601}",
            "pid": 4028,
            "ppid": 232,
            "process_guid": "{DD483508-E459-5F6C-0000-0010685D2601}",
            "record_number": "4097084",
            "subtype": "create",
            "terminal_session_id": "1",
            "time": "2020-09-24T18:24:25.725Z",
            "timestamp": 1600971865725,
            "user": "CONTOSO\\MCASEY",
            "uuid": "{DD483508-E459-5F6C-0000-0010685D2601}"
        },
        {
            "action": "terminate",
            "event_id": "e3686e9e90808b6b10b8fd17c4abf836da93078bab08f202037e77aa0af90c9a",
            "event_type": "process",
            "event_utc": "2020-09-24T18:24:25.831Z",
            "exe": "cmd.exe",
            "fqdn": "cmp-535872.contoso.org",
            "host": "cmp-535872",
            "hostname": "cmp-535872",
            "id": "e3686e9e90808b6b10b8fd17c4abf836da93078bab08f202037e77aa0af90c9a",
            "image_path": "C:\\Windows\\SysWOW64\\cmd.exe",
            "log_name": "Microsoft-Windows-Sysmon/Operational",
            "nodetype": "event",
            "object": "process",
            "pid": 232,
            "process_guid": "{DD483508-E459-5F6C-0000-001075502601}",
            "record_number": "4097085",
            "subtype": "terminate",
            "time": "2020-09-24T18:24:25.840Z",
            "timestamp": 1600971865840,
            "uuid": "{DD483508-E459-5F6C-0000-001075502601}"
        },
        {
            "action": "create",
            "command_line": "C:\\windows\\system32\\cmd.exe /C arp -a",
            "event_id": "0c0a6461a196c34ac2c7bbab15e6dee8a6133128df1308c87a09d8a93803fc34",
            "event_type": "process",
            "event_utc": "2020-09-24T18:24:37.187Z",
            "exe": "cmd.exe",
            "fqdn": "cmp-535872.contoso.org",
            "hash": {
                "MD5": "8FAFBE3C23E2BE4D6A3C063118B9A4F2",
                "SHA256": "4C3EA4C44AAB74350355C419826B8C9E6172C3BD8F0BB5817ECF7BE50B629051"
            },
            "host": "cmp-535872",
            "hostname": "cmp-535872",
            "id": "0c0a6461a196c34ac2c7bbab15e6dee8a6133128df1308c87a09d8a93803fc34",
            "image_path": "C:\\Windows\\SysWOW64\\cmd.exe",
            "integrity_level": "High",
            "log_name": "Microsoft-Windows-Sysmon/Operational",
            "logon_guid": "{E0425724-A193-46EB-8062-B64C378337CC}",
            "logon_id": "0xf28ca3",
            "nodetype": "event",
            "object": "process",
            "original_file_name": "Cmd.Exe",
            "parent_command_line": "\"c:\\windows\\syswow64\\windowspowershell\\v1.0\\powershell.exe\" -Version 5.1 -s -NoLogo -NoProfile",
            "parent_exe": "powershell.exe",
            "parent_image_path": "C:\\Windows\\SysWOW64\\WindowsPowerShell\\v1.0\\powershell.exe",
            "parent_process_guid": "{DD483508-E26C-5F6C-0000-0010E0300501}",
            "pid": 2440,
            "ppid": 3544,
            "process_guid": "{DD483508-E465-5F6C-0000-00100CF42601}",
            "record_number": "4097117",
            "subtype": "create",
            "terminal_session_id": "1",
            "time": "2020-09-24T18:24:37.195Z",
            "timestamp": 1600971877195,
            "user": "CONTOSO\\MCASEY",
            "uuid": "{DD483508-E465-5F6C-0000-00100CF42601}"
        },
        {
            "action": "access",
            "call_trace": "C:\\windows\\SYSTEM32\\ntdll.dll+a18c4|C:\\windows\\System32\\wow64.dll+14591|C:\\windows\\System32\\wow64.dll+13d83|C:\\windows\\System32\\wow64.dll+6523|C:\\windows\\System32\\wow64cpu.dll+1923|C:\\windows\\System32\\wow64.dll+1aefc|C:\\windows\\System32\\wow64.dll+bea0|C:\\windows\\SYSTEM32\\ntdll.dll+792b8|C:\\windows\\SYSTEM32\\ntdll.dll+78e3b|C:\\windows\\SYSTEM32\\ntdll.dll+78dee|C:\\windows\\SYSTEM32\\ntdll.dll+702fc(wow64)|C:\\windows\\System32\\KERNELBASE.dll+d3a96(wow64)|C:\\windows\\System32\\KERNELBASE.dll+189dbb(wow64)|C:\\windows\\System32\\KERNELBASE.dll+189a6c(wow64)|C:\\Program Files\\Windows Event Reporting\\Core\\EventReporting.ApplicationFilter.Monitor.Win32.dll+31c2(wow64)|UNKNOWN(0000000071971000)|UNKNOWN(000000000C6064BB)|UNKNOWN(000000000C6065D3)|UNKNOWN(000000000C60672B)|UNKNOWN(000000000C601965)|UNKNOWN(000000000C601A87)|UNKNOWN(000000000C6071CC)|UNKNOWN(000000000C600506)|UNKNOWN(000000000C6078A8)",
            "event_id": "55c21f9540ba1d53a94aeee30ae2e4039f9de7622a1c592fdf5610860682b421",
            "event_type": "process",
            "event_utc": "2020-09-24T18:24:37.190Z",
            "exe": "cmd.exe",
            "fqdn": "cmp-535872.contoso.org",
            "granted_access": "0x1fffff",
            "host": "cmp-535872",
            "hostname": "cmp-535872",
            "id": "55c21f9540ba1d53a94aeee30ae2e4039f9de7622a1c592fdf5610860682b421",
            "image_path": "C:\\windows\\SysWOW64\\cmd.exe",
            "log_name": "Microsoft-Windows-Sysmon/Operational",
            "nodetype": "event",
            "object": "process",
            "pid": 2440,
            "process_guid": "{DD483508-E465-5F6C-0000-00100CF42601}",
            "record_number": "4097118",
            "src_exe": "powershell.exe",
            "src_image_path": "c:\\windows\\syswow64\\windowspowershell\\v1.0\\powershell.exe",
            "src_pid": "3544",
            "src_process_guid": "{DD483508-E26C-5F6C-0000-0010E0300501}",
            "subtype": "access",
            "time": "2020-09-24T18:24:37.196Z",
            "timestamp": 1600971877196,
            "uuid": "{DD483508-E465-5F6C-0000-00100CF42601}"
        },
        {
            "action": "create",
            "command_line": "arp  -a",
            "event_id": "33552b185ad5a8d3f57852956d190456c0fe65007174cfcf14777132844b9061",
            "event_type": "process",
            "event_utc": "2020-09-24T18:24:37.346Z",
            "exe": "ARP.EXE",
            "fqdn": "cmp-535872.contoso.org",
            "hash": {
                "MD5": "B49F179F291F5BAEE137ABE009380EF3",
                "SHA256": "700A0CA0BA2EFEDDA6536DDF7905E658890E76B327942A4D8A6AFA31A23450B2"
            },
            "host": "cmp-535872",
            "hostname": "cmp-535872",
            "id": "33552b185ad5a8d3f57852956d190456c0fe65007174cfcf14777132844b9061",
            "image_path": "C:\\Windows\\SysWOW64\\ARP.EXE",
            "integrity_level": "High",
            "log_name": "Microsoft-Windows-Sysmon/Operational",
            "logon_guid": "{E0425724-A193-46EB-8062-B64C378337CC}",
            "logon_id": "0xf28ca3",
            "nodetype": "event",
            "object": "process",
            "original_file_name": "arp.exe",
            "parent_command_line": "C:\\windows\\system32\\cmd.exe /C arp -a",
            "parent_exe": "cmd.exe",
            "parent_image_path": "C:\\Windows\\SysWOW64\\cmd.exe",
            "parent_process_guid": "{DD483508-E465-5F6C-0000-00100CF42601}",
            "pid": 2792,
            "ppid": 2440,
            "process_guid": "{DD483508-E465-5F6C-0000-0010F6002701}",
            "record_number": "4097119",
            "subtype": "create",
            "terminal_session_id": "1",
            "time": "2020-09-24T18:24:37.350Z",
            "timestamp": 1600971877350,
            "user": "CONTOSO\\MCASEY",
            "uuid": "{DD483508-E465-5F6C-0000-0010F6002701}"
        },
        {
            "action": "terminate",
            "event_id": "23e38aab42a5eefc1d10bceccce1eeba92c5f00c6abeea24dbc34d28752f59f3",
            "event_type": "process",
            "event_utc": "2020-09-24T18:24:37.456Z",
            "exe": "cmd.exe",
            "fqdn": "cmp-535872.contoso.org",
            "host": "cmp-535872",
            "hostname": "cmp-535872",
            "id": "23e38aab42a5eefc1d10bceccce1eeba92c5f00c6abeea24dbc34d28752f59f3",
            "image_path": "C:\\Windows\\SysWOW64\\cmd.exe",
            "log_name": "Microsoft-Windows-Sysmon/Operational",
            "nodetype": "event",
            "object": "process",
            "pid": 2440,
            "process_guid": "{DD483508-E465-5F6C-0000-00100CF42601}",
            "record_number": "4097120",
            "subtype": "terminate",
            "time": "2020-09-24T18:24:37.459Z",
            "timestamp": 1600971877459,
            "uuid": "{DD483508-E465-5F6C-0000-00100CF42601}"
        },
        {
            "action": "create",
            "command_line": "C:\\windows\\system32\\cmd.exe /C tasklist /v",
            "event_id": "8a6d2f8aa91f19ad929de0fb005c9ef50e990ca07a955a37d4350bb5e3013534",
            "event_type": "process",
            "event_utc": "2020-09-24T18:24:56.845Z",
            "exe": "cmd.exe",
            "fqdn": "cmp-535872.contoso.org",
            "hash": {
                "MD5": "8FAFBE3C23E2BE4D6A3C063118B9A4F2",
                "SHA256": "4C3EA4C44AAB74350355C419826B8C9E6172C3BD8F0BB5817ECF7BE50B629051"
            },
            "host": "cmp-535872",
            "hostname": "cmp-535872",
            "id": "8a6d2f8aa91f19ad929de0fb005c9ef50e990ca07a955a37d4350bb5e3013534",
            "image_path": "C:\\Windows\\SysWOW64\\cmd.exe",
            "integrity_level": "High",
            "log_name": "Microsoft-Windows-Sysmon/Operational",
            "logon_guid": "{E0425724-A193-46EB-8062-B64C378337CC}",
            "logon_id": "0xf28ca3",
            "nodetype": "event",
            "object": "process",
            "original_file_name": "Cmd.Exe",
            "parent_command_line": "\"c:\\windows\\syswow64\\windowspowershell\\v1.0\\powershell.exe\" -Version 5.1 -s -NoLogo -NoProfile",
            "parent_exe": "powershell.exe",
            "parent_image_path": "C:\\Windows\\SysWOW64\\WindowsPowerShell\\v1.0\\powershell.exe",
            "parent_process_guid": "{DD483508-E26C-5F6C-0000-0010E0300501}",
            "pid": 8440,
            "ppid": 3544,
            "process_guid": "{DD483508-E478-5F6C-0000-0010B1CC2801}",
            "record_number": "4097175",
            "subtype": "create",
            "terminal_session_id": "1",
            "time": "2020-09-24T18:24:56.853Z",
            "timestamp": 1600971896853,
            "user": "CONTOSO\\MCASEY",
            "uuid": "{DD483508-E478-5F6C-0000-0010B1CC2801}"
        },
        {
            "action": "access",
            "call_trace": "C:\\windows\\SYSTEM32\\ntdll.dll+a18c4|C:\\windows\\System32\\wow64.dll+14591|C:\\windows\\System32\\wow64.dll+13d83|C:\\windows\\System32\\wow64.dll+6523|C:\\windows\\System32\\wow64cpu.dll+1923|C:\\windows\\System32\\wow64.dll+1aefc|C:\\windows\\System32\\wow64.dll+bea0|C:\\windows\\SYSTEM32\\ntdll.dll+792b8|C:\\windows\\SYSTEM32\\ntdll.dll+78e3b|C:\\windows\\SYSTEM32\\ntdll.dll+78dee|C:\\windows\\SYSTEM32\\ntdll.dll+702fc(wow64)|C:\\windows\\System32\\KERNELBASE.dll+d3a96(wow64)|C:\\windows\\System32\\KERNELBASE.dll+189dbb(wow64)|C:\\windows\\System32\\KERNELBASE.dll+189a6c(wow64)|C:\\Program Files\\Windows Event Reporting\\Core\\EventReporting.ApplicationFilter.Monitor.Win32.dll+31c2(wow64)|UNKNOWN(0000000071971000)|UNKNOWN(000000000C6064BB)|UNKNOWN(000000000C6065D3)|UNKNOWN(000000000C60672B)|UNKNOWN(000000000C601965)|UNKNOWN(000000000C601A87)|UNKNOWN(000000000C6071CC)|UNKNOWN(000000000C600506)|UNKNOWN(000000000C6078A8)",
            "event_id": "304bba92d5c321ea737b7c4fd376d3382c9003ab25fdc2ed2185c2c170745c5f",
            "event_type": "process",
            "event_utc": "2020-09-24T18:24:56.847Z",
            "exe": "cmd.exe",
            "fqdn": "cmp-535872.contoso.org",
            "granted_access": "0x1fffff",
            "host": "cmp-535872",
            "hostname": "cmp-535872",
            "id": "304bba92d5c321ea737b7c4fd376d3382c9003ab25fdc2ed2185c2c170745c5f",
            "image_path": "C:\\windows\\SysWOW64\\cmd.exe",
            "log_name": "Microsoft-Windows-Sysmon/Operational",
            "nodetype": "event",
            "object": "process",
            "pid": 8440,
            "process_guid": "{DD483508-E478-5F6C-0000-0010B1CC2801}",
            "record_number": "4097176",
            "src_exe": "powershell.exe",
            "src_image_path": "c:\\windows\\syswow64\\windowspowershell\\v1.0\\powershell.exe",
            "src_pid": "3544",
            "src_process_guid": "{DD483508-E26C-5F6C-0000-0010E0300501}",
            "subtype": "access",
            "time": "2020-09-24T18:24:56.854Z",
            "timestamp": 1600971896854,
            "uuid": "{DD483508-E478-5F6C-0000-0010B1CC2801}"
        },
        {
            "action": "create",
            "command_line": "tasklist  /v",
            "event_id": "b7c46ab6b786d522add871a3f539a5d44837e9699b9d7c0f0992c96e0b3b5e43",
            "event_type": "process",
            "event_utc": "2020-09-24T18:24:57.006Z",
            "exe": "tasklist.exe",
            "fqdn": "cmp-535872.contoso.org",
            "hash": {
                "MD5": "2A64E6FB3B816318ACA544E6E03F2E56",
                "SHA256": "CC87AD2C2A96507D33A0A7E09F1E42D19C7E2AA26A4071A4D8E9DD096EBCF33E"
            },
            "host": "cmp-535872",
            "hostname": "cmp-535872",
            "id": "b7c46ab6b786d522add871a3f539a5d44837e9699b9d7c0f0992c96e0b3b5e43",
            "image_path": "C:\\Windows\\SysWOW64\\tasklist.exe",
            "integrity_level": "High",
            "log_name": "Microsoft-Windows-Sysmon/Operational",
            "logon_guid": "{E0425724-A193-46EB-8062-B64C378337CC}",
            "logon_id": "0xf28ca3",
            "nodetype": "event",
            "object": "process",
            "original_file_name": "tasklist.exe",
            "parent_command_line": "C:\\windows\\system32\\cmd.exe /C tasklist /v",
            "parent_exe": "cmd.exe",
            "parent_image_path": "C:\\Windows\\SysWOW64\\cmd.exe",
            "parent_process_guid": "{DD483508-E478-5F6C-0000-0010B1CC2801}",
            "pid": 8528,
            "ppid": 8440,
            "process_guid": "{DD483508-E479-5F6C-0000-00102FE12801}",
            "record_number": "4097177",
            "subtype": "create",
            "terminal_session_id": "1",
            "time": "2020-09-24T18:24:57.010Z",
            "timestamp": 1600971897010,
            "user": "CONTOSO\\MCASEY",
            "uuid": "{DD483508-E479-5F6C-0000-00102FE12801}"
        },
        {
            "action": "terminate",
            "event_id": "454fd6f012dfd4b7007f8a4efdabbf54c029842e71569a6bee8e127278c6a8a3",
            "event_type": "process",
            "event_utc": "2020-09-24T18:24:57.331Z",
            "exe": "cmd.exe",
            "fqdn": "cmp-535872.contoso.org",
            "host": "cmp-535872",
            "hostname": "cmp-535872",
            "id": "454fd6f012dfd4b7007f8a4efdabbf54c029842e71569a6bee8e127278c6a8a3",
            "image_path": "C:\\Windows\\SysWOW64\\cmd.exe",
            "log_name": "Microsoft-Windows-Sysmon/Operational",
            "nodetype": "event",
            "object": "process",
            "pid": 8440,
            "process_guid": "{DD483508-E478-5F6C-0000-0010B1CC2801}",
            "record_number": "4097178",
            "subtype": "terminate",
            "time": "2020-09-24T18:24:57.342Z",
            "timestamp": 1600971897342,
            "uuid": "{DD483508-E478-5F6C-0000-0010B1CC2801}"
        },
        {
            "action": "create",
            "command_line": "C:\\windows\\system32\\cmd.exe /C net localgroup",
            "event_id": "601eecfdb3d9b1911a100d414f1e82a62397967eff454760763268848eb63ff3",
            "event_type": "process",
            "event_utc": "2020-09-24T18:26:36.651Z",
            "exe": "cmd.exe",
            "fqdn": "cmp-535872.contoso.org",
            "hash": {
                "MD5": "8FAFBE3C23E2BE4D6A3C063118B9A4F2",
                "SHA256": "4C3EA4C44AAB74350355C419826B8C9E6172C3BD8F0BB5817ECF7BE50B629051"
            },
            "host": "cmp-535872",
            "hostname": "cmp-535872",
            "id": "601eecfdb3d9b1911a100d414f1e82a62397967eff454760763268848eb63ff3",
            "image_path": "C:\\Windows\\SysWOW64\\cmd.exe",
            "integrity_level": "High",
            "log_name": "Microsoft-Windows-Sysmon/Operational",
            "logon_guid": "{E0425724-A193-46EB-8062-B64C378337CC}",
            "logon_id": "0xf28ca3",
            "nodetype": "event",
            "object": "process",
            "original_file_name": "Cmd.Exe",
            "parent_command_line": "\"c:\\windows\\syswow64\\windowspowershell\\v1.0\\powershell.exe\" -Version 5.1 -s -NoLogo -NoProfile",
            "parent_exe": "powershell.exe",
            "parent_image_path": "C:\\Windows\\SysWOW64\\WindowsPowerShell\\v1.0\\powershell.exe",
            "parent_process_guid": "{DD483508-E26C-5F6C-0000-0010E0300501}",
            "pid": 9000,
            "ppid": 3544,
            "process_guid": "{DD483508-E4DC-5F6C-0000-001013452F01}",
            "record_number": "4097580",
            "subtype": "create",
            "terminal_session_id": "1",
            "time": "2020-09-24T18:26:36.659Z",
            "timestamp": 1600971996659,
            "user": "CONTOSO\\MCASEY",
            "uuid": "{DD483508-E4DC-5F6C-0000-001013452F01}"
        },
        {
            "action": "access",
            "call_trace": "C:\\windows\\SYSTEM32\\ntdll.dll+a18c4|C:\\windows\\System32\\wow64.dll+14591|C:\\windows\\System32\\wow64.dll+13d83|C:\\windows\\System32\\wow64.dll+6523|C:\\windows\\System32\\wow64cpu.dll+1923|C:\\windows\\System32\\wow64.dll+1aefc|C:\\windows\\System32\\wow64.dll+bea0|C:\\windows\\SYSTEM32\\ntdll.dll+792b8|C:\\windows\\SYSTEM32\\ntdll.dll+78e3b|C:\\windows\\SYSTEM32\\ntdll.dll+78dee|C:\\windows\\SYSTEM32\\ntdll.dll+702fc(wow64)|C:\\windows\\System32\\KERNELBASE.dll+d3a96(wow64)|C:\\windows\\System32\\KERNELBASE.dll+189dbb(wow64)|C:\\windows\\System32\\KERNELBASE.dll+189a6c(wow64)|C:\\Program Files\\Windows Event Reporting\\Core\\EventReporting.ApplicationFilter.Monitor.Win32.dll+31c2(wow64)|UNKNOWN(0000000071971000)|UNKNOWN(000000000C6064BB)|UNKNOWN(000000000C6065D3)|UNKNOWN(000000000C60672B)|UNKNOWN(000000000C601965)|UNKNOWN(000000000C601A87)|UNKNOWN(000000000C6071CC)|UNKNOWN(000000000C600506)|UNKNOWN(000000000C6078A8)",
            "event_id": "5616dc83da0d00d1638323715b54701d7087a313b207db39ab97244813c22dfb",
            "event_type": "process",
            "event_utc": "2020-09-24T18:26:36.644Z",
            "exe": "cmd.exe",
            "fqdn": "cmp-535872.contoso.org",
            "granted_access": "0x1fffff",
            "host": "cmp-535872",
            "hostname": "cmp-535872",
            "id": "5616dc83da0d00d1638323715b54701d7087a313b207db39ab97244813c22dfb",
            "image_path": "C:\\windows\\SysWOW64\\cmd.exe",
            "log_name": "Microsoft-Windows-Sysmon/Operational",
            "nodetype": "event",
            "object": "process",
            "pid": 9000,
            "process_guid": "{DD483508-E4DC-5F6C-0000-001013452F01}",
            "record_number": "4097581",
            "src_exe": "powershell.exe",
            "src_image_path": "c:\\windows\\syswow64\\windowspowershell\\v1.0\\powershell.exe",
            "src_pid": "3544",
            "src_process_guid": "{DD483508-E26C-5F6C-0000-0010E0300501}",
            "subtype": "access",
            "time": "2020-09-24T18:26:36.660Z",
            "timestamp": 1600971996660,
            "uuid": "{DD483508-E4DC-5F6C-0000-001013452F01}"
        },
        {
            "action": "create",
            "command_line": "net  localgroup",
            "event_id": "05d1283d5e6847d916fab0928c22e10e41fc77ae6f424f52da48a53c9360a8c5",
            "event_type": "process",
            "event_utc": "2020-09-24T18:26:36.827Z",
            "exe": "net.exe",
            "fqdn": "cmp-535872.contoso.org",
            "hash": {
                "MD5": "8055B288B1F39855014A68BEC31D8E6D",
                "SHA256": "08F791037FD70209FD599C4F35088A7332DADFA6BE92D073C243C5CC79FEFE66"
            },
            "host": "cmp-535872",
            "hostname": "cmp-535872",
            "id": "05d1283d5e6847d916fab0928c22e10e41fc77ae6f424f52da48a53c9360a8c5",
            "image_path": "C:\\Windows\\SysWOW64\\net.exe",
            "integrity_level": "High",
            "log_name": "Microsoft-Windows-Sysmon/Operational",
            "logon_guid": "{E0425724-A193-46EB-8062-B64C378337CC}",
            "logon_id": "0xf28ca3",
            "nodetype": "event",
            "object": "process",
            "original_file_name": "net.exe",
            "parent_command_line": "C:\\windows\\system32\\cmd.exe /C net localgroup",
            "parent_exe": "cmd.exe",
            "parent_image_path": "C:\\Windows\\SysWOW64\\cmd.exe",
            "parent_process_guid": "{DD483508-E4DC-5F6C-0000-001013452F01}",
            "pid": 10476,
            "ppid": 9000,
            "process_guid": "{DD483508-E4DC-5F6C-0000-001003522F01}",
            "record_number": "4097582",
            "subtype": "create",
            "terminal_session_id": "1",
            "time": "2020-09-24T18:26:36.832Z",
            "timestamp": 1600971996832,
            "user": "CONTOSO\\MCASEY",
            "uuid": "{DD483508-E4DC-5F6C-0000-001003522F01}"
        },
        {
            "action": "create",
            "command_line": "C:\\windows\\system32\\net1  localgroup",
            "event_id": "96d0b9737ccac7b3dbc6d0de4e36bf4e612cfbcbd700539881a70af16b871566",
            "event_type": "process",
            "event_utc": "2020-09-24T18:26:36.877Z",
            "exe": "net1.exe",
            "fqdn": "cmp-535872.contoso.org",
            "hash": {
                "MD5": "9C911EE188F19891CD6BFFB67D0E3904",
                "SHA256": "524061B58841210842F52B7863E51953FCFF343B8C2FF46DFE9C8329BB439D46"
            },
            "host": "cmp-535872",
            "hostname": "cmp-535872",
            "id": "96d0b9737ccac7b3dbc6d0de4e36bf4e612cfbcbd700539881a70af16b871566",
            "image_path": "C:\\Windows\\SysWOW64\\net1.exe",
            "integrity_level": "High",
            "log_name": "Microsoft-Windows-Sysmon/Operational",
            "logon_guid": "{E0425724-A193-46EB-8062-B64C378337CC}",
            "logon_id": "0xf28ca3",
            "nodetype": "event",
            "object": "process",
            "original_file_name": "net1.exe",
            "parent_command_line": "net  localgroup",
            "parent_exe": "net.exe",
            "parent_image_path": "C:\\Windows\\SysWOW64\\net.exe",
            "parent_process_guid": "{DD483508-E4DC-5F6C-0000-001003522F01}",
            "pid": 8992,
            "ppid": 10476,
            "process_guid": "{DD483508-E4DC-5F6C-0000-0010185C2F01}",
            "record_number": "4097583",
            "subtype": "create",
            "terminal_session_id": "1",
            "time": "2020-09-24T18:26:36.883Z",
            "timestamp": 1600971996883,
            "user": "CONTOSO\\MCASEY",
            "uuid": "{DD483508-E4DC-5F6C-0000-0010185C2F01}"
        },
        {
            "action": "terminate",
            "event_id": "fb864a7e2c57af938b3a669a17a3eb5562eb6321119f3c3abe1facf888114b61",
            "event_type": "process",
            "event_utc": "2020-09-24T18:26:36.988Z",
            "exe": "cmd.exe",
            "fqdn": "cmp-535872.contoso.org",
            "host": "cmp-535872",
            "hostname": "cmp-535872",
            "id": "fb864a7e2c57af938b3a669a17a3eb5562eb6321119f3c3abe1facf888114b61",
            "image_path": "C:\\Windows\\SysWOW64\\cmd.exe",
            "log_name": "Microsoft-Windows-Sysmon/Operational",
            "nodetype": "event",
            "object": "process",
            "pid": 9000,
            "process_guid": "{DD483508-E4DC-5F6C-0000-001013452F01}",
            "record_number": "4097584",
            "subtype": "terminate",
            "time": "2020-09-24T18:26:37.000Z",
            "timestamp": 1600971997000,
            "uuid": "{DD483508-E4DC-5F6C-0000-001013452F01}"
        },
        {
            "action": "create",
            "command_line": "C:\\windows\\system32\\cmd.exe /C net localgroup Administrators",
            "event_id": "8b211a9ecf1bc6cb1ca3136ba25bd326ae3a804fa29b9a170b71fc6624d8bd25",
            "event_type": "process",
            "event_utc": "2020-09-24T18:26:43.870Z",
            "exe": "cmd.exe",
            "fqdn": "cmp-535872.contoso.org",
            "hash": {
                "MD5": "8FAFBE3C23E2BE4D6A3C063118B9A4F2",
                "SHA256": "4C3EA4C44AAB74350355C419826B8C9E6172C3BD8F0BB5817ECF7BE50B629051"
            },
            "host": "cmp-535872",
            "hostname": "cmp-535872",
            "id": "8b211a9ecf1bc6cb1ca3136ba25bd326ae3a804fa29b9a170b71fc6624d8bd25",
            "image_path": "C:\\Windows\\SysWOW64\\cmd.exe",
            "integrity_level": "High",
            "log_name": "Microsoft-Windows-Sysmon/Operational",
            "logon_guid": "{E0425724-A193-46EB-8062-B64C378337CC}",
            "logon_id": "0xf28ca3",
            "nodetype": "event",
            "object": "process",
            "original_file_name": "Cmd.Exe",
            "parent_command_line": "\"c:\\windows\\syswow64\\windowspowershell\\v1.0\\powershell.exe\" -Version 5.1 -s -NoLogo -NoProfile",
            "parent_exe": "powershell.exe",
            "parent_image_path": "C:\\Windows\\SysWOW64\\WindowsPowerShell\\v1.0\\powershell.exe",
            "parent_process_guid": "{DD483508-E26C-5F6C-0000-0010E0300501}",
            "pid": 3304,
            "ppid": 3544,
            "process_guid": "{DD483508-E4E3-5F6C-0000-001017673001}",
            "record_number": "4097595",
            "subtype": "create",
            "terminal_session_id": "1",
            "time": "2020-09-24T18:26:43.878Z",
            "timestamp": 1600972003878,
            "user": "CONTOSO\\MCASEY",
            "uuid": "{DD483508-E4E3-5F6C-0000-001017673001}"
        },
        {
            "action": "access",
            "call_trace": "C:\\windows\\SYSTEM32\\ntdll.dll+a18c4|C:\\windows\\System32\\wow64.dll+14591|C:\\windows\\System32\\wow64.dll+13d83|C:\\windows\\System32\\wow64.dll+6523|C:\\windows\\System32\\wow64cpu.dll+1923|C:\\windows\\System32\\wow64.dll+1aefc|C:\\windows\\System32\\wow64.dll+bea0|C:\\windows\\SYSTEM32\\ntdll.dll+792b8|C:\\windows\\SYSTEM32\\ntdll.dll+78e3b|C:\\windows\\SYSTEM32\\ntdll.dll+78dee|C:\\windows\\SYSTEM32\\ntdll.dll+702fc(wow64)|C:\\windows\\System32\\KERNELBASE.dll+d3a96(wow64)|C:\\windows\\System32\\KERNELBASE.dll+189dbb(wow64)|C:\\windows\\System32\\KERNELBASE.dll+189a6c(wow64)|C:\\Program Files\\Windows Event Reporting\\Core\\EventReporting.ApplicationFilter.Monitor.Win32.dll+31c2(wow64)|UNKNOWN(0000000071971000)|UNKNOWN(000000000C6064BB)|UNKNOWN(000000000C6065D3)|UNKNOWN(000000000C60672B)|UNKNOWN(000000000C601965)|UNKNOWN(000000000C601A87)|UNKNOWN(000000000C6071CC)|UNKNOWN(000000000C600506)|UNKNOWN(000000000C6078A8)",
            "event_id": "9e24e898d2e719f059713ff722e9db4abb72ee201ab3bb1c5358fdbbba422af8",
            "event_type": "process",
            "event_utc": "2020-09-24T18:26:43.863Z",
            "exe": "cmd.exe",
            "fqdn": "cmp-535872.contoso.org",
            "granted_access": "0x1fffff",
            "host": "cmp-535872",
            "hostname": "cmp-535872",
            "id": "9e24e898d2e719f059713ff722e9db4abb72ee201ab3bb1c5358fdbbba422af8",
            "image_path": "C:\\windows\\SysWOW64\\cmd.exe",
            "log_name": "Microsoft-Windows-Sysmon/Operational",
            "nodetype": "event",
            "object": "process",
            "pid": 3304,
            "process_guid": "{DD483508-E4E3-5F6C-0000-001017673001}",
            "record_number": "4097596",
            "src_exe": "powershell.exe",
            "src_image_path": "c:\\windows\\syswow64\\windowspowershell\\v1.0\\powershell.exe",
            "src_pid": "3544",
            "src_process_guid": "{DD483508-E26C-5F6C-0000-0010E0300501}",
            "subtype": "access",
            "time": "2020-09-24T18:26:43.879Z",
            "timestamp": 1600972003879,
            "uuid": "{DD483508-E4E3-5F6C-0000-001017673001}"
        },
        {
            "action": "create",
            "command_line": "net  localgroup Administrators",
            "event_id": "e7b57257ecb645d7bb591551843a10f201272e4eae14c26d3872fd8d6861b743",
            "event_type": "process",
            "event_utc": "2020-09-24T18:26:44.062Z",
            "exe": "net.exe",
            "fqdn": "cmp-535872.contoso.org",
            "hash": {
                "MD5": "8055B288B1F39855014A68BEC31D8E6D",
                "SHA256": "08F791037FD70209FD599C4F35088A7332DADFA6BE92D073C243C5CC79FEFE66"
            },
            "host": "cmp-535872",
            "hostname": "cmp-535872",
            "id": "e7b57257ecb645d7bb591551843a10f201272e4eae14c26d3872fd8d6861b743",
            "image_path": "C:\\Windows\\SysWOW64\\net.exe",
            "integrity_level": "High",
            "log_name": "Microsoft-Windows-Sysmon/Operational",
            "logon_guid": "{E0425724-A193-46EB-8062-B64C378337CC}",
            "logon_id": "0xf28ca3",
            "nodetype": "event",
            "object": "process",
            "original_file_name": "net.exe",
            "parent_command_line": "C:\\windows\\system32\\cmd.exe /C net localgroup Administrators",
            "parent_exe": "cmd.exe",
            "parent_image_path": "C:\\Windows\\SysWOW64\\cmd.exe",
            "parent_process_guid": "{DD483508-E4E3-5F6C-0000-001017673001}",
            "pid": 10548,
            "ppid": 3304,
            "process_guid": "{DD483508-E4E4-5F6C-0000-001022743001}",
            "record_number": "4097597",
            "subtype": "create",
            "terminal_session_id": "1",
            "time": "2020-09-24T18:26:44.064Z",
            "timestamp": 1600972004064,
            "user": "CONTOSO\\MCASEY",
            "uuid": "{DD483508-E4E4-5F6C-0000-001022743001}"
        },
        {
            "action": "create",
            "command_line": "C:\\windows\\system32\\net1  localgroup Administrators",
            "event_id": "34833b49a3b5386191708ba339a0487efe3da9034e6177e25cebf52fffd32939",
            "event_type": "process",
            "event_utc": "2020-09-24T18:26:44.108Z",
            "exe": "net1.exe",
            "fqdn": "cmp-535872.contoso.org",
            "hash": {
                "MD5": "9C911EE188F19891CD6BFFB67D0E3904",
                "SHA256": "524061B58841210842F52B7863E51953FCFF343B8C2FF46DFE9C8329BB439D46"
            },
            "host": "cmp-535872",
            "hostname": "cmp-535872",
            "id": "34833b49a3b5386191708ba339a0487efe3da9034e6177e25cebf52fffd32939",
            "image_path": "C:\\Windows\\SysWOW64\\net1.exe",
            "integrity_level": "High",
            "log_name": "Microsoft-Windows-Sysmon/Operational",
            "logon_guid": "{E0425724-A193-46EB-8062-B64C378337CC}",
            "logon_id": "0xf28ca3",
            "nodetype": "event",
            "object": "process",
            "original_file_name": "net1.exe",
            "parent_command_line": "net  localgroup Administrators",
            "parent_exe": "net.exe",
            "parent_image_path": "C:\\Windows\\SysWOW64\\net.exe",
            "parent_process_guid": "{DD483508-E4E4-5F6C-0000-001022743001}",
            "pid": 3088,
            "ppid": 10548,
            "process_guid": "{DD483508-E4E4-5F6C-0000-0010DC7A3001}",
            "record_number": "4097598",
            "subtype": "create",
            "terminal_session_id": "1",
            "time": "2020-09-24T18:26:44.110Z",
            "timestamp": 1600972004110,
            "user": "CONTOSO\\MCASEY",
            "uuid": "{DD483508-E4E4-5F6C-0000-0010DC7A3001}"
        },
        {
            "action": "terminate",
            "event_id": "3632b69427118a4aad1ad39a95b1a7777cda40ff611fcea0bdcbe7d93c0883a9",
            "event_type": "process",
            "event_utc": "2020-09-24T18:26:44.394Z",
            "exe": "cmd.exe",
            "fqdn": "cmp-535872.contoso.org",
            "host": "cmp-535872",
            "hostname": "cmp-535872",
            "id": "3632b69427118a4aad1ad39a95b1a7777cda40ff611fcea0bdcbe7d93c0883a9",
            "image_path": "C:\\Windows\\SysWOW64\\cmd.exe",
            "log_name": "Microsoft-Windows-Sysmon/Operational",
            "nodetype": "event",
            "object": "process",
            "pid": 3304,
            "process_guid": "{DD483508-E4E3-5F6C-0000-001017673001}",
            "record_number": "4097599",
            "subtype": "terminate",
            "time": "2020-09-24T18:26:44.398Z",
            "timestamp": 1600972004398,
            "uuid": "{DD483508-E4E3-5F6C-0000-001017673001}"
        },
        {
            "action": "create",
            "command_line": "C:\\windows\\system32\\cmd.exe /C net user",
            "event_id": "261d337f62ffa48b405b8b2dd2d3a969742abcd4b137ed2ecb3b543eb54cf122",
            "event_type": "process",
            "event_utc": "2020-09-24T18:26:50.283Z",
            "exe": "cmd.exe",
            "fqdn": "cmp-535872.contoso.org",
            "hash": {
                "MD5": "8FAFBE3C23E2BE4D6A3C063118B9A4F2",
                "SHA256": "4C3EA4C44AAB74350355C419826B8C9E6172C3BD8F0BB5817ECF7BE50B629051"
            },
            "host": "cmp-535872",
            "hostname": "cmp-535872",
            "id": "261d337f62ffa48b405b8b2dd2d3a969742abcd4b137ed2ecb3b543eb54cf122",
            "image_path": "C:\\Windows\\SysWOW64\\cmd.exe",
            "integrity_level": "High",
            "log_name": "Microsoft-Windows-Sysmon/Operational",
            "logon_guid": "{E0425724-A193-46EB-8062-B64C378337CC}",
            "logon_id": "0xf28ca3",
            "nodetype": "event",
            "object": "process",
            "original_file_name": "Cmd.Exe",
            "parent_command_line": "\"c:\\windows\\syswow64\\windowspowershell\\v1.0\\powershell.exe\" -Version 5.1 -s -NoLogo -NoProfile",
            "parent_exe": "powershell.exe",
            "parent_image_path": "C:\\Windows\\SysWOW64\\WindowsPowerShell\\v1.0\\powershell.exe",
            "parent_process_guid": "{DD483508-E26C-5F6C-0000-0010E0300501}",
            "pid": 1668,
            "ppid": 3544,
            "process_guid": "{DD483508-E4EA-5F6C-0000-001090B83001}",
            "record_number": "4097612",
            "subtype": "create",
            "terminal_session_id": "1",
            "time": "2020-09-24T18:26:50.291Z",
            "timestamp": 1600972010291,
            "user": "CONTOSO\\MCASEY",
            "uuid": "{DD483508-E4EA-5F6C-0000-001090B83001}"
        },
        {
            "action": "access",
            "call_trace": "C:\\windows\\SYSTEM32\\ntdll.dll+a18c4|C:\\windows\\System32\\wow64.dll+14591|C:\\windows\\System32\\wow64.dll+13d83|C:\\windows\\System32\\wow64.dll+6523|C:\\windows\\System32\\wow64cpu.dll+1923|C:\\windows\\System32\\wow64.dll+1aefc|C:\\windows\\System32\\wow64.dll+bea0|C:\\windows\\SYSTEM32\\ntdll.dll+792b8|C:\\windows\\SYSTEM32\\ntdll.dll+78e3b|C:\\windows\\SYSTEM32\\ntdll.dll+78dee|C:\\windows\\SYSTEM32\\ntdll.dll+702fc(wow64)|C:\\windows\\System32\\KERNELBASE.dll+d3a96(wow64)|C:\\windows\\System32\\KERNELBASE.dll+189dbb(wow64)|C:\\windows\\System32\\KERNELBASE.dll+189a6c(wow64)|C:\\Program Files\\Windows Event Reporting\\Core\\EventReporting.ApplicationFilter.Monitor.Win32.dll+31c2(wow64)|UNKNOWN(0000000071971000)|UNKNOWN(000000000C6064BB)|UNKNOWN(000000000C6065D3)|UNKNOWN(000000000C60672B)|UNKNOWN(000000000C601965)|UNKNOWN(000000000C601A87)|UNKNOWN(000000000C6071CC)|UNKNOWN(000000000C600506)|UNKNOWN(000000000C6078A8)",
            "event_id": "1bee9a36259d4da716391a593ece91e1bb010f3de4b5b7a0103f5f1b46519ccc",
            "event_type": "process",
            "event_utc": "2020-09-24T18:26:50.285Z",
            "exe": "cmd.exe",
            "fqdn": "cmp-535872.contoso.org",
            "granted_access": "0x1fffff",
            "host": "cmp-535872",
            "hostname": "cmp-535872",
            "id": "1bee9a36259d4da716391a593ece91e1bb010f3de4b5b7a0103f5f1b46519ccc",
            "image_path": "C:\\windows\\SysWOW64\\cmd.exe",
            "log_name": "Microsoft-Windows-Sysmon/Operational",
            "nodetype": "event",
            "object": "process",
            "pid": 1668,
            "process_guid": "{DD483508-E4EA-5F6C-0000-001090B83001}",
            "record_number": "4097613",
            "src_exe": "powershell.exe",
            "src_image_path": "c:\\windows\\syswow64\\windowspowershell\\v1.0\\powershell.exe",
            "src_pid": "3544",
            "src_process_guid": "{DD483508-E26C-5F6C-0000-0010E0300501}",
            "subtype": "access",
            "time": "2020-09-24T18:26:50.292Z",
            "timestamp": 1600972010292,
            "uuid": "{DD483508-E4EA-5F6C-0000-001090B83001}"
        },
        {
            "action": "create",
            "command_line": "net  user",
            "event_id": "7bd08ae43530a725bd1b8383716de31f9032cf76be706e563b415a0fb72767ba",
            "event_type": "process",
            "event_utc": "2020-09-24T18:26:50.431Z",
            "exe": "net.exe",
            "fqdn": "cmp-535872.contoso.org",
            "hash": {
                "MD5": "8055B288B1F39855014A68BEC31D8E6D",
                "SHA256": "08F791037FD70209FD599C4F35088A7332DADFA6BE92D073C243C5CC79FEFE66"
            },
            "host": "cmp-535872",
            "hostname": "cmp-535872",
            "id": "7bd08ae43530a725bd1b8383716de31f9032cf76be706e563b415a0fb72767ba",
            "image_path": "C:\\Windows\\SysWOW64\\net.exe",
            "integrity_level": "High",
            "log_name": "Microsoft-Windows-Sysmon/Operational",
            "logon_guid": "{E0425724-A193-46EB-8062-B64C378337CC}",
            "logon_id": "0xf28ca3",
            "nodetype": "event",
            "object": "process",
            "original_file_name": "net.exe",
            "parent_command_line": "C:\\windows\\system32\\cmd.exe /C net user",
            "parent_exe": "cmd.exe",
            "parent_image_path": "C:\\Windows\\SysWOW64\\cmd.exe",
            "parent_process_guid": "{DD483508-E4EA-5F6C-0000-001090B83001}",
            "pid": 3184,
            "ppid": 1668,
            "process_guid": "{DD483508-E4EA-5F6C-0000-001078C53001}",
            "record_number": "4097614",
            "subtype": "create",
            "terminal_session_id": "1",
            "time": "2020-09-24T18:26:50.433Z",
            "timestamp": 1600972010433,
            "user": "CONTOSO\\MCASEY",
            "uuid": "{DD483508-E4EA-5F6C-0000-001078C53001}"
        },
