        {
            "action": "start",
            "count": 6,
            "dest_fqdn": "srv-dc-34.contoso.org",
            "dest_hostname": "srv-dc-34",
            "dest_ip": "10.0.0.11",
            "dest_ipv6": "false",
            "dest_port": 389,
            "event_id": "d34bb9f4ce9333cbbda5ada86da72f98f91d36e602d2ebffdf6a4ccc53b336e8",
            "event_type": "flow",
            "event_utc": "2020-09-29T14:04:22.049Z",
            "exe": "lsass.exe",
            "fqdn": "cmp-535872.contoso.org",
            "host": "cmp-535872",
            "hostname": "cmp-535872",
            "id": "d34bb9f4ce9333cbbda5ada86da72f98f91d36e602d2ebffdf6a4ccc53b336e8",
            "image_path": "C:\\Windows\\System32\\lsass.exe",
            "initiated": true,
            "log_name": "Microsoft-Windows-Sysmon/Operational",
            "nodetype": "event",
            "object": "flow",
            "pid": 788,
            "process_guid": "{DD483508-D8C0-5F6C-0000-001017C10000}",
            "record_number": "4173628",
            "src_fqdn": "cmp-535872.contoso.org",
            "src_hostname": "cmp-535872",
            "src_ip": "10.0.0.0",
            "src_ipv6": "false",
            "src_port": 59763,
            "subtype": "start",
            "time": "2020-09-29T14:04:06.759Z",
            "timestamp": 1601388246759,
            "transport": "udp",
            "user": "NT AUTHORITY\\SYSTEM",
            "uuid": "{DD483508-D8C0-5F6C-0000-001017C10000}"
        },
        {
            "action": "create",
            "creation_time": "2019-02-19 00:26:54.882",
            "event_id": "f572d84292a8dd899c48662b3891732397fd2b63865bc5721a161e18c34d2968",
            "event_type": "file",
            "event_utc": "2020-09-29T14:24:01.682Z",
            "exe": "lsass.exe",
            "file_name": "netlogon.ftl",
            "file_path": "C:\\Windows\\System32\\config\\netlogon.ftl",
            "fqdn": "cmp-535872.contoso.org",
            "host": "cmp-535872",
            "hostname": "cmp-535872",
            "id": "f572d84292a8dd899c48662b3891732397fd2b63865bc5721a161e18c34d2968",
            "image_path": "C:\\windows\\system32\\lsass.exe",
            "log_name": "Microsoft-Windows-Sysmon/Operational",
            "nodetype": "event",
            "object": "file",
            "pid": 788,
            "process_guid": "{DD483508-D8C0-5F6C-0000-001017C10000}",
            "record_number": "4176580",
            "subtype": "create",
            "time": "2020-09-29T14:24:01.697Z",
            "timestamp": 1601389441697,
            "uuid": "{DD483508-D8C0-5F6C-0000-001017C10000}"
        },
        {
            "action": "start",
            "count": 15,
            "dest_fqdn": "srv-dc-11.contoso.org",
            "dest_hostname": "srv-dc-11",
            "dest_ip": "10.0.0.7",
            "dest_ipv6": "false",
            "dest_port": 49678,
            "event_id": "f8ad07e97ea4c02a3add82d69dc36ac6ad006982f48179c369ee83f0bbdd8768",
            "event_type": "flow",
            "event_utc": "2020-09-29T14:24:17.982Z",
            "exe": "lsass.exe",
            "fqdn": "cmp-535872.contoso.org",
            "host": "cmp-535872",
            "hostname": "cmp-535872",
            "id": "f8ad07e97ea4c02a3add82d69dc36ac6ad006982f48179c369ee83f0bbdd8768",
            "image_path": "C:\\Windows\\System32\\lsass.exe",
            "initiated": true,
            "log_name": "Microsoft-Windows-Sysmon/Operational",
            "nodetype": "event",
            "object": "flow",
            "pid": 788,
            "process_guid": "{DD483508-D8C0-5F6C-0000-001017C10000}",
            "record_number": "4176590",
            "src_fqdn": "cmp-535872.contoso.org",
            "src_hostname": "cmp-535872",
            "src_ip": "10.0.0.0",
            "src_ipv6": "false",
            "src_port": 52814,
            "subtype": "start",
            "time": "2020-09-29T14:24:03.198Z",
            "timestamp": 1601389443198,
            "transport": "tcp",
            "user": "NT AUTHORITY\\SYSTEM",
            "uuid": "{DD483508-D8C0-5F6C-0000-001017C10000}"
        },
        {
            "action": "create",
            "creation_time": "2020-03-24 13:43:22.497",
            "event_id": "1c20d3c95ac82fde497b945b906e2d87700904e2a8dc2ae8b79b0d4c5ac11e01",
            "event_type": "file",
            "event_utc": "2020-09-29T14:26:30.559Z",
            "exe": "powershell.exe",
            "file_name": "StartupProfileData-ServerMode",
            "file_path": "C:\\Windows\\SysWOW64\\config\\systemprofile\\AppData\\Local\\Microsoft\\Windows\\PowerShell\\StartupProfileData-ServerMode",
            "fqdn": "cmp-535872.contoso.org",
            "host": "cmp-535872",
            "hostname": "cmp-535872",
            "id": "1c20d3c95ac82fde497b945b906e2d87700904e2a8dc2ae8b79b0d4c5ac11e01",
            "image_path": "c:\\windows\\syswow64\\windowspowershell\\v1.0\\powershell.exe",
            "log_name": "Microsoft-Windows-Sysmon/Operational",
            "nodetype": "event",
            "object": "file",
            "pid": 2296,
            "process_guid": "{DD483508-F4D6-5F6C-0000-001059723102}",
            "record_number": "4176997",
            "subtype": "create",
            "time": "2020-09-29T14:26:30.561Z",
            "timestamp": 1601389590561,
            "uuid": "{DD483508-F4D6-5F6C-0000-001059723102}"
        },
        {
            "action": "terminate",
            "event_id": "9b03ac6a32c4b3b162cbf120d6328573ada25c5b08aa51e99663c61d97884075",
            "event_type": "process",
            "event_utc": "2020-09-29T14:26:30.731Z",
            "exe": "cmd.exe",
            "fqdn": "cmp-535872.contoso.org",
            "host": "cmp-535872",
            "hostname": "cmp-535872",
            "id": "9b03ac6a32c4b3b162cbf120d6328573ada25c5b08aa51e99663c61d97884075",
            "image_path": "C:\\Windows\\System32\\cmd.exe",
            "log_name": "Microsoft-Windows-Sysmon/Operational",
            "nodetype": "event",
            "object": "process",
            "pid": 4188,
            "process_guid": "{DD483508-F4D4-5F6C-0000-001026043102}",
            "record_number": "4176998",
            "subtype": "terminate",
            "time": "2020-09-29T14:26:30.737Z",
            "timestamp": 1601389590737,
            "uuid": "{DD483508-F4D4-5F6C-0000-001026043102}"
        },
        {
            "action": "terminate",
            "event_id": "bd084b37e264adbb830a4112536701183c51b7ca2d66f749d1a6b9f4ea89cd1e",
            "event_type": "process",
            "event_utc": "2020-09-29T14:26:30.731Z",
            "exe": "cmd.exe",
            "fqdn": "cmp-535872.contoso.org",
            "host": "cmp-535872",
            "hostname": "cmp-535872",
            "id": "bd084b37e264adbb830a4112536701183c51b7ca2d66f749d1a6b9f4ea89cd1e",
            "image_path": "C:\\Windows\\SysWOW64\\cmd.exe",
            "log_name": "Microsoft-Windows-Sysmon/Operational",
            "nodetype": "event",
            "object": "process",
            "pid": 9524,
            "process_guid": "{DD483508-F4D3-5F6C-0000-00106BCB3002}",
            "record_number": "4176999",
            "subtype": "terminate",
            "time": "2020-09-29T14:26:30.745Z",
            "timestamp": 1601389590745,
            "uuid": "{DD483508-F4D3-5F6C-0000-00106BCB3002}"
        },
        {
            "action": "create",
            "command_line": "\"C:\\Users\\Public\\cgx_updater.exe\"",
            "event_id": "ca52748911a3e91185e7f02b9fddd7a7165790a34a3454e4d6e7a3d7d41352d2",
            "event_type": "process",
            "event_utc": "2020-09-29T14:32:15.302Z",
            "exe": "cgx_updater.exe",
            "fqdn": "cmp-535872.contoso.org",
            "hash": {
                "MD5": "B8D1BEBF304046406CDA9EA1898797B6",
                "SHA256": "9EA0874C10171FB22AC6964D7EFC577C9387B2A5284A71F920A47C187A144EF3"
            },
            "host": "cmp-535872",
            "hostname": "cmp-535872",
            "id": "ca52748911a3e91185e7f02b9fddd7a7165790a34a3454e4d6e7a3d7d41352d2",
            "image_path": "C:\\Users\\Public\\cgx_updater.exe",
            "integrity_level": "High",
            "log_name": "Microsoft-Windows-Sysmon/Operational",
            "logon_guid": "{E0425724-A193-46EB-8062-B64C378337CC}",
            "logon_id": "0xf28ca3",
            "nodetype": "event",
            "object": "process",
            "original_file_name": "?",
            "parent_command_line": "C:\\windows\\Explorer.EXE",
            "parent_exe": "explorer.exe",
            "parent_image_path": "C:\\Windows\\explorer.exe",
            "parent_process_guid": "{DD483508-D95C-5F6C-0000-0010317A4B00}",
            "pid": 7512,
            "ppid": 7212,
            "process_guid": "{DD483508-456F-5F73-0000-00109721670B}",
            "record_number": "4177150",
            "subtype": "create",
            "terminal_session_id": "1",
            "time": "2020-09-29T14:32:15.343Z",
            "timestamp": 1601389935343,
            "user": "CONTOSO\\MCASEY",
            "uuid": "{DD483508-456F-5F73-0000-00109721670B}"
        },
        {
            "action": "start",
            "count": 0,
            "dest_fqdn": "srv-sft-update-38.contoso.org",
            "dest_hostname": "srv-sft-update-38",
            "dest_ip": "10.0.0.8",
            "dest_ipv6": "false",
            "dest_port": 1234,
            "event_id": "76dc47fd1f2be316a7a1c28d48ce557706646b7596d9ecfd1ebaab4271639113",
            "event_type": "flow",
            "event_utc": "2020-09-29T14:33:18.456Z",
            "exe": "cgx_updater.exe",
            "fqdn": "cmp-535872.contoso.org",
            "host": "cmp-535872",
            "hostname": "cmp-535872",
            "id": "76dc47fd1f2be316a7a1c28d48ce557706646b7596d9ecfd1ebaab4271639113",
            "image_path": "C:\\Users\\Public\\cgx_updater.exe",
            "initiated": true,
            "log_name": "Microsoft-Windows-Sysmon/Operational",
            "nodetype": "event",
            "object": "flow",
            "pid": 7512,
            "process_guid": "{DD483508-456F-5F73-0000-00109721670B}",
            "record_number": "4177151",
            "src_fqdn": "cmp-535872.contoso.org",
            "src_hostname": "cmp-535872",
            "src_ip": "10.0.0.0",
            "src_ipv6": "false",
            "src_port": 53372,
            "subtype": "start",
            "time": "2020-09-29T14:33:03.878Z",
            "timestamp": 1601389983878,
            "transport": "tcp",
            "user": "CONTOSO\\MCASEY",
            "uuid": "{DD483508-456F-5F73-0000-00109721670B}"
        },
        {
            "action": "start",
            "count": 0,
            "dest_fqdn": "srv-dc-20.contoso.org",
            "dest_hostname": "srv-dc-20",
            "dest_ip": "10.0.0.13",
            "dest_ipv6": "false",
            "dest_port": 389,
            "event_id": "5331d1caf9992f9fb9fc8587df64ecabab882520513392c6f1cd30268e4749b6",
            "event_type": "flow",
            "event_utc": "2020-09-29T14:34:03.188Z",
            "exe": "lsass.exe",
            "fqdn": "cmp-535872.contoso.org",
            "host": "cmp-535872",
            "hostname": "cmp-535872",
            "id": "5331d1caf9992f9fb9fc8587df64ecabab882520513392c6f1cd30268e4749b6",
            "image_path": "C:\\Windows\\System32\\lsass.exe",
            "initiated": true,
            "log_name": "Microsoft-Windows-Sysmon/Operational",
            "nodetype": "event",
            "object": "flow",
            "pid": 788,
            "process_guid": "{DD483508-D8C0-5F6C-0000-001017C10000}",
            "record_number": "4177172",
            "src_fqdn": "cmp-535872.contoso.org",
            "src_hostname": "cmp-535872",
            "src_ip": "10.0.0.0",
            "src_ipv6": "false",
            "src_port": 61876,
            "subtype": "start",
            "time": "2020-09-29T14:33:47.972Z",
            "timestamp": 1601390027972,
            "transport": "udp",
            "user": "NT AUTHORITY\\SYSTEM",
            "uuid": "{DD483508-D8C0-5F6C-0000-001017C10000}"
        },
        {
            "action": "create",
            "command_line": "cmd.exe \\\\.\\pipe\\winpty-control-7512-1-1d6966dddc66c52-39ac6febef9b6a63de2f2a0a1963d05e 0 0 80 25",
            "event_id": "ba33e7df1ef8789957bcedb133ddcf38bc36e98a3571453039d4a8f53e32b631",
            "event_type": "process",
            "event_utc": "2020-09-29T14:36:07.047Z",
            "exe": "cmd.exe",
            "fqdn": "cmp-535872.contoso.org",
            "hash": {
                "MD5": "E08FE2DE3DDD22123247D49A11B4F53D",
                "SHA256": "EC436AEEE41857EEE5875EFDB7166FE043349DB5F58F3EE9FC4FF7F50005767F"
            },
            "host": "cmp-535872",
            "hostname": "cmp-535872",
            "id": "ba33e7df1ef8789957bcedb133ddcf38bc36e98a3571453039d4a8f53e32b631",
            "image_path": "C:\\Windows\\System32\\cmd.exe",
            "integrity_level": "High",
            "log_name": "Microsoft-Windows-Sysmon/Operational",
            "logon_guid": "{E0425724-A193-46EB-8062-B64C378337CC}",
            "logon_id": "0xf28ca3",
            "nodetype": "event",
            "object": "process",
            "original_file_name": "Cmd.Exe",
            "parent_command_line": "\"C:\\Users\\Public\\cgx_updater.exe\"",
            "parent_exe": "cgx_updater.exe",
            "parent_image_path": "C:\\Users\\Public\\cgx_updater.exe",
            "parent_process_guid": "{DD483508-456F-5F73-0000-00109721670B}",
            "pid": 11648,
            "ppid": 7512,
            "process_guid": "{DD483508-4657-5F73-0000-00109D3E6E0B}",
            "record_number": "4177199",
            "subtype": "create",
            "terminal_session_id": "1",
            "time": "2020-09-29T14:36:07.054Z",
            "timestamp": 1601390167054,
            "user": "CONTOSO\\MCASEY",
            "uuid": "{DD483508-4657-5F73-0000-00109D3E6E0B}"
        },
        {
            "action": "create",
            "command_line": "C:\\windows\\system32\\cmd.exe",
            "event_id": "a5f6fe1f704f1c9772afde04fdfa5423c162733810cce22e8af4a0a162a53783",
            "event_type": "process",
            "event_utc": "2020-09-29T14:36:09.119Z",
            "exe": "cmd.exe",
            "fqdn": "cmp-535872.contoso.org",
            "hash": {
                "MD5": "E08FE2DE3DDD22123247D49A11B4F53D",
                "SHA256": "EC436AEEE41857EEE5875EFDB7166FE043349DB5F58F3EE9FC4FF7F50005767F"
            },
            "host": "cmp-535872",
            "hostname": "cmp-535872",
            "id": "a5f6fe1f704f1c9772afde04fdfa5423c162733810cce22e8af4a0a162a53783",
            "image_path": "C:\\Windows\\System32\\cmd.exe",
            "integrity_level": "High",
            "log_name": "Microsoft-Windows-Sysmon/Operational",
            "logon_guid": "{E0425724-A193-46EB-8062-B64C378337CC}",
            "logon_id": "0xf28ca3",
            "nodetype": "event",
            "object": "process",
            "original_file_name": "Cmd.Exe",
            "parent_command_line": "cmd.exe \\\\.\\pipe\\winpty-control-7512-1-1d6966dddc66c52-39ac6febef9b6a63de2f2a0a1963d05e 0 0 80 25",
            "parent_exe": "cmd.exe",
            "parent_image_path": "C:\\Windows\\System32\\cmd.exe",
            "parent_process_guid": "{DD483508-4657-5F73-0000-00109D3E6E0B}",
            "pid": 11084,
            "ppid": 11648,
            "process_guid": "{DD483508-4659-5F73-0000-001040626E0B}",
            "record_number": "4177205",
            "subtype": "create",
            "terminal_session_id": "1",
            "time": "2020-09-29T14:36:09.120Z",
            "timestamp": 1601390169120,
            "user": "CONTOSO\\MCASEY",
            "uuid": "{DD483508-4659-5F73-0000-001040626E0B}"
        },
        {
            "action": "create",
            "command_line": "ipconfig",
            "event_id": "77f2c0f0e8dccead4ed215e52fb9b1fd67ce6d0a3c8356d9808de874ea72b29a",
            "event_type": "process",
            "event_utc": "2020-09-29T14:36:11.177Z",
            "exe": "ipconfig.exe",
            "fqdn": "cmp-535872.contoso.org",
            "hash": {
                "MD5": "55E9038749F16522CA4A83F63F070725",
                "SHA256": "7D7D13E55B4431F42D1FF86189FB8BF27F93CFEF4179271C4264A6F5A35A94F7"
            },
            "host": "cmp-535872",
            "hostname": "cmp-535872",
            "id": "77f2c0f0e8dccead4ed215e52fb9b1fd67ce6d0a3c8356d9808de874ea72b29a",
            "image_path": "C:\\Windows\\System32\\ipconfig.exe",
            "integrity_level": "High",
            "log_name": "Microsoft-Windows-Sysmon/Operational",
            "logon_guid": "{E0425724-A193-46EB-8062-B64C378337CC}",
            "logon_id": "0xf28ca3",
            "nodetype": "event",
            "object": "process",
            "original_file_name": "ipconfig.exe",
            "parent_command_line": "C:\\windows\\system32\\cmd.exe",
            "parent_exe": "cmd.exe",
            "parent_image_path": "C:\\Windows\\System32\\cmd.exe",
            "parent_process_guid": "{DD483508-4659-5F73-0000-001040626E0B}",
            "pid": 5528,
            "ppid": 11084,
            "process_guid": "{DD483508-465B-5F73-0000-0010CE676E0B}",
            "record_number": "4177206",
            "subtype": "create",
            "terminal_session_id": "1",
            "time": "2020-09-29T14:36:11.181Z",
            "timestamp": 1601390171181,
            "user": "CONTOSO\\MCASEY",
            "uuid": "{DD483508-465B-5F73-0000-0010CE676E0B}"
        },
        {
            "action": "create",
            "command_line": "net  session",
            "event_id": "e4b82481e8fd11bfa0147d1939ac818cdca4957e6043a21af6917eb16cd2967f",
            "event_type": "process",
            "event_utc": "2020-09-29T14:36:49.897Z",
            "exe": "net.exe",
            "fqdn": "cmp-535872.contoso.org",
            "hash": {
                "MD5": "25A199A1E2276BD69AF75EF9A7AE9742",
                "SHA256": "8267EE144D1BF557BC2A8A46335242BF0C52B919442E03401F69028726116615"
            },
            "host": "cmp-535872",
            "hostname": "cmp-535872",
            "id": "e4b82481e8fd11bfa0147d1939ac818cdca4957e6043a21af6917eb16cd2967f",
            "image_path": "C:\\Windows\\System32\\net.exe",
            "integrity_level": "High",
            "log_name": "Microsoft-Windows-Sysmon/Operational",
            "logon_guid": "{E0425724-A193-46EB-8062-B64C378337CC}",
            "logon_id": "0xf28ca3",
            "nodetype": "event",
            "object": "process",
            "original_file_name": "net.exe",
            "parent_command_line": "C:\\windows\\system32\\cmd.exe",
            "parent_exe": "cmd.exe",
            "parent_image_path": "C:\\Windows\\System32\\cmd.exe",
            "parent_process_guid": "{DD483508-4659-5F73-0000-001040626E0B}",
            "pid": 10808,
            "ppid": 11084,
            "process_guid": "{DD483508-4681-5F73-0000-00105C28700B}",
            "record_number": "4177215",
            "subtype": "create",
            "terminal_session_id": "1",
            "time": "2020-09-29T14:36:49.904Z",
            "timestamp": 1601390209904,
            "user": "CONTOSO\\MCASEY",
            "uuid": "{DD483508-4681-5F73-0000-00105C28700B}"
        },
        {
            "action": "create",
            "command_line": "C:\\windows\\system32\\net1  session",
            "event_id": "68a1fb41536756dc4c59f1e21d348e55c6affddbbc5928196e8a91d0e5b11bb9",
            "event_type": "process",
            "event_utc": "2020-09-29T14:36:49.929Z",
            "exe": "net1.exe",
            "fqdn": "cmp-535872.contoso.org",
            "hash": {
                "MD5": "687651FB5D31F5A5AAEB7E13B0397C67",
                "SHA256": "325158C8F4B250FE7438C88C8BAC47AEDEBECE852AAC5926308CA7DC29D7E31C"
            },
            "host": "cmp-535872",
            "hostname": "cmp-535872",
            "id": "68a1fb41536756dc4c59f1e21d348e55c6affddbbc5928196e8a91d0e5b11bb9",
            "image_path": "C:\\Windows\\System32\\net1.exe",
            "integrity_level": "High",
            "log_name": "Microsoft-Windows-Sysmon/Operational",
            "logon_guid": "{E0425724-A193-46EB-8062-B64C378337CC}",
            "logon_id": "0xf28ca3",
            "nodetype": "event",
            "object": "process",
            "original_file_name": "net1.exe",
            "parent_command_line": "net  session",
            "parent_exe": "net.exe",
            "parent_image_path": "C:\\Windows\\System32\\net.exe",
            "parent_process_guid": "{DD483508-4681-5F73-0000-00105C28700B}",
            "pid": 2668,
            "ppid": 10808,
            "process_guid": "{DD483508-4681-5F73-0000-00107F2A700B}",
            "record_number": "4177216",
            "subtype": "create",
            "terminal_session_id": "1",
            "time": "2020-09-29T14:36:49.949Z",
            "timestamp": 1601390209949,
            "user": "CONTOSO\\MCASEY",
            "uuid": "{DD483508-4681-5F73-0000-00107F2A700B}"
        },
        {
            "action": "create",
            "command_line": "net  share",
            "event_id": "59c4f8872908bbf25da89e6aef581a31e9bc0731e61fb322b67a5d0704bd42b2",
            "event_type": "process",
            "event_utc": "2020-09-29T14:36:57.888Z",
            "exe": "net.exe",
            "fqdn": "cmp-535872.contoso.org",
            "hash": {
                "MD5": "25A199A1E2276BD69AF75EF9A7AE9742",
                "SHA256": "8267EE144D1BF557BC2A8A46335242BF0C52B919442E03401F69028726116615"
            },
            "host": "cmp-535872",
            "hostname": "cmp-535872",
            "id": "59c4f8872908bbf25da89e6aef581a31e9bc0731e61fb322b67a5d0704bd42b2",
            "image_path": "C:\\Windows\\System32\\net.exe",
            "integrity_level": "High",
            "log_name": "Microsoft-Windows-Sysmon/Operational",
            "logon_guid": "{E0425724-A193-46EB-8062-B64C378337CC}",
            "logon_id": "0xf28ca3",
            "nodetype": "event",
            "object": "process",
            "original_file_name": "net.exe",
            "parent_command_line": "C:\\windows\\system32\\cmd.exe",
            "parent_exe": "cmd.exe",
            "parent_image_path": "C:\\Windows\\System32\\cmd.exe",
            "parent_process_guid": "{DD483508-4659-5F73-0000-001040626E0B}",
            "pid": 11716,
            "ppid": 11084,
            "process_guid": "{DD483508-4689-5F73-0000-0010F040700B}",
            "record_number": "4177217",
            "subtype": "create",
            "terminal_session_id": "1",
            "time": "2020-09-29T14:36:57.890Z",
            "timestamp": 1601390217890,
            "user": "CONTOSO\\MCASEY",
            "uuid": "{DD483508-4689-5F73-0000-0010F040700B}"
        },
        {
            "action": "create",
            "command_line": "C:\\windows\\system32\\net1  share",
            "event_id": "670f50905c01cae196be7cff411df887c363575cf3dd1f7b0da9da64af6ad51f",
            "event_type": "process",
            "event_utc": "2020-09-29T14:36:57.911Z",
            "exe": "net1.exe",
            "fqdn": "cmp-535872.contoso.org",
            "hash": {
                "MD5": "687651FB5D31F5A5AAEB7E13B0397C67",
                "SHA256": "325158C8F4B250FE7438C88C8BAC47AEDEBECE852AAC5926308CA7DC29D7E31C"
            },
            "host": "cmp-535872",
            "hostname": "cmp-535872",
            "id": "670f50905c01cae196be7cff411df887c363575cf3dd1f7b0da9da64af6ad51f",
            "image_path": "C:\\Windows\\System32\\net1.exe",
            "integrity_level": "High",
            "log_name": "Microsoft-Windows-Sysmon/Operational",
            "logon_guid": "{E0425724-A193-46EB-8062-B64C378337CC}",
            "logon_id": "0xf28ca3",
            "nodetype": "event",
            "object": "process",
            "original_file_name": "net1.exe",
            "parent_command_line": "net  share",
            "parent_exe": "net.exe",
            "parent_image_path": "C:\\Windows\\System32\\net.exe",
            "parent_process_guid": "{DD483508-4689-5F73-0000-0010F040700B}",
            "pid": 3040,
            "ppid": 11716,
            "process_guid": "{DD483508-4689-5F73-0000-0010B942700B}",
            "record_number": "4177218",
            "subtype": "create",
            "terminal_session_id": "1",
            "time": "2020-09-29T14:36:57.914Z",
            "timestamp": 1601390217914,
            "user": "CONTOSO\\MCASEY",
            "uuid": "{DD483508-4689-5F73-0000-0010B942700B}"
        },
        {
            "action": "terminate",
            "event_id": "c0d7b36eb799a8b10115bb04e90bc6c9321985871bc079bbbe2c9ae752044ddf",
            "event_type": "process",
            "event_utc": "2020-09-29T14:37:51.258Z",
            "exe": "cmd.exe",
            "fqdn": "cmp-535872.contoso.org",
            "host": "cmp-535872",
            "hostname": "cmp-535872",
            "id": "c0d7b36eb799a8b10115bb04e90bc6c9321985871bc079bbbe2c9ae752044ddf",
            "image_path": "C:\\Windows\\System32\\cmd.exe",
            "log_name": "Microsoft-Windows-Sysmon/Operational",
            "nodetype": "event",
            "object": "process",
            "pid": 11084,
            "process_guid": "{DD483508-4659-5F73-0000-001040626E0B}",
            "record_number": "4177220",
            "subtype": "terminate",
            "time": "2020-09-29T14:37:51.269Z",
            "timestamp": 1601390271269,
            "uuid": "{DD483508-4659-5F73-0000-001040626E0B}"
        },
        {
            "action": "terminate",
            "event_id": "877deecc2e615dfb07b0e736da7a41a34673ea87824efdfa8f431c58650a6c91",
            "event_type": "process",
            "event_utc": "2020-09-29T14:37:51.273Z",
            "exe": "cmd.exe",
            "fqdn": "cmp-535872.contoso.org",
            "host": "cmp-535872",
            "hostname": "cmp-535872",
            "id": "877deecc2e615dfb07b0e736da7a41a34673ea87824efdfa8f431c58650a6c91",
            "image_path": "C:\\Windows\\System32\\cmd.exe",
            "log_name": "Microsoft-Windows-Sysmon/Operational",
            "nodetype": "event",
            "object": "process",
            "pid": 11648,
            "process_guid": "{DD483508-4657-5F73-0000-00109D3E6E0B}",
            "record_number": "4177221",
            "subtype": "terminate",
            "time": "2020-09-29T14:37:51.281Z",
            "timestamp": 1601390271281,
            "uuid": "{DD483508-4657-5F73-0000-00109D3E6E0B}"
        },
        {
            "action": "access",
            "call_trace": "C:\\windows\\SYSTEM32\\ntdll.dll+a0574|C:\\windows\\System32\\KERNELBASE.dll+3dd5d|UNKNOWN(00000000058E4A35)",
            "event_id": "b8af821d9dbd36429b8ccc8046474c37850e46bb1b33feb00478b90856caf457",
            "event_type": "process",
            "event_utc": "2020-09-29T14:39:26.385Z",
            "exe": "lsass.exe",
            "fqdn": "cmp-535872.contoso.org",
            "granted_access": "0x1410",
            "host": "cmp-535872",
            "hostname": "cmp-535872",
            "id": "b8af821d9dbd36429b8ccc8046474c37850e46bb1b33feb00478b90856caf457",
            "image_path": "C:\\windows\\system32\\lsass.exe",
            "log_name": "Microsoft-Windows-Sysmon/Operational",
            "nodetype": "event",
            "object": "process",
            "pid": 788,
            "process_guid": "{DD483508-D8C0-5F6C-0000-001017C10000}",
            "record_number": "4177234",
            "src_exe": "cgx_updater.exe",
            "src_image_path": "C:\\Users\\Public\\cgx_updater.exe",
            "src_pid": "7512",
            "src_process_guid": "{DD483508-456F-5F73-0000-00109721670B}",
            "subtype": "access",
            "time": "2020-09-29T14:39:26.399Z",
            "timestamp": 1601390366399,
            "uuid": "{DD483508-D8C0-5F6C-0000-001017C10000}"
        },
        {
            "action": "access",
            "call_trace": "C:\\windows\\SYSTEM32\\ntdll.dll+a0574|C:\\windows\\System32\\KERNELBASE.dll+3dd5d|UNKNOWN(00000000058E4A35)",
            "event_id": "b18dbce1c4c56d7fe05d80befc856abca5c34763ed1ab4737ba4d852adfe0b8d",
            "event_type": "process",
            "event_utc": "2020-09-29T14:39:26.401Z",
            "exe": "winlogon.exe",
            "fqdn": "cmp-535872.contoso.org",
            "granted_access": "0x1410",
            "host": "cmp-535872",
            "hostname": "cmp-535872",
            "id": "b18dbce1c4c56d7fe05d80befc856abca5c34763ed1ab4737ba4d852adfe0b8d",
            "image_path": "C:\\windows\\system32\\winlogon.exe",
            "log_name": "Microsoft-Windows-Sysmon/Operational",
            "nodetype": "event",
            "object": "process",
            "pid": 880,
            "process_guid": "{DD483508-D8C0-5F6C-0000-001033E20000}",
            "record_number": "4177235",
            "src_exe": "cgx_updater.exe",
            "src_image_path": "C:\\Users\\Public\\cgx_updater.exe",
            "src_pid": "7512",
            "src_process_guid": "{DD483508-456F-5F73-0000-00109721670B}",
            "subtype": "access",
            "time": "2020-09-29T14:39:26.404Z",
            "timestamp": 1601390366404,
            "uuid": "{DD483508-D8C0-5F6C-0000-001033E20000}"
        },
        {
            "action": "create",
            "creation_time": "2019-02-19 00:26:54.882",
            "event_id": "8fd9d9feaef912dbb8ad811b5b5a2b93d7931825cd7691504f81321d26d84b08",
            "event_type": "file",
            "event_utc": "2020-09-29T14:55:01.337Z",
            "exe": "lsass.exe",
            "file_name": "netlogon.ftl",
            "file_path": "C:\\Windows\\System32\\config\\netlogon.ftl",
            "fqdn": "cmp-535872.contoso.org",
            "host": "cmp-535872",
            "hostname": "cmp-535872",
            "id": "8fd9d9feaef912dbb8ad811b5b5a2b93d7931825cd7691504f81321d26d84b08",
            "image_path": "C:\\windows\\system32\\lsass.exe",
            "log_name": "Microsoft-Windows-Sysmon/Operational",
            "nodetype": "event",
            "object": "file",
            "pid": 788,
            "process_guid": "{DD483508-D8C0-5F6C-0000-001017C10000}",
            "record_number": "4177325",
            "subtype": "create",
            "time": "2020-09-29T14:55:01.338Z",
            "timestamp": 1601391301338,
            "uuid": "{DD483508-D8C0-5F6C-0000-001017C10000}"
        },
        {
            "action": "start",
            "count": 27,
            "dest_fqdn": "srv-dc-11.contoso.org",
            "dest_hostname": "srv-dc-11",
            "dest_ip": "10.0.0.7",
            "dest_ipv6": "false",
            "dest_port": 49668,
            "event_id": "9f6bac7043be34a9548c9dfcd9a1faffff9b1b76605bceca1b6f5f4998a1a8d3",
            "event_type": "flow",
            "event_utc": "2020-09-29T15:03:02.059Z",
            "exe": "lsass.exe",
            "fqdn": "cmp-535872.contoso.org",
            "host": "cmp-535872",
            "hostname": "cmp-535872",
            "id": "9f6bac7043be34a9548c9dfcd9a1faffff9b1b76605bceca1b6f5f4998a1a8d3",
            "image_path": "C:\\Windows\\System32\\lsass.exe",
            "initiated": true,
            "log_name": "Microsoft-Windows-Sysmon/Operational",
            "nodetype": "event",
            "object": "flow",
            "pid": 788,
            "process_guid": "{DD483508-D8C0-5F6C-0000-001017C10000}",
            "record_number": "4177539",
            "src_fqdn": "cmp-535872.contoso.org",
            "src_hostname": "cmp-535872",
            "src_ip": "10.0.0.0",
            "src_ipv6": "false",
            "src_port": 53593,
            "subtype": "start",
            "time": "2020-09-29T15:02:47.077Z",
            "timestamp": 1601391767077,
            "transport": "tcp",
            "user": "NT AUTHORITY\\SYSTEM",
            "uuid": "{DD483508-D8C0-5F6C-0000-001017C10000}"
        },
        {
            "action": "create",
            "command_line": "\"C:\\Windows\\System32\\rundll32.exe\" ieadvpack.dll,RegisterOCX C:/Users/mcasey/AppData/Roaming/Microsoft/ms_info.exe",
            "event_id": "84995f1704eb04c454daedfcdec11c5b0d98201f08b8ca8441ee326f7e3385d5",
            "event_type": "process",
            "event_utc": "2020-09-29T15:11:14.811Z",
            "exe": "rundll32.exe",
            "fqdn": "cmp-535872.contoso.org",
            "hash": {
                "MD5": "731A783A36A8E69A6434D19D98B12A09",
                "SHA256": "B1E6A7A3E2597E51836277A32B2BC61AA781C8F681D44DFDDEA618B32E2BF2A6"
            },
            "host": "cmp-535872",
            "hostname": "cmp-535872",
            "id": "84995f1704eb04c454daedfcdec11c5b0d98201f08b8ca8441ee326f7e3385d5",
            "image_path": "C:\\Windows\\System32\\rundll32.exe",
            "integrity_level": "High",
            "log_name": "Microsoft-Windows-Sysmon/Operational",
            "logon_guid": "{E0425724-A193-46EB-8062-B64C378337CC}",
            "logon_id": "0xf28ca3",
            "nodetype": "event",
            "object": "process",
            "original_file_name": "RUNDLL32.EXE",
            "parent_command_line": "\"C:\\Users\\Public\\cgx_updater.exe\"",
            "parent_exe": "cgx_updater.exe",
            "parent_image_path": "C:\\Users\\Public\\cgx_updater.exe",
            "parent_process_guid": "{DD483508-456F-5F73-0000-00109721670B}",
            "pid": 6952,
            "ppid": 7512,
            "process_guid": "{DD483508-4E92-5F73-0000-00108638ED0B}",
            "record_number": "4177747",
            "subtype": "create",
            "terminal_session_id": "1",
            "time": "2020-09-29T15:11:14.814Z",
            "timestamp": 1601392274814,
            "user": "CONTOSO\\MCASEY",
            "uuid": "{DD483508-4E92-5F73-0000-00108638ED0B}"
        },
        {
            "action": "create",
            "command_line": "C:/Users/mcasey/AppData/Roaming/Microsoft/ms_info.exe /RegServer",
            "event_id": "cad5bab07ebdde1fc322d13f8a86153e4251e21cdf5e8300250d5ad9841a40a5",
            "event_type": "process",
            "event_utc": "2020-09-29T15:11:14.969Z",
            "exe": "ms_info.exe",
            "fqdn": "cmp-535872.contoso.org",
            "hash": {
                "MD5": "B8D1BEBF304046406CDA9EA1898797B6",
                "SHA256": "9EA0874C10171FB22AC6964D7EFC577C9387B2A5284A71F920A47C187A144EF3"
            },
            "host": "cmp-535872",
            "hostname": "cmp-535872",
            "id": "cad5bab07ebdde1fc322d13f8a86153e4251e21cdf5e8300250d5ad9841a40a5",
            "image_path": "C:\\Users\\mcasey\\AppData\\Roaming\\Microsoft\\ms_info.exe",
            "integrity_level": "High",
            "log_name": "Microsoft-Windows-Sysmon/Operational",
            "logon_guid": "{E0425724-A193-46EB-8062-B64C378337CC}",
            "logon_id": "0xf28ca3",
            "nodetype": "event",
            "object": "process",
            "original_file_name": "?",
            "parent_command_line": "\"C:\\Windows\\System32\\rundll32.exe\" ieadvpack.dll,RegisterOCX C:/Users/mcasey/AppData/Roaming/Microsoft/ms_info.exe",
            "parent_exe": "rundll32.exe",
            "parent_image_path": "C:\\Windows\\System32\\rundll32.exe",
            "parent_process_guid": "{DD483508-4E92-5F73-0000-00108638ED0B}",
            "pid": 5212,
            "ppid": 6952,
            "process_guid": "{DD483508-4E92-5F73-0000-0010783FED0B}",
            "record_number": "4177748",
            "subtype": "create",
            "terminal_session_id": "1",
            "time": "2020-09-29T15:11:15.008Z",
            "timestamp": 1601392275008,
            "user": "CONTOSO\\MCASEY",
            "uuid": "{DD483508-4E92-5F73-0000-0010783FED0B}"
        },
        {
            "action": "start",
            "count": 0,
            "dest_fqdn": "srv-sft-update-38.contoso.org",
            "dest_hostname": "srv-sft-update-38",
            "dest_ip": "10.0.0.8",
            "dest_ipv6": "false",
            "dest_port": 1234,
            "event_id": "979054eb848cd96f49ad02186b92caca110e179b2324428dbe326b114924c2f2",
            "event_type": "flow",
            "event_utc": "2020-09-29T15:11:34.607Z",
            "exe": "ms_info.exe",
            "fqdn": "cmp-535872.contoso.org",
            "host": "cmp-535872",
            "hostname": "cmp-535872",
            "id": "979054eb848cd96f49ad02186b92caca110e179b2324428dbe326b114924c2f2",
            "image_path": "C:\\Users\\mcasey\\AppData\\Roaming\\Microsoft\\ms_info.exe",
            "initiated": true,
            "log_name": "Microsoft-Windows-Sysmon/Operational",
            "nodetype": "event",
            "object": "flow",
            "pid": 5212,
            "process_guid": "{DD483508-4E92-5F73-0000-0010783FED0B}",
            "record_number": "4177749",
            "src_fqdn": "cmp-535872.contoso.org",
            "src_hostname": "cmp-535872",
            "src_ip": "10.0.0.0",
            "src_ipv6": "false",
            "src_port": 53680,
            "subtype": "start",
            "time": "2020-09-29T15:11:20.210Z",
            "timestamp": 1601392280210,
            "transport": "tcp",
            "user": "CONTOSO\\MCASEY",
            "uuid": "{DD483508-4E92-5F73-0000-0010783FED0B}"
        },
        {
            "action": "create",
            "command_line": "C:\\Users\\mcasey\\AppData\\Roaming\\Microsoft\\ms_info.exe",
            "event_id": "b451f6e4ce84bdef9bf2343c19c9c4e43861141b517d751872fbf8959c0680c2",
            "event_type": "process",
            "event_utc": "2020-09-29T15:19:06.824Z",
            "exe": "ms_info.exe",
            "fqdn": "cmp-535872.contoso.org",
            "hash": {
                "MD5": "B8D1BEBF304046406CDA9EA1898797B6",
                "SHA256": "9EA0874C10171FB22AC6964D7EFC577C9387B2A5284A71F920A47C187A144EF3"
            },
            "host": "cmp-535872",
            "hostname": "cmp-535872",
            "id": "b451f6e4ce84bdef9bf2343c19c9c4e43861141b517d751872fbf8959c0680c2",
            "image_path": "C:\\Users\\mcasey\\AppData\\Roaming\\Microsoft\\ms_info.exe",
            "integrity_level": "System",
            "log_name": "Microsoft-Windows-Sysmon/Operational",
            "logon_guid": "{DD483508-D8C0-5F6C-0000-0020E7030000}",
            "logon_id": "0x3e7",
            "nodetype": "event",
            "object": "process",
            "original_file_name": "?",
            "parent_command_line": "\"C:\\Users\\Public\\cgx_updater.exe\"",
            "parent_exe": "cgx_updater.exe",
            "parent_image_path": "C:\\Users\\Public\\cgx_updater.exe",
            "parent_process_guid": "{DD483508-456F-5F73-0000-00109721670B}",
            "pid": 9428,
            "ppid": 7512,
            "process_guid": "{DD483508-506A-5F73-0000-0010239DF70B}",
            "record_number": "4177839",
            "subtype": "create",
            "terminal_session_id": "1",
            "time": "2020-09-29T15:19:06.826Z",
            "timestamp": 1601392746826,
            "user": "NT AUTHORITY\\SYSTEM",
            "uuid": "{DD483508-506A-5F73-0000-0010239DF70B}"
        },
        {
            "action": "start",
            "count": 0,
            "dest_fqdn": "srv-sft-update-38.contoso.org",
            "dest_hostname": "srv-sft-update-38",
            "dest_ip": "10.0.0.8",
            "dest_ipv6": "false",
            "dest_port": 1234,
            "event_id": "8b3042e84040c2b346e46d3e864ca4078c38c0c699f0c1dd4fd893de1b019cc2",
            "event_type": "flow",
            "event_utc": "2020-09-29T15:19:26.407Z",
            "exe": "ms_info.exe",
            "fqdn": "cmp-535872.contoso.org",
            "host": "cmp-535872",
            "hostname": "cmp-535872",
            "id": "8b3042e84040c2b346e46d3e864ca4078c38c0c699f0c1dd4fd893de1b019cc2",
            "image_path": "C:\\Users\\mcasey\\AppData\\Roaming\\Microsoft\\ms_info.exe",
            "initiated": true,
            "log_name": "Microsoft-Windows-Sysmon/Operational",
            "nodetype": "event",
            "object": "flow",
            "pid": 9428,
            "process_guid": "{DD483508-506A-5F73-0000-0010239DF70B}",
            "record_number": "4177840",
            "src_fqdn": "cmp-535872.contoso.org",
            "src_hostname": "cmp-535872",
            "src_ip": "10.0.0.0",
            "src_ipv6": "false",
            "src_port": 53730,
            "subtype": "start",
            "time": "2020-09-29T15:19:12.047Z",
            "timestamp": 1601392752047,
            "transport": "tcp",
            "user": "NT AUTHORITY\\SYSTEM",
            "uuid": "{DD483508-506A-5F73-0000-0010239DF70B}"
        },
        {
            "action": "create",
            "command_line": "\"C:\\Windows\\System32\\rundll32.exe\" ieframe.dll,OpenURL c:\\users\\mcasey\\appdata\\local\\temp\\ieframe.url",
            "event_id": "9fd9077db9ecc2a0ea444115163a1fbd04ff4fc85420dd9d3a1dd379ac42b1e5",
            "event_type": "process",
            "event_utc": "2020-09-29T15:23:08.488Z",
            "exe": "rundll32.exe",
            "fqdn": "cmp-535872.contoso.org",
            "hash": {
                "MD5": "731A783A36A8E69A6434D19D98B12A09",
                "SHA256": "B1E6A7A3E2597E51836277A32B2BC61AA781C8F681D44DFDDEA618B32E2BF2A6"
            },
            "host": "cmp-535872",
            "hostname": "cmp-535872",
            "id": "9fd9077db9ecc2a0ea444115163a1fbd04ff4fc85420dd9d3a1dd379ac42b1e5",
            "image_path": "C:\\Windows\\System32\\rundll32.exe",
            "integrity_level": "High",
            "log_name": "Microsoft-Windows-Sysmon/Operational",
            "logon_guid": "{E0425724-A193-46EB-8062-B64C378337CC}",
            "logon_id": "0xf28ca3",
            "nodetype": "event",
            "object": "process",
            "original_file_name": "RUNDLL32.EXE",
            "parent_command_line": "\"C:\\Users\\Public\\cgx_updater.exe\"",
            "parent_exe": "cgx_updater.exe",
            "parent_image_path": "C:\\Users\\Public\\cgx_updater.exe",
            "parent_process_guid": "{DD483508-456F-5F73-0000-00109721670B}",
            "pid": 7752,
            "ppid": 7512,
            "process_guid": "{DD483508-515C-5F73-0000-001061F0000C}",
            "record_number": "4177857",
            "subtype": "create",
            "terminal_session_id": "1",
            "time": "2020-09-29T15:23:08.488Z",
            "timestamp": 1601392988488,
            "user": "CONTOSO\\MCASEY",
            "uuid": "{DD483508-515C-5F73-0000-001061F0000C}"
        },
        {
            "action": "create",
            "command_line": "\"C:\\Users\\mcasey\\AppData\\Roaming\\Microsoft\\ms_info.exe\"",
            "event_id": "9543896585ae8dfec6efc38265554a5b2e2e8fc8291de42fc451b7f0eba31948",
            "event_type": "process",
            "event_utc": "2020-09-29T15:23:08.859Z",
            "exe": "ms_info.exe",
            "fqdn": "cmp-535872.contoso.org",
            "hash": {
                "MD5": "B8D1BEBF304046406CDA9EA1898797B6",
                "SHA256": "9EA0874C10171FB22AC6964D7EFC577C9387B2A5284A71F920A47C187A144EF3"
            },
            "host": "cmp-535872",
            "hostname": "cmp-535872",
            "id": "9543896585ae8dfec6efc38265554a5b2e2e8fc8291de42fc451b7f0eba31948",
            "image_path": "C:\\Users\\mcasey\\AppData\\Roaming\\Microsoft\\ms_info.exe",
            "integrity_level": "High",
            "log_name": "Microsoft-Windows-Sysmon/Operational",
            "logon_guid": "{E0425724-A193-46EB-8062-B64C378337CC}",
            "logon_id": "0xf28ca3",
            "nodetype": "event",
            "object": "process",
            "original_file_name": "?",
            "parent_command_line": "\"C:\\Windows\\System32\\rundll32.exe\" ieframe.dll,OpenURL c:\\users\\mcasey\\appdata\\local\\temp\\ieframe.url",
            "parent_exe": "rundll32.exe",
            "parent_image_path": "C:\\Windows\\System32\\rundll32.exe",
            "parent_process_guid": "{DD483508-515C-5F73-0000-001061F0000C}",
            "pid": 352,
            "ppid": 7752,
            "process_guid": "{DD483508-515C-5F73-0000-00107702010C}",
            "record_number": "4177858",
            "subtype": "create",
            "terminal_session_id": "1",
            "time": "2020-09-29T15:23:08.862Z",
            "timestamp": 1601392988862,
            "user": "CONTOSO\\MCASEY",
            "uuid": "{DD483508-515C-5F73-0000-00107702010C}"
        },
        {
            "action": "start",
            "count": 0,
            "dest_fqdn": "srv-sft-update-38.contoso.org",
            "dest_hostname": "srv-sft-update-38",
            "dest_ip": "10.0.0.8",
            "dest_ipv6": "false",
            "dest_port": 1234,
            "event_id": "dfb5837265d4dfca98f83e416bc8fab307634014f402070a45338684ff0c3679",
            "event_type": "flow",
            "event_utc": "2020-09-29T15:23:28.393Z",
            "exe": "ms_info.exe",
            "fqdn": "cmp-535872.contoso.org",
            "host": "cmp-535872",
            "hostname": "cmp-535872",
            "id": "dfb5837265d4dfca98f83e416bc8fab307634014f402070a45338684ff0c3679",
            "image_path": "C:\\Users\\mcasey\\AppData\\Roaming\\Microsoft\\ms_info.exe",
            "initiated": true,
            "log_name": "Microsoft-Windows-Sysmon/Operational",
            "nodetype": "event",
            "object": "flow",
            "pid": 352,
            "process_guid": "{DD483508-515C-5F73-0000-00107702010C}",
            "record_number": "4177859",
            "src_fqdn": "cmp-535872.contoso.org",
            "src_hostname": "cmp-535872",
            "src_ip": "10.0.0.0",
            "src_ipv6": "false",
            "src_port": 53761,
            "subtype": "start",
            "time": "2020-09-29T15:23:13.893Z",
            "timestamp": 1601392993893,
            "transport": "tcp",
            "user": "CONTOSO\\MCASEY",
            "uuid": "{DD483508-515C-5F73-0000-00107702010C}"
        },
        {
            "action": "create",
            "creation_time": "2019-02-19 00:26:54.882",
            "event_id": "92fadc46aa4f6e0cb020cd234c086e2387bdc19b9aacefd6366febdb558f9647",
            "event_type": "file",
            "event_utc": "2020-09-29T15:26:01.770Z",
            "exe": "lsass.exe",
            "file_name": "netlogon.ftl",
            "file_path": "C:\\Windows\\System32\\config\\netlogon.ftl",
            "fqdn": "cmp-535872.contoso.org",
            "host": "cmp-535872",
            "hostname": "cmp-535872",
            "id": "92fadc46aa4f6e0cb020cd234c086e2387bdc19b9aacefd6366febdb558f9647",
            "image_path": "C:\\windows\\system32\\lsass.exe",
            "log_name": "Microsoft-Windows-Sysmon/Operational",
            "nodetype": "event",
            "object": "file",
            "pid": 788,
            "process_guid": "{DD483508-D8C0-5F6C-0000-001017C10000}",
            "record_number": "4177881",
            "subtype": "create",
            "time": "2020-09-29T15:26:01.775Z",
            "timestamp": 1601393161775,
            "uuid": "{DD483508-D8C0-5F6C-0000-001017C10000}"
        },
        {
            "action": "start",
            "count": 60,
            "dest_fqdn": "srv-dc-34.contoso.org",
            "dest_hostname": "srv-dc-34",
            "dest_ip": "10.0.0.11",
            "dest_ipv6": "false",
            "dest_port": 88,
            "event_id": "234b904dba61b6a7b8689d8bbb080cfa2293042a9d3c35042fe2a4fc3c603518",
            "event_type": "flow",
            "event_utc": "2020-09-29T15:33:26.573Z",
            "exe": "lsass.exe",
            "fqdn": "cmp-535872.contoso.org",
            "host": "cmp-535872",
            "hostname": "cmp-535872",
            "id": "234b904dba61b6a7b8689d8bbb080cfa2293042a9d3c35042fe2a4fc3c603518",
            "image_path": "C:\\Windows\\System32\\lsass.exe",
            "initiated": true,
            "log_name": "Microsoft-Windows-Sysmon/Operational",
            "nodetype": "event",
            "object": "flow",
            "pid": 788,
            "process_guid": "{DD483508-D8C0-5F6C-0000-001017C10000}",
            "record_number": "4177982",
            "src_fqdn": "cmp-535872.contoso.org",
            "src_hostname": "cmp-535872",
            "src_ip": "10.0.0.0",
            "src_ipv6": "false",
            "src_port": 53857,
            "subtype": "start",
            "time": "2020-09-29T15:33:11.715Z",
            "timestamp": 1601393591715,
            "transport": "tcp",
            "user": "NT AUTHORITY\\SYSTEM",
            "uuid": "{DD483508-D8C0-5F6C-0000-001017C10000}"
        },
